nohup: ignoring input
[2023-03-21 15:01:11] [INFO] epoch: 01 / 25
[2023-03-21 15:03:12] [INFO] lossAver:57.94670635604859
[2023-03-21 15:05:12] [INFO] lossAver:57.85969845438004
[2023-03-21 15:07:13] [INFO] lossAver:57.61193914826711
[2023-03-21 15:09:12] [INFO] lossAver:57.342533959150316
[2023-03-21 15:11:12] [INFO] lossAver:57.19421761074066
[2023-03-21 15:13:12] [INFO] lossAver:57.137395377953844
[2023-03-21 15:15:12] [INFO] lossAver:57.083323589733666
[2023-03-21 15:17:13] [INFO] lossAver:57.04627871453762
[2023-03-21 15:19:13] [INFO] lossAver:57.00055388185713
[2023-03-21 15:21:13] [INFO] lossAver:56.98403990774155
[2023-03-21 15:23:12] [INFO] lossAver:56.91643057311665
[2023-03-21 15:25:12] [INFO] lossAver:56.84797203087807
[2023-03-21 15:27:12] [INFO] lossAver:55.37433892933222
[2023-03-21 15:29:12] [INFO] lossAver:53.57300149539113
[2023-03-21 15:31:12] [INFO] lossAver:51.74010895870129
[2023-03-21 15:33:11] [INFO] lossAver:50.01807184505928
[2023-03-21 15:35:11] [INFO] lossAver:48.383786550110756
[2023-03-21 15:37:10] [INFO] lossAver:46.85559889601337
[2023-03-21 15:39:09] [INFO] lossAver:45.446403149090315
[2023-03-21 15:41:09] [INFO] lossAver:44.06581242061928
[2023-03-21 15:43:10] [INFO] lossAver:42.72520327327365
[2023-03-21 15:45:10] [INFO] lossAver:41.47264265673946
[2023-03-21 15:47:11] [INFO] lossAver:40.3037177196482
[2023-03-21 15:49:11] [INFO] lossAver:39.17420599494316
[2023-03-21 15:51:11] [INFO] lossAver:38.14513607094347
[2023-03-21 15:53:11] [INFO] lossAver:37.15898613093851
[2023-03-21 15:55:12] [INFO] lossAver:36.29189568984067
[2023-03-21 15:57:12] [INFO] lossAver:35.46406142704721
[2023-03-21 15:59:11] [INFO] lossAver:34.68242364115345
[2023-03-21 16:01:12] [INFO] lossAver:33.938342910598216
[2023-03-21 16:01:12] [INFO] lossList:[33.938342910598216]
[2023-03-21 16:44:48] [INFO] trainError:[0.3645]
[2023-03-21 16:52:04] [INFO] testError:[0.0547]
[2023-03-21 16:52:04] [INFO] epoch: 02 / 25
[2023-03-21 16:54:04] [INFO] lossAver:12.274323715656996
[2023-03-21 16:56:03] [INFO] lossAver:12.03433834978193
[2023-03-21 16:58:03] [INFO] lossAver:11.978055288374424
[2023-03-21 17:00:02] [INFO] lossAver:11.958032960951329
[2023-03-21 17:02:01] [INFO] lossAver:12.060341017723083
[2023-03-21 17:04:00] [INFO] lossAver:12.026415005455414
[2023-03-21 17:06:00] [INFO] lossAver:11.978995371367251
[2023-03-21 17:08:06] [INFO] lossAver:11.979959247831255
[2023-03-21 17:10:15] [INFO] lossAver:11.885947132743068
[2023-03-21 17:12:24] [INFO] lossAver:11.819823459467292
[2023-03-21 17:14:34] [INFO] lossAver:11.663248243796554
[2023-03-21 17:16:44] [INFO] lossAver:11.53078323770066
[2023-03-21 17:18:52] [INFO] lossAver:11.46392924920183
[2023-03-21 17:21:01] [INFO] lossAver:11.39014560459767
[2023-03-21 17:23:10] [INFO] lossAver:11.311992455657323
[2023-03-21 17:25:19] [INFO] lossAver:11.27094563593436
[2023-03-21 17:27:28] [INFO] lossAver:11.226260876803714
[2023-03-21 17:29:37] [INFO] lossAver:11.154973235915932
[2023-03-21 17:31:46] [INFO] lossAver:11.096581560100379
[2023-03-21 17:33:55] [INFO] lossAver:11.060991465032846
[2023-03-21 17:36:04] [INFO] lossAver:11.018301907005055
[2023-03-21 17:38:24] [INFO] lossAver:10.990455690137365
[2023-03-21 17:40:45] [INFO] lossAver:10.98428691920379
[2023-03-21 17:43:04] [INFO] lossAver:10.961240279661492
[2023-03-21 17:45:26] [INFO] lossAver:10.939778134695292
[2023-03-21 17:47:45] [INFO] lossAver:10.9213770188758
[2023-03-21 17:50:05] [INFO] lossAver:10.882728950641773
[2023-03-21 17:52:27] [INFO] lossAver:10.849112159956247
[2023-03-21 17:54:47] [INFO] lossAver:10.825088413889038
[2023-03-21 17:57:07] [INFO] lossAver:10.782209617298841
[2023-03-21 17:57:07] [INFO] lossList:[33.938342910598216, 10.782209617298841]
[2023-03-21 18:44:12] [INFO] trainError:[0.3645, 0.2681]
[2023-03-21 18:51:55] [INFO] testError:[0.0547, 0.0401]
[2023-03-21 18:51:55] [INFO] epoch: 03 / 25
[2023-03-21 18:54:06] [INFO] lossAver:9.737081397131085
[2023-03-21 18:56:17] [INFO] lossAver:9.65662193737924
[2023-03-21 18:58:29] [INFO] lossAver:9.479958057368796
[2023-03-21 19:00:42] [INFO] lossAver:9.550289633210749
[2023-03-21 19:02:54] [INFO] lossAver:9.564295513093471
[2023-03-21 19:05:06] [INFO] lossAver:9.498431611717988
[2023-03-21 19:07:17] [INFO] lossAver:9.48556033410877
[2023-03-21 19:09:29] [INFO] lossAver:9.4474038081998
[2023-03-21 19:11:41] [INFO] lossAver:9.54415999580837
[2023-03-21 19:14:02] [INFO] lossAver:9.571810918491334
[2023-03-21 19:16:25] [INFO] lossAver:9.598947297095576
[2023-03-21 19:18:48] [INFO] lossAver:9.619802850160127
[2023-03-21 19:21:10] [INFO] lossAver:9.62609903454494
[2023-03-21 19:23:35] [INFO] lossAver:9.61665151253396
[2023-03-21 19:25:57] [INFO] lossAver:9.591490980788071
[2023-03-21 19:28:22] [INFO] lossAver:9.59254551111441
[2023-03-21 19:30:45] [INFO] lossAver:9.58726592341679
[2023-03-21 19:33:11] [INFO] lossAver:9.55729594429003
[2023-03-21 19:35:36] [INFO] lossAver:9.539767986724252
[2023-03-21 19:38:00] [INFO] lossAver:9.54898205727674
[2023-03-21 19:40:25] [INFO] lossAver:9.552034524597227
[2023-03-21 19:42:39] [INFO] lossAver:9.539350213731893
[2023-03-21 19:44:51] [INFO] lossAver:9.551036400410467
[2023-03-21 19:47:03] [INFO] lossAver:9.542423223930411
[2023-03-21 19:49:15] [INFO] lossAver:9.558213180082738
[2023-03-21 19:51:27] [INFO] lossAver:9.570322971248569
[2023-03-21 19:53:38] [INFO] lossAver:9.568031695104033
[2023-03-21 19:55:53] [INFO] lossAver:9.578488912978077
[2023-03-21 19:58:12] [INFO] lossAver:9.564409709371112
[2023-03-21 20:00:35] [INFO] lossAver:9.557938491523513
[2023-03-21 20:00:35] [INFO] lossList:[33.938342910598216, 10.782209617298841, 9.557938491523513]
[2023-03-21 20:48:15] [INFO] trainError:[0.3645, 0.2681, 0.2391]
[2023-03-21 20:56:50] [INFO] testError:[0.0547, 0.0401, 0.0381]
[2023-03-21 20:56:50] [INFO] epoch: 04 / 25
[2023-03-21 20:59:24] [INFO] lossAver:9.126042796060442
[2023-03-21 21:01:55] [INFO] lossAver:9.030885020412505
[2023-03-21 21:04:28] [INFO] lossAver:9.09352736200889
[2023-03-21 21:07:00] [INFO] lossAver:9.143086807418614
[2023-03-21 21:09:34] [INFO] lossAver:9.067342057815194
[2023-03-21 21:12:07] [INFO] lossAver:9.109848401558896
[2023-03-21 21:14:38] [INFO] lossAver:9.09516265914802
[2023-03-21 21:17:11] [INFO] lossAver:9.116087013692596
[2023-03-21 21:19:41] [INFO] lossAver:9.109869573645295
[2023-03-21 21:22:14] [INFO] lossAver:9.09456187670082
[2023-03-21 21:24:37] [INFO] lossAver:9.057575340004806
[2023-03-21 21:27:03] [INFO] lossAver:9.075210813581323
[2023-03-21 21:29:24] [INFO] lossAver:9.111518122019103
[2023-03-21 21:31:48] [INFO] lossAver:9.10194482920372
[2023-03-21 21:34:04] [INFO] lossAver:9.1346916530177
[2023-03-21 21:36:17] [INFO] lossAver:9.1455990766217
[2023-03-21 21:38:29] [INFO] lossAver:9.13099583968564
[2023-03-21 21:40:41] [INFO] lossAver:9.124672300939345
[2023-03-21 21:42:53] [INFO] lossAver:9.093869960632372
[2023-03-21 21:45:05] [INFO] lossAver:9.087267346213386
[2023-03-21 21:47:16] [INFO] lossAver:9.073058376340285
[2023-03-21 21:49:28] [INFO] lossAver:9.084234597042542
[2023-03-21 21:51:40] [INFO] lossAver:9.05442322511809
[2023-03-21 21:53:51] [INFO] lossAver:9.028517589704133
[2023-03-21 21:56:04] [INFO] lossAver:9.024543410350978
[2023-03-21 21:58:15] [INFO] lossAver:9.030791684636416
[2023-03-21 22:00:24] [INFO] lossAver:9.040356534484085
[2023-03-21 22:02:34] [INFO] lossAver:9.03746220800999
[2023-03-21 22:04:43] [INFO] lossAver:9.02649747793916
[2023-03-21 22:06:54] [INFO] lossAver:9.009511129971097
[2023-03-21 22:06:54] [INFO] lossList:[33.938342910598216, 10.782209617298841, 9.557938491523513, 9.009511129971097]
[2023-03-21 22:54:24] [INFO] trainError:[0.3645, 0.2681, 0.2391, 0.2226]
[2023-03-21 23:03:43] [INFO] testError:[0.0547, 0.0401, 0.0381, 0.0358]
[2023-03-21 23:03:43] [INFO] epoch: 05 / 25
[2023-03-21 23:06:21] [INFO] lossAver:8.840085066542029
[2023-03-21 23:09:02] [INFO] lossAver:8.753782182946802
[2023-03-21 23:11:41] [INFO] lossAver:8.75439012807111
[2023-03-21 23:14:21] [INFO] lossAver:8.756602750834078
[2023-03-21 23:16:58] [INFO] lossAver:8.817027743512392
[2023-03-21 23:19:38] [INFO] lossAver:8.856468481169392
[2023-03-21 23:22:01] [INFO] lossAver:8.777740084900387
[2023-03-21 23:24:22] [INFO] lossAver:8.749610823536292
[2023-03-21 23:26:46] [INFO] lossAver:8.766725285424126
[2023-03-21 23:29:08] [INFO] lossAver:8.713065151527523
[2023-03-21 23:31:31] [INFO] lossAver:8.746269067780538
[2023-03-21 23:33:52] [INFO] lossAver:8.715758346469451
[2023-03-21 23:36:17] [INFO] lossAver:8.741864505862388
[2023-03-21 23:38:39] [INFO] lossAver:8.756683044546948
[2023-03-21 23:41:01] [INFO] lossAver:8.713867145372927
[2023-03-21 23:43:24] [INFO] lossAver:8.709043267411646
[2023-03-21 23:45:48] [INFO] lossAver:8.692719553389532
[2023-03-21 23:48:11] [INFO] lossAver:8.698755748157286
[2023-03-21 23:50:31] [INFO] lossAver:8.68155317536271
[2023-03-21 23:52:56] [INFO] lossAver:8.661645343297348
[2023-03-21 23:55:18] [INFO] lossAver:8.662493187884134
[2023-03-21 23:57:39] [INFO] lossAver:8.66817041390423
[2023-03-21 23:59:58] [INFO] lossAver:8.64531120972303
[2023-03-22 00:02:15] [INFO] lossAver:8.64926011405109
[2023-03-22 00:04:29] [INFO] lossAver:8.65199038969785
[2023-03-22 00:06:42] [INFO] lossAver:8.63252216581513
[2023-03-22 00:08:57] [INFO] lossAver:8.618543361419604
[2023-03-22 00:11:13] [INFO] lossAver:8.612147721901803
[2023-03-22 00:13:27] [INFO] lossAver:8.620635258197527
[2023-03-22 00:15:39] [INFO] lossAver:8.608684370877594
[2023-03-22 00:15:40] [INFO] lossList:[33.938342910598216, 10.782209617298841, 9.557938491523513, 9.009511129971097, 8.608684370877594]
[2023-03-22 01:01:47] [INFO] trainError:[0.3645, 0.2681, 0.2391, 0.2226, 0.2284]
[2023-03-22 01:09:31] [INFO] testError:[0.0547, 0.0401, 0.0381, 0.0358, 0.0353]
[2023-03-22 01:09:31] [INFO] epoch: 06 / 25
[2023-03-22 01:11:39] [INFO] lossAver:7.072089992433787
[2023-03-22 01:13:48] [INFO] lossAver:7.19683240634948
[2023-03-22 01:15:54] [INFO] lossAver:7.09120739462475
[2023-03-22 01:18:01] [INFO] lossAver:7.035925205951557
[2023-03-22 01:20:10] [INFO] lossAver:7.101528103406728
[2023-03-22 01:22:18] [INFO] lossAver:7.076704469601313
[2023-03-22 01:24:24] [INFO] lossAver:7.177008264143552
[2023-03-22 01:26:33] [INFO] lossAver:7.155736125238239
[2023-03-22 01:28:41] [INFO] lossAver:7.181114257869621
[2023-03-22 01:30:48] [INFO] lossAver:7.1824741296313706
[2023-03-22 01:32:55] [INFO] lossAver:7.153149385107512
[2023-03-22 01:35:04] [INFO] lossAver:7.154446025785059
[2023-03-22 01:37:13] [INFO] lossAver:7.126854400641643
[2023-03-22 01:39:21] [INFO] lossAver:7.116218644786626
[2023-03-22 01:41:28] [INFO] lossAver:7.09771549026221
[2023-03-22 01:43:38] [INFO] lossAver:7.104045638010837
[2023-03-22 01:45:46] [INFO] lossAver:7.120736447491629
[2023-03-22 01:47:53] [INFO] lossAver:7.091777395305121
[2023-03-22 01:50:02] [INFO] lossAver:7.065379782448474
[2023-03-22 01:52:10] [INFO] lossAver:7.056831906713173
[2023-03-22 01:54:16] [INFO] lossAver:7.042616165144458
[2023-03-22 01:56:23] [INFO] lossAver:7.053970695833252
[2023-03-22 01:58:22] [INFO] lossAver:7.067349904801858
[2023-03-22 02:00:22] [INFO] lossAver:7.075368292235459
[2023-03-22 02:02:23] [INFO] lossAver:7.056651289238333
[2023-03-22 02:04:25] [INFO] lossAver:7.043506550277941
[2023-03-22 02:06:25] [INFO] lossAver:7.057365559704602
[2023-03-22 02:08:27] [INFO] lossAver:7.0515912152786875
[2023-03-22 02:10:27] [INFO] lossAver:7.064652720530486
[2023-03-22 02:12:28] [INFO] lossAver:7.05121686908404
[2023-03-22 02:12:28] [INFO] lossList:[33.938342910598216, 10.782209617298841, 9.557938491523513, 9.009511129971097, 8.608684370877594, 7.05121686908404]
[2023-03-22 02:56:09] [INFO] trainError:[0.3645, 0.2681, 0.2391, 0.2226, 0.2284, 0.1853]
[2023-03-22 03:03:33] [INFO] testError:[0.0547, 0.0401, 0.0381, 0.0358, 0.0353, 0.0289]
[2023-03-22 03:03:33] [INFO] epoch: 07 / 25
[2023-03-22 03:05:33] [INFO] lossAver:6.968471153080463
[2023-03-22 03:07:33] [INFO] lossAver:6.984237948067486
[2023-03-22 03:09:33] [INFO] lossAver:6.976202477060259
[2023-03-22 03:11:33] [INFO] lossAver:6.960186794118956
[2023-03-22 03:13:32] [INFO] lossAver:6.870213840986788
[2023-03-22 03:15:31] [INFO] lossAver:6.89257986598586
[2023-03-22 03:17:30] [INFO] lossAver:6.874055834074105
[2023-03-22 03:19:30] [INFO] lossAver:6.906386432657018
[2023-03-22 03:21:29] [INFO] lossAver:6.889590974976619
[2023-03-22 03:23:28] [INFO] lossAver:6.931198999324441
[2023-03-22 03:25:28] [INFO] lossAver:6.902543649307706
[2023-03-22 03:27:28] [INFO] lossAver:6.905254109293223
[2023-03-22 03:29:27] [INFO] lossAver:6.885264327915815
[2023-03-22 03:31:28] [INFO] lossAver:6.873146892515942
[2023-03-22 03:33:28] [INFO] lossAver:6.877924831161152
[2023-03-22 03:35:27] [INFO] lossAver:6.892208295788849
[2023-03-22 03:37:26] [INFO] lossAver:6.890298627706793
[2023-03-22 03:39:26] [INFO] lossAver:6.929986454872829
[2023-03-22 03:41:25] [INFO] lossAver:6.9489790025767135
[2023-03-22 03:43:24] [INFO] lossAver:6.981987143238075
[2023-03-22 03:45:24] [INFO] lossAver:6.956266701692094
[2023-03-22 03:47:24] [INFO] lossAver:6.936149541536346
[2023-03-22 03:49:23] [INFO] lossAver:6.9255812098842275
[2023-03-22 03:51:22] [INFO] lossAver:6.933275449545588
[2023-03-22 03:53:23] [INFO] lossAver:6.933761300330311
[2023-03-22 03:55:24] [INFO] lossAver:6.916674111576178
[2023-03-22 03:57:25] [INFO] lossAver:6.913349275152027
[2023-03-22 03:59:26] [INFO] lossAver:6.906115907183849
[2023-03-22 04:01:27] [INFO] lossAver:6.893870547831957
[2023-03-22 04:03:28] [INFO] lossAver:6.898708306558555
[2023-03-22 04:03:28] [INFO] lossList:[33.938342910598216, 10.782209617298841, 9.557938491523513, 9.009511129971097, 8.608684370877594, 7.05121686908404, 6.898708306558555]
[2023-03-22 04:47:15] [INFO] trainError:[0.3645, 0.2681, 0.2391, 0.2226, 0.2284, 0.1853, 0.1816]
[2023-03-22 04:54:51] [INFO] testError:[0.0547, 0.0401, 0.0381, 0.0358, 0.0353, 0.0289, 0.0272]
[2023-03-22 04:54:51] [INFO] epoch: 08 / 25
[2023-03-22 04:57:00] [INFO] lossAver:7.0118217107653615
[2023-03-22 04:59:08] [INFO] lossAver:6.628048881448805
[2023-03-22 05:01:16] [INFO] lossAver:6.769663502184053
[2023-03-22 05:03:25] [INFO] lossAver:6.723241055367515
[2023-03-22 05:05:34] [INFO] lossAver:6.8577666184932
[2023-03-22 05:07:42] [INFO] lossAver:6.784480845334629
[2023-03-22 05:09:52] [INFO] lossAver:6.835491941843714
[2023-03-22 05:12:01] [INFO] lossAver:6.808352019280195
[2023-03-22 05:14:09] [INFO] lossAver:6.770676728322274
[2023-03-22 05:16:18] [INFO] lossAver:6.790607440916449
[2023-03-22 05:18:26] [INFO] lossAver:6.785623777640476
[2023-03-22 05:20:35] [INFO] lossAver:6.779705368860625
[2023-03-22 05:22:44] [INFO] lossAver:6.781182828794878
[2023-03-22 05:24:53] [INFO] lossAver:6.791779464912202
[2023-03-22 05:27:01] [INFO] lossAver:6.7694407080262895
[2023-03-22 05:29:10] [INFO] lossAver:6.773488740669563
[2023-03-22 05:31:19] [INFO] lossAver:6.775038224999519
[2023-03-22 05:33:29] [INFO] lossAver:6.791246093829059
[2023-03-22 05:35:38] [INFO] lossAver:6.811392699022042
[2023-03-22 05:37:46] [INFO] lossAver:6.808761382256075
[2023-03-22 05:39:55] [INFO] lossAver:6.794555775220905
[2023-03-22 05:42:03] [INFO] lossAver:6.79831778694486
[2023-03-22 05:44:13] [INFO] lossAver:6.8024174563518685
[2023-03-22 05:46:22] [INFO] lossAver:6.789538901465014
[2023-03-22 05:48:30] [INFO] lossAver:6.782498823277653
[2023-03-22 05:50:37] [INFO] lossAver:6.790603935817686
[2023-03-22 05:52:44] [INFO] lossAver:6.802241633268419
[2023-03-22 05:54:52] [INFO] lossAver:6.778895855865308
[2023-03-22 05:56:59] [INFO] lossAver:6.784770585782826
[2023-03-22 05:59:06] [INFO] lossAver:6.784223128787428
[2023-03-22 05:59:06] [INFO] lossList:[33.938342910598216, 10.782209617298841, 9.557938491523513, 9.009511129971097, 8.608684370877594, 7.05121686908404, 6.898708306558555, 6.784223128787428]
[2023-03-22 06:43:52] [INFO] trainError:[0.3645, 0.2681, 0.2391, 0.2226, 0.2284, 0.1853, 0.1816, 0.1583]
[2023-03-22 06:51:26] [INFO] testError:[0.0547, 0.0401, 0.0381, 0.0358, 0.0353, 0.0289, 0.0272, 0.0254]
[2023-03-22 06:51:26] [INFO] epoch: 09 / 25
[2023-03-22 06:53:37] [INFO] lossAver:6.5031947114616635
[2023-03-22 06:55:48] [INFO] lossAver:6.488191990464926
[2023-03-22 06:57:59] [INFO] lossAver:6.701100176617503
[2023-03-22 07:00:11] [INFO] lossAver:6.70459605817683
[2023-03-22 07:02:23] [INFO] lossAver:6.662240058399737
[2023-03-22 07:04:34] [INFO] lossAver:6.612993389227738
[2023-03-22 07:06:46] [INFO] lossAver:6.635425647132099
[2023-03-22 07:08:57] [INFO] lossAver:6.641356645631604
[2023-03-22 07:11:08] [INFO] lossAver:6.658815310671097
[2023-03-22 07:13:19] [INFO] lossAver:6.658358544236422
[2023-03-22 07:15:30] [INFO] lossAver:6.627796729383821
[2023-03-22 07:17:41] [INFO] lossAver:6.641203073224053
[2023-03-22 07:19:52] [INFO] lossAver:6.647273751365451
[2023-03-22 07:22:04] [INFO] lossAver:6.6342552048026455
[2023-03-22 07:24:16] [INFO] lossAver:6.63277812534223
[2023-03-22 07:26:37] [INFO] lossAver:6.640817140326835
[2023-03-22 07:29:09] [INFO] lossAver:6.6306653913658335
[2023-03-22 07:31:38] [INFO] lossAver:6.627390520224555
[2023-03-22 07:34:09] [INFO] lossAver:6.637442180344541
[2023-03-22 07:36:39] [INFO] lossAver:6.642811177067086
[2023-03-22 07:39:07] [INFO] lossAver:6.636984997517651
[2023-03-22 07:41:35] [INFO] lossAver:6.6446038032600825
[2023-03-22 07:44:03] [INFO] lossAver:6.657735465043265
[2023-03-22 07:46:32] [INFO] lossAver:6.662102153997248
[2023-03-22 07:49:01] [INFO] lossAver:6.6526544508048895
[2023-03-22 07:51:31] [INFO] lossAver:6.645958614205225
[2023-03-22 07:54:00] [INFO] lossAver:6.6390852520074
[2023-03-22 07:56:28] [INFO] lossAver:6.6331829779384925
[2023-03-22 07:58:56] [INFO] lossAver:6.630607485106022
[2023-03-22 08:01:23] [INFO] lossAver:6.638024546874067
[2023-03-22 08:01:23] [INFO] lossList:[33.938342910598216, 10.782209617298841, 9.557938491523513, 9.009511129971097, 8.608684370877594, 7.05121686908404, 6.898708306558555, 6.784223128787428, 6.638024546874067]
[2023-03-22 08:53:01] [INFO] trainError:[0.3645, 0.2681, 0.2391, 0.2226, 0.2284, 0.1853, 0.1816, 0.1583, 0.1597]
[2023-03-22 09:01:46] [INFO] testError:[0.0547, 0.0401, 0.0381, 0.0358, 0.0353, 0.0289, 0.0272, 0.0254, 0.025]
[2023-03-22 09:01:46] [INFO] epoch: 10 / 25
[2023-03-22 09:04:13] [INFO] lossAver:6.323645971514285
[2023-03-22 09:06:44] [INFO] lossAver:6.530925276104361
[2023-03-22 09:09:12] [INFO] lossAver:6.347593222399553
[2023-03-22 09:11:41] [INFO] lossAver:6.3763819929324095
[2023-03-22 09:14:13] [INFO] lossAver:6.395242690101266
[2023-03-22 09:16:41] [INFO] lossAver:6.425276451007774
[2023-03-22 09:19:13] [INFO] lossAver:6.406855922582959
[2023-03-22 09:21:43] [INFO] lossAver:6.410807864357717
[2023-03-22 09:24:11] [INFO] lossAver:6.450064425628218
[2023-03-22 09:26:40] [INFO] lossAver:6.452008512391895
[2023-03-22 09:29:08] [INFO] lossAver:6.478396753312512
[2023-03-22 09:31:38] [INFO] lossAver:6.452348308236028
[2023-03-22 09:34:05] [INFO] lossAver:6.447903783604502
[2023-03-22 09:36:36] [INFO] lossAver:6.466524750085282
[2023-03-22 09:39:07] [INFO] lossAver:6.446951701333622
[2023-03-22 09:41:39] [INFO] lossAver:6.494259760582354
[2023-03-22 09:44:09] [INFO] lossAver:6.465494602173129
[2023-03-22 09:46:37] [INFO] lossAver:6.461144226438884
[2023-03-22 09:49:05] [INFO] lossAver:6.4739206775713125
[2023-03-22 09:51:34] [INFO] lossAver:6.4686684480238705
[2023-03-22 09:54:02] [INFO] lossAver:6.478904079250104
[2023-03-22 09:56:31] [INFO] lossAver:6.491231794292784
[2023-03-22 09:58:58] [INFO] lossAver:6.503878047731746
[2023-03-22 10:01:27] [INFO] lossAver:6.503506598617416
[2023-03-22 10:03:54] [INFO] lossAver:6.490378512618094
[2023-03-22 10:06:23] [INFO] lossAver:6.500450343276875
[2023-03-22 10:08:50] [INFO] lossAver:6.5241693003808185
[2023-03-22 10:11:17] [INFO] lossAver:6.5108082535949405
[2023-03-22 10:13:45] [INFO] lossAver:6.501170146461833
[2023-03-22 10:16:12] [INFO] lossAver:6.519299089965348
[2023-03-22 10:16:12] [INFO] lossList:[33.938342910598216, 10.782209617298841, 9.557938491523513, 9.009511129971097, 8.608684370877594, 7.05121686908404, 6.898708306558555, 6.784223128787428, 6.638024546874067, 6.519299089965348]
[2023-03-22 11:07:20] [INFO] trainError:[0.3645, 0.2681, 0.2391, 0.2226, 0.2284, 0.1853, 0.1816, 0.1583, 0.1597, 0.1741]
[2023-03-22 11:15:24] [INFO] testError:[0.0547, 0.0401, 0.0381, 0.0358, 0.0353, 0.0289, 0.0272, 0.0254, 0.025, 0.0261]
[2023-03-22 11:15:24] [INFO] epoch: 11 / 25
[2023-03-22 11:17:37] [INFO] lossAver:6.317217664211989
[2023-03-22 11:19:54] [INFO] lossAver:6.052261158758775
[2023-03-22 11:22:09] [INFO] lossAver:6.114265991182377
[2023-03-22 11:24:26] [INFO] lossAver:6.170820132425987
[2023-03-22 11:26:41] [INFO] lossAver:6.111688191462308
[2023-03-22 11:28:58] [INFO] lossAver:6.074391568600511
[2023-03-22 11:31:13] [INFO] lossAver:6.048789922049536
[2023-03-22 11:33:28] [INFO] lossAver:6.040205245324411
[2023-03-22 11:35:42] [INFO] lossAver:5.992079552506407
[2023-03-22 11:37:57] [INFO] lossAver:5.980871713362634
[2023-03-22 11:40:11] [INFO] lossAver:5.969953588187018
[2023-03-22 11:42:27] [INFO] lossAver:5.940718142184118
[2023-03-22 11:44:44] [INFO] lossAver:5.861453471148243
[2023-03-22 11:46:59] [INFO] lossAver:5.826529414267412
[2023-03-22 11:49:17] [INFO] lossAver:5.810851449566583
[2023-03-22 11:51:32] [INFO] lossAver:5.803924820872722
[2023-03-22 11:53:47] [INFO] lossAver:5.799112944484195
[2023-03-22 11:56:01] [INFO] lossAver:5.8002877271802475
[2023-03-22 11:58:14] [INFO] lossAver:5.781682477441077
[2023-03-22 12:00:27] [INFO] lossAver:5.786914989651926
[2023-03-22 12:02:41] [INFO] lossAver:5.78641390995699
[2023-03-22 12:04:56] [INFO] lossAver:5.7959136258385735
[2023-03-22 12:07:11] [INFO] lossAver:5.805094590478779
[2023-03-22 12:09:28] [INFO] lossAver:5.802132773444212
[2023-03-22 12:11:42] [INFO] lossAver:5.795338014721722
[2023-03-22 12:13:57] [INFO] lossAver:5.795228275037299
[2023-03-22 12:16:09] [INFO] lossAver:5.79674533483455
[2023-03-22 12:18:23] [INFO] lossAver:5.786487334806073
[2023-03-22 12:20:36] [INFO] lossAver:5.7828294998339285
[2023-03-22 12:22:50] [INFO] lossAver:5.7801072136199725
[2023-03-22 12:22:50] [INFO] lossList:[33.938342910598216, 10.782209617298841, 9.557938491523513, 9.009511129971097, 8.608684370877594, 7.05121686908404, 6.898708306558555, 6.784223128787428, 6.638024546874067, 6.519299089965348, 5.7801072136199725]
[2023-03-22 13:10:58] [INFO] trainError:[0.3645, 0.2681, 0.2391, 0.2226, 0.2284, 0.1853, 0.1816, 0.1583, 0.1597, 0.1741, 0.1514]
[2023-03-22 13:19:03] [INFO] testError:[0.0547, 0.0401, 0.0381, 0.0358, 0.0353, 0.0289, 0.0272, 0.0254, 0.025, 0.0261, 0.0228]
[2023-03-22 13:19:03] [INFO] epoch: 12 / 25
[2023-03-22 13:21:17] [INFO] lossAver:5.521599452629685
[2023-03-22 13:23:31] [INFO] lossAver:5.58205547685735
[2023-03-22 13:25:48] [INFO] lossAver:5.662415389851978
[2023-03-22 13:28:02] [INFO] lossAver:5.657995143793523
[2023-03-22 13:30:19] [INFO] lossAver:5.602033719778061
[2023-03-22 13:32:34] [INFO] lossAver:5.6039974586280685
[2023-03-22 13:34:51] [INFO] lossAver:5.616978173937117
[2023-03-22 13:37:06] [INFO] lossAver:5.660338845388033
[2023-03-22 13:39:20] [INFO] lossAver:5.671233016208642
[2023-03-22 13:41:34] [INFO] lossAver:5.717152492274344
[2023-03-22 13:43:48] [INFO] lossAver:5.724354141845961
[2023-03-22 13:46:03] [INFO] lossAver:5.726354975519391
[2023-03-22 13:48:19] [INFO] lossAver:5.693899075771467
[2023-03-22 13:50:36] [INFO] lossAver:5.716268888191187
[2023-03-22 13:52:51] [INFO] lossAver:5.719779738959422
[2023-03-22 13:55:08] [INFO] lossAver:5.695002918819897
[2023-03-22 13:57:22] [INFO] lossAver:5.702836857161977
[2023-03-22 13:59:37] [INFO] lossAver:5.708713909031203
[2023-03-22 14:01:49] [INFO] lossAver:5.6982843816868565
[2023-03-22 14:04:02] [INFO] lossAver:5.687618564183265
[2023-03-22 14:06:15] [INFO] lossAver:5.687688077583909
[2023-03-22 14:08:29] [INFO] lossAver:5.719838226972656
[2023-03-22 14:10:44] [INFO] lossAver:5.717598818347182
[2023-03-22 14:12:58] [INFO] lossAver:5.725592712134433
[2023-03-22 14:15:13] [INFO] lossAver:5.729776405875087
[2023-03-22 14:17:27] [INFO] lossAver:5.7341235061416835
[2023-03-22 14:19:42] [INFO] lossAver:5.735698018194625
[2023-03-22 14:21:53] [INFO] lossAver:5.727601231452078
[2023-03-22 14:24:00] [INFO] lossAver:5.708208522281256
[2023-03-22 14:26:08] [INFO] lossAver:5.713496061962843
[2023-03-22 14:26:08] [INFO] lossList:[33.938342910598216, 10.782209617298841, 9.557938491523513, 9.009511129971097, 8.608684370877594, 7.05121686908404, 6.898708306558555, 6.784223128787428, 6.638024546874067, 6.519299089965348, 5.7801072136199725, 5.713496061962843]
[2023-03-22 15:12:01] [INFO] trainError:[0.3645, 0.2681, 0.2391, 0.2226, 0.2284, 0.1853, 0.1816, 0.1583, 0.1597, 0.1741, 0.1514, 0.1428]
[2023-03-22 15:19:45] [INFO] testError:[0.0547, 0.0401, 0.0381, 0.0358, 0.0353, 0.0289, 0.0272, 0.0254, 0.025, 0.0261, 0.0228, 0.0224]
[2023-03-22 15:19:45] [INFO] epoch: 13 / 25
[2023-03-22 15:21:53] [INFO] lossAver:5.848027232922614
[2023-03-22 15:23:59] [INFO] lossAver:5.788617463795468
[2023-03-22 15:26:06] [INFO] lossAver:5.7622673950667185
[2023-03-22 15:28:14] [INFO] lossAver:5.755858312464785
[2023-03-22 15:30:21] [INFO] lossAver:5.785245993189141
[2023-03-22 15:32:29] [INFO] lossAver:5.718644441478886
[2023-03-22 15:34:38] [INFO] lossAver:5.718054045310776
[2023-03-22 15:36:46] [INFO] lossAver:5.712629250596976
[2023-03-22 15:38:52] [INFO] lossAver:5.70378654238354
[2023-03-22 15:41:00] [INFO] lossAver:5.715199666258134
[2023-03-22 15:43:06] [INFO] lossAver:5.705433378726413
[2023-03-22 15:45:12] [INFO] lossAver:5.681823768584524
[2023-03-22 15:47:19] [INFO] lossAver:5.694940313561461
[2023-03-22 15:49:27] [INFO] lossAver:5.701688444131054
[2023-03-22 15:51:34] [INFO] lossAver:5.711515780424947
[2023-03-22 15:53:43] [INFO] lossAver:5.714777362470865
[2023-03-22 15:55:51] [INFO] lossAver:5.686760916919283
[2023-03-22 15:57:59] [INFO] lossAver:5.674478457293887
[2023-03-22 16:00:06] [INFO] lossAver:5.681917188138848
[2023-03-22 16:02:14] [INFO] lossAver:5.668444516852405
[2023-03-22 16:04:22] [INFO] lossAver:5.657659545996271
[2023-03-22 16:06:30] [INFO] lossAver:5.6559534658318045
[2023-03-22 16:08:29] [INFO] lossAver:5.655278603072967
[2023-03-22 16:10:29] [INFO] lossAver:5.640890801060867
[2023-03-22 16:12:28] [INFO] lossAver:5.640888645686731
[2023-03-22 16:14:28] [INFO] lossAver:5.631366735239084
[2023-03-22 16:16:27] [INFO] lossAver:5.641065977343324
[2023-03-22 16:18:26] [INFO] lossAver:5.651941183745928
[2023-03-22 16:20:26] [INFO] lossAver:5.657306826343118
[2023-03-22 16:22:25] [INFO] lossAver:5.661071076354695
[2023-03-22 16:22:25] [INFO] lossList:[33.938342910598216, 10.782209617298841, 9.557938491523513, 9.009511129971097, 8.608684370877594, 7.05121686908404, 6.898708306558555, 6.784223128787428, 6.638024546874067, 6.519299089965348, 5.7801072136199725, 5.713496061962843, 5.661071076354695]
[2023-03-22 17:07:00] [INFO] trainError:[0.3645, 0.2681, 0.2391, 0.2226, 0.2284, 0.1853, 0.1816, 0.1583, 0.1597, 0.1741, 0.1514, 0.1428, 0.151]
[2023-03-22 17:14:35] [INFO] testError:[0.0547, 0.0401, 0.0381, 0.0358, 0.0353, 0.0289, 0.0272, 0.0254, 0.025, 0.0261, 0.0228, 0.0224, 0.0243]
[2023-03-22 17:14:35] [INFO] epoch: 14 / 25
[2023-03-22 17:16:44] [INFO] lossAver:5.260289344415068
[2023-03-22 17:18:52] [INFO] lossAver:5.318819012483582
[2023-03-22 17:21:00] [INFO] lossAver:5.4497378054323296
[2023-03-22 17:23:09] [INFO] lossAver:5.504921309155412
[2023-03-22 17:25:18] [INFO] lossAver:5.558826410425454
[2023-03-22 17:27:27] [INFO] lossAver:5.525190250189975
[2023-03-22 17:29:36] [INFO] lossAver:5.615818047316479
[2023-03-22 17:31:45] [INFO] lossAver:5.622746152748819
[2023-03-22 17:33:54] [INFO] lossAver:5.641435768559989
[2023-03-22 17:36:02] [INFO] lossAver:5.677705602700636
[2023-03-22 17:38:11] [INFO] lossAver:5.694913151961497
[2023-03-22 17:40:21] [INFO] lossAver:5.655188103768043
[2023-03-22 17:42:31] [INFO] lossAver:5.662285304113936
[2023-03-22 17:44:41] [INFO] lossAver:5.648812553730128
[2023-03-22 17:46:53] [INFO] lossAver:5.609943851502736
[2023-03-22 17:49:05] [INFO] lossAver:5.585117394797504
[2023-03-22 17:51:16] [INFO] lossAver:5.600694246779908
[2023-03-22 17:53:28] [INFO] lossAver:5.601881830732028
[2023-03-22 17:55:39] [INFO] lossAver:5.608839014275686
[2023-03-22 17:57:49] [INFO] lossAver:5.619564963541553
[2023-03-22 17:59:58] [INFO] lossAver:5.63542784921204
[2023-03-22 18:02:08] [INFO] lossAver:5.6268526669017636
[2023-03-22 18:04:17] [INFO] lossAver:5.634131483995234
[2023-03-22 18:06:26] [INFO] lossAver:5.627707189951713
[2023-03-22 18:08:36] [INFO] lossAver:5.6452134808519485
[2023-03-22 18:10:46] [INFO] lossAver:5.6404231169745325
[2023-03-22 18:12:55] [INFO] lossAver:5.62695201519656
[2023-03-22 18:15:05] [INFO] lossAver:5.624215238093532
[2023-03-22 18:17:15] [INFO] lossAver:5.613914601229132
[2023-03-22 18:19:25] [INFO] lossAver:5.6235343881653
[2023-03-22 18:19:25] [INFO] lossList:[33.938342910598216, 10.782209617298841, 9.557938491523513, 9.009511129971097, 8.608684370877594, 7.05121686908404, 6.898708306558555, 6.784223128787428, 6.638024546874067, 6.519299089965348, 5.7801072136199725, 5.713496061962843, 5.661071076354695, 5.6235343881653]
[2023-03-22 19:05:12] [INFO] trainError:[0.3645, 0.2681, 0.2391, 0.2226, 0.2284, 0.1853, 0.1816, 0.1583, 0.1597, 0.1741, 0.1514, 0.1428, 0.151, 0.1432]
[2023-03-22 19:13:13] [INFO] testError:[0.0547, 0.0401, 0.0381, 0.0358, 0.0353, 0.0289, 0.0272, 0.0254, 0.025, 0.0261, 0.0228, 0.0224, 0.0243, 0.0242]
[2023-03-22 19:13:13] [INFO] epoch: 15 / 25
[2023-03-22 19:15:33] [INFO] lossAver:5.518120019324124
[2023-03-22 19:17:54] [INFO] lossAver:5.32405765844509
[2023-03-22 19:20:14] [INFO] lossAver:5.391462807999303
[2023-03-22 19:22:34] [INFO] lossAver:5.5369161925995725
[2023-03-22 19:24:54] [INFO] lossAver:5.604588757670671
[2023-03-22 19:27:14] [INFO] lossAver:5.486414339022711
[2023-03-22 19:29:34] [INFO] lossAver:5.515586459921407
[2023-03-22 19:31:54] [INFO] lossAver:5.527693421887699
[2023-03-22 19:34:15] [INFO] lossAver:5.486252264835354
[2023-03-22 19:36:36] [INFO] lossAver:5.520640429874137
[2023-03-22 19:38:56] [INFO] lossAver:5.5357389686361635
[2023-03-22 19:41:15] [INFO] lossAver:5.558793567928485
[2023-03-22 19:43:36] [INFO] lossAver:5.54826351471102
[2023-03-22 19:45:56] [INFO] lossAver:5.543133318086554
[2023-03-22 19:48:16] [INFO] lossAver:5.562146342984587
[2023-03-22 19:50:36] [INFO] lossAver:5.578064343798207
[2023-03-22 19:52:56] [INFO] lossAver:5.575194471156991
[2023-03-22 19:55:13] [INFO] lossAver:5.585118399622333
[2023-03-22 19:57:31] [INFO] lossAver:5.581551475596271
[2023-03-22 19:59:56] [INFO] lossAver:5.563308444746956
[2023-03-22 20:02:22] [INFO] lossAver:5.5636388621165285
[2023-03-22 20:04:49] [INFO] lossAver:5.57808846256357
[2023-03-22 20:07:15] [INFO] lossAver:5.576413434878478
[2023-03-22 20:09:40] [INFO] lossAver:5.571757010564519
[2023-03-22 20:12:07] [INFO] lossAver:5.5787786239904165
[2023-03-22 20:14:33] [INFO] lossAver:5.575909266008208
[2023-03-22 20:16:59] [INFO] lossAver:5.575485848932079
[2023-03-22 20:19:31] [INFO] lossAver:5.591767410345375
[2023-03-22 20:22:04] [INFO] lossAver:5.59289229459444
[2023-03-22 20:24:36] [INFO] lossAver:5.590726735588163
[2023-03-22 20:24:36] [INFO] lossList:[33.938342910598216, 10.782209617298841, 9.557938491523513, 9.009511129971097, 8.608684370877594, 7.05121686908404, 6.898708306558555, 6.784223128787428, 6.638024546874067, 6.519299089965348, 5.7801072136199725, 5.713496061962843, 5.661071076354695, 5.6235343881653, 5.590726735588163]
[2023-03-22 21:18:20] [INFO] trainError:[0.3645, 0.2681, 0.2391, 0.2226, 0.2284, 0.1853, 0.1816, 0.1583, 0.1597, 0.1741, 0.1514, 0.1428, 0.151, 0.1432, 0.1425]
[2023-03-22 21:27:19] [INFO] testError:[0.0547, 0.0401, 0.0381, 0.0358, 0.0353, 0.0289, 0.0272, 0.0254, 0.025, 0.0261, 0.0228, 0.0224, 0.0243, 0.0242, 0.0215]
[2023-03-22 21:27:19] [INFO] epoch: 16 / 25
[2023-03-22 21:29:53] [INFO] lossAver:5.155860220164061
[2023-03-22 21:32:28] [INFO] lossAver:5.313831886569038
[2023-03-22 21:35:00] [INFO] lossAver:5.281519248238454
[2023-03-22 21:37:34] [INFO] lossAver:5.32189280309435
[2023-03-22 21:40:08] [INFO] lossAver:5.33249646583274
[2023-03-22 21:42:41] [INFO] lossAver:5.325570161070675
[2023-03-22 21:45:14] [INFO] lossAver:5.312081463590264
[2023-03-22 21:47:47] [INFO] lossAver:5.34631449207291
[2023-03-22 21:50:21] [INFO] lossAver:5.33896724331379
[2023-03-22 21:52:55] [INFO] lossAver:5.3294297161877155
[2023-03-22 21:55:28] [INFO] lossAver:5.298496273876591
[2023-03-22 21:58:02] [INFO] lossAver:5.281496218594412
[2023-03-22 22:00:36] [INFO] lossAver:5.269630032612154
[2023-03-22 22:03:07] [INFO] lossAver:5.288130201259894
[2023-03-22 22:05:37] [INFO] lossAver:5.313005460475882
[2023-03-22 22:08:07] [INFO] lossAver:5.3328129880707715
[2023-03-22 22:10:40] [INFO] lossAver:5.334237525923068
[2023-03-22 22:13:11] [INFO] lossAver:5.35548903350056
[2023-03-22 22:15:43] [INFO] lossAver:5.3362071835957465
[2023-03-22 22:18:16] [INFO] lossAver:5.348873048706166
[2023-03-22 22:20:49] [INFO] lossAver:5.339705564303235
[2023-03-22 22:23:20] [INFO] lossAver:5.348066910965707
[2023-03-22 22:25:52] [INFO] lossAver:5.349336740377319
[2023-03-22 22:28:22] [INFO] lossAver:5.351167671442187
[2023-03-22 22:30:55] [INFO] lossAver:5.360217357276231
[2023-03-22 22:33:27] [INFO] lossAver:5.354913769584866
[2023-03-22 22:35:59] [INFO] lossAver:5.351417569860954
[2023-03-22 22:38:30] [INFO] lossAver:5.3462863610436075
[2023-03-22 22:41:01] [INFO] lossAver:5.34106645293932
[2023-03-22 22:43:34] [INFO] lossAver:5.342305065951745
[2023-03-22 22:43:34] [INFO] lossList:[33.938342910598216, 10.782209617298841, 9.557938491523513, 9.009511129971097, 8.608684370877594, 7.05121686908404, 6.898708306558555, 6.784223128787428, 6.638024546874067, 6.519299089965348, 5.7801072136199725, 5.713496061962843, 5.661071076354695, 5.6235343881653, 5.590726735588163, 5.342305065951745]
[2023-03-22 23:32:17] [INFO] trainError:[0.3645, 0.2681, 0.2391, 0.2226, 0.2284, 0.1853, 0.1816, 0.1583, 0.1597, 0.1741, 0.1514, 0.1428, 0.151, 0.1432, 0.1425, 0.1412]
[2023-03-22 23:40:10] [INFO] testError:[0.0547, 0.0401, 0.0381, 0.0358, 0.0353, 0.0289, 0.0272, 0.0254, 0.025, 0.0261, 0.0228, 0.0224, 0.0243, 0.0242, 0.0215, 0.0227]
[2023-03-22 23:40:10] [INFO] epoch: 17 / 25
[2023-03-22 23:42:22] [INFO] lossAver:5.366505065612495
[2023-03-22 23:44:36] [INFO] lossAver:5.339988548573107
[2023-03-22 23:46:48] [INFO] lossAver:5.302678922339032
[2023-03-22 23:49:00] [INFO] lossAver:5.236761467891745
[2023-03-22 23:51:13] [INFO] lossAver:5.287192773766071
[2023-03-22 23:53:25] [INFO] lossAver:5.291287419335917
[2023-03-22 23:55:37] [INFO] lossAver:5.297868203151439
[2023-03-22 23:57:50] [INFO] lossAver:5.285729021378793
[2023-03-23 00:00:03] [INFO] lossAver:5.312302182346582
[2023-03-23 00:02:15] [INFO] lossAver:5.3109515637725595
[2023-03-23 00:04:20] [INFO] lossAver:5.298971399840983
[2023-03-23 00:06:24] [INFO] lossAver:5.299179488526657
[2023-03-23 00:08:29] [INFO] lossAver:5.290371931052552
[2023-03-23 00:10:34] [INFO] lossAver:5.265286574808615
[2023-03-23 00:12:39] [INFO] lossAver:5.294983525357644
[2023-03-23 00:14:43] [INFO] lossAver:5.296497180417646
[2023-03-23 00:16:48] [INFO] lossAver:5.285311500090229
[2023-03-23 00:18:52] [INFO] lossAver:5.268822007804695
[2023-03-23 00:20:58] [INFO] lossAver:5.277926528946545
[2023-03-23 00:23:03] [INFO] lossAver:5.281206576507539
[2023-03-23 00:25:08] [INFO] lossAver:5.278984082655183
[2023-03-23 00:27:12] [INFO] lossAver:5.280511510042897
[2023-03-23 00:29:17] [INFO] lossAver:5.284695711401088
[2023-03-23 00:31:25] [INFO] lossAver:5.2870138604942865
[2023-03-23 00:33:31] [INFO] lossAver:5.294092151493802
[2023-03-23 00:35:35] [INFO] lossAver:5.300133050159551
[2023-03-23 00:37:40] [INFO] lossAver:5.307542239547121
[2023-03-23 00:39:45] [INFO] lossAver:5.303668772966801
[2023-03-23 00:41:51] [INFO] lossAver:5.314723067494109
[2023-03-23 00:43:56] [INFO] lossAver:5.312534452554894
[2023-03-23 00:43:56] [INFO] lossList:[33.938342910598216, 10.782209617298841, 9.557938491523513, 9.009511129971097, 8.608684370877594, 7.05121686908404, 6.898708306558555, 6.784223128787428, 6.638024546874067, 6.519299089965348, 5.7801072136199725, 5.713496061962843, 5.661071076354695, 5.6235343881653, 5.590726735588163, 5.342305065951745, 5.312534452554894]
[2023-03-23 01:29:31] [INFO] trainError:[0.3645, 0.2681, 0.2391, 0.2226, 0.2284, 0.1853, 0.1816, 0.1583, 0.1597, 0.1741, 0.1514, 0.1428, 0.151, 0.1432, 0.1425, 0.1412, 0.1387]
[2023-03-23 01:37:09] [INFO] testError:[0.0547, 0.0401, 0.0381, 0.0358, 0.0353, 0.0289, 0.0272, 0.0254, 0.025, 0.0261, 0.0228, 0.0224, 0.0243, 0.0242, 0.0215, 0.0227, 0.0225]
[2023-03-23 01:37:09] [INFO] epoch: 18 / 25
[2023-03-23 01:39:15] [INFO] lossAver:5.680772898603231
[2023-03-23 01:41:22] [INFO] lossAver:5.446365310205147
[2023-03-23 01:43:28] [INFO] lossAver:5.379532628410806
[2023-03-23 01:45:33] [INFO] lossAver:5.357621135171502
[2023-03-23 01:47:39] [INFO] lossAver:5.348392598003149
[2023-03-23 01:49:45] [INFO] lossAver:5.272205361145859
[2023-03-23 01:51:50] [INFO] lossAver:5.292880675901792
[2023-03-23 01:53:56] [INFO] lossAver:5.294834235433955
[2023-03-23 01:56:02] [INFO] lossAver:5.283552545036707
[2023-03-23 01:58:08] [INFO] lossAver:5.241124128971994
[2023-03-23 02:00:15] [INFO] lossAver:5.240179228455844
[2023-03-23 02:02:20] [INFO] lossAver:5.231559329994023
[2023-03-23 02:04:25] [INFO] lossAver:5.238966571908158
[2023-03-23 02:06:30] [INFO] lossAver:5.258939170158867
[2023-03-23 02:08:33] [INFO] lossAver:5.260685330093404
[2023-03-23 02:10:40] [INFO] lossAver:5.258358945637709
[2023-03-23 02:12:45] [INFO] lossAver:5.259306343728458
[2023-03-23 02:14:51] [INFO] lossAver:5.26925825856119
[2023-03-23 02:16:56] [INFO] lossAver:5.278619187863543
[2023-03-23 02:19:03] [INFO] lossAver:5.268872811038699
[2023-03-23 02:21:08] [INFO] lossAver:5.2751144965063075
[2023-03-23 02:23:15] [INFO] lossAver:5.300249308123761
[2023-03-23 02:25:19] [INFO] lossAver:5.294018541303747
[2023-03-23 02:27:23] [INFO] lossAver:5.29828551406359
[2023-03-23 02:29:28] [INFO] lossAver:5.296090027190372
[2023-03-23 02:31:34] [INFO] lossAver:5.303526881430656
[2023-03-23 02:33:41] [INFO] lossAver:5.29576033361194
[2023-03-23 02:35:46] [INFO] lossAver:5.289785734728045
[2023-03-23 02:37:51] [INFO] lossAver:5.289997252928093
[2023-03-23 02:39:57] [INFO] lossAver:5.29189140520872
[2023-03-23 02:39:57] [INFO] lossList:[33.938342910598216, 10.782209617298841, 9.557938491523513, 9.009511129971097, 8.608684370877594, 7.05121686908404, 6.898708306558555, 6.784223128787428, 6.638024546874067, 6.519299089965348, 5.7801072136199725, 5.713496061962843, 5.661071076354695, 5.6235343881653, 5.590726735588163, 5.342305065951745, 5.312534452554894, 5.29189140520872]
[2023-03-23 03:25:31] [INFO] trainError:[0.3645, 0.2681, 0.2391, 0.2226, 0.2284, 0.1853, 0.1816, 0.1583, 0.1597, 0.1741, 0.1514, 0.1428, 0.151, 0.1432, 0.1425, 0.1412, 0.1387, 0.1342]
[2023-03-23 03:33:09] [INFO] testError:[0.0547, 0.0401, 0.0381, 0.0358, 0.0353, 0.0289, 0.0272, 0.0254, 0.025, 0.0261, 0.0228, 0.0224, 0.0243, 0.0242, 0.0215, 0.0227, 0.0225, 0.0215]
[2023-03-23 03:33:09] [INFO] epoch: 19 / 25
[2023-03-23 03:35:15] [INFO] lossAver:4.992772001847625
[2023-03-23 03:37:21] [INFO] lossAver:5.119874541081488
[2023-03-23 03:39:28] [INFO] lossAver:5.265445831211904
[2023-03-23 03:41:35] [INFO] lossAver:5.227007019221783
[2023-03-23 03:43:41] [INFO] lossAver:5.330511331675947
[2023-03-23 03:45:48] [INFO] lossAver:5.261841820145647
[2023-03-23 03:47:54] [INFO] lossAver:5.25640403252095
[2023-03-23 03:50:00] [INFO] lossAver:5.223509181934874
[2023-03-23 03:52:05] [INFO] lossAver:5.212731890637014
[2023-03-23 03:54:11] [INFO] lossAver:5.2349827808722855
[2023-03-23 03:56:17] [INFO] lossAver:5.253419960145923
[2023-03-23 03:58:22] [INFO] lossAver:5.234176843380555
[2023-03-23 04:00:26] [INFO] lossAver:5.230231056750394
[2023-03-23 04:02:32] [INFO] lossAver:5.224909850876778
[2023-03-23 04:04:39] [INFO] lossAver:5.234117142525563
[2023-03-23 04:06:43] [INFO] lossAver:5.236866339544533
[2023-03-23 04:08:49] [INFO] lossAver:5.24041637641082
[2023-03-23 04:10:53] [INFO] lossAver:5.242994932754793
[2023-03-23 04:12:58] [INFO] lossAver:5.253059386283355
[2023-03-23 04:15:06] [INFO] lossAver:5.250270244443603
[2023-03-23 04:17:12] [INFO] lossAver:5.260183902828289
[2023-03-23 04:19:26] [INFO] lossAver:5.257147843294353
[2023-03-23 04:21:42] [INFO] lossAver:5.254089910723107
[2023-03-23 04:23:58] [INFO] lossAver:5.256153430982959
[2023-03-23 04:26:16] [INFO] lossAver:5.261755403314978
[2023-03-23 04:28:32] [INFO] lossAver:5.26877588607901
[2023-03-23 04:30:49] [INFO] lossAver:5.271287490303456
[2023-03-23 04:33:06] [INFO] lossAver:5.267265279792116
[2023-03-23 04:35:22] [INFO] lossAver:5.267317455342875
[2023-03-23 04:37:39] [INFO] lossAver:5.272042483019953
[2023-03-23 04:37:39] [INFO] lossList:[33.938342910598216, 10.782209617298841, 9.557938491523513, 9.009511129971097, 8.608684370877594, 7.05121686908404, 6.898708306558555, 6.784223128787428, 6.638024546874067, 6.519299089965348, 5.7801072136199725, 5.713496061962843, 5.661071076354695, 5.6235343881653, 5.590726735588163, 5.342305065951745, 5.312534452554894, 5.29189140520872, 5.272042483019953]
[2023-03-23 05:25:26] [INFO] trainError:[0.3645, 0.2681, 0.2391, 0.2226, 0.2284, 0.1853, 0.1816, 0.1583, 0.1597, 0.1741, 0.1514, 0.1428, 0.151, 0.1432, 0.1425, 0.1412, 0.1387, 0.1342, 0.1365]
[2023-03-23 05:33:27] [INFO] testError:[0.0547, 0.0401, 0.0381, 0.0358, 0.0353, 0.0289, 0.0272, 0.0254, 0.025, 0.0261, 0.0228, 0.0224, 0.0243, 0.0242, 0.0215, 0.0227, 0.0225, 0.0215, 0.0223]
[2023-03-23 05:33:27] [INFO] epoch: 20 / 25
[2023-03-23 05:35:44] [INFO] lossAver:5.263845061257482
[2023-03-23 05:38:02] [INFO] lossAver:5.167553061142564
[2023-03-23 05:40:19] [INFO] lossAver:5.1661885707005855
[2023-03-23 05:42:36] [INFO] lossAver:5.1896130258645865
[2023-03-23 05:44:54] [INFO] lossAver:5.21319240000993
[2023-03-23 05:47:12] [INFO] lossAver:5.245497189285855
[2023-03-23 05:49:29] [INFO] lossAver:5.2701050696724225
[2023-03-23 05:51:46] [INFO] lossAver:5.277821095715277
[2023-03-23 05:54:05] [INFO] lossAver:5.265091695494122
[2023-03-23 05:56:22] [INFO] lossAver:5.259746787166968
[2023-03-23 05:58:39] [INFO] lossAver:5.261652133442123
[2023-03-23 06:00:56] [INFO] lossAver:5.254602611114271
[2023-03-23 06:03:11] [INFO] lossAver:5.220195820542195
[2023-03-23 06:05:27] [INFO] lossAver:5.220266172616343
[2023-03-23 06:07:43] [INFO] lossAver:5.227234749198705
[2023-03-23 06:10:01] [INFO] lossAver:5.203856704625534
[2023-03-23 06:12:17] [INFO] lossAver:5.19502977358747
[2023-03-23 06:14:34] [INFO] lossAver:5.2228036641495095
[2023-03-23 06:16:51] [INFO] lossAver:5.2308075521554995
[2023-03-23 06:19:07] [INFO] lossAver:5.221462905233167
[2023-03-23 06:21:23] [INFO] lossAver:5.236953747712786
[2023-03-23 06:23:38] [INFO] lossAver:5.247494000872089
[2023-03-23 06:25:55] [INFO] lossAver:5.254377277351592
[2023-03-23 06:28:12] [INFO] lossAver:5.2510173486508425
[2023-03-23 06:30:29] [INFO] lossAver:5.25875614551127
[2023-03-23 06:32:46] [INFO] lossAver:5.266436154273124
[2023-03-23 06:35:02] [INFO] lossAver:5.270704506291559
[2023-03-23 06:37:18] [INFO] lossAver:5.273865524944317
[2023-03-23 06:39:34] [INFO] lossAver:5.273686857989764
[2023-03-23 06:41:52] [INFO] lossAver:5.261682277123506
[2023-03-23 06:41:52] [INFO] lossList:[33.938342910598216, 10.782209617298841, 9.557938491523513, 9.009511129971097, 8.608684370877594, 7.05121686908404, 6.898708306558555, 6.784223128787428, 6.638024546874067, 6.519299089965348, 5.7801072136199725, 5.713496061962843, 5.661071076354695, 5.6235343881653, 5.590726735588163, 5.342305065951745, 5.312534452554894, 5.29189140520872, 5.272042483019953, 5.261682277123506]
[2023-03-23 07:29:41] [INFO] trainError:[0.3645, 0.2681, 0.2391, 0.2226, 0.2284, 0.1853, 0.1816, 0.1583, 0.1597, 0.1741, 0.1514, 0.1428, 0.151, 0.1432, 0.1425, 0.1412, 0.1387, 0.1342, 0.1365, 0.1344]
[2023-03-23 07:37:40] [INFO] testError:[0.0547, 0.0401, 0.0381, 0.0358, 0.0353, 0.0289, 0.0272, 0.0254, 0.025, 0.0261, 0.0228, 0.0224, 0.0243, 0.0242, 0.0215, 0.0227, 0.0225, 0.0215, 0.0223, 0.022]
[2023-03-23 07:37:40] [INFO] epoch: 21 / 25
[2023-03-23 07:39:58] [INFO] lossAver:5.204290374562144
[2023-03-23 07:42:16] [INFO] lossAver:5.2728084507845345
[2023-03-23 07:44:35] [INFO] lossAver:5.383617199279368
[2023-03-23 07:46:51] [INFO] lossAver:5.332616669807583
[2023-03-23 07:49:08] [INFO] lossAver:5.328752762013674
[2023-03-23 07:51:26] [INFO] lossAver:5.327669654622053
[2023-03-23 07:53:44] [INFO] lossAver:5.313225029311542
[2023-03-23 07:56:00] [INFO] lossAver:5.250812072000932
[2023-03-23 07:58:18] [INFO] lossAver:5.263538793791086
[2023-03-23 08:00:34] [INFO] lossAver:5.26213353616707
[2023-03-23 08:02:50] [INFO] lossAver:5.303298579279672
[2023-03-23 08:05:08] [INFO] lossAver:5.292631806527575
[2023-03-23 08:07:23] [INFO] lossAver:5.264463657508103
[2023-03-23 08:09:40] [INFO] lossAver:5.253656112287726
[2023-03-23 08:11:57] [INFO] lossAver:5.2486418990574775
[2023-03-23 08:14:14] [INFO] lossAver:5.250021340079838
[2023-03-23 08:16:30] [INFO] lossAver:5.273356726822169
[2023-03-23 08:18:47] [INFO] lossAver:5.245011745702476
[2023-03-23 08:21:02] [INFO] lossAver:5.246456732347804
[2023-03-23 08:23:18] [INFO] lossAver:5.259084703820385
[2023-03-23 08:25:35] [INFO] lossAver:5.229936724531686
[2023-03-23 08:27:52] [INFO] lossAver:5.2298027690427205
[2023-03-23 08:30:07] [INFO] lossAver:5.253787888492579
[2023-03-23 08:32:24] [INFO] lossAver:5.247169944313044
[2023-03-23 08:34:42] [INFO] lossAver:5.24392248339653
[2023-03-23 08:36:59] [INFO] lossAver:5.244305414876686
[2023-03-23 08:39:16] [INFO] lossAver:5.249119643050212
[2023-03-23 08:41:32] [INFO] lossAver:5.249359581275177
[2023-03-23 08:43:48] [INFO] lossAver:5.242776582331236
[2023-03-23 08:46:05] [INFO] lossAver:5.246938457291325
[2023-03-23 08:46:05] [INFO] lossList:[33.938342910598216, 10.782209617298841, 9.557938491523513, 9.009511129971097, 8.608684370877594, 7.05121686908404, 6.898708306558555, 6.784223128787428, 6.638024546874067, 6.519299089965348, 5.7801072136199725, 5.713496061962843, 5.661071076354695, 5.6235343881653, 5.590726735588163, 5.342305065951745, 5.312534452554894, 5.29189140520872, 5.272042483019953, 5.261682277123506, 5.246938457291325]
[2023-03-23 09:34:00] [INFO] trainError:[0.3645, 0.2681, 0.2391, 0.2226, 0.2284, 0.1853, 0.1816, 0.1583, 0.1597, 0.1741, 0.1514, 0.1428, 0.151, 0.1432, 0.1425, 0.1412, 0.1387, 0.1342, 0.1365, 0.1344, 0.143]
[2023-03-23 09:42:02] [INFO] testError:[0.0547, 0.0401, 0.0381, 0.0358, 0.0353, 0.0289, 0.0272, 0.0254, 0.025, 0.0261, 0.0228, 0.0224, 0.0243, 0.0242, 0.0215, 0.0227, 0.0225, 0.0215, 0.0223, 0.022, 0.0222]
[2023-03-23 09:42:02] [INFO] epoch: 22 / 25
[2023-03-23 09:44:18] [INFO] lossAver:5.455469760268927
[2023-03-23 09:46:35] [INFO] lossAver:5.198213463619352
[2023-03-23 09:48:52] [INFO] lossAver:5.199391267523169
[2023-03-23 09:51:09] [INFO] lossAver:5.2754260598011316
[2023-03-23 09:53:27] [INFO] lossAver:5.309066576580704
[2023-03-23 09:55:45] [INFO] lossAver:5.245307562507689
[2023-03-23 09:58:02] [INFO] lossAver:5.232083239802292
[2023-03-23 10:00:21] [INFO] lossAver:5.231210167754441
[2023-03-23 10:02:37] [INFO] lossAver:5.219656453131802
[2023-03-23 10:04:54] [INFO] lossAver:5.223607762286067
[2023-03-23 10:07:10] [INFO] lossAver:5.240903965400024
[2023-03-23 10:09:29] [INFO] lossAver:5.25862687372975
[2023-03-23 10:11:45] [INFO] lossAver:5.259732741090541
[2023-03-23 10:14:01] [INFO] lossAver:5.261369555114635
[2023-03-23 10:16:18] [INFO] lossAver:5.265682322897514
[2023-03-23 10:18:35] [INFO] lossAver:5.261443804029608
[2023-03-23 10:20:51] [INFO] lossAver:5.270665485182448
[2023-03-23 10:23:08] [INFO] lossAver:5.27664437345374
[2023-03-23 10:25:24] [INFO] lossAver:5.274872929504239
[2023-03-23 10:27:41] [INFO] lossAver:5.2697717482613395
[2023-03-23 10:29:58] [INFO] lossAver:5.272367031057676
[2023-03-23 10:32:11] [INFO] lossAver:5.261063078936867
[2023-03-23 10:34:16] [INFO] lossAver:5.250906320883042
[2023-03-23 10:36:22] [INFO] lossAver:5.249710600246675
[2023-03-23 10:38:27] [INFO] lossAver:5.248057959730178
[2023-03-23 10:40:34] [INFO] lossAver:5.240612209238112
[2023-03-23 10:42:42] [INFO] lossAver:5.232922143023875
[2023-03-23 10:44:49] [INFO] lossAver:5.222019082499535
[2023-03-23 10:46:56] [INFO] lossAver:5.225684409908822
[2023-03-23 10:49:01] [INFO] lossAver:5.232343563991909
[2023-03-23 10:49:01] [INFO] lossList:[33.938342910598216, 10.782209617298841, 9.557938491523513, 9.009511129971097, 8.608684370877594, 7.05121686908404, 6.898708306558555, 6.784223128787428, 6.638024546874067, 6.519299089965348, 5.7801072136199725, 5.713496061962843, 5.661071076354695, 5.6235343881653, 5.590726735588163, 5.342305065951745, 5.312534452554894, 5.29189140520872, 5.272042483019953, 5.261682277123506, 5.246938457291325, 5.232343563991909]
[2023-03-23 11:34:47] [INFO] trainError:[0.3645, 0.2681, 0.2391, 0.2226, 0.2284, 0.1853, 0.1816, 0.1583, 0.1597, 0.1741, 0.1514, 0.1428, 0.151, 0.1432, 0.1425, 0.1412, 0.1387, 0.1342, 0.1365, 0.1344, 0.143, 0.1303]
[2023-03-23 11:42:25] [INFO] testError:[0.0547, 0.0401, 0.0381, 0.0358, 0.0353, 0.0289, 0.0272, 0.0254, 0.025, 0.0261, 0.0228, 0.0224, 0.0243, 0.0242, 0.0215, 0.0227, 0.0225, 0.0215, 0.0223, 0.022, 0.0222, 0.0207]
[2023-03-23 11:42:25] [INFO] epoch: 23 / 25
[2023-03-23 11:44:32] [INFO] lossAver:5.163669979281724
[2023-03-23 11:46:39] [INFO] lossAver:5.362595679655671
[2023-03-23 11:48:44] [INFO] lossAver:5.1906874099075795
[2023-03-23 11:50:48] [INFO] lossAver:5.152352602979168
[2023-03-23 11:52:52] [INFO] lossAver:5.285775141325593
[2023-03-23 11:54:59] [INFO] lossAver:5.240188805391391
[2023-03-23 11:57:04] [INFO] lossAver:5.2158723142934695
[2023-03-23 11:59:10] [INFO] lossAver:5.246709319616668
[2023-03-23 12:01:14] [INFO] lossAver:5.250139346668703
[2023-03-23 12:03:19] [INFO] lossAver:5.245413199124858
[2023-03-23 12:05:23] [INFO] lossAver:5.230987536416474
[2023-03-23 12:07:29] [INFO] lossAver:5.220338559075569
[2023-03-23 12:09:34] [INFO] lossAver:5.21220470329546
[2023-03-23 12:11:42] [INFO] lossAver:5.191960489971297
[2023-03-23 12:13:50] [INFO] lossAver:5.17291406536599
[2023-03-23 12:15:57] [INFO] lossAver:5.182190431477502
[2023-03-23 12:18:04] [INFO] lossAver:5.202460041891564
[2023-03-23 12:20:08] [INFO] lossAver:5.20953549032617
[2023-03-23 12:22:13] [INFO] lossAver:5.2084867622718996
[2023-03-23 12:24:18] [INFO] lossAver:5.196463519069552
[2023-03-23 12:26:24] [INFO] lossAver:5.20608879041317
[2023-03-23 12:28:32] [INFO] lossAver:5.19375195272978
[2023-03-23 12:30:39] [INFO] lossAver:5.1957229770456
[2023-03-23 12:32:47] [INFO] lossAver:5.203385905864959
[2023-03-23 12:34:54] [INFO] lossAver:5.197561739217937
[2023-03-23 12:37:02] [INFO] lossAver:5.199234701959273
[2023-03-23 12:39:08] [INFO] lossAver:5.194320167279354
[2023-03-23 12:41:14] [INFO] lossAver:5.195970691883072
[2023-03-23 12:43:21] [INFO] lossAver:5.208522333001461
[2023-03-23 12:45:29] [INFO] lossAver:5.215600791317411
[2023-03-23 12:45:29] [INFO] lossList:[33.938342910598216, 10.782209617298841, 9.557938491523513, 9.009511129971097, 8.608684370877594, 7.05121686908404, 6.898708306558555, 6.784223128787428, 6.638024546874067, 6.519299089965348, 5.7801072136199725, 5.713496061962843, 5.661071076354695, 5.6235343881653, 5.590726735588163, 5.342305065951745, 5.312534452554894, 5.29189140520872, 5.272042483019953, 5.261682277123506, 5.246938457291325, 5.232343563991909, 5.215600791317411]
[2023-03-23 13:31:13] [INFO] trainError:[0.3645, 0.2681, 0.2391, 0.2226, 0.2284, 0.1853, 0.1816, 0.1583, 0.1597, 0.1741, 0.1514, 0.1428, 0.151, 0.1432, 0.1425, 0.1412, 0.1387, 0.1342, 0.1365, 0.1344, 0.143, 0.1303, 0.131]
[2023-03-23 13:38:51] [INFO] testError:[0.0547, 0.0401, 0.0381, 0.0358, 0.0353, 0.0289, 0.0272, 0.0254, 0.025, 0.0261, 0.0228, 0.0224, 0.0243, 0.0242, 0.0215, 0.0227, 0.0225, 0.0215, 0.0223, 0.022, 0.0222, 0.0207, 0.021]
[2023-03-23 13:38:51] [INFO] epoch: 24 / 25
[2023-03-23 13:40:57] [INFO] lossAver:5.078350784100592
[2023-03-23 13:43:02] [INFO] lossAver:5.0633802112061534
[2023-03-23 13:45:07] [INFO] lossAver:5.001163112400721
[2023-03-23 13:47:13] [INFO] lossAver:5.07348433582671
[2023-03-23 13:49:20] [INFO] lossAver:5.123711415912956
[2023-03-23 13:51:25] [INFO] lossAver:5.160432985433688
[2023-03-23 13:53:30] [INFO] lossAver:5.224502625160452
[2023-03-23 13:55:35] [INFO] lossAver:5.221250749363564
[2023-03-23 13:57:39] [INFO] lossAver:5.18922198001792
[2023-03-23 13:59:45] [INFO] lossAver:5.208287703491747
[2023-03-23 14:01:51] [INFO] lossAver:5.204461164630272
[2023-03-23 14:03:57] [INFO] lossAver:5.230521393843306
[2023-03-23 14:06:02] [INFO] lossAver:5.229862552777219
[2023-03-23 14:08:08] [INFO] lossAver:5.214335219392021
[2023-03-23 14:10:15] [INFO] lossAver:5.1968491093787055
[2023-03-23 14:12:23] [INFO] lossAver:5.212132008829853
[2023-03-23 14:14:30] [INFO] lossAver:5.216332337078803
[2023-03-23 14:16:37] [INFO] lossAver:5.226783397793977
[2023-03-23 14:18:43] [INFO] lossAver:5.2225909961003225
[2023-03-23 14:20:46] [INFO] lossAver:5.231408470313624
[2023-03-23 14:22:52] [INFO] lossAver:5.225726826177467
[2023-03-23 14:24:58] [INFO] lossAver:5.222289918257432
[2023-03-23 14:27:04] [INFO] lossAver:5.225577333777495
[2023-03-23 14:29:12] [INFO] lossAver:5.220077456055675
[2023-03-23 14:31:17] [INFO] lossAver:5.215229779183417
[2023-03-23 14:33:23] [INFO] lossAver:5.2194941961282435
[2023-03-23 14:35:30] [INFO] lossAver:5.219471050061975
[2023-03-23 14:37:37] [INFO] lossAver:5.217405439525843
[2023-03-23 14:39:44] [INFO] lossAver:5.212043483622372
[2023-03-23 14:41:51] [INFO] lossAver:5.203598740705351
[2023-03-23 14:41:51] [INFO] lossList:[33.938342910598216, 10.782209617298841, 9.557938491523513, 9.009511129971097, 8.608684370877594, 7.05121686908404, 6.898708306558555, 6.784223128787428, 6.638024546874067, 6.519299089965348, 5.7801072136199725, 5.713496061962843, 5.661071076354695, 5.6235343881653, 5.590726735588163, 5.342305065951745, 5.312534452554894, 5.29189140520872, 5.272042483019953, 5.261682277123506, 5.246938457291325, 5.232343563991909, 5.215600791317411, 5.203598740705351]
[2023-03-23 15:27:34] [INFO] trainError:[0.3645, 0.2681, 0.2391, 0.2226, 0.2284, 0.1853, 0.1816, 0.1583, 0.1597, 0.1741, 0.1514, 0.1428, 0.151, 0.1432, 0.1425, 0.1412, 0.1387, 0.1342, 0.1365, 0.1344, 0.143, 0.1303, 0.131, 0.1283]
[2023-03-23 15:35:08] [INFO] testError:[0.0547, 0.0401, 0.0381, 0.0358, 0.0353, 0.0289, 0.0272, 0.0254, 0.025, 0.0261, 0.0228, 0.0224, 0.0243, 0.0242, 0.0215, 0.0227, 0.0225, 0.0215, 0.0223, 0.022, 0.0222, 0.0207, 0.021, 0.0208]
[2023-03-23 15:35:08] [INFO] epoch: 25 / 25
[2023-03-23 15:37:07] [INFO] lossAver:4.828517065953464
[2023-03-23 15:39:07] [INFO] lossAver:4.839930581843481
[2023-03-23 15:41:06] [INFO] lossAver:4.936566268008202
[2023-03-23 15:43:06] [INFO] lossAver:4.996960530095734
[2023-03-23 15:45:05] [INFO] lossAver:4.994705394206196
[2023-03-23 15:47:04] [INFO] lossAver:5.032865729801978
[2023-03-23 15:49:04] [INFO] lossAver:5.087166710076056
[2023-03-23 15:51:03] [INFO] lossAver:5.095991873477586
[2023-03-23 15:53:02] [INFO] lossAver:5.099330404304796
[2023-03-23 15:55:01] [INFO] lossAver:5.131350868018717
[2023-03-23 15:57:00] [INFO] lossAver:5.130466004698791
[2023-03-23 15:59:00] [INFO] lossAver:5.162446713698096
[2023-03-23 16:01:00] [INFO] lossAver:5.205441900971704
[2023-03-23 16:03:00] [INFO] lossAver:5.180754413412085
[2023-03-23 16:05:08] [INFO] lossAver:5.1902040399678055
[2023-03-23 16:07:18] [INFO] lossAver:5.190223721795017
[2023-03-23 16:09:28] [INFO] lossAver:5.203030972967911
[2023-03-23 16:11:40] [INFO] lossAver:5.183523610680674
[2023-03-23 16:13:50] [INFO] lossAver:5.181953078157219
[2023-03-23 16:16:00] [INFO] lossAver:5.16922796483133
[2023-03-23 16:18:09] [INFO] lossAver:5.172126044834476
[2023-03-23 16:20:18] [INFO] lossAver:5.168364302470772
[2023-03-23 16:22:28] [INFO] lossAver:5.173756617800859
[2023-03-23 16:24:39] [INFO] lossAver:5.185447057025973
[2023-03-23 16:26:49] [INFO] lossAver:5.183773939687014
[2023-03-23 16:28:59] [INFO] lossAver:5.187612016196434
[2023-03-23 16:31:08] [INFO] lossAver:5.202377018665826
[2023-03-23 16:33:18] [INFO] lossAver:5.195682513259218
[2023-03-23 16:35:28] [INFO] lossAver:5.183205391708376
[2023-03-23 16:37:39] [INFO] lossAver:5.1847804521340874
[2023-03-23 16:37:39] [INFO] lossList:[33.938342910598216, 10.782209617298841, 9.557938491523513, 9.009511129971097, 8.608684370877594, 7.05121686908404, 6.898708306558555, 6.784223128787428, 6.638024546874067, 6.519299089965348, 5.7801072136199725, 5.713496061962843, 5.661071076354695, 5.6235343881653, 5.590726735588163, 5.342305065951745, 5.312534452554894, 5.29189140520872, 5.272042483019953, 5.261682277123506, 5.246938457291325, 5.232343563991909, 5.215600791317411, 5.203598740705351, 5.1847804521340874]
[2023-03-23 17:20:45] [INFO] trainError:[0.3645, 0.2681, 0.2391, 0.2226, 0.2284, 0.1853, 0.1816, 0.1583, 0.1597, 0.1741, 0.1514, 0.1428, 0.151, 0.1432, 0.1425, 0.1412, 0.1387, 0.1342, 0.1365, 0.1344, 0.143, 0.1303, 0.131, 0.1283, 0.1334]
[2023-03-23 17:27:56] [INFO] testError:[0.0547, 0.0401, 0.0381, 0.0358, 0.0353, 0.0289, 0.0272, 0.0254, 0.025, 0.0261, 0.0228, 0.0224, 0.0243, 0.0242, 0.0215, 0.0227, 0.0225, 0.0215, 0.0223, 0.022, 0.0222, 0.0207, 0.021, 0.0208, 0.0221]
