nohup: ignoring input
[2023-04-01 23:55:55] [INFO] epoch: 01 / 100
[2023-04-01 23:56:03] [INFO] batch:10/26 lossAver:2.289290
[2023-04-01 23:56:11] [INFO] batch:20/26 lossAver:2.256273
[2023-04-01 23:56:16] [INFO] lossList:[2.2271159245417667]
[2023-04-01 23:56:34] [INFO] trainAcc:[0.24470659407138537]
[2023-04-01 23:56:35] [INFO] testAcc:[0.2445054945054945]
[2023-04-01 23:56:35] [INFO] epoch: 02 / 100
[2023-04-01 23:56:43] [INFO] batch:10/26 lossAver:1.872798
[2023-04-01 23:56:50] [INFO] batch:20/26 lossAver:1.788161
[2023-04-01 23:56:55] [INFO] lossList:[2.2271159245417667, 1.7736504949056184]
[2023-04-01 23:57:13] [INFO] trainAcc:[0.24470659407138537, 0.2177858439201452]
[2023-04-01 23:57:14] [INFO] testAcc:[0.2445054945054945, 0.21703296703296704]
[2023-04-01 23:57:14] [INFO] epoch: 03 / 100
[2023-04-01 23:57:22] [INFO] batch:10/26 lossAver:1.657853
[2023-04-01 23:57:30] [INFO] batch:20/26 lossAver:1.638172
[2023-04-01 23:57:35] [INFO] lossList:[2.2271159245417667, 1.7736504949056184, 1.6304255082057073]
[2023-04-01 23:57:53] [INFO] trainAcc:[0.24470659407138537, 0.2177858439201452, 0.28614640048396855]
[2023-04-01 23:57:55] [INFO] testAcc:[0.2445054945054945, 0.21703296703296704, 0.2664835164835165]
[2023-04-01 23:57:55] [INFO] epoch: 04 / 100
[2023-04-01 23:58:03] [INFO] batch:10/26 lossAver:1.605709
[2023-04-01 23:58:11] [INFO] batch:20/26 lossAver:1.608908
[2023-04-01 23:58:16] [INFO] lossList:[2.2271159245417667, 1.7736504949056184, 1.6304255082057073, 1.6056093711119432]
[2023-04-01 23:58:32] [INFO] trainAcc:[0.24470659407138537, 0.2177858439201452, 0.28614640048396855, 0.36146400483968544]
[2023-04-01 23:58:34] [INFO] testAcc:[0.2445054945054945, 0.21703296703296704, 0.2664835164835165, 0.3516483516483517]
[2023-04-01 23:58:34] [INFO] epoch: 05 / 100
[2023-04-01 23:58:42] [INFO] batch:10/26 lossAver:1.578289
[2023-04-01 23:58:49] [INFO] batch:20/26 lossAver:1.536590
[2023-04-01 23:58:54] [INFO] lossList:[2.2271159245417667, 1.7736504949056184, 1.6304255082057073, 1.6056093711119432, 1.5101411205071669]
[2023-04-01 23:59:12] [INFO] trainAcc:[0.24470659407138537, 0.2177858439201452, 0.28614640048396855, 0.36146400483968544, 0.3720508166969147]
[2023-04-01 23:59:14] [INFO] testAcc:[0.2445054945054945, 0.21703296703296704, 0.2664835164835165, 0.3516483516483517, 0.36538461538461536]
[2023-04-01 23:59:14] [INFO] epoch: 06 / 100
[2023-04-01 23:59:21] [INFO] batch:10/26 lossAver:1.338967
[2023-04-01 23:59:29] [INFO] batch:20/26 lossAver:1.286446
[2023-04-01 23:59:34] [INFO] lossList:[2.2271159245417667, 1.7736504949056184, 1.6304255082057073, 1.6056093711119432, 1.5101411205071669, 1.2656194338431725]
[2023-04-01 23:59:52] [INFO] trainAcc:[0.24470659407138537, 0.2177858439201452, 0.28614640048396855, 0.36146400483968544, 0.3720508166969147, 0.49122807017543857]
[2023-04-01 23:59:54] [INFO] testAcc:[0.2445054945054945, 0.21703296703296704, 0.2664835164835165, 0.3516483516483517, 0.36538461538461536, 0.47527472527472525]
[2023-04-01 23:59:54] [INFO] epoch: 07 / 100
[2023-04-02 00:00:02] [INFO] batch:10/26 lossAver:1.187624
[2023-04-02 00:00:10] [INFO] batch:20/26 lossAver:1.178283
[2023-04-02 00:00:14] [INFO] lossList:[2.2271159245417667, 1.7736504949056184, 1.6304255082057073, 1.6056093711119432, 1.5101411205071669, 1.2656194338431725, 1.162820421732389]
[2023-04-02 00:00:32] [INFO] trainAcc:[0.24470659407138537, 0.2177858439201452, 0.28614640048396855, 0.36146400483968544, 0.3720508166969147, 0.49122807017543857, 0.5601935874168179]
[2023-04-02 00:00:34] [INFO] testAcc:[0.2445054945054945, 0.21703296703296704, 0.2664835164835165, 0.3516483516483517, 0.36538461538461536, 0.47527472527472525, 0.5576923076923077]
[2023-04-02 00:00:34] [INFO] epoch: 08 / 100
[2023-04-02 00:00:41] [INFO] batch:10/26 lossAver:1.088075
[2023-04-02 00:00:49] [INFO] batch:20/26 lossAver:1.082752
[2023-04-02 00:00:53] [INFO] lossList:[2.2271159245417667, 1.7736504949056184, 1.6304255082057073, 1.6056093711119432, 1.5101411205071669, 1.2656194338431725, 1.162820421732389, 1.0779517590999603]
[2023-04-02 00:01:10] [INFO] trainAcc:[0.24470659407138537, 0.2177858439201452, 0.28614640048396855, 0.36146400483968544, 0.3720508166969147, 0.49122807017543857, 0.5601935874168179, 0.5529340592861464]
[2023-04-02 00:01:12] [INFO] testAcc:[0.2445054945054945, 0.21703296703296704, 0.2664835164835165, 0.3516483516483517, 0.36538461538461536, 0.47527472527472525, 0.5576923076923077, 0.5247252747252747]
[2023-04-02 00:01:12] [INFO] epoch: 09 / 100
[2023-04-02 00:01:19] [INFO] batch:10/26 lossAver:1.067450
[2023-04-02 00:01:27] [INFO] batch:20/26 lossAver:1.017886
[2023-04-02 00:01:31] [INFO] lossList:[2.2271159245417667, 1.7736504949056184, 1.6304255082057073, 1.6056093711119432, 1.5101411205071669, 1.2656194338431725, 1.162820421732389, 1.0779517590999603, 1.0363440032188709]
[2023-04-02 00:01:48] [INFO] trainAcc:[0.24470659407138537, 0.2177858439201452, 0.28614640048396855, 0.36146400483968544, 0.3720508166969147, 0.49122807017543857, 0.5601935874168179, 0.5529340592861464, 0.5983061101028433]
[2023-04-02 00:01:50] [INFO] testAcc:[0.2445054945054945, 0.21703296703296704, 0.2664835164835165, 0.3516483516483517, 0.36538461538461536, 0.47527472527472525, 0.5576923076923077, 0.5247252747252747, 0.5686813186813187]
[2023-04-02 00:01:50] [INFO] epoch: 10 / 100
[2023-04-02 00:01:58] [INFO] batch:10/26 lossAver:0.988220
[2023-04-02 00:02:06] [INFO] batch:20/26 lossAver:0.989294
[2023-04-02 00:02:10] [INFO] lossList:[2.2271159245417667, 1.7736504949056184, 1.6304255082057073, 1.6056093711119432, 1.5101411205071669, 1.2656194338431725, 1.162820421732389, 1.0779517590999603, 1.0363440032188709, 0.9692229605638064]
[2023-04-02 00:02:28] [INFO] trainAcc:[0.24470659407138537, 0.2177858439201452, 0.28614640048396855, 0.36146400483968544, 0.3720508166969147, 0.49122807017543857, 0.5601935874168179, 0.5529340592861464, 0.5983061101028433, 0.6158499697519662]
[2023-04-02 00:02:30] [INFO] testAcc:[0.2445054945054945, 0.21703296703296704, 0.2664835164835165, 0.3516483516483517, 0.36538461538461536, 0.47527472527472525, 0.5576923076923077, 0.5247252747252747, 0.5686813186813187, 0.6071428571428571]
[2023-04-02 00:02:30] [INFO] epoch: 11 / 100
[2023-04-02 00:02:38] [INFO] batch:10/26 lossAver:0.906634
[2023-04-02 00:02:45] [INFO] batch:20/26 lossAver:0.950731
[2023-04-02 00:02:49] [INFO] lossList:[2.2271159245417667, 1.7736504949056184, 1.6304255082057073, 1.6056093711119432, 1.5101411205071669, 1.2656194338431725, 1.162820421732389, 1.0779517590999603, 1.0363440032188709, 0.9692229605638064, 0.9487560368501223]
[2023-04-02 00:03:06] [INFO] trainAcc:[0.24470659407138537, 0.2177858439201452, 0.28614640048396855, 0.36146400483968544, 0.3720508166969147, 0.49122807017543857, 0.5601935874168179, 0.5529340592861464, 0.5983061101028433, 0.6158499697519662, 0.6143375680580763]
[2023-04-02 00:03:07] [INFO] testAcc:[0.2445054945054945, 0.21703296703296704, 0.2664835164835165, 0.3516483516483517, 0.36538461538461536, 0.47527472527472525, 0.5576923076923077, 0.5247252747252747, 0.5686813186813187, 0.6071428571428571, 0.5961538461538461]
[2023-04-02 00:03:07] [INFO] epoch: 12 / 100
[2023-04-02 00:03:15] [INFO] batch:10/26 lossAver:0.952570
[2023-04-02 00:03:22] [INFO] batch:20/26 lossAver:0.922059
[2023-04-02 00:03:26] [INFO] lossList:[2.2271159245417667, 1.7736504949056184, 1.6304255082057073, 1.6056093711119432, 1.5101411205071669, 1.2656194338431725, 1.162820421732389, 1.0779517590999603, 1.0363440032188709, 0.9692229605638064, 0.9487560368501223, 0.9064699548941392]
[2023-04-02 00:03:43] [INFO] trainAcc:[0.24470659407138537, 0.2177858439201452, 0.28614640048396855, 0.36146400483968544, 0.3720508166969147, 0.49122807017543857, 0.5601935874168179, 0.5529340592861464, 0.5983061101028433, 0.6158499697519662, 0.6143375680580763, 0.6833030852994555]
[2023-04-02 00:03:45] [INFO] testAcc:[0.2445054945054945, 0.21703296703296704, 0.2664835164835165, 0.3516483516483517, 0.36538461538461536, 0.47527472527472525, 0.5576923076923077, 0.5247252747252747, 0.5686813186813187, 0.6071428571428571, 0.5961538461538461, 0.6840659340659341]
[2023-04-02 00:03:45] [INFO] epoch: 13 / 100
[2023-04-02 00:03:53] [INFO] batch:10/26 lossAver:0.860604
[2023-04-02 00:04:00] [INFO] batch:20/26 lossAver:0.863711
[2023-04-02 00:04:05] [INFO] lossList:[2.2271159245417667, 1.7736504949056184, 1.6304255082057073, 1.6056093711119432, 1.5101411205071669, 1.2656194338431725, 1.162820421732389, 1.0779517590999603, 1.0363440032188709, 0.9692229605638064, 0.9487560368501223, 0.9064699548941392, 0.8691024849048028]
[2023-04-02 00:04:22] [INFO] trainAcc:[0.24470659407138537, 0.2177858439201452, 0.28614640048396855, 0.36146400483968544, 0.3720508166969147, 0.49122807017543857, 0.5601935874168179, 0.5529340592861464, 0.5983061101028433, 0.6158499697519662, 0.6143375680580763, 0.6833030852994555, 0.6678765880217786]
[2023-04-02 00:04:24] [INFO] testAcc:[0.2445054945054945, 0.21703296703296704, 0.2664835164835165, 0.3516483516483517, 0.36538461538461536, 0.47527472527472525, 0.5576923076923077, 0.5247252747252747, 0.5686813186813187, 0.6071428571428571, 0.5961538461538461, 0.6840659340659341, 0.6401098901098901]
[2023-04-02 00:04:24] [INFO] epoch: 14 / 100
[2023-04-02 00:04:31] [INFO] batch:10/26 lossAver:0.877005
[2023-04-02 00:04:39] [INFO] batch:20/26 lossAver:0.874080
[2023-04-02 00:04:43] [INFO] lossList:[2.2271159245417667, 1.7736504949056184, 1.6304255082057073, 1.6056093711119432, 1.5101411205071669, 1.2656194338431725, 1.162820421732389, 1.0779517590999603, 1.0363440032188709, 0.9692229605638064, 0.9487560368501223, 0.9064699548941392, 0.8691024849048028, 0.853986416871731]
[2023-04-02 00:05:00] [INFO] trainAcc:[0.24470659407138537, 0.2177858439201452, 0.28614640048396855, 0.36146400483968544, 0.3720508166969147, 0.49122807017543857, 0.5601935874168179, 0.5529340592861464, 0.5983061101028433, 0.6158499697519662, 0.6143375680580763, 0.6833030852994555, 0.6678765880217786, 0.7026618269812462]
[2023-04-02 00:05:02] [INFO] testAcc:[0.2445054945054945, 0.21703296703296704, 0.2664835164835165, 0.3516483516483517, 0.36538461538461536, 0.47527472527472525, 0.5576923076923077, 0.5247252747252747, 0.5686813186813187, 0.6071428571428571, 0.5961538461538461, 0.6840659340659341, 0.6401098901098901, 0.7032967032967034]
[2023-04-02 00:05:02] [INFO] epoch: 15 / 100
[2023-04-02 00:05:09] [INFO] batch:10/26 lossAver:0.758408
[2023-04-02 00:05:16] [INFO] batch:20/26 lossAver:0.799259
[2023-04-02 00:05:21] [INFO] lossList:[2.2271159245417667, 1.7736504949056184, 1.6304255082057073, 1.6056093711119432, 1.5101411205071669, 1.2656194338431725, 1.162820421732389, 1.0779517590999603, 1.0363440032188709, 0.9692229605638064, 0.9487560368501223, 0.9064699548941392, 0.8691024849048028, 0.853986416871731, 0.7958458960056305]
[2023-04-02 00:05:39] [INFO] trainAcc:[0.24470659407138537, 0.2177858439201452, 0.28614640048396855, 0.36146400483968544, 0.3720508166969147, 0.49122807017543857, 0.5601935874168179, 0.5529340592861464, 0.5983061101028433, 0.6158499697519662, 0.6143375680580763, 0.6833030852994555, 0.6678765880217786, 0.7026618269812462, 0.7262552934059286]
[2023-04-02 00:05:41] [INFO] testAcc:[0.2445054945054945, 0.21703296703296704, 0.2664835164835165, 0.3516483516483517, 0.36538461538461536, 0.47527472527472525, 0.5576923076923077, 0.5247252747252747, 0.5686813186813187, 0.6071428571428571, 0.5961538461538461, 0.6840659340659341, 0.6401098901098901, 0.7032967032967034, 0.6895604395604396]
[2023-04-02 00:05:41] [INFO] epoch: 16 / 100
[2023-04-02 00:05:49] [INFO] batch:10/26 lossAver:0.770649
[2023-04-02 00:05:56] [INFO] batch:20/26 lossAver:0.772558
[2023-04-02 00:06:01] [INFO] lossList:[2.2271159245417667, 1.7736504949056184, 1.6304255082057073, 1.6056093711119432, 1.5101411205071669, 1.2656194338431725, 1.162820421732389, 1.0779517590999603, 1.0363440032188709, 0.9692229605638064, 0.9487560368501223, 0.9064699548941392, 0.8691024849048028, 0.853986416871731, 0.7958458960056305, 0.7759259297297552]
[2023-04-02 00:06:17] [INFO] trainAcc:[0.24470659407138537, 0.2177858439201452, 0.28614640048396855, 0.36146400483968544, 0.3720508166969147, 0.49122807017543857, 0.5601935874168179, 0.5529340592861464, 0.5983061101028433, 0.6158499697519662, 0.6143375680580763, 0.6833030852994555, 0.6678765880217786, 0.7026618269812462, 0.7262552934059286, 0.7392619479733817]
[2023-04-02 00:06:19] [INFO] testAcc:[0.2445054945054945, 0.21703296703296704, 0.2664835164835165, 0.3516483516483517, 0.36538461538461536, 0.47527472527472525, 0.5576923076923077, 0.5247252747252747, 0.5686813186813187, 0.6071428571428571, 0.5961538461538461, 0.6840659340659341, 0.6401098901098901, 0.7032967032967034, 0.6895604395604396, 0.7252747252747253]
[2023-04-02 00:06:19] [INFO] epoch: 17 / 100
[2023-04-02 00:06:26] [INFO] batch:10/26 lossAver:0.748270
[2023-04-02 00:06:34] [INFO] batch:20/26 lossAver:0.737636
[2023-04-02 00:06:38] [INFO] lossList:[2.2271159245417667, 1.7736504949056184, 1.6304255082057073, 1.6056093711119432, 1.5101411205071669, 1.2656194338431725, 1.162820421732389, 1.0779517590999603, 1.0363440032188709, 0.9692229605638064, 0.9487560368501223, 0.9064699548941392, 0.8691024849048028, 0.853986416871731, 0.7958458960056305, 0.7759259297297552, 0.7245785800310282]
[2023-04-02 00:06:55] [INFO] trainAcc:[0.24470659407138537, 0.2177858439201452, 0.28614640048396855, 0.36146400483968544, 0.3720508166969147, 0.49122807017543857, 0.5601935874168179, 0.5529340592861464, 0.5983061101028433, 0.6158499697519662, 0.6143375680580763, 0.6833030852994555, 0.6678765880217786, 0.7026618269812462, 0.7262552934059286, 0.7392619479733817, 0.7610405323653963]
[2023-04-02 00:06:57] [INFO] testAcc:[0.2445054945054945, 0.21703296703296704, 0.2664835164835165, 0.3516483516483517, 0.36538461538461536, 0.47527472527472525, 0.5576923076923077, 0.5247252747252747, 0.5686813186813187, 0.6071428571428571, 0.5961538461538461, 0.6840659340659341, 0.6401098901098901, 0.7032967032967034, 0.6895604395604396, 0.7252747252747253, 0.7307692307692307]
[2023-04-02 00:06:57] [INFO] epoch: 18 / 100
[2023-04-02 00:07:05] [INFO] batch:10/26 lossAver:0.674291
[2023-04-02 00:07:12] [INFO] batch:20/26 lossAver:0.711740
[2023-04-02 00:07:16] [INFO] lossList:[2.2271159245417667, 1.7736504949056184, 1.6304255082057073, 1.6056093711119432, 1.5101411205071669, 1.2656194338431725, 1.162820421732389, 1.0779517590999603, 1.0363440032188709, 0.9692229605638064, 0.9487560368501223, 0.9064699548941392, 0.8691024849048028, 0.853986416871731, 0.7958458960056305, 0.7759259297297552, 0.7245785800310282, 0.7016963580479989]
[2023-04-02 00:07:33] [INFO] trainAcc:[0.24470659407138537, 0.2177858439201452, 0.28614640048396855, 0.36146400483968544, 0.3720508166969147, 0.49122807017543857, 0.5601935874168179, 0.5529340592861464, 0.5983061101028433, 0.6158499697519662, 0.6143375680580763, 0.6833030852994555, 0.6678765880217786, 0.7026618269812462, 0.7262552934059286, 0.7392619479733817, 0.7610405323653963, 0.764670296430732]
[2023-04-02 00:07:35] [INFO] testAcc:[0.2445054945054945, 0.21703296703296704, 0.2664835164835165, 0.3516483516483517, 0.36538461538461536, 0.47527472527472525, 0.5576923076923077, 0.5247252747252747, 0.5686813186813187, 0.6071428571428571, 0.5961538461538461, 0.6840659340659341, 0.6401098901098901, 0.7032967032967034, 0.6895604395604396, 0.7252747252747253, 0.7307692307692307, 0.7417582417582418]
[2023-04-02 00:07:35] [INFO] epoch: 19 / 100
[2023-04-02 00:07:43] [INFO] batch:10/26 lossAver:0.726836
[2023-04-02 00:07:50] [INFO] batch:20/26 lossAver:0.690511
[2023-04-02 00:07:54] [INFO] lossList:[2.2271159245417667, 1.7736504949056184, 1.6304255082057073, 1.6056093711119432, 1.5101411205071669, 1.2656194338431725, 1.162820421732389, 1.0779517590999603, 1.0363440032188709, 0.9692229605638064, 0.9487560368501223, 0.9064699548941392, 0.8691024849048028, 0.853986416871731, 0.7958458960056305, 0.7759259297297552, 0.7245785800310282, 0.7016963580479989, 0.67186371752849]
[2023-04-02 00:08:11] [INFO] trainAcc:[0.24470659407138537, 0.2177858439201452, 0.28614640048396855, 0.36146400483968544, 0.3720508166969147, 0.49122807017543857, 0.5601935874168179, 0.5529340592861464, 0.5983061101028433, 0.6158499697519662, 0.6143375680580763, 0.6833030852994555, 0.6678765880217786, 0.7026618269812462, 0.7262552934059286, 0.7392619479733817, 0.7610405323653963, 0.764670296430732, 0.7447065940713854]
[2023-04-02 00:08:13] [INFO] testAcc:[0.2445054945054945, 0.21703296703296704, 0.2664835164835165, 0.3516483516483517, 0.36538461538461536, 0.47527472527472525, 0.5576923076923077, 0.5247252747252747, 0.5686813186813187, 0.6071428571428571, 0.5961538461538461, 0.6840659340659341, 0.6401098901098901, 0.7032967032967034, 0.6895604395604396, 0.7252747252747253, 0.7307692307692307, 0.7417582417582418, 0.7252747252747253]
[2023-04-02 00:08:13] [INFO] epoch: 20 / 100
[2023-04-02 00:08:21] [INFO] batch:10/26 lossAver:0.660972
[2023-04-02 00:08:28] [INFO] batch:20/26 lossAver:0.669963
[2023-04-02 00:08:32] [INFO] lossList:[2.2271159245417667, 1.7736504949056184, 1.6304255082057073, 1.6056093711119432, 1.5101411205071669, 1.2656194338431725, 1.162820421732389, 1.0779517590999603, 1.0363440032188709, 0.9692229605638064, 0.9487560368501223, 0.9064699548941392, 0.8691024849048028, 0.853986416871731, 0.7958458960056305, 0.7759259297297552, 0.7245785800310282, 0.7016963580479989, 0.67186371752849, 0.6761482976950132]
[2023-04-02 00:08:49] [INFO] trainAcc:[0.24470659407138537, 0.2177858439201452, 0.28614640048396855, 0.36146400483968544, 0.3720508166969147, 0.49122807017543857, 0.5601935874168179, 0.5529340592861464, 0.5983061101028433, 0.6158499697519662, 0.6143375680580763, 0.6833030852994555, 0.6678765880217786, 0.7026618269812462, 0.7262552934059286, 0.7392619479733817, 0.7610405323653963, 0.764670296430732, 0.7447065940713854, 0.7555958862673926]
[2023-04-02 00:08:51] [INFO] testAcc:[0.2445054945054945, 0.21703296703296704, 0.2664835164835165, 0.3516483516483517, 0.36538461538461536, 0.47527472527472525, 0.5576923076923077, 0.5247252747252747, 0.5686813186813187, 0.6071428571428571, 0.5961538461538461, 0.6840659340659341, 0.6401098901098901, 0.7032967032967034, 0.6895604395604396, 0.7252747252747253, 0.7307692307692307, 0.7417582417582418, 0.7252747252747253, 0.7197802197802198]
[2023-04-02 00:08:51] [INFO] epoch: 21 / 100
[2023-04-02 00:08:58] [INFO] batch:10/26 lossAver:0.571172
[2023-04-02 00:09:06] [INFO] batch:20/26 lossAver:0.571678
[2023-04-02 00:09:10] [INFO] lossList:[2.2271159245417667, 1.7736504949056184, 1.6304255082057073, 1.6056093711119432, 1.5101411205071669, 1.2656194338431725, 1.162820421732389, 1.0779517590999603, 1.0363440032188709, 0.9692229605638064, 0.9487560368501223, 0.9064699548941392, 0.8691024849048028, 0.853986416871731, 0.7958458960056305, 0.7759259297297552, 0.7245785800310282, 0.7016963580479989, 0.67186371752849, 0.6761482976950132, 0.576580327290755]
[2023-04-02 00:09:28] [INFO] trainAcc:[0.24470659407138537, 0.2177858439201452, 0.28614640048396855, 0.36146400483968544, 0.3720508166969147, 0.49122807017543857, 0.5601935874168179, 0.5529340592861464, 0.5983061101028433, 0.6158499697519662, 0.6143375680580763, 0.6833030852994555, 0.6678765880217786, 0.7026618269812462, 0.7262552934059286, 0.7392619479733817, 0.7610405323653963, 0.764670296430732, 0.7447065940713854, 0.7555958862673926, 0.8024803387779794]
[2023-04-02 00:09:30] [INFO] testAcc:[0.2445054945054945, 0.21703296703296704, 0.2664835164835165, 0.3516483516483517, 0.36538461538461536, 0.47527472527472525, 0.5576923076923077, 0.5247252747252747, 0.5686813186813187, 0.6071428571428571, 0.5961538461538461, 0.6840659340659341, 0.6401098901098901, 0.7032967032967034, 0.6895604395604396, 0.7252747252747253, 0.7307692307692307, 0.7417582417582418, 0.7252747252747253, 0.7197802197802198, 0.7445054945054945]
[2023-04-02 00:09:30] [INFO] epoch: 22 / 100
[2023-04-02 00:09:37] [INFO] batch:10/26 lossAver:0.544863
[2023-04-02 00:09:45] [INFO] batch:20/26 lossAver:0.531435
[2023-04-02 00:09:49] [INFO] lossList:[2.2271159245417667, 1.7736504949056184, 1.6304255082057073, 1.6056093711119432, 1.5101411205071669, 1.2656194338431725, 1.162820421732389, 1.0779517590999603, 1.0363440032188709, 0.9692229605638064, 0.9487560368501223, 0.9064699548941392, 0.8691024849048028, 0.853986416871731, 0.7958458960056305, 0.7759259297297552, 0.7245785800310282, 0.7016963580479989, 0.67186371752849, 0.6761482976950132, 0.576580327290755, 0.5393590984436182]
[2023-04-02 00:10:06] [INFO] trainAcc:[0.24470659407138537, 0.2177858439201452, 0.28614640048396855, 0.36146400483968544, 0.3720508166969147, 0.49122807017543857, 0.5601935874168179, 0.5529340592861464, 0.5983061101028433, 0.6158499697519662, 0.6143375680580763, 0.6833030852994555, 0.6678765880217786, 0.7026618269812462, 0.7262552934059286, 0.7392619479733817, 0.7610405323653963, 0.764670296430732, 0.7447065940713854, 0.7555958862673926, 0.8024803387779794, 0.8145795523290986]
[2023-04-02 00:10:08] [INFO] testAcc:[0.2445054945054945, 0.21703296703296704, 0.2664835164835165, 0.3516483516483517, 0.36538461538461536, 0.47527472527472525, 0.5576923076923077, 0.5247252747252747, 0.5686813186813187, 0.6071428571428571, 0.5961538461538461, 0.6840659340659341, 0.6401098901098901, 0.7032967032967034, 0.6895604395604396, 0.7252747252747253, 0.7307692307692307, 0.7417582417582418, 0.7252747252747253, 0.7197802197802198, 0.7445054945054945, 0.7527472527472527]
[2023-04-02 00:10:08] [INFO] epoch: 23 / 100
[2023-04-02 00:10:16] [INFO] batch:10/26 lossAver:0.517721
[2023-04-02 00:10:23] [INFO] batch:20/26 lossAver:0.517148
[2023-04-02 00:10:28] [INFO] lossList:[2.2271159245417667, 1.7736504949056184, 1.6304255082057073, 1.6056093711119432, 1.5101411205071669, 1.2656194338431725, 1.162820421732389, 1.0779517590999603, 1.0363440032188709, 0.9692229605638064, 0.9487560368501223, 0.9064699548941392, 0.8691024849048028, 0.853986416871731, 0.7958458960056305, 0.7759259297297552, 0.7245785800310282, 0.7016963580479989, 0.67186371752849, 0.6761482976950132, 0.576580327290755, 0.5393590984436182, 0.5152400078681799]
[2023-04-02 00:10:44] [INFO] trainAcc:[0.24470659407138537, 0.2177858439201452, 0.28614640048396855, 0.36146400483968544, 0.3720508166969147, 0.49122807017543857, 0.5601935874168179, 0.5529340592861464, 0.5983061101028433, 0.6158499697519662, 0.6143375680580763, 0.6833030852994555, 0.6678765880217786, 0.7026618269812462, 0.7262552934059286, 0.7392619479733817, 0.7610405323653963, 0.764670296430732, 0.7447065940713854, 0.7555958862673926, 0.8024803387779794, 0.8145795523290986, 0.8194192377495463]
[2023-04-02 00:10:46] [INFO] testAcc:[0.2445054945054945, 0.21703296703296704, 0.2664835164835165, 0.3516483516483517, 0.36538461538461536, 0.47527472527472525, 0.5576923076923077, 0.5247252747252747, 0.5686813186813187, 0.6071428571428571, 0.5961538461538461, 0.6840659340659341, 0.6401098901098901, 0.7032967032967034, 0.6895604395604396, 0.7252747252747253, 0.7307692307692307, 0.7417582417582418, 0.7252747252747253, 0.7197802197802198, 0.7445054945054945, 0.7527472527472527, 0.760989010989011]
[2023-04-02 00:10:46] [INFO] epoch: 24 / 100
[2023-04-02 00:10:53] [INFO] batch:10/26 lossAver:0.527033
[2023-04-02 00:11:01] [INFO] batch:20/26 lossAver:0.519863
[2023-04-02 00:11:06] [INFO] lossList:[2.2271159245417667, 1.7736504949056184, 1.6304255082057073, 1.6056093711119432, 1.5101411205071669, 1.2656194338431725, 1.162820421732389, 1.0779517590999603, 1.0363440032188709, 0.9692229605638064, 0.9487560368501223, 0.9064699548941392, 0.8691024849048028, 0.853986416871731, 0.7958458960056305, 0.7759259297297552, 0.7245785800310282, 0.7016963580479989, 0.67186371752849, 0.6761482976950132, 0.576580327290755, 0.5393590984436182, 0.5152400078681799, 0.5113007586735946]
[2023-04-02 00:11:23] [INFO] trainAcc:[0.24470659407138537, 0.2177858439201452, 0.28614640048396855, 0.36146400483968544, 0.3720508166969147, 0.49122807017543857, 0.5601935874168179, 0.5529340592861464, 0.5983061101028433, 0.6158499697519662, 0.6143375680580763, 0.6833030852994555, 0.6678765880217786, 0.7026618269812462, 0.7262552934059286, 0.7392619479733817, 0.7610405323653963, 0.764670296430732, 0.7447065940713854, 0.7555958862673926, 0.8024803387779794, 0.8145795523290986, 0.8194192377495463, 0.8236539624924379]
[2023-04-02 00:11:25] [INFO] testAcc:[0.2445054945054945, 0.21703296703296704, 0.2664835164835165, 0.3516483516483517, 0.36538461538461536, 0.47527472527472525, 0.5576923076923077, 0.5247252747252747, 0.5686813186813187, 0.6071428571428571, 0.5961538461538461, 0.6840659340659341, 0.6401098901098901, 0.7032967032967034, 0.6895604395604396, 0.7252747252747253, 0.7307692307692307, 0.7417582417582418, 0.7252747252747253, 0.7197802197802198, 0.7445054945054945, 0.7527472527472527, 0.760989010989011, 0.7582417582417582]
[2023-04-02 00:11:25] [INFO] epoch: 25 / 100
[2023-04-02 00:11:32] [INFO] batch:10/26 lossAver:0.485571
[2023-04-02 00:11:40] [INFO] batch:20/26 lossAver:0.484645
[2023-04-02 00:11:44] [INFO] lossList:[2.2271159245417667, 1.7736504949056184, 1.6304255082057073, 1.6056093711119432, 1.5101411205071669, 1.2656194338431725, 1.162820421732389, 1.0779517590999603, 1.0363440032188709, 0.9692229605638064, 0.9487560368501223, 0.9064699548941392, 0.8691024849048028, 0.853986416871731, 0.7958458960056305, 0.7759259297297552, 0.7245785800310282, 0.7016963580479989, 0.67186371752849, 0.6761482976950132, 0.576580327290755, 0.5393590984436182, 0.5152400078681799, 0.5113007586735946, 0.4935238143572441]
[2023-04-02 00:12:01] [INFO] trainAcc:[0.24470659407138537, 0.2177858439201452, 0.28614640048396855, 0.36146400483968544, 0.3720508166969147, 0.49122807017543857, 0.5601935874168179, 0.5529340592861464, 0.5983061101028433, 0.6158499697519662, 0.6143375680580763, 0.6833030852994555, 0.6678765880217786, 0.7026618269812462, 0.7262552934059286, 0.7392619479733817, 0.7610405323653963, 0.764670296430732, 0.7447065940713854, 0.7555958862673926, 0.8024803387779794, 0.8145795523290986, 0.8194192377495463, 0.8236539624924379, 0.8263762855414398]
[2023-04-02 00:12:03] [INFO] testAcc:[0.2445054945054945, 0.21703296703296704, 0.2664835164835165, 0.3516483516483517, 0.36538461538461536, 0.47527472527472525, 0.5576923076923077, 0.5247252747252747, 0.5686813186813187, 0.6071428571428571, 0.5961538461538461, 0.6840659340659341, 0.6401098901098901, 0.7032967032967034, 0.6895604395604396, 0.7252747252747253, 0.7307692307692307, 0.7417582417582418, 0.7252747252747253, 0.7197802197802198, 0.7445054945054945, 0.7527472527472527, 0.760989010989011, 0.7582417582417582, 0.75]
[2023-04-02 00:12:03] [INFO] epoch: 26 / 100
[2023-04-02 00:12:11] [INFO] batch:10/26 lossAver:0.480184
[2023-04-02 00:12:19] [INFO] batch:20/26 lossAver:0.469121
[2023-04-02 00:12:23] [INFO] lossList:[2.2271159245417667, 1.7736504949056184, 1.6304255082057073, 1.6056093711119432, 1.5101411205071669, 1.2656194338431725, 1.162820421732389, 1.0779517590999603, 1.0363440032188709, 0.9692229605638064, 0.9487560368501223, 0.9064699548941392, 0.8691024849048028, 0.853986416871731, 0.7958458960056305, 0.7759259297297552, 0.7245785800310282, 0.7016963580479989, 0.67186371752849, 0.6761482976950132, 0.576580327290755, 0.5393590984436182, 0.5152400078681799, 0.5113007586735946, 0.4935238143572441, 0.47560112980695873]
[2023-04-02 00:12:41] [INFO] trainAcc:[0.24470659407138537, 0.2177858439201452, 0.28614640048396855, 0.36146400483968544, 0.3720508166969147, 0.49122807017543857, 0.5601935874168179, 0.5529340592861464, 0.5983061101028433, 0.6158499697519662, 0.6143375680580763, 0.6833030852994555, 0.6678765880217786, 0.7026618269812462, 0.7262552934059286, 0.7392619479733817, 0.7610405323653963, 0.764670296430732, 0.7447065940713854, 0.7555958862673926, 0.8024803387779794, 0.8145795523290986, 0.8194192377495463, 0.8236539624924379, 0.8263762855414398, 0.8324258923169994]
[2023-04-02 00:12:42] [INFO] testAcc:[0.2445054945054945, 0.21703296703296704, 0.2664835164835165, 0.3516483516483517, 0.36538461538461536, 0.47527472527472525, 0.5576923076923077, 0.5247252747252747, 0.5686813186813187, 0.6071428571428571, 0.5961538461538461, 0.6840659340659341, 0.6401098901098901, 0.7032967032967034, 0.6895604395604396, 0.7252747252747253, 0.7307692307692307, 0.7417582417582418, 0.7252747252747253, 0.7197802197802198, 0.7445054945054945, 0.7527472527472527, 0.760989010989011, 0.7582417582417582, 0.75, 0.7582417582417582]
[2023-04-02 00:12:42] [INFO] epoch: 27 / 100
[2023-04-02 00:12:51] [INFO] batch:10/26 lossAver:0.498887
[2023-04-02 00:12:58] [INFO] batch:20/26 lossAver:0.482757
[2023-04-02 00:13:03] [INFO] lossList:[2.2271159245417667, 1.7736504949056184, 1.6304255082057073, 1.6056093711119432, 1.5101411205071669, 1.2656194338431725, 1.162820421732389, 1.0779517590999603, 1.0363440032188709, 0.9692229605638064, 0.9487560368501223, 0.9064699548941392, 0.8691024849048028, 0.853986416871731, 0.7958458960056305, 0.7759259297297552, 0.7245785800310282, 0.7016963580479989, 0.67186371752849, 0.6761482976950132, 0.576580327290755, 0.5393590984436182, 0.5152400078681799, 0.5113007586735946, 0.4935238143572441, 0.47560112980695873, 0.4755324171139644]
[2023-04-02 00:13:20] [INFO] trainAcc:[0.24470659407138537, 0.2177858439201452, 0.28614640048396855, 0.36146400483968544, 0.3720508166969147, 0.49122807017543857, 0.5601935874168179, 0.5529340592861464, 0.5983061101028433, 0.6158499697519662, 0.6143375680580763, 0.6833030852994555, 0.6678765880217786, 0.7026618269812462, 0.7262552934059286, 0.7392619479733817, 0.7610405323653963, 0.764670296430732, 0.7447065940713854, 0.7555958862673926, 0.8024803387779794, 0.8145795523290986, 0.8194192377495463, 0.8236539624924379, 0.8263762855414398, 0.8324258923169994, 0.8290986085904416]
[2023-04-02 00:13:22] [INFO] testAcc:[0.2445054945054945, 0.21703296703296704, 0.2664835164835165, 0.3516483516483517, 0.36538461538461536, 0.47527472527472525, 0.5576923076923077, 0.5247252747252747, 0.5686813186813187, 0.6071428571428571, 0.5961538461538461, 0.6840659340659341, 0.6401098901098901, 0.7032967032967034, 0.6895604395604396, 0.7252747252747253, 0.7307692307692307, 0.7417582417582418, 0.7252747252747253, 0.7197802197802198, 0.7445054945054945, 0.7527472527472527, 0.760989010989011, 0.7582417582417582, 0.75, 0.7582417582417582, 0.7692307692307693]
[2023-04-02 00:13:22] [INFO] epoch: 28 / 100
[2023-04-02 00:13:32] [INFO] batch:10/26 lossAver:0.473367
[2023-04-02 00:13:39] [INFO] batch:20/26 lossAver:0.471108
[2023-04-02 00:13:43] [INFO] lossList:[2.2271159245417667, 1.7736504949056184, 1.6304255082057073, 1.6056093711119432, 1.5101411205071669, 1.2656194338431725, 1.162820421732389, 1.0779517590999603, 1.0363440032188709, 0.9692229605638064, 0.9487560368501223, 0.9064699548941392, 0.8691024849048028, 0.853986416871731, 0.7958458960056305, 0.7759259297297552, 0.7245785800310282, 0.7016963580479989, 0.67186371752849, 0.6761482976950132, 0.576580327290755, 0.5393590984436182, 0.5152400078681799, 0.5113007586735946, 0.4935238143572441, 0.47560112980695873, 0.4755324171139644, 0.47579071154961217]
[2023-04-02 00:14:00] [INFO] trainAcc:[0.24470659407138537, 0.2177858439201452, 0.28614640048396855, 0.36146400483968544, 0.3720508166969147, 0.49122807017543857, 0.5601935874168179, 0.5529340592861464, 0.5983061101028433, 0.6158499697519662, 0.6143375680580763, 0.6833030852994555, 0.6678765880217786, 0.7026618269812462, 0.7262552934059286, 0.7392619479733817, 0.7610405323653963, 0.764670296430732, 0.7447065940713854, 0.7555958862673926, 0.8024803387779794, 0.8145795523290986, 0.8194192377495463, 0.8236539624924379, 0.8263762855414398, 0.8324258923169994, 0.8290986085904416, 0.8284936479128857]
[2023-04-02 00:14:02] [INFO] testAcc:[0.2445054945054945, 0.21703296703296704, 0.2664835164835165, 0.3516483516483517, 0.36538461538461536, 0.47527472527472525, 0.5576923076923077, 0.5247252747252747, 0.5686813186813187, 0.6071428571428571, 0.5961538461538461, 0.6840659340659341, 0.6401098901098901, 0.7032967032967034, 0.6895604395604396, 0.7252747252747253, 0.7307692307692307, 0.7417582417582418, 0.7252747252747253, 0.7197802197802198, 0.7445054945054945, 0.7527472527472527, 0.760989010989011, 0.7582417582417582, 0.75, 0.7582417582417582, 0.7692307692307693, 0.7692307692307693]
[2023-04-02 00:14:02] [INFO] epoch: 29 / 100
[2023-04-02 00:14:09] [INFO] batch:10/26 lossAver:0.477416
[2023-04-02 00:14:16] [INFO] batch:20/26 lossAver:0.468714
[2023-04-02 00:14:21] [INFO] lossList:[2.2271159245417667, 1.7736504949056184, 1.6304255082057073, 1.6056093711119432, 1.5101411205071669, 1.2656194338431725, 1.162820421732389, 1.0779517590999603, 1.0363440032188709, 0.9692229605638064, 0.9487560368501223, 0.9064699548941392, 0.8691024849048028, 0.853986416871731, 0.7958458960056305, 0.7759259297297552, 0.7245785800310282, 0.7016963580479989, 0.67186371752849, 0.6761482976950132, 0.576580327290755, 0.5393590984436182, 0.5152400078681799, 0.5113007586735946, 0.4935238143572441, 0.47560112980695873, 0.4755324171139644, 0.47579071154961217, 0.4726602297562819]
[2023-04-02 00:14:38] [INFO] trainAcc:[0.24470659407138537, 0.2177858439201452, 0.28614640048396855, 0.36146400483968544, 0.3720508166969147, 0.49122807017543857, 0.5601935874168179, 0.5529340592861464, 0.5983061101028433, 0.6158499697519662, 0.6143375680580763, 0.6833030852994555, 0.6678765880217786, 0.7026618269812462, 0.7262552934059286, 0.7392619479733817, 0.7610405323653963, 0.764670296430732, 0.7447065940713854, 0.7555958862673926, 0.8024803387779794, 0.8145795523290986, 0.8194192377495463, 0.8236539624924379, 0.8263762855414398, 0.8324258923169994, 0.8290986085904416, 0.8284936479128857, 0.8309134906231095]
[2023-04-02 00:14:40] [INFO] testAcc:[0.2445054945054945, 0.21703296703296704, 0.2664835164835165, 0.3516483516483517, 0.36538461538461536, 0.47527472527472525, 0.5576923076923077, 0.5247252747252747, 0.5686813186813187, 0.6071428571428571, 0.5961538461538461, 0.6840659340659341, 0.6401098901098901, 0.7032967032967034, 0.6895604395604396, 0.7252747252747253, 0.7307692307692307, 0.7417582417582418, 0.7252747252747253, 0.7197802197802198, 0.7445054945054945, 0.7527472527472527, 0.760989010989011, 0.7582417582417582, 0.75, 0.7582417582417582, 0.7692307692307693, 0.7692307692307693, 0.7747252747252747]
[2023-04-02 00:14:40] [INFO] epoch: 30 / 100
[2023-04-02 00:14:48] [INFO] batch:10/26 lossAver:0.480005
[2023-04-02 00:14:55] [INFO] batch:20/26 lossAver:0.471497
[2023-04-02 00:15:00] [INFO] lossList:[2.2271159245417667, 1.7736504949056184, 1.6304255082057073, 1.6056093711119432, 1.5101411205071669, 1.2656194338431725, 1.162820421732389, 1.0779517590999603, 1.0363440032188709, 0.9692229605638064, 0.9487560368501223, 0.9064699548941392, 0.8691024849048028, 0.853986416871731, 0.7958458960056305, 0.7759259297297552, 0.7245785800310282, 0.7016963580479989, 0.67186371752849, 0.6761482976950132, 0.576580327290755, 0.5393590984436182, 0.5152400078681799, 0.5113007586735946, 0.4935238143572441, 0.47560112980695873, 0.4755324171139644, 0.47579071154961217, 0.4726602297562819, 0.47382046855412996]
[2023-04-02 00:15:18] [INFO] trainAcc:[0.24470659407138537, 0.2177858439201452, 0.28614640048396855, 0.36146400483968544, 0.3720508166969147, 0.49122807017543857, 0.5601935874168179, 0.5529340592861464, 0.5983061101028433, 0.6158499697519662, 0.6143375680580763, 0.6833030852994555, 0.6678765880217786, 0.7026618269812462, 0.7262552934059286, 0.7392619479733817, 0.7610405323653963, 0.764670296430732, 0.7447065940713854, 0.7555958862673926, 0.8024803387779794, 0.8145795523290986, 0.8194192377495463, 0.8236539624924379, 0.8263762855414398, 0.8324258923169994, 0.8290986085904416, 0.8284936479128857, 0.8309134906231095, 0.8315184513006655]
[2023-04-02 00:15:20] [INFO] testAcc:[0.2445054945054945, 0.21703296703296704, 0.2664835164835165, 0.3516483516483517, 0.36538461538461536, 0.47527472527472525, 0.5576923076923077, 0.5247252747252747, 0.5686813186813187, 0.6071428571428571, 0.5961538461538461, 0.6840659340659341, 0.6401098901098901, 0.7032967032967034, 0.6895604395604396, 0.7252747252747253, 0.7307692307692307, 0.7417582417582418, 0.7252747252747253, 0.7197802197802198, 0.7445054945054945, 0.7527472527472527, 0.760989010989011, 0.7582417582417582, 0.75, 0.7582417582417582, 0.7692307692307693, 0.7692307692307693, 0.7747252747252747, 0.7692307692307693]
[2023-04-02 00:15:20] [INFO] epoch: 31 / 100
[2023-04-02 00:15:28] [INFO] batch:10/26 lossAver:0.478032
[2023-04-02 00:15:35] [INFO] batch:20/26 lossAver:0.476214
[2023-04-02 00:15:40] [INFO] lossList:[2.2271159245417667, 1.7736504949056184, 1.6304255082057073, 1.6056093711119432, 1.5101411205071669, 1.2656194338431725, 1.162820421732389, 1.0779517590999603, 1.0363440032188709, 0.9692229605638064, 0.9487560368501223, 0.9064699548941392, 0.8691024849048028, 0.853986416871731, 0.7958458960056305, 0.7759259297297552, 0.7245785800310282, 0.7016963580479989, 0.67186371752849, 0.6761482976950132, 0.576580327290755, 0.5393590984436182, 0.5152400078681799, 0.5113007586735946, 0.4935238143572441, 0.47560112980695873, 0.4755324171139644, 0.47579071154961217, 0.4726602297562819, 0.47382046855412996, 0.47584469272540164]
[2023-04-02 00:15:58] [INFO] trainAcc:[0.24470659407138537, 0.2177858439201452, 0.28614640048396855, 0.36146400483968544, 0.3720508166969147, 0.49122807017543857, 0.5601935874168179, 0.5529340592861464, 0.5983061101028433, 0.6158499697519662, 0.6143375680580763, 0.6833030852994555, 0.6678765880217786, 0.7026618269812462, 0.7262552934059286, 0.7392619479733817, 0.7610405323653963, 0.764670296430732, 0.7447065940713854, 0.7555958862673926, 0.8024803387779794, 0.8145795523290986, 0.8194192377495463, 0.8236539624924379, 0.8263762855414398, 0.8324258923169994, 0.8290986085904416, 0.8284936479128857, 0.8309134906231095, 0.8315184513006655, 0.8315184513006655]
[2023-04-02 00:16:00] [INFO] testAcc:[0.2445054945054945, 0.21703296703296704, 0.2664835164835165, 0.3516483516483517, 0.36538461538461536, 0.47527472527472525, 0.5576923076923077, 0.5247252747252747, 0.5686813186813187, 0.6071428571428571, 0.5961538461538461, 0.6840659340659341, 0.6401098901098901, 0.7032967032967034, 0.6895604395604396, 0.7252747252747253, 0.7307692307692307, 0.7417582417582418, 0.7252747252747253, 0.7197802197802198, 0.7445054945054945, 0.7527472527472527, 0.760989010989011, 0.7582417582417582, 0.75, 0.7582417582417582, 0.7692307692307693, 0.7692307692307693, 0.7747252747252747, 0.7692307692307693, 0.7692307692307693]
[2023-04-02 00:16:00] [INFO] epoch: 32 / 100
[2023-04-02 00:16:08] [INFO] batch:10/26 lossAver:0.453882
[2023-04-02 00:16:15] [INFO] batch:20/26 lossAver:0.465569
[2023-04-02 00:16:20] [INFO] lossList:[2.2271159245417667, 1.7736504949056184, 1.6304255082057073, 1.6056093711119432, 1.5101411205071669, 1.2656194338431725, 1.162820421732389, 1.0779517590999603, 1.0363440032188709, 0.9692229605638064, 0.9487560368501223, 0.9064699548941392, 0.8691024849048028, 0.853986416871731, 0.7958458960056305, 0.7759259297297552, 0.7245785800310282, 0.7016963580479989, 0.67186371752849, 0.6761482976950132, 0.576580327290755, 0.5393590984436182, 0.5152400078681799, 0.5113007586735946, 0.4935238143572441, 0.47560112980695873, 0.4755324171139644, 0.47579071154961217, 0.4726602297562819, 0.47382046855412996, 0.47584469272540164, 0.4714424873773868]
[2023-04-02 00:16:36] [INFO] trainAcc:[0.24470659407138537, 0.2177858439201452, 0.28614640048396855, 0.36146400483968544, 0.3720508166969147, 0.49122807017543857, 0.5601935874168179, 0.5529340592861464, 0.5983061101028433, 0.6158499697519662, 0.6143375680580763, 0.6833030852994555, 0.6678765880217786, 0.7026618269812462, 0.7262552934059286, 0.7392619479733817, 0.7610405323653963, 0.764670296430732, 0.7447065940713854, 0.7555958862673926, 0.8024803387779794, 0.8145795523290986, 0.8194192377495463, 0.8236539624924379, 0.8263762855414398, 0.8324258923169994, 0.8290986085904416, 0.8284936479128857, 0.8309134906231095, 0.8315184513006655, 0.8315184513006655, 0.8303085299455535]
[2023-04-02 00:16:39] [INFO] testAcc:[0.2445054945054945, 0.21703296703296704, 0.2664835164835165, 0.3516483516483517, 0.36538461538461536, 0.47527472527472525, 0.5576923076923077, 0.5247252747252747, 0.5686813186813187, 0.6071428571428571, 0.5961538461538461, 0.6840659340659341, 0.6401098901098901, 0.7032967032967034, 0.6895604395604396, 0.7252747252747253, 0.7307692307692307, 0.7417582417582418, 0.7252747252747253, 0.7197802197802198, 0.7445054945054945, 0.7527472527472527, 0.760989010989011, 0.7582417582417582, 0.75, 0.7582417582417582, 0.7692307692307693, 0.7692307692307693, 0.7747252747252747, 0.7692307692307693, 0.7692307692307693, 0.7692307692307693]
[2023-04-02 00:16:39] [INFO] epoch: 33 / 100
[2023-04-02 00:16:46] [INFO] batch:10/26 lossAver:0.484308
[2023-04-02 00:16:53] [INFO] batch:20/26 lossAver:0.471886
[2023-04-02 00:16:58] [INFO] lossList:[2.2271159245417667, 1.7736504949056184, 1.6304255082057073, 1.6056093711119432, 1.5101411205071669, 1.2656194338431725, 1.162820421732389, 1.0779517590999603, 1.0363440032188709, 0.9692229605638064, 0.9487560368501223, 0.9064699548941392, 0.8691024849048028, 0.853986416871731, 0.7958458960056305, 0.7759259297297552, 0.7245785800310282, 0.7016963580479989, 0.67186371752849, 0.6761482976950132, 0.576580327290755, 0.5393590984436182, 0.5152400078681799, 0.5113007586735946, 0.4935238143572441, 0.47560112980695873, 0.4755324171139644, 0.47579071154961217, 0.4726602297562819, 0.47382046855412996, 0.47584469272540164, 0.4714424873773868, 0.4660703115738355]
[2023-04-02 00:17:13] [INFO] trainAcc:[0.24470659407138537, 0.2177858439201452, 0.28614640048396855, 0.36146400483968544, 0.3720508166969147, 0.49122807017543857, 0.5601935874168179, 0.5529340592861464, 0.5983061101028433, 0.6158499697519662, 0.6143375680580763, 0.6833030852994555, 0.6678765880217786, 0.7026618269812462, 0.7262552934059286, 0.7392619479733817, 0.7610405323653963, 0.764670296430732, 0.7447065940713854, 0.7555958862673926, 0.8024803387779794, 0.8145795523290986, 0.8194192377495463, 0.8236539624924379, 0.8263762855414398, 0.8324258923169994, 0.8290986085904416, 0.8284936479128857, 0.8309134906231095, 0.8315184513006655, 0.8315184513006655, 0.8303085299455535, 0.8303085299455535]
[2023-04-02 00:17:15] [INFO] testAcc:[0.2445054945054945, 0.21703296703296704, 0.2664835164835165, 0.3516483516483517, 0.36538461538461536, 0.47527472527472525, 0.5576923076923077, 0.5247252747252747, 0.5686813186813187, 0.6071428571428571, 0.5961538461538461, 0.6840659340659341, 0.6401098901098901, 0.7032967032967034, 0.6895604395604396, 0.7252747252747253, 0.7307692307692307, 0.7417582417582418, 0.7252747252747253, 0.7197802197802198, 0.7445054945054945, 0.7527472527472527, 0.760989010989011, 0.7582417582417582, 0.75, 0.7582417582417582, 0.7692307692307693, 0.7692307692307693, 0.7747252747252747, 0.7692307692307693, 0.7692307692307693, 0.7692307692307693, 0.7692307692307693]
[2023-04-02 00:17:15] [INFO] epoch: 34 / 100
[2023-04-02 00:17:24] [INFO] batch:10/26 lossAver:0.465118
[2023-04-02 00:17:32] [INFO] batch:20/26 lossAver:0.470240
[2023-04-02 00:17:37] [INFO] lossList:[2.2271159245417667, 1.7736504949056184, 1.6304255082057073, 1.6056093711119432, 1.5101411205071669, 1.2656194338431725, 1.162820421732389, 1.0779517590999603, 1.0363440032188709, 0.9692229605638064, 0.9487560368501223, 0.9064699548941392, 0.8691024849048028, 0.853986416871731, 0.7958458960056305, 0.7759259297297552, 0.7245785800310282, 0.7016963580479989, 0.67186371752849, 0.6761482976950132, 0.576580327290755, 0.5393590984436182, 0.5152400078681799, 0.5113007586735946, 0.4935238143572441, 0.47560112980695873, 0.4755324171139644, 0.47579071154961217, 0.4726602297562819, 0.47382046855412996, 0.47584469272540164, 0.4714424873773868, 0.4660703115738355, 0.4680956476009809]
[2023-04-02 00:17:53] [INFO] trainAcc:[0.24470659407138537, 0.2177858439201452, 0.28614640048396855, 0.36146400483968544, 0.3720508166969147, 0.49122807017543857, 0.5601935874168179, 0.5529340592861464, 0.5983061101028433, 0.6158499697519662, 0.6143375680580763, 0.6833030852994555, 0.6678765880217786, 0.7026618269812462, 0.7262552934059286, 0.7392619479733817, 0.7610405323653963, 0.764670296430732, 0.7447065940713854, 0.7555958862673926, 0.8024803387779794, 0.8145795523290986, 0.8194192377495463, 0.8236539624924379, 0.8263762855414398, 0.8324258923169994, 0.8290986085904416, 0.8284936479128857, 0.8309134906231095, 0.8315184513006655, 0.8315184513006655, 0.8303085299455535, 0.8303085299455535, 0.8306110102843315]
[2023-04-02 00:17:55] [INFO] testAcc:[0.2445054945054945, 0.21703296703296704, 0.2664835164835165, 0.3516483516483517, 0.36538461538461536, 0.47527472527472525, 0.5576923076923077, 0.5247252747252747, 0.5686813186813187, 0.6071428571428571, 0.5961538461538461, 0.6840659340659341, 0.6401098901098901, 0.7032967032967034, 0.6895604395604396, 0.7252747252747253, 0.7307692307692307, 0.7417582417582418, 0.7252747252747253, 0.7197802197802198, 0.7445054945054945, 0.7527472527472527, 0.760989010989011, 0.7582417582417582, 0.75, 0.7582417582417582, 0.7692307692307693, 0.7692307692307693, 0.7747252747252747, 0.7692307692307693, 0.7692307692307693, 0.7692307692307693, 0.7692307692307693, 0.7692307692307693]
[2023-04-02 00:17:55] [INFO] epoch: 35 / 100
[2023-04-02 00:18:02] [INFO] batch:10/26 lossAver:0.449781
[2023-04-02 00:18:11] [INFO] batch:20/26 lossAver:0.462345
[2023-04-02 00:18:15] [INFO] lossList:[2.2271159245417667, 1.7736504949056184, 1.6304255082057073, 1.6056093711119432, 1.5101411205071669, 1.2656194338431725, 1.162820421732389, 1.0779517590999603, 1.0363440032188709, 0.9692229605638064, 0.9487560368501223, 0.9064699548941392, 0.8691024849048028, 0.853986416871731, 0.7958458960056305, 0.7759259297297552, 0.7245785800310282, 0.7016963580479989, 0.67186371752849, 0.6761482976950132, 0.576580327290755, 0.5393590984436182, 0.5152400078681799, 0.5113007586735946, 0.4935238143572441, 0.47560112980695873, 0.4755324171139644, 0.47579071154961217, 0.4726602297562819, 0.47382046855412996, 0.47584469272540164, 0.4714424873773868, 0.4660703115738355, 0.4680956476009809, 0.469571420779595]
[2023-04-02 00:18:33] [INFO] trainAcc:[0.24470659407138537, 0.2177858439201452, 0.28614640048396855, 0.36146400483968544, 0.3720508166969147, 0.49122807017543857, 0.5601935874168179, 0.5529340592861464, 0.5983061101028433, 0.6158499697519662, 0.6143375680580763, 0.6833030852994555, 0.6678765880217786, 0.7026618269812462, 0.7262552934059286, 0.7392619479733817, 0.7610405323653963, 0.764670296430732, 0.7447065940713854, 0.7555958862673926, 0.8024803387779794, 0.8145795523290986, 0.8194192377495463, 0.8236539624924379, 0.8263762855414398, 0.8324258923169994, 0.8290986085904416, 0.8284936479128857, 0.8309134906231095, 0.8315184513006655, 0.8315184513006655, 0.8303085299455535, 0.8303085299455535, 0.8306110102843315, 0.8306110102843315]
[2023-04-02 00:18:35] [INFO] testAcc:[0.2445054945054945, 0.21703296703296704, 0.2664835164835165, 0.3516483516483517, 0.36538461538461536, 0.47527472527472525, 0.5576923076923077, 0.5247252747252747, 0.5686813186813187, 0.6071428571428571, 0.5961538461538461, 0.6840659340659341, 0.6401098901098901, 0.7032967032967034, 0.6895604395604396, 0.7252747252747253, 0.7307692307692307, 0.7417582417582418, 0.7252747252747253, 0.7197802197802198, 0.7445054945054945, 0.7527472527472527, 0.760989010989011, 0.7582417582417582, 0.75, 0.7582417582417582, 0.7692307692307693, 0.7692307692307693, 0.7747252747252747, 0.7692307692307693, 0.7692307692307693, 0.7692307692307693, 0.7692307692307693, 0.7692307692307693, 0.7692307692307693]
[2023-04-02 00:18:35] [INFO] epoch: 36 / 100
[2023-04-02 00:18:42] [INFO] batch:10/26 lossAver:0.487848
[2023-04-02 00:18:49] [INFO] batch:20/26 lossAver:0.463166
[2023-04-02 00:18:54] [INFO] lossList:[2.2271159245417667, 1.7736504949056184, 1.6304255082057073, 1.6056093711119432, 1.5101411205071669, 1.2656194338431725, 1.162820421732389, 1.0779517590999603, 1.0363440032188709, 0.9692229605638064, 0.9487560368501223, 0.9064699548941392, 0.8691024849048028, 0.853986416871731, 0.7958458960056305, 0.7759259297297552, 0.7245785800310282, 0.7016963580479989, 0.67186371752849, 0.6761482976950132, 0.576580327290755, 0.5393590984436182, 0.5152400078681799, 0.5113007586735946, 0.4935238143572441, 0.47560112980695873, 0.4755324171139644, 0.47579071154961217, 0.4726602297562819, 0.47382046855412996, 0.47584469272540164, 0.4714424873773868, 0.4660703115738355, 0.4680956476009809, 0.469571420779595, 0.46924361013449156]
[2023-04-02 00:19:12] [INFO] trainAcc:[0.24470659407138537, 0.2177858439201452, 0.28614640048396855, 0.36146400483968544, 0.3720508166969147, 0.49122807017543857, 0.5601935874168179, 0.5529340592861464, 0.5983061101028433, 0.6158499697519662, 0.6143375680580763, 0.6833030852994555, 0.6678765880217786, 0.7026618269812462, 0.7262552934059286, 0.7392619479733817, 0.7610405323653963, 0.764670296430732, 0.7447065940713854, 0.7555958862673926, 0.8024803387779794, 0.8145795523290986, 0.8194192377495463, 0.8236539624924379, 0.8263762855414398, 0.8324258923169994, 0.8290986085904416, 0.8284936479128857, 0.8309134906231095, 0.8315184513006655, 0.8315184513006655, 0.8303085299455535, 0.8303085299455535, 0.8306110102843315, 0.8306110102843315, 0.8306110102843315]
[2023-04-02 00:19:14] [INFO] testAcc:[0.2445054945054945, 0.21703296703296704, 0.2664835164835165, 0.3516483516483517, 0.36538461538461536, 0.47527472527472525, 0.5576923076923077, 0.5247252747252747, 0.5686813186813187, 0.6071428571428571, 0.5961538461538461, 0.6840659340659341, 0.6401098901098901, 0.7032967032967034, 0.6895604395604396, 0.7252747252747253, 0.7307692307692307, 0.7417582417582418, 0.7252747252747253, 0.7197802197802198, 0.7445054945054945, 0.7527472527472527, 0.760989010989011, 0.7582417582417582, 0.75, 0.7582417582417582, 0.7692307692307693, 0.7692307692307693, 0.7747252747252747, 0.7692307692307693, 0.7692307692307693, 0.7692307692307693, 0.7692307692307693, 0.7692307692307693, 0.7692307692307693, 0.7692307692307693]
