nohup: ignoring input
[2023-04-02 00:32:17] [INFO] epoch: 01 / 100
[2023-04-02 00:32:25] [INFO] batch:10/26 lossAver:2.291564
[2023-04-02 00:32:32] [INFO] batch:20/26 lossAver:2.274058
[2023-04-02 00:32:37] [INFO] lossList:[2.2593188010729275]
[2023-04-02 00:32:53] [INFO] trainAcc:[0.24470659407138537]
[2023-04-02 00:32:55] [INFO] testAcc:[0.2445054945054945]
[2023-04-02 00:32:55] [INFO] epoch: 02 / 100
[2023-04-02 00:33:02] [INFO] batch:10/26 lossAver:2.169241
[2023-04-02 00:33:09] [INFO] batch:20/26 lossAver:2.131492
[2023-04-02 00:33:14] [INFO] lossList:[2.2593188010729275, 2.098562323130094]
[2023-04-02 00:33:30] [INFO] trainAcc:[0.24470659407138537, 0.24470659407138537]
[2023-04-02 00:33:32] [INFO] testAcc:[0.2445054945054945, 0.2445054945054945]
[2023-04-02 00:33:32] [INFO] epoch: 03 / 100
[2023-04-02 00:33:39] [INFO] batch:10/26 lossAver:1.731931
[2023-04-02 00:33:47] [INFO] batch:20/26 lossAver:1.744812
[2023-04-02 00:33:51] [INFO] lossList:[2.2593188010729275, 2.098562323130094, 1.7566162531192486]
[2023-04-02 00:34:09] [INFO] trainAcc:[0.24470659407138537, 0.24470659407138537, 0.2692075015124017]
[2023-04-02 00:34:11] [INFO] testAcc:[0.2445054945054945, 0.2445054945054945, 0.2664835164835165]
[2023-04-02 00:34:11] [INFO] epoch: 04 / 100
[2023-04-02 00:34:18] [INFO] batch:10/26 lossAver:1.663823
[2023-04-02 00:34:26] [INFO] batch:20/26 lossAver:1.650870
[2023-04-02 00:34:30] [INFO] lossList:[2.2593188010729275, 2.098562323130094, 1.7566162531192486, 1.6466411489706774]
[2023-04-02 00:34:47] [INFO] trainAcc:[0.24470659407138537, 0.24470659407138537, 0.2692075015124017, 0.24470659407138537]
[2023-04-02 00:34:49] [INFO] testAcc:[0.2445054945054945, 0.2445054945054945, 0.2664835164835165, 0.2445054945054945]
[2023-04-02 00:34:49] [INFO] epoch: 05 / 100
[2023-04-02 00:34:56] [INFO] batch:10/26 lossAver:1.631162
[2023-04-02 00:35:04] [INFO] batch:20/26 lossAver:1.615855
[2023-04-02 00:35:08] [INFO] lossList:[2.2593188010729275, 2.098562323130094, 1.7566162531192486, 1.6466411489706774, 1.6124689441460829]
[2023-04-02 00:35:25] [INFO] trainAcc:[0.24470659407138537, 0.24470659407138537, 0.2692075015124017, 0.24470659407138537, 0.3457350272232305]
[2023-04-02 00:35:27] [INFO] testAcc:[0.2445054945054945, 0.2445054945054945, 0.2664835164835165, 0.2445054945054945, 0.3516483516483517]
[2023-04-02 00:35:27] [INFO] epoch: 06 / 100
[2023-04-02 00:35:34] [INFO] batch:10/26 lossAver:1.584689
[2023-04-02 00:35:42] [INFO] batch:20/26 lossAver:1.565675
[2023-04-02 00:35:46] [INFO] lossList:[2.2593188010729275, 2.098562323130094, 1.7566162531192486, 1.6466411489706774, 1.6124689441460829, 1.556592657015874]
[2023-04-02 00:36:03] [INFO] trainAcc:[0.24470659407138537, 0.24470659407138537, 0.2692075015124017, 0.24470659407138537, 0.3457350272232305, 0.33182093163944343]
[2023-04-02 00:36:05] [INFO] testAcc:[0.2445054945054945, 0.2445054945054945, 0.2664835164835165, 0.2445054945054945, 0.3516483516483517, 0.34615384615384615]
[2023-04-02 00:36:05] [INFO] epoch: 07 / 100
[2023-04-02 00:36:13] [INFO] batch:10/26 lossAver:1.525867
[2023-04-02 00:36:20] [INFO] batch:20/26 lossAver:1.516981
[2023-04-02 00:36:24] [INFO] lossList:[2.2593188010729275, 2.098562323130094, 1.7566162531192486, 1.6466411489706774, 1.6124689441460829, 1.556592657015874, 1.502255618572235]
[2023-04-02 00:36:41] [INFO] trainAcc:[0.24470659407138537, 0.24470659407138537, 0.2692075015124017, 0.24470659407138537, 0.3457350272232305, 0.33182093163944343, 0.3853599516031458]
[2023-04-02 00:36:43] [INFO] testAcc:[0.2445054945054945, 0.2445054945054945, 0.2664835164835165, 0.2445054945054945, 0.3516483516483517, 0.34615384615384615, 0.38461538461538464]
[2023-04-02 00:36:43] [INFO] epoch: 08 / 100
[2023-04-02 00:36:50] [INFO] batch:10/26 lossAver:1.383149
[2023-04-02 00:36:58] [INFO] batch:20/26 lossAver:1.378589
[2023-04-02 00:37:02] [INFO] lossList:[2.2593188010729275, 2.098562323130094, 1.7566162531192486, 1.6466411489706774, 1.6124689441460829, 1.556592657015874, 1.502255618572235, 1.3684654648487384]
[2023-04-02 00:37:19] [INFO] trainAcc:[0.24470659407138537, 0.24470659407138537, 0.2692075015124017, 0.24470659407138537, 0.3457350272232305, 0.33182093163944343, 0.3853599516031458, 0.4246823956442831]
[2023-04-02 00:37:21] [INFO] testAcc:[0.2445054945054945, 0.2445054945054945, 0.2664835164835165, 0.2445054945054945, 0.3516483516483517, 0.34615384615384615, 0.38461538461538464, 0.42032967032967034]
[2023-04-02 00:37:21] [INFO] epoch: 09 / 100
[2023-04-02 00:37:29] [INFO] batch:10/26 lossAver:1.287384
[2023-04-02 00:37:36] [INFO] batch:20/26 lossAver:1.288044
[2023-04-02 00:37:41] [INFO] lossList:[2.2593188010729275, 2.098562323130094, 1.7566162531192486, 1.6466411489706774, 1.6124689441460829, 1.556592657015874, 1.502255618572235, 1.3684654648487384, 1.2972763364131634]
[2023-04-02 00:37:57] [INFO] trainAcc:[0.24470659407138537, 0.24470659407138537, 0.2692075015124017, 0.24470659407138537, 0.3457350272232305, 0.33182093163944343, 0.3853599516031458, 0.4246823956442831, 0.45614035087719296]
[2023-04-02 00:37:59] [INFO] testAcc:[0.2445054945054945, 0.2445054945054945, 0.2664835164835165, 0.2445054945054945, 0.3516483516483517, 0.34615384615384615, 0.38461538461538464, 0.42032967032967034, 0.4368131868131868]
[2023-04-02 00:37:59] [INFO] epoch: 10 / 100
[2023-04-02 00:38:07] [INFO] batch:10/26 lossAver:1.312154
[2023-04-02 00:38:14] [INFO] batch:20/26 lossAver:1.265383
[2023-04-02 00:38:19] [INFO] lossList:[2.2593188010729275, 2.098562323130094, 1.7566162531192486, 1.6466411489706774, 1.6124689441460829, 1.556592657015874, 1.502255618572235, 1.3684654648487384, 1.2972763364131634, 1.256175513450916]
[2023-04-02 00:38:36] [INFO] trainAcc:[0.24470659407138537, 0.24470659407138537, 0.2692075015124017, 0.24470659407138537, 0.3457350272232305, 0.33182093163944343, 0.3853599516031458, 0.4246823956442831, 0.45614035087719296, 0.49879007864488806]
[2023-04-02 00:38:38] [INFO] testAcc:[0.2445054945054945, 0.2445054945054945, 0.2664835164835165, 0.2445054945054945, 0.3516483516483517, 0.34615384615384615, 0.38461538461538464, 0.42032967032967034, 0.4368131868131868, 0.47802197802197804]
[2023-04-02 00:38:38] [INFO] epoch: 11 / 100
[2023-04-02 00:38:45] [INFO] batch:10/26 lossAver:1.196883
[2023-04-02 00:38:53] [INFO] batch:20/26 lossAver:1.179396
[2023-04-02 00:38:57] [INFO] lossList:[2.2593188010729275, 2.098562323130094, 1.7566162531192486, 1.6466411489706774, 1.6124689441460829, 1.556592657015874, 1.502255618572235, 1.3684654648487384, 1.2972763364131634, 1.256175513450916, 1.187400785776285]
[2023-04-02 00:39:14] [INFO] trainAcc:[0.24470659407138537, 0.24470659407138537, 0.2692075015124017, 0.24470659407138537, 0.3457350272232305, 0.33182093163944343, 0.3853599516031458, 0.4246823956442831, 0.45614035087719296, 0.49879007864488806, 0.5311554748941318]
[2023-04-02 00:39:16] [INFO] testAcc:[0.2445054945054945, 0.2445054945054945, 0.2664835164835165, 0.2445054945054945, 0.3516483516483517, 0.34615384615384615, 0.38461538461538464, 0.42032967032967034, 0.4368131868131868, 0.47802197802197804, 0.5137362637362637]
[2023-04-02 00:39:16] [INFO] epoch: 12 / 100
[2023-04-02 00:39:23] [INFO] batch:10/26 lossAver:1.068443
[2023-04-02 00:39:30] [INFO] batch:20/26 lossAver:1.071152
[2023-04-02 00:39:35] [INFO] lossList:[2.2593188010729275, 2.098562323130094, 1.7566162531192486, 1.6466411489706774, 1.6124689441460829, 1.556592657015874, 1.502255618572235, 1.3684654648487384, 1.2972763364131634, 1.256175513450916, 1.187400785776285, 1.0819534223813276]
[2023-04-02 00:39:52] [INFO] trainAcc:[0.24470659407138537, 0.24470659407138537, 0.2692075015124017, 0.24470659407138537, 0.3457350272232305, 0.33182093163944343, 0.3853599516031458, 0.4246823956442831, 0.45614035087719296, 0.49879007864488806, 0.5311554748941318, 0.5819721718088324]
[2023-04-02 00:39:54] [INFO] testAcc:[0.2445054945054945, 0.2445054945054945, 0.2664835164835165, 0.2445054945054945, 0.3516483516483517, 0.34615384615384615, 0.38461538461538464, 0.42032967032967034, 0.4368131868131868, 0.47802197802197804, 0.5137362637362637, 0.5439560439560439]
[2023-04-02 00:39:54] [INFO] epoch: 13 / 100
[2023-04-02 00:40:02] [INFO] batch:10/26 lossAver:1.067015
[2023-04-02 00:40:09] [INFO] batch:20/26 lossAver:1.059277
[2023-04-02 00:40:14] [INFO] lossList:[2.2593188010729275, 2.098562323130094, 1.7566162531192486, 1.6466411489706774, 1.6124689441460829, 1.556592657015874, 1.502255618572235, 1.3684654648487384, 1.2972763364131634, 1.256175513450916, 1.187400785776285, 1.0819534223813276, 1.0549684235682855]
[2023-04-02 00:40:30] [INFO] trainAcc:[0.24470659407138537, 0.24470659407138537, 0.2692075015124017, 0.24470659407138537, 0.3457350272232305, 0.33182093163944343, 0.3853599516031458, 0.4246823956442831, 0.45614035087719296, 0.49879007864488806, 0.5311554748941318, 0.5819721718088324, 0.6082879612825166]
[2023-04-02 00:40:32] [INFO] testAcc:[0.2445054945054945, 0.2445054945054945, 0.2664835164835165, 0.2445054945054945, 0.3516483516483517, 0.34615384615384615, 0.38461538461538464, 0.42032967032967034, 0.4368131868131868, 0.47802197802197804, 0.5137362637362637, 0.5439560439560439, 0.5934065934065934]
[2023-04-02 00:40:32] [INFO] epoch: 14 / 100
[2023-04-02 00:40:39] [INFO] batch:10/26 lossAver:0.980420
[2023-04-02 00:40:47] [INFO] batch:20/26 lossAver:0.972442
[2023-04-02 00:40:51] [INFO] lossList:[2.2593188010729275, 2.098562323130094, 1.7566162531192486, 1.6466411489706774, 1.6124689441460829, 1.556592657015874, 1.502255618572235, 1.3684654648487384, 1.2972763364131634, 1.256175513450916, 1.187400785776285, 1.0819534223813276, 1.0549684235682855, 0.9600049257278442]
[2023-04-02 00:41:08] [INFO] trainAcc:[0.24470659407138537, 0.24470659407138537, 0.2692075015124017, 0.24470659407138537, 0.3457350272232305, 0.33182093163944343, 0.3853599516031458, 0.4246823956442831, 0.45614035087719296, 0.49879007864488806, 0.5311554748941318, 0.5819721718088324, 0.6082879612825166, 0.6149425287356322]
[2023-04-02 00:41:10] [INFO] testAcc:[0.2445054945054945, 0.2445054945054945, 0.2664835164835165, 0.2445054945054945, 0.3516483516483517, 0.34615384615384615, 0.38461538461538464, 0.42032967032967034, 0.4368131868131868, 0.47802197802197804, 0.5137362637362637, 0.5439560439560439, 0.5934065934065934, 0.6016483516483516]
[2023-04-02 00:41:10] [INFO] epoch: 15 / 100
[2023-04-02 00:41:18] [INFO] batch:10/26 lossAver:0.978700
[2023-04-02 00:41:26] [INFO] batch:20/26 lossAver:0.976987
[2023-04-02 00:41:30] [INFO] lossList:[2.2593188010729275, 2.098562323130094, 1.7566162531192486, 1.6466411489706774, 1.6124689441460829, 1.556592657015874, 1.502255618572235, 1.3684654648487384, 1.2972763364131634, 1.256175513450916, 1.187400785776285, 1.0819534223813276, 1.0549684235682855, 0.9600049257278442, 0.9773932787088248]
[2023-04-02 00:41:46] [INFO] trainAcc:[0.24470659407138537, 0.24470659407138537, 0.2692075015124017, 0.24470659407138537, 0.3457350272232305, 0.33182093163944343, 0.3853599516031458, 0.4246823956442831, 0.45614035087719296, 0.49879007864488806, 0.5311554748941318, 0.5819721718088324, 0.6082879612825166, 0.6149425287356322, 0.6669691470054446]
[2023-04-02 00:41:48] [INFO] testAcc:[0.2445054945054945, 0.2445054945054945, 0.2664835164835165, 0.2445054945054945, 0.3516483516483517, 0.34615384615384615, 0.38461538461538464, 0.42032967032967034, 0.4368131868131868, 0.47802197802197804, 0.5137362637362637, 0.5439560439560439, 0.5934065934065934, 0.6016483516483516, 0.6373626373626373]
[2023-04-02 00:41:48] [INFO] epoch: 16 / 100
[2023-04-02 00:41:56] [INFO] batch:10/26 lossAver:0.964616
[2023-04-02 00:42:04] [INFO] batch:20/26 lossAver:0.941662
[2023-04-02 00:42:08] [INFO] lossList:[2.2593188010729275, 2.098562323130094, 1.7566162531192486, 1.6466411489706774, 1.6124689441460829, 1.556592657015874, 1.502255618572235, 1.3684654648487384, 1.2972763364131634, 1.256175513450916, 1.187400785776285, 1.0819534223813276, 1.0549684235682855, 0.9600049257278442, 0.9773932787088248, 0.9193653212143824]
[2023-04-02 00:42:25] [INFO] trainAcc:[0.24470659407138537, 0.24470659407138537, 0.2692075015124017, 0.24470659407138537, 0.3457350272232305, 0.33182093163944343, 0.3853599516031458, 0.4246823956442831, 0.45614035087719296, 0.49879007864488806, 0.5311554748941318, 0.5819721718088324, 0.6082879612825166, 0.6149425287356322, 0.6669691470054446, 0.689957652752571]
[2023-04-02 00:42:28] [INFO] testAcc:[0.2445054945054945, 0.2445054945054945, 0.2664835164835165, 0.2445054945054945, 0.3516483516483517, 0.34615384615384615, 0.38461538461538464, 0.42032967032967034, 0.4368131868131868, 0.47802197802197804, 0.5137362637362637, 0.5439560439560439, 0.5934065934065934, 0.6016483516483516, 0.6373626373626373, 0.6648351648351648]
[2023-04-02 00:42:28] [INFO] epoch: 17 / 100
[2023-04-02 00:42:35] [INFO] batch:10/26 lossAver:0.832856
[2023-04-02 00:42:42] [INFO] batch:20/26 lossAver:0.875351
[2023-04-02 00:42:46] [INFO] lossList:[2.2593188010729275, 2.098562323130094, 1.7566162531192486, 1.6466411489706774, 1.6124689441460829, 1.556592657015874, 1.502255618572235, 1.3684654648487384, 1.2972763364131634, 1.256175513450916, 1.187400785776285, 1.0819534223813276, 1.0549684235682855, 0.9600049257278442, 0.9773932787088248, 0.9193653212143824, 0.9083947653953846]
[2023-04-02 00:43:04] [INFO] trainAcc:[0.24470659407138537, 0.24470659407138537, 0.2692075015124017, 0.24470659407138537, 0.3457350272232305, 0.33182093163944343, 0.3853599516031458, 0.4246823956442831, 0.45614035087719296, 0.49879007864488806, 0.5311554748941318, 0.5819721718088324, 0.6082879612825166, 0.6149425287356322, 0.6669691470054446, 0.689957652752571, 0.632486388384755]
[2023-04-02 00:43:06] [INFO] testAcc:[0.2445054945054945, 0.2445054945054945, 0.2664835164835165, 0.2445054945054945, 0.3516483516483517, 0.34615384615384615, 0.38461538461538464, 0.42032967032967034, 0.4368131868131868, 0.47802197802197804, 0.5137362637362637, 0.5439560439560439, 0.5934065934065934, 0.6016483516483516, 0.6373626373626373, 0.6648351648351648, 0.6263736263736264]
[2023-04-02 00:43:06] [INFO] epoch: 18 / 100
[2023-04-02 00:43:13] [INFO] batch:10/26 lossAver:0.895926
[2023-04-02 00:43:21] [INFO] batch:20/26 lossAver:0.874802
[2023-04-02 00:43:26] [INFO] lossList:[2.2593188010729275, 2.098562323130094, 1.7566162531192486, 1.6466411489706774, 1.6124689441460829, 1.556592657015874, 1.502255618572235, 1.3684654648487384, 1.2972763364131634, 1.256175513450916, 1.187400785776285, 1.0819534223813276, 1.0549684235682855, 0.9600049257278442, 0.9773932787088248, 0.9193653212143824, 0.9083947653953846, 0.8673877097093142]
[2023-04-02 00:43:43] [INFO] trainAcc:[0.24470659407138537, 0.24470659407138537, 0.2692075015124017, 0.24470659407138537, 0.3457350272232305, 0.33182093163944343, 0.3853599516031458, 0.4246823956442831, 0.45614035087719296, 0.49879007864488806, 0.5311554748941318, 0.5819721718088324, 0.6082879612825166, 0.6149425287356322, 0.6669691470054446, 0.689957652752571, 0.632486388384755, 0.6748336358136721]
[2023-04-02 00:43:45] [INFO] testAcc:[0.2445054945054945, 0.2445054945054945, 0.2664835164835165, 0.2445054945054945, 0.3516483516483517, 0.34615384615384615, 0.38461538461538464, 0.42032967032967034, 0.4368131868131868, 0.47802197802197804, 0.5137362637362637, 0.5439560439560439, 0.5934065934065934, 0.6016483516483516, 0.6373626373626373, 0.6648351648351648, 0.6263736263736264, 0.6648351648351648]
[2023-04-02 00:43:45] [INFO] epoch: 19 / 100
[2023-04-02 00:43:52] [INFO] batch:10/26 lossAver:0.741586
[2023-04-02 00:44:00] [INFO] batch:20/26 lossAver:0.759387
[2023-04-02 00:44:04] [INFO] lossList:[2.2593188010729275, 2.098562323130094, 1.7566162531192486, 1.6466411489706774, 1.6124689441460829, 1.556592657015874, 1.502255618572235, 1.3684654648487384, 1.2972763364131634, 1.256175513450916, 1.187400785776285, 1.0819534223813276, 1.0549684235682855, 0.9600049257278442, 0.9773932787088248, 0.9193653212143824, 0.9083947653953846, 0.8673877097093142, 0.7538633254858164]
[2023-04-02 00:44:20] [INFO] trainAcc:[0.24470659407138537, 0.24470659407138537, 0.2692075015124017, 0.24470659407138537, 0.3457350272232305, 0.33182093163944343, 0.3853599516031458, 0.4246823956442831, 0.45614035087719296, 0.49879007864488806, 0.5311554748941318, 0.5819721718088324, 0.6082879612825166, 0.6149425287356322, 0.6669691470054446, 0.689957652752571, 0.632486388384755, 0.6748336358136721, 0.720205686630369]
[2023-04-02 00:44:22] [INFO] testAcc:[0.2445054945054945, 0.2445054945054945, 0.2664835164835165, 0.2445054945054945, 0.3516483516483517, 0.34615384615384615, 0.38461538461538464, 0.42032967032967034, 0.4368131868131868, 0.47802197802197804, 0.5137362637362637, 0.5439560439560439, 0.5934065934065934, 0.6016483516483516, 0.6373626373626373, 0.6648351648351648, 0.6263736263736264, 0.6648351648351648, 0.6840659340659341]
[2023-04-02 00:44:22] [INFO] epoch: 20 / 100
[2023-04-02 00:44:29] [INFO] batch:10/26 lossAver:0.730093
[2023-04-02 00:44:37] [INFO] batch:20/26 lossAver:0.735075
[2023-04-02 00:44:41] [INFO] lossList:[2.2593188010729275, 2.098562323130094, 1.7566162531192486, 1.6466411489706774, 1.6124689441460829, 1.556592657015874, 1.502255618572235, 1.3684654648487384, 1.2972763364131634, 1.256175513450916, 1.187400785776285, 1.0819534223813276, 1.0549684235682855, 0.9600049257278442, 0.9773932787088248, 0.9193653212143824, 0.9083947653953846, 0.8673877097093142, 0.7538633254858164, 0.7302026290159959]
[2023-04-02 00:44:57] [INFO] trainAcc:[0.24470659407138537, 0.24470659407138537, 0.2692075015124017, 0.24470659407138537, 0.3457350272232305, 0.33182093163944343, 0.3853599516031458, 0.4246823956442831, 0.45614035087719296, 0.49879007864488806, 0.5311554748941318, 0.5819721718088324, 0.6082879612825166, 0.6149425287356322, 0.6669691470054446, 0.689957652752571, 0.632486388384755, 0.6748336358136721, 0.720205686630369, 0.7196007259528131]
[2023-04-02 00:44:59] [INFO] testAcc:[0.2445054945054945, 0.2445054945054945, 0.2664835164835165, 0.2445054945054945, 0.3516483516483517, 0.34615384615384615, 0.38461538461538464, 0.42032967032967034, 0.4368131868131868, 0.47802197802197804, 0.5137362637362637, 0.5439560439560439, 0.5934065934065934, 0.6016483516483516, 0.6373626373626373, 0.6648351648351648, 0.6263736263736264, 0.6648351648351648, 0.6840659340659341, 0.6895604395604396]
[2023-04-02 00:44:59] [INFO] epoch: 21 / 100
[2023-04-02 00:45:07] [INFO] batch:10/26 lossAver:0.720987
[2023-04-02 00:45:14] [INFO] batch:20/26 lossAver:0.730180
[2023-04-02 00:45:19] [INFO] lossList:[2.2593188010729275, 2.098562323130094, 1.7566162531192486, 1.6466411489706774, 1.6124689441460829, 1.556592657015874, 1.502255618572235, 1.3684654648487384, 1.2972763364131634, 1.256175513450916, 1.187400785776285, 1.0819534223813276, 1.0549684235682855, 0.9600049257278442, 0.9773932787088248, 0.9193653212143824, 0.9083947653953846, 0.8673877097093142, 0.7538633254858164, 0.7302026290159959, 0.7154647341141334]
[2023-04-02 00:45:36] [INFO] trainAcc:[0.24470659407138537, 0.24470659407138537, 0.2692075015124017, 0.24470659407138537, 0.3457350272232305, 0.33182093163944343, 0.3853599516031458, 0.4246823956442831, 0.45614035087719296, 0.49879007864488806, 0.5311554748941318, 0.5819721718088324, 0.6082879612825166, 0.6149425287356322, 0.6669691470054446, 0.689957652752571, 0.632486388384755, 0.6748336358136721, 0.720205686630369, 0.7196007259528131, 0.7274652147610405]
[2023-04-02 00:45:38] [INFO] testAcc:[0.2445054945054945, 0.2445054945054945, 0.2664835164835165, 0.2445054945054945, 0.3516483516483517, 0.34615384615384615, 0.38461538461538464, 0.42032967032967034, 0.4368131868131868, 0.47802197802197804, 0.5137362637362637, 0.5439560439560439, 0.5934065934065934, 0.6016483516483516, 0.6373626373626373, 0.6648351648351648, 0.6263736263736264, 0.6648351648351648, 0.6840659340659341, 0.6895604395604396, 0.6978021978021978]
[2023-04-02 00:45:38] [INFO] epoch: 22 / 100
[2023-04-02 00:45:46] [INFO] batch:10/26 lossAver:0.680733
[2023-04-02 00:45:53] [INFO] batch:20/26 lossAver:0.711334
[2023-04-02 00:45:58] [INFO] lossList:[2.2593188010729275, 2.098562323130094, 1.7566162531192486, 1.6466411489706774, 1.6124689441460829, 1.556592657015874, 1.502255618572235, 1.3684654648487384, 1.2972763364131634, 1.256175513450916, 1.187400785776285, 1.0819534223813276, 1.0549684235682855, 0.9600049257278442, 0.9773932787088248, 0.9193653212143824, 0.9083947653953846, 0.8673877097093142, 0.7538633254858164, 0.7302026290159959, 0.7154647341141334, 0.7083316743373871]
[2023-04-02 00:46:14] [INFO] trainAcc:[0.24470659407138537, 0.24470659407138537, 0.2692075015124017, 0.24470659407138537, 0.3457350272232305, 0.33182093163944343, 0.3853599516031458, 0.4246823956442831, 0.45614035087719296, 0.49879007864488806, 0.5311554748941318, 0.5819721718088324, 0.6082879612825166, 0.6149425287356322, 0.6669691470054446, 0.689957652752571, 0.632486388384755, 0.6748336358136721, 0.720205686630369, 0.7196007259528131, 0.7274652147610405, 0.7235329703569268]
[2023-04-02 00:46:15] [INFO] testAcc:[0.2445054945054945, 0.2445054945054945, 0.2664835164835165, 0.2445054945054945, 0.3516483516483517, 0.34615384615384615, 0.38461538461538464, 0.42032967032967034, 0.4368131868131868, 0.47802197802197804, 0.5137362637362637, 0.5439560439560439, 0.5934065934065934, 0.6016483516483516, 0.6373626373626373, 0.6648351648351648, 0.6263736263736264, 0.6648351648351648, 0.6840659340659341, 0.6895604395604396, 0.6978021978021978, 0.6703296703296703]
[2023-04-02 00:46:15] [INFO] epoch: 23 / 100
[2023-04-02 00:46:23] [INFO] batch:10/26 lossAver:0.734197
[2023-04-02 00:46:31] [INFO] batch:20/26 lossAver:0.708423
[2023-04-02 00:46:36] [INFO] lossList:[2.2593188010729275, 2.098562323130094, 1.7566162531192486, 1.6466411489706774, 1.6124689441460829, 1.556592657015874, 1.502255618572235, 1.3684654648487384, 1.2972763364131634, 1.256175513450916, 1.187400785776285, 1.0819534223813276, 1.0549684235682855, 0.9600049257278442, 0.9773932787088248, 0.9193653212143824, 0.9083947653953846, 0.8673877097093142, 0.7538633254858164, 0.7302026290159959, 0.7154647341141334, 0.7083316743373871, 0.7037199758566343]
[2023-04-02 00:46:52] [INFO] trainAcc:[0.24470659407138537, 0.24470659407138537, 0.2692075015124017, 0.24470659407138537, 0.3457350272232305, 0.33182093163944343, 0.3853599516031458, 0.4246823956442831, 0.45614035087719296, 0.49879007864488806, 0.5311554748941318, 0.5819721718088324, 0.6082879612825166, 0.6149425287356322, 0.6669691470054446, 0.689957652752571, 0.632486388384755, 0.6748336358136721, 0.720205686630369, 0.7196007259528131, 0.7274652147610405, 0.7235329703569268, 0.735934664246824]
[2023-04-02 00:46:54] [INFO] testAcc:[0.2445054945054945, 0.2445054945054945, 0.2664835164835165, 0.2445054945054945, 0.3516483516483517, 0.34615384615384615, 0.38461538461538464, 0.42032967032967034, 0.4368131868131868, 0.47802197802197804, 0.5137362637362637, 0.5439560439560439, 0.5934065934065934, 0.6016483516483516, 0.6373626373626373, 0.6648351648351648, 0.6263736263736264, 0.6648351648351648, 0.6840659340659341, 0.6895604395604396, 0.6978021978021978, 0.6703296703296703, 0.6868131868131868]
[2023-04-02 00:46:54] [INFO] epoch: 24 / 100
[2023-04-02 00:47:02] [INFO] batch:10/26 lossAver:0.693811
[2023-04-02 00:47:09] [INFO] batch:20/26 lossAver:0.684925
[2023-04-02 00:47:13] [INFO] lossList:[2.2593188010729275, 2.098562323130094, 1.7566162531192486, 1.6466411489706774, 1.6124689441460829, 1.556592657015874, 1.502255618572235, 1.3684654648487384, 1.2972763364131634, 1.256175513450916, 1.187400785776285, 1.0819534223813276, 1.0549684235682855, 0.9600049257278442, 0.9773932787088248, 0.9193653212143824, 0.9083947653953846, 0.8673877097093142, 0.7538633254858164, 0.7302026290159959, 0.7154647341141334, 0.7083316743373871, 0.7037199758566343, 0.6902010899323684]
[2023-04-02 00:47:30] [INFO] trainAcc:[0.24470659407138537, 0.24470659407138537, 0.2692075015124017, 0.24470659407138537, 0.3457350272232305, 0.33182093163944343, 0.3853599516031458, 0.4246823956442831, 0.45614035087719296, 0.49879007864488806, 0.5311554748941318, 0.5819721718088324, 0.6082879612825166, 0.6149425287356322, 0.6669691470054446, 0.689957652752571, 0.632486388384755, 0.6748336358136721, 0.720205686630369, 0.7196007259528131, 0.7274652147610405, 0.7235329703569268, 0.735934664246824, 0.7335148215366001]
[2023-04-02 00:47:33] [INFO] testAcc:[0.2445054945054945, 0.2445054945054945, 0.2664835164835165, 0.2445054945054945, 0.3516483516483517, 0.34615384615384615, 0.38461538461538464, 0.42032967032967034, 0.4368131868131868, 0.47802197802197804, 0.5137362637362637, 0.5439560439560439, 0.5934065934065934, 0.6016483516483516, 0.6373626373626373, 0.6648351648351648, 0.6263736263736264, 0.6648351648351648, 0.6840659340659341, 0.6895604395604396, 0.6978021978021978, 0.6703296703296703, 0.6868131868131868, 0.6895604395604396]
[2023-04-02 00:47:33] [INFO] epoch: 25 / 100
[2023-04-02 00:47:40] [INFO] batch:10/26 lossAver:0.666509
[2023-04-02 00:47:48] [INFO] batch:20/26 lossAver:0.676976
[2023-04-02 00:47:52] [INFO] lossList:[2.2593188010729275, 2.098562323130094, 1.7566162531192486, 1.6466411489706774, 1.6124689441460829, 1.556592657015874, 1.502255618572235, 1.3684654648487384, 1.2972763364131634, 1.256175513450916, 1.187400785776285, 1.0819534223813276, 1.0549684235682855, 0.9600049257278442, 0.9773932787088248, 0.9193653212143824, 0.9083947653953846, 0.8673877097093142, 0.7538633254858164, 0.7302026290159959, 0.7154647341141334, 0.7083316743373871, 0.7037199758566343, 0.6902010899323684, 0.6872520630176251]
[2023-04-02 00:48:08] [INFO] trainAcc:[0.24470659407138537, 0.24470659407138537, 0.2692075015124017, 0.24470659407138537, 0.3457350272232305, 0.33182093163944343, 0.3853599516031458, 0.4246823956442831, 0.45614035087719296, 0.49879007864488806, 0.5311554748941318, 0.5819721718088324, 0.6082879612825166, 0.6149425287356322, 0.6669691470054446, 0.689957652752571, 0.632486388384755, 0.6748336358136721, 0.720205686630369, 0.7196007259528131, 0.7274652147610405, 0.7235329703569268, 0.735934664246824, 0.7335148215366001, 0.7335148215366001]
[2023-04-02 00:48:10] [INFO] testAcc:[0.2445054945054945, 0.2445054945054945, 0.2664835164835165, 0.2445054945054945, 0.3516483516483517, 0.34615384615384615, 0.38461538461538464, 0.42032967032967034, 0.4368131868131868, 0.47802197802197804, 0.5137362637362637, 0.5439560439560439, 0.5934065934065934, 0.6016483516483516, 0.6373626373626373, 0.6648351648351648, 0.6263736263736264, 0.6648351648351648, 0.6840659340659341, 0.6895604395604396, 0.6978021978021978, 0.6703296703296703, 0.6868131868131868, 0.6895604395604396, 0.6895604395604396]
[2023-04-02 00:48:10] [INFO] epoch: 26 / 100
[2023-04-02 00:48:18] [INFO] batch:10/26 lossAver:0.678406
[2023-04-02 00:48:25] [INFO] batch:20/26 lossAver:0.694097
[2023-04-02 00:48:29] [INFO] lossList:[2.2593188010729275, 2.098562323130094, 1.7566162531192486, 1.6466411489706774, 1.6124689441460829, 1.556592657015874, 1.502255618572235, 1.3684654648487384, 1.2972763364131634, 1.256175513450916, 1.187400785776285, 1.0819534223813276, 1.0549684235682855, 0.9600049257278442, 0.9773932787088248, 0.9193653212143824, 0.9083947653953846, 0.8673877097093142, 0.7538633254858164, 0.7302026290159959, 0.7154647341141334, 0.7083316743373871, 0.7037199758566343, 0.6902010899323684, 0.6872520630176251, 0.691633614209982]
[2023-04-02 00:48:46] [INFO] trainAcc:[0.24470659407138537, 0.24470659407138537, 0.2692075015124017, 0.24470659407138537, 0.3457350272232305, 0.33182093163944343, 0.3853599516031458, 0.4246823956442831, 0.45614035087719296, 0.49879007864488806, 0.5311554748941318, 0.5819721718088324, 0.6082879612825166, 0.6149425287356322, 0.6669691470054446, 0.689957652752571, 0.632486388384755, 0.6748336358136721, 0.720205686630369, 0.7196007259528131, 0.7274652147610405, 0.7235329703569268, 0.735934664246824, 0.7335148215366001, 0.7335148215366001, 0.7338173018753781]
[2023-04-02 00:48:48] [INFO] testAcc:[0.2445054945054945, 0.2445054945054945, 0.2664835164835165, 0.2445054945054945, 0.3516483516483517, 0.34615384615384615, 0.38461538461538464, 0.42032967032967034, 0.4368131868131868, 0.47802197802197804, 0.5137362637362637, 0.5439560439560439, 0.5934065934065934, 0.6016483516483516, 0.6373626373626373, 0.6648351648351648, 0.6263736263736264, 0.6648351648351648, 0.6840659340659341, 0.6895604395604396, 0.6978021978021978, 0.6703296703296703, 0.6868131868131868, 0.6895604395604396, 0.6895604395604396, 0.6895604395604396]
[2023-04-02 00:48:48] [INFO] epoch: 27 / 100
[2023-04-02 00:48:55] [INFO] batch:10/26 lossAver:0.646652
[2023-04-02 00:49:02] [INFO] batch:20/26 lossAver:0.665223
[2023-04-02 00:49:07] [INFO] lossList:[2.2593188010729275, 2.098562323130094, 1.7566162531192486, 1.6466411489706774, 1.6124689441460829, 1.556592657015874, 1.502255618572235, 1.3684654648487384, 1.2972763364131634, 1.256175513450916, 1.187400785776285, 1.0819534223813276, 1.0549684235682855, 0.9600049257278442, 0.9773932787088248, 0.9193653212143824, 0.9083947653953846, 0.8673877097093142, 0.7538633254858164, 0.7302026290159959, 0.7154647341141334, 0.7083316743373871, 0.7037199758566343, 0.6902010899323684, 0.6872520630176251, 0.691633614209982, 0.6871107381123763]
[2023-04-02 00:49:24] [INFO] trainAcc:[0.24470659407138537, 0.24470659407138537, 0.2692075015124017, 0.24470659407138537, 0.3457350272232305, 0.33182093163944343, 0.3853599516031458, 0.4246823956442831, 0.45614035087719296, 0.49879007864488806, 0.5311554748941318, 0.5819721718088324, 0.6082879612825166, 0.6149425287356322, 0.6669691470054446, 0.689957652752571, 0.632486388384755, 0.6748336358136721, 0.720205686630369, 0.7196007259528131, 0.7274652147610405, 0.7235329703569268, 0.735934664246824, 0.7335148215366001, 0.7335148215366001, 0.7338173018753781, 0.7335148215366001]
[2023-04-02 00:49:25] [INFO] testAcc:[0.2445054945054945, 0.2445054945054945, 0.2664835164835165, 0.2445054945054945, 0.3516483516483517, 0.34615384615384615, 0.38461538461538464, 0.42032967032967034, 0.4368131868131868, 0.47802197802197804, 0.5137362637362637, 0.5439560439560439, 0.5934065934065934, 0.6016483516483516, 0.6373626373626373, 0.6648351648351648, 0.6263736263736264, 0.6648351648351648, 0.6840659340659341, 0.6895604395604396, 0.6978021978021978, 0.6703296703296703, 0.6868131868131868, 0.6895604395604396, 0.6895604395604396, 0.6895604395604396, 0.6923076923076923]
[2023-04-02 00:49:25] [INFO] epoch: 28 / 100
[2023-04-02 00:49:33] [INFO] batch:10/26 lossAver:0.686639
[2023-04-02 00:49:41] [INFO] batch:20/26 lossAver:0.698291
[2023-04-02 00:49:46] [INFO] lossList:[2.2593188010729275, 2.098562323130094, 1.7566162531192486, 1.6466411489706774, 1.6124689441460829, 1.556592657015874, 1.502255618572235, 1.3684654648487384, 1.2972763364131634, 1.256175513450916, 1.187400785776285, 1.0819534223813276, 1.0549684235682855, 0.9600049257278442, 0.9773932787088248, 0.9193653212143824, 0.9083947653953846, 0.8673877097093142, 0.7538633254858164, 0.7302026290159959, 0.7154647341141334, 0.7083316743373871, 0.7037199758566343, 0.6902010899323684, 0.6872520630176251, 0.691633614209982, 0.6871107381123763, 0.6851968215062068]
[2023-04-02 00:50:04] [INFO] trainAcc:[0.24470659407138537, 0.24470659407138537, 0.2692075015124017, 0.24470659407138537, 0.3457350272232305, 0.33182093163944343, 0.3853599516031458, 0.4246823956442831, 0.45614035087719296, 0.49879007864488806, 0.5311554748941318, 0.5819721718088324, 0.6082879612825166, 0.6149425287356322, 0.6669691470054446, 0.689957652752571, 0.632486388384755, 0.6748336358136721, 0.720205686630369, 0.7196007259528131, 0.7274652147610405, 0.7235329703569268, 0.735934664246824, 0.7335148215366001, 0.7335148215366001, 0.7338173018753781, 0.7335148215366001, 0.7335148215366001]
[2023-04-02 00:50:06] [INFO] testAcc:[0.2445054945054945, 0.2445054945054945, 0.2664835164835165, 0.2445054945054945, 0.3516483516483517, 0.34615384615384615, 0.38461538461538464, 0.42032967032967034, 0.4368131868131868, 0.47802197802197804, 0.5137362637362637, 0.5439560439560439, 0.5934065934065934, 0.6016483516483516, 0.6373626373626373, 0.6648351648351648, 0.6263736263736264, 0.6648351648351648, 0.6840659340659341, 0.6895604395604396, 0.6978021978021978, 0.6703296703296703, 0.6868131868131868, 0.6895604395604396, 0.6895604395604396, 0.6895604395604396, 0.6923076923076923, 0.6923076923076923]
[2023-04-02 00:50:06] [INFO] epoch: 29 / 100
[2023-04-02 00:50:14] [INFO] batch:10/26 lossAver:0.700730
[2023-04-02 00:50:21] [INFO] batch:20/26 lossAver:0.683356
[2023-04-02 00:50:25] [INFO] lossList:[2.2593188010729275, 2.098562323130094, 1.7566162531192486, 1.6466411489706774, 1.6124689441460829, 1.556592657015874, 1.502255618572235, 1.3684654648487384, 1.2972763364131634, 1.256175513450916, 1.187400785776285, 1.0819534223813276, 1.0549684235682855, 0.9600049257278442, 0.9773932787088248, 0.9193653212143824, 0.9083947653953846, 0.8673877097093142, 0.7538633254858164, 0.7302026290159959, 0.7154647341141334, 0.7083316743373871, 0.7037199758566343, 0.6902010899323684, 0.6872520630176251, 0.691633614209982, 0.6871107381123763, 0.6851968215062068, 0.6835541220811697]
[2023-04-02 00:50:42] [INFO] trainAcc:[0.24470659407138537, 0.24470659407138537, 0.2692075015124017, 0.24470659407138537, 0.3457350272232305, 0.33182093163944343, 0.3853599516031458, 0.4246823956442831, 0.45614035087719296, 0.49879007864488806, 0.5311554748941318, 0.5819721718088324, 0.6082879612825166, 0.6149425287356322, 0.6669691470054446, 0.689957652752571, 0.632486388384755, 0.6748336358136721, 0.720205686630369, 0.7196007259528131, 0.7274652147610405, 0.7235329703569268, 0.735934664246824, 0.7335148215366001, 0.7335148215366001, 0.7338173018753781, 0.7335148215366001, 0.7335148215366001, 0.7335148215366001]
[2023-04-02 00:50:43] [INFO] testAcc:[0.2445054945054945, 0.2445054945054945, 0.2664835164835165, 0.2445054945054945, 0.3516483516483517, 0.34615384615384615, 0.38461538461538464, 0.42032967032967034, 0.4368131868131868, 0.47802197802197804, 0.5137362637362637, 0.5439560439560439, 0.5934065934065934, 0.6016483516483516, 0.6373626373626373, 0.6648351648351648, 0.6263736263736264, 0.6648351648351648, 0.6840659340659341, 0.6895604395604396, 0.6978021978021978, 0.6703296703296703, 0.6868131868131868, 0.6895604395604396, 0.6895604395604396, 0.6895604395604396, 0.6923076923076923, 0.6923076923076923, 0.6923076923076923]
[2023-04-02 00:50:43] [INFO] epoch: 30 / 100
[2023-04-02 00:50:51] [INFO] batch:10/26 lossAver:0.700106
[2023-04-02 00:50:58] [INFO] batch:20/26 lossAver:0.675660
[2023-04-02 00:51:03] [INFO] lossList:[2.2593188010729275, 2.098562323130094, 1.7566162531192486, 1.6466411489706774, 1.6124689441460829, 1.556592657015874, 1.502255618572235, 1.3684654648487384, 1.2972763364131634, 1.256175513450916, 1.187400785776285, 1.0819534223813276, 1.0549684235682855, 0.9600049257278442, 0.9773932787088248, 0.9193653212143824, 0.9083947653953846, 0.8673877097093142, 0.7538633254858164, 0.7302026290159959, 0.7154647341141334, 0.7083316743373871, 0.7037199758566343, 0.6902010899323684, 0.6872520630176251, 0.691633614209982, 0.6871107381123763, 0.6851968215062068, 0.6835541220811697, 0.6814268621114584]
[2023-04-02 00:51:21] [INFO] trainAcc:[0.24470659407138537, 0.24470659407138537, 0.2692075015124017, 0.24470659407138537, 0.3457350272232305, 0.33182093163944343, 0.3853599516031458, 0.4246823956442831, 0.45614035087719296, 0.49879007864488806, 0.5311554748941318, 0.5819721718088324, 0.6082879612825166, 0.6149425287356322, 0.6669691470054446, 0.689957652752571, 0.632486388384755, 0.6748336358136721, 0.720205686630369, 0.7196007259528131, 0.7274652147610405, 0.7235329703569268, 0.735934664246824, 0.7335148215366001, 0.7335148215366001, 0.7338173018753781, 0.7335148215366001, 0.7335148215366001, 0.7335148215366001, 0.7335148215366001]
[2023-04-02 00:51:23] [INFO] testAcc:[0.2445054945054945, 0.2445054945054945, 0.2664835164835165, 0.2445054945054945, 0.3516483516483517, 0.34615384615384615, 0.38461538461538464, 0.42032967032967034, 0.4368131868131868, 0.47802197802197804, 0.5137362637362637, 0.5439560439560439, 0.5934065934065934, 0.6016483516483516, 0.6373626373626373, 0.6648351648351648, 0.6263736263736264, 0.6648351648351648, 0.6840659340659341, 0.6895604395604396, 0.6978021978021978, 0.6703296703296703, 0.6868131868131868, 0.6895604395604396, 0.6895604395604396, 0.6895604395604396, 0.6923076923076923, 0.6923076923076923, 0.6923076923076923, 0.6923076923076923]
[2023-04-02 00:51:23] [INFO] epoch: 31 / 100
[2023-04-02 00:51:30] [INFO] batch:10/26 lossAver:0.697540
[2023-04-02 00:51:37] [INFO] batch:20/26 lossAver:0.689889
[2023-04-02 00:51:41] [INFO] lossList:[2.2593188010729275, 2.098562323130094, 1.7566162531192486, 1.6466411489706774, 1.6124689441460829, 1.556592657015874, 1.502255618572235, 1.3684654648487384, 1.2972763364131634, 1.256175513450916, 1.187400785776285, 1.0819534223813276, 1.0549684235682855, 0.9600049257278442, 0.9773932787088248, 0.9193653212143824, 0.9083947653953846, 0.8673877097093142, 0.7538633254858164, 0.7302026290159959, 0.7154647341141334, 0.7083316743373871, 0.7037199758566343, 0.6902010899323684, 0.6872520630176251, 0.691633614209982, 0.6871107381123763, 0.6851968215062068, 0.6835541220811697, 0.6814268621114584, 0.6868739013488476]
[2023-04-02 00:51:59] [INFO] trainAcc:[0.24470659407138537, 0.24470659407138537, 0.2692075015124017, 0.24470659407138537, 0.3457350272232305, 0.33182093163944343, 0.3853599516031458, 0.4246823956442831, 0.45614035087719296, 0.49879007864488806, 0.5311554748941318, 0.5819721718088324, 0.6082879612825166, 0.6149425287356322, 0.6669691470054446, 0.689957652752571, 0.632486388384755, 0.6748336358136721, 0.720205686630369, 0.7196007259528131, 0.7274652147610405, 0.7235329703569268, 0.735934664246824, 0.7335148215366001, 0.7335148215366001, 0.7338173018753781, 0.7335148215366001, 0.7335148215366001, 0.7335148215366001, 0.7335148215366001, 0.7335148215366001]
[2023-04-02 00:52:02] [INFO] testAcc:[0.2445054945054945, 0.2445054945054945, 0.2664835164835165, 0.2445054945054945, 0.3516483516483517, 0.34615384615384615, 0.38461538461538464, 0.42032967032967034, 0.4368131868131868, 0.47802197802197804, 0.5137362637362637, 0.5439560439560439, 0.5934065934065934, 0.6016483516483516, 0.6373626373626373, 0.6648351648351648, 0.6263736263736264, 0.6648351648351648, 0.6840659340659341, 0.6895604395604396, 0.6978021978021978, 0.6703296703296703, 0.6868131868131868, 0.6895604395604396, 0.6895604395604396, 0.6895604395604396, 0.6923076923076923, 0.6923076923076923, 0.6923076923076923, 0.6923076923076923, 0.6923076923076923]
