nohup: ignoring input
[2023-03-21 15:00:49] [INFO] epoch: 01 / 25
[2023-03-21 15:02:49] [INFO] lossAver:57.96406851196289
[2023-03-21 15:04:49] [INFO] lossAver:57.31484698820114
[2023-03-21 15:06:50] [INFO] lossAver:57.25958676433563
[2023-03-21 15:08:51] [INFO] lossAver:57.191023372888566
[2023-03-21 15:10:52] [INFO] lossAver:57.1359667848587
[2023-03-21 15:12:53] [INFO] lossAver:57.046491307417554
[2023-03-21 15:14:52] [INFO] lossAver:56.869921694619315
[2023-03-21 15:16:54] [INFO] lossAver:54.349547349080446
[2023-03-21 15:18:55] [INFO] lossAver:51.351847387850285
[2023-03-21 15:20:55] [INFO] lossAver:48.53024960410297
[2023-03-21 15:22:55] [INFO] lossAver:45.90100036907467
[2023-03-21 15:24:56] [INFO] lossAver:43.59017964945361
[2023-03-21 15:26:57] [INFO] lossAver:41.510361301088565
[2023-03-21 15:28:57] [INFO] lossAver:39.72353749367488
[2023-03-21 15:30:57] [INFO] lossAver:38.055640204363065
[2023-03-21 15:32:57] [INFO] lossAver:36.59387265864853
[2023-03-21 15:34:57] [INFO] lossAver:35.282581812652595
[2023-03-21 15:36:57] [INFO] lossAver:34.07303052998003
[2023-03-21 15:38:56] [INFO] lossAver:32.988474782306895
[2023-03-21 15:40:57] [INFO] lossAver:32.00213209556416
[2023-03-21 15:42:57] [INFO] lossAver:31.04870007534609
[2023-03-21 15:44:58] [INFO] lossAver:30.20830375611579
[2023-03-21 15:46:59] [INFO] lossAver:29.455400152770075
[2023-03-21 15:48:59] [INFO] lossAver:28.723064752649517
[2023-03-21 15:51:00] [INFO] lossAver:28.063944912935494
[2023-03-21 15:53:01] [INFO] lossAver:27.436737913613136
[2023-03-21 15:55:01] [INFO] lossAver:26.859229016138446
[2023-03-21 15:57:03] [INFO] lossAver:26.31221154407199
[2023-03-21 15:59:03] [INFO] lossAver:25.79780383464283
[2023-03-21 16:01:04] [INFO] lossAver:25.328829976931214
[2023-03-21 16:01:04] [INFO] lossList:[25.328829976931214]
[2023-03-21 16:44:40] [INFO] trainError:[0.3948]
[2023-03-21 16:51:57] [INFO] testError:[0.0617]
[2023-03-21 16:51:57] [INFO] epoch: 02 / 25
[2023-03-21 16:53:57] [INFO] lossAver:11.255290932506323
[2023-03-21 16:55:57] [INFO] lossAver:11.110354253932833
[2023-03-21 16:57:57] [INFO] lossAver:11.090078447689613
[2023-03-21 16:59:59] [INFO] lossAver:11.042031732086093
[2023-03-21 17:02:01] [INFO] lossAver:10.813459990161657
[2023-03-21 17:04:02] [INFO] lossAver:10.719376693365474
[2023-03-21 17:06:01] [INFO] lossAver:10.618801806816032
[2023-03-21 17:08:07] [INFO] lossAver:10.62336274055764
[2023-03-21 17:10:15] [INFO] lossAver:10.591239926233888
[2023-03-21 17:12:24] [INFO] lossAver:10.581309557957947
[2023-03-21 17:14:33] [INFO] lossAver:10.532184125502
[2023-03-21 17:16:41] [INFO] lossAver:10.53436390668278
[2023-03-21 17:18:49] [INFO] lossAver:10.49807250782962
[2023-03-21 17:20:58] [INFO] lossAver:10.435127061740628
[2023-03-21 17:23:07] [INFO] lossAver:10.427323643970489
[2023-03-21 17:25:16] [INFO] lossAver:10.40038167411089
[2023-03-21 17:27:24] [INFO] lossAver:10.364679997219758
[2023-03-21 17:29:33] [INFO] lossAver:10.332150959745878
[2023-03-21 17:31:40] [INFO] lossAver:10.336258714779428
[2023-03-21 17:33:49] [INFO] lossAver:10.28136377429217
[2023-03-21 17:35:58] [INFO] lossAver:10.25060711403404
[2023-03-21 17:38:14] [INFO] lossAver:10.264708277877082
[2023-03-21 17:40:29] [INFO] lossAver:10.245307261584246
[2023-03-21 17:42:44] [INFO] lossAver:10.212405468434715
[2023-03-21 17:44:59] [INFO] lossAver:10.192318507832885
[2023-03-21 17:47:14] [INFO] lossAver:10.177876623835129
[2023-03-21 17:49:30] [INFO] lossAver:10.155394231158827
[2023-03-21 17:51:45] [INFO] lossAver:10.133315240597087
[2023-03-21 17:54:00] [INFO] lossAver:10.09188370808034
[2023-03-21 17:56:17] [INFO] lossAver:10.05666101822257
[2023-03-21 17:56:17] [INFO] lossList:[25.328829976931214, 10.05666101822257]
[2023-03-21 18:42:13] [INFO] trainError:[0.3948, 0.3068]
[2023-03-21 18:49:51] [INFO] testError:[0.0617, 0.0486]
[2023-03-21 18:49:51] [INFO] epoch: 03 / 25
[2023-03-21 18:51:58] [INFO] lossAver:9.125244483485817
[2023-03-21 18:54:06] [INFO] lossAver:9.219616379596292
[2023-03-21 18:56:14] [INFO] lossAver:9.141234237745405
[2023-03-21 18:58:22] [INFO] lossAver:9.190508661821484
[2023-03-21 19:00:31] [INFO] lossAver:9.161333920004964
[2023-03-21 19:02:39] [INFO] lossAver:9.24187234425048
[2023-03-21 19:04:48] [INFO] lossAver:9.195015283350434
[2023-03-21 19:06:56] [INFO] lossAver:9.220882767142728
[2023-03-21 19:09:04] [INFO] lossAver:9.213249030787084
[2023-03-21 19:11:12] [INFO] lossAver:9.283135433769226
[2023-03-21 19:13:26] [INFO] lossAver:9.225800751858136
[2023-03-21 19:15:39] [INFO] lossAver:9.195633670849105
[2023-03-21 19:17:54] [INFO] lossAver:9.215413109218845
[2023-03-21 19:20:11] [INFO] lossAver:9.235762522616557
[2023-03-21 19:22:26] [INFO] lossAver:9.219390371116996
[2023-03-21 19:24:43] [INFO] lossAver:9.193559111886659
[2023-03-21 19:27:01] [INFO] lossAver:9.149734520764035
[2023-03-21 19:29:18] [INFO] lossAver:9.140759082531764
[2023-03-21 19:31:35] [INFO] lossAver:9.140560008259197
[2023-03-21 19:33:52] [INFO] lossAver:9.114814510587603
[2023-03-21 19:36:09] [INFO] lossAver:9.1272719908307
[2023-03-21 19:38:27] [INFO] lossAver:9.107415924446826
[2023-03-21 19:40:44] [INFO] lossAver:9.108405571060985
[2023-03-21 19:42:52] [INFO] lossAver:9.077683368192986
[2023-03-21 19:45:01] [INFO] lossAver:9.052750145422817
[2023-03-21 19:47:09] [INFO] lossAver:9.024466481707417
[2023-03-21 19:49:17] [INFO] lossAver:9.015989009028784
[2023-03-21 19:51:25] [INFO] lossAver:9.005280827199242
[2023-03-21 19:53:33] [INFO] lossAver:8.97394580506405
[2023-03-21 19:55:42] [INFO] lossAver:8.956199089872838
[2023-03-21 19:55:42] [INFO] lossList:[25.328829976931214, 10.05666101822257, 8.956199089872838]
[2023-03-21 20:42:00] [INFO] trainError:[0.3948, 0.3068, 0.2262]
[2023-03-21 20:49:44] [INFO] testError:[0.0617, 0.0486, 0.0368]
[2023-03-21 20:49:44] [INFO] epoch: 04 / 25
[2023-03-21 20:52:04] [INFO] lossAver:8.166180607229471
[2023-03-21 20:54:26] [INFO] lossAver:8.308702547185122
[2023-03-21 20:56:46] [INFO] lossAver:8.30623592825234
[2023-03-21 20:59:08] [INFO] lossAver:8.377580376543104
[2023-03-21 21:01:32] [INFO] lossAver:8.562755951195955
[2023-03-21 21:03:53] [INFO] lossAver:8.580223905717332
[2023-03-21 21:06:15] [INFO] lossAver:8.592981672142233
[2023-03-21 21:08:37] [INFO] lossAver:8.61531229859963
[2023-03-21 21:10:59] [INFO] lossAver:8.604508364559875
[2023-03-21 21:13:23] [INFO] lossAver:8.58482190181613
[2023-03-21 21:15:44] [INFO] lossAver:8.568681082060392
[2023-03-21 21:18:07] [INFO] lossAver:8.597269866568347
[2023-03-21 21:20:30] [INFO] lossAver:8.566058118106653
[2023-03-21 21:22:52] [INFO] lossAver:8.519826791923494
[2023-03-21 21:25:06] [INFO] lossAver:8.50571753094842
[2023-03-21 21:27:22] [INFO] lossAver:8.502705628162715
[2023-03-21 21:29:37] [INFO] lossAver:8.465196473149254
[2023-03-21 21:31:51] [INFO] lossAver:8.443308353049474
[2023-03-21 21:34:01] [INFO] lossAver:8.425302381248459
[2023-03-21 21:36:09] [INFO] lossAver:8.441965682912246
[2023-03-21 21:38:18] [INFO] lossAver:8.43715366341493
[2023-03-21 21:40:26] [INFO] lossAver:8.42756367088685
[2023-03-21 21:42:34] [INFO] lossAver:8.414964873273412
[2023-03-21 21:44:43] [INFO] lossAver:8.393659372621837
[2023-03-21 21:46:50] [INFO] lossAver:8.399268603084982
[2023-03-21 21:48:58] [INFO] lossAver:8.390308711541673
[2023-03-21 21:51:07] [INFO] lossAver:8.385689331305525
[2023-03-21 21:53:14] [INFO] lossAver:8.390189144315997
[2023-03-21 21:55:22] [INFO] lossAver:8.39678296444488
[2023-03-21 21:57:30] [INFO] lossAver:8.39279812691013
[2023-03-21 21:57:30] [INFO] lossList:[25.328829976931214, 10.05666101822257, 8.956199089872838, 8.39279812691013]
[2023-03-21 22:42:35] [INFO] trainError:[0.3948, 0.3068, 0.2262, 0.2127]
[2023-03-21 22:50:39] [INFO] testError:[0.0617, 0.0486, 0.0368, 0.0346]
[2023-03-21 22:50:39] [INFO] epoch: 05 / 25
[2023-03-21 22:52:59] [INFO] lossAver:7.844391662493348
[2023-03-21 22:55:24] [INFO] lossAver:8.1949830128327
[2023-03-21 22:57:47] [INFO] lossAver:8.081421335617701
[2023-03-21 23:00:14] [INFO] lossAver:8.140427971974015
[2023-03-21 23:02:43] [INFO] lossAver:8.049227998262644
[2023-03-21 23:05:07] [INFO] lossAver:8.056126527093351
[2023-03-21 23:07:31] [INFO] lossAver:8.129033331170678
[2023-03-21 23:09:58] [INFO] lossAver:8.123938995683567
[2023-03-21 23:12:25] [INFO] lossAver:8.098007023812997
[2023-03-21 23:14:53] [INFO] lossAver:8.102618003848194
[2023-03-21 23:17:23] [INFO] lossAver:8.150473009877585
[2023-03-21 23:19:51] [INFO] lossAver:8.201658452854803
[2023-03-21 23:22:12] [INFO] lossAver:8.19001308790881
[2023-03-21 23:24:31] [INFO] lossAver:8.18744133520765
[2023-03-21 23:26:54] [INFO] lossAver:8.188418402188024
[2023-03-21 23:29:15] [INFO] lossAver:8.174307320556137
[2023-03-21 23:31:36] [INFO] lossAver:8.167739127765683
[2023-03-21 23:33:56] [INFO] lossAver:8.186261430799133
[2023-03-21 23:36:20] [INFO] lossAver:8.167675925006208
[2023-03-21 23:38:41] [INFO] lossAver:8.126517259834706
[2023-03-21 23:41:01] [INFO] lossAver:8.140264724102758
[2023-03-21 23:43:24] [INFO] lossAver:8.133875716256824
[2023-03-21 23:45:46] [INFO] lossAver:8.128590873294227
[2023-03-21 23:48:08] [INFO] lossAver:8.11342760093355
[2023-03-21 23:50:28] [INFO] lossAver:8.115808533395827
[2023-03-21 23:52:52] [INFO] lossAver:8.10008413852952
[2023-03-21 23:55:13] [INFO] lossAver:8.100768569753953
[2023-03-21 23:57:34] [INFO] lossAver:8.081667219585073
[2023-03-21 23:59:52] [INFO] lossAver:8.090264715875017
[2023-03-22 00:02:10] [INFO] lossAver:8.08443476950551
[2023-03-22 00:02:10] [INFO] lossList:[25.328829976931214, 10.05666101822257, 8.956199089872838, 8.39279812691013, 8.08443476950551]
[2023-03-22 00:49:00] [INFO] trainError:[0.3948, 0.3068, 0.2262, 0.2127, 0.2058]
[2023-03-22 00:56:37] [INFO] testError:[0.0617, 0.0486, 0.0368, 0.0346, 0.0335]
[2023-03-22 00:56:37] [INFO] epoch: 06 / 25
[2023-03-22 00:58:47] [INFO] lossAver:7.098750088430941
[2023-03-22 01:00:54] [INFO] lossAver:6.888495637927204
[2023-03-22 01:03:03] [INFO] lossAver:6.811242234118283
[2023-03-22 01:05:13] [INFO] lossAver:6.68341537822038
[2023-03-22 01:07:22] [INFO] lossAver:6.680547573274374
[2023-03-22 01:09:30] [INFO] lossAver:6.639670084872593
[2023-03-22 01:11:41] [INFO] lossAver:6.584985018882368
[2023-03-22 01:13:51] [INFO] lossAver:6.597347830050625
[2023-03-22 01:15:59] [INFO] lossAver:6.606592581721643
[2023-03-22 01:18:08] [INFO] lossAver:6.594127160059661
[2023-03-22 01:20:19] [INFO] lossAver:6.602877559281886
[2023-03-22 01:22:27] [INFO] lossAver:6.595173756524921
[2023-03-22 01:24:34] [INFO] lossAver:6.624433235379366
[2023-03-22 01:26:43] [INFO] lossAver:6.64843476556614
[2023-03-22 01:28:54] [INFO] lossAver:6.642719668490192
[2023-03-22 01:31:02] [INFO] lossAver:6.638086479438934
[2023-03-22 01:33:09] [INFO] lossAver:6.6017968979990655
[2023-03-22 01:35:20] [INFO] lossAver:6.590435889461388
[2023-03-22 01:37:30] [INFO] lossAver:6.588070964413254
[2023-03-22 01:39:35] [INFO] lossAver:6.579208228704706
[2023-03-22 01:41:43] [INFO] lossAver:6.6065507968532895
[2023-03-22 01:43:53] [INFO] lossAver:6.591496994781562
[2023-03-22 01:46:01] [INFO] lossAver:6.603014269264172
[2023-03-22 01:48:09] [INFO] lossAver:6.607086013438801
[2023-03-22 01:50:19] [INFO] lossAver:6.586175219567716
[2023-03-22 01:52:29] [INFO] lossAver:6.587904497895963
[2023-03-22 01:54:36] [INFO] lossAver:6.5809722512146385
[2023-03-22 01:56:41] [INFO] lossAver:6.565945354261302
[2023-03-22 01:58:41] [INFO] lossAver:6.569216989198378
[2023-03-22 02:00:43] [INFO] lossAver:6.570282214035839
[2023-03-22 02:00:43] [INFO] lossList:[25.328829976931214, 10.05666101822257, 8.956199089872838, 8.39279812691013, 8.08443476950551, 6.570282214035839]
[2023-03-22 02:44:32] [INFO] trainError:[0.3948, 0.3068, 0.2262, 0.2127, 0.2058, 0.1706]
[2023-03-22 02:51:48] [INFO] testError:[0.0617, 0.0486, 0.0368, 0.0346, 0.0335, 0.0292]
[2023-03-22 02:51:48] [INFO] epoch: 07 / 25
[2023-03-22 02:53:50] [INFO] lossAver:6.200313247703016
[2023-03-22 02:55:52] [INFO] lossAver:6.386161678403616
[2023-03-22 02:57:53] [INFO] lossAver:6.453126364350319
[2023-03-22 02:59:56] [INFO] lossAver:6.362757687250152
[2023-03-22 03:01:58] [INFO] lossAver:6.329429831254482
[2023-03-22 03:03:58] [INFO] lossAver:6.312559054983159
[2023-03-22 03:05:59] [INFO] lossAver:6.367942077609045
[2023-03-22 03:07:58] [INFO] lossAver:6.355018421804532
[2023-03-22 03:10:00] [INFO] lossAver:6.344672667986817
[2023-03-22 03:12:01] [INFO] lossAver:6.3842972520396115
[2023-03-22 03:14:02] [INFO] lossAver:6.4114124606563285
[2023-03-22 03:16:03] [INFO] lossAver:6.418718462906778
[2023-03-22 03:18:05] [INFO] lossAver:6.418174175476225
[2023-03-22 03:20:06] [INFO] lossAver:6.396433662627957
[2023-03-22 03:22:05] [INFO] lossAver:6.391802690078318
[2023-03-22 03:24:04] [INFO] lossAver:6.386412570759654
[2023-03-22 03:26:04] [INFO] lossAver:6.365805986814639
[2023-03-22 03:28:05] [INFO] lossAver:6.356752056872265
[2023-03-22 03:30:07] [INFO] lossAver:6.358422126853152
[2023-03-22 03:32:08] [INFO] lossAver:6.369636188527103
[2023-03-22 03:34:10] [INFO] lossAver:6.367329915402812
[2023-03-22 03:36:10] [INFO] lossAver:6.3759752580776645
[2023-03-22 03:38:10] [INFO] lossAver:6.385061338933832
[2023-03-22 03:40:12] [INFO] lossAver:6.395725183765637
[2023-03-22 03:42:12] [INFO] lossAver:6.39976035205476
[2023-03-22 03:44:12] [INFO] lossAver:6.396246190962811
[2023-03-22 03:46:14] [INFO] lossAver:6.414905195294914
[2023-03-22 03:48:14] [INFO] lossAver:6.4284837877004675
[2023-03-22 03:50:13] [INFO] lossAver:6.437719417519803
[2023-03-22 03:52:12] [INFO] lossAver:6.441887854872582
[2023-03-22 03:52:12] [INFO] lossList:[25.328829976931214, 10.05666101822257, 8.956199089872838, 8.39279812691013, 8.08443476950551, 6.570282214035839, 6.441887854872582]
[2023-03-22 04:36:01] [INFO] trainError:[0.3948, 0.3068, 0.2262, 0.2127, 0.2058, 0.1706, 0.1895]
[2023-03-22 04:43:17] [INFO] testError:[0.0617, 0.0486, 0.0368, 0.0346, 0.0335, 0.0292, 0.0305]
[2023-03-22 04:43:17] [INFO] epoch: 08 / 25
[2023-03-22 04:45:24] [INFO] lossAver:6.520345620866865
[2023-03-22 04:47:31] [INFO] lossAver:6.4174184969421475
[2023-03-22 04:49:39] [INFO] lossAver:6.394872619394213
[2023-03-22 04:51:47] [INFO] lossAver:6.351235370607116
[2023-03-22 04:53:54] [INFO] lossAver:6.3203932704724375
[2023-03-22 04:56:02] [INFO] lossAver:6.307508440800632
[2023-03-22 04:58:11] [INFO] lossAver:6.330268215556762
[2023-03-22 05:00:20] [INFO] lossAver:6.279841417866293
[2023-03-22 05:02:29] [INFO] lossAver:6.296796846547474
[2023-03-22 05:04:38] [INFO] lossAver:6.338949631491676
[2023-03-22 05:06:47] [INFO] lossAver:6.373301792604341
[2023-03-22 05:08:56] [INFO] lossAver:6.3596777517755205
[2023-03-22 05:11:05] [INFO] lossAver:6.373064159505356
[2023-03-22 05:13:14] [INFO] lossAver:6.364722468665402
[2023-03-22 05:15:23] [INFO] lossAver:6.377141667999079
[2023-03-22 05:17:32] [INFO] lossAver:6.3969879294529095
[2023-03-22 05:19:40] [INFO] lossAver:6.413436881914078
[2023-03-22 05:21:49] [INFO] lossAver:6.403693387034246
[2023-03-22 05:23:57] [INFO] lossAver:6.404530971926882
[2023-03-22 05:26:06] [INFO] lossAver:6.403266995543428
[2023-03-22 05:28:15] [INFO] lossAver:6.41152667360948
[2023-03-22 05:30:24] [INFO] lossAver:6.420971609471027
[2023-03-22 05:32:33] [INFO] lossAver:6.422227052689409
[2023-03-22 05:34:42] [INFO] lossAver:6.421808133759381
[2023-03-22 05:36:51] [INFO] lossAver:6.415060584917813
[2023-03-22 05:39:00] [INFO] lossAver:6.410248185088285
[2023-03-22 05:41:09] [INFO] lossAver:6.398705518002173
[2023-03-22 05:43:17] [INFO] lossAver:6.381612898042558
[2023-03-22 05:45:26] [INFO] lossAver:6.386342783392632
[2023-03-22 05:47:34] [INFO] lossAver:6.37767382268769
[2023-03-22 05:47:34] [INFO] lossList:[25.328829976931214, 10.05666101822257, 8.956199089872838, 8.39279812691013, 8.08443476950551, 6.570282214035839, 6.441887854872582, 6.37767382268769]
[2023-03-22 06:31:57] [INFO] trainError:[0.3948, 0.3068, 0.2262, 0.2127, 0.2058, 0.1706, 0.1895, 0.1771]
[2023-03-22 06:39:19] [INFO] testError:[0.0617, 0.0486, 0.0368, 0.0346, 0.0335, 0.0292, 0.0305, 0.0285]
[2023-03-22 06:39:19] [INFO] epoch: 09 / 25
[2023-03-22 06:41:25] [INFO] lossAver:6.1006011963039635
[2023-03-22 06:43:33] [INFO] lossAver:6.153942007876933
[2023-03-22 06:45:41] [INFO] lossAver:6.145947541480263
[2023-03-22 06:47:48] [INFO] lossAver:6.222357977490872
[2023-03-22 06:49:55] [INFO] lossAver:6.288778189265728
[2023-03-22 06:52:03] [INFO] lossAver:6.226461262711634
[2023-03-22 06:54:11] [INFO] lossAver:6.165099627097803
[2023-03-22 06:56:19] [INFO] lossAver:6.1657342318925075
[2023-03-22 06:58:27] [INFO] lossAver:6.16123547829729
[2023-03-22 07:00:36] [INFO] lossAver:6.173506493250653
[2023-03-22 07:02:45] [INFO] lossAver:6.1909635698575185
[2023-03-22 07:04:53] [INFO] lossAver:6.202282706233673
[2023-03-22 07:07:01] [INFO] lossAver:6.230042569077073
[2023-03-22 07:09:09] [INFO] lossAver:6.250673179069001
[2023-03-22 07:11:17] [INFO] lossAver:6.249478876644124
[2023-03-22 07:13:26] [INFO] lossAver:6.222161402496742
[2023-03-22 07:15:34] [INFO] lossAver:6.2284798107175705
[2023-03-22 07:17:43] [INFO] lossAver:6.224139559096967
[2023-03-22 07:19:51] [INFO] lossAver:6.250760376803381
[2023-03-22 07:22:00] [INFO] lossAver:6.259247032223083
[2023-03-22 07:24:08] [INFO] lossAver:6.264294138899339
[2023-03-22 07:26:23] [INFO] lossAver:6.269708797804503
[2023-03-22 07:28:48] [INFO] lossAver:6.278412331211988
[2023-03-22 07:31:09] [INFO] lossAver:6.29824513942174
[2023-03-22 07:33:31] [INFO] lossAver:6.303926315178722
[2023-03-22 07:35:52] [INFO] lossAver:6.30441707520717
[2023-03-22 07:38:12] [INFO] lossAver:6.2993187945400955
[2023-03-22 07:40:32] [INFO] lossAver:6.284239270875895
[2023-03-22 07:42:51] [INFO] lossAver:6.277475890685901
[2023-03-22 07:45:13] [INFO] lossAver:6.284367646379893
[2023-03-22 07:45:13] [INFO] lossList:[25.328829976931214, 10.05666101822257, 8.956199089872838, 8.39279812691013, 8.08443476950551, 6.570282214035839, 6.441887854872582, 6.37767382268769, 6.284367646379893]
[2023-03-22 08:33:37] [INFO] trainError:[0.3948, 0.3068, 0.2262, 0.2127, 0.2058, 0.1706, 0.1895, 0.1771, 0.1633]
[2023-03-22 08:41:41] [INFO] testError:[0.0617, 0.0486, 0.0368, 0.0346, 0.0335, 0.0292, 0.0305, 0.0285, 0.0287]
[2023-03-22 08:41:41] [INFO] epoch: 10 / 25
[2023-03-22 08:44:00] [INFO] lossAver:6.63150737631321
[2023-03-22 08:46:18] [INFO] lossAver:6.5306714676693085
[2023-03-22 08:48:38] [INFO] lossAver:6.426748657248914
[2023-03-22 08:50:57] [INFO] lossAver:6.415075890960172
[2023-03-22 08:53:20] [INFO] lossAver:6.373479192331433
[2023-03-22 08:55:41] [INFO] lossAver:6.3639198123763006
[2023-03-22 08:58:02] [INFO] lossAver:6.346828051890646
[2023-03-22 09:00:22] [INFO] lossAver:6.3309353987388315
[2023-03-22 09:02:42] [INFO] lossAver:6.315182283891572
[2023-03-22 09:05:03] [INFO] lossAver:6.287420007970929
[2023-03-22 09:07:21] [INFO] lossAver:6.2322344963848595
[2023-03-22 09:09:41] [INFO] lossAver:6.220907883595675
[2023-03-22 09:12:00] [INFO] lossAver:6.230500930470916
[2023-03-22 09:14:25] [INFO] lossAver:6.221705418097653
[2023-03-22 09:16:47] [INFO] lossAver:6.2229806925177575
[2023-03-22 09:19:11] [INFO] lossAver:6.217375316790771
[2023-03-22 09:21:33] [INFO] lossAver:6.208544974776752
[2023-03-22 09:23:55] [INFO] lossAver:6.199410862973581
[2023-03-22 09:26:15] [INFO] lossAver:6.183578952376387
[2023-03-22 09:28:35] [INFO] lossAver:6.190935881723836
[2023-03-22 09:30:55] [INFO] lossAver:6.212558011498125
[2023-03-22 09:33:15] [INFO] lossAver:6.193209034955299
[2023-03-22 09:35:40] [INFO] lossAver:6.20634350797372
[2023-03-22 09:38:01] [INFO] lossAver:6.2091252169562505
[2023-03-22 09:40:25] [INFO] lossAver:6.207710055525154
[2023-03-22 09:42:47] [INFO] lossAver:6.216335531323431
[2023-03-22 09:45:11] [INFO] lossAver:6.217004437809051
[2023-03-22 09:47:29] [INFO] lossAver:6.218327161061843
[2023-03-22 09:49:50] [INFO] lossAver:6.206658989002864
[2023-03-22 09:52:11] [INFO] lossAver:6.199281049809729
[2023-03-22 09:52:11] [INFO] lossList:[25.328829976931214, 10.05666101822257, 8.956199089872838, 8.39279812691013, 8.08443476950551, 6.570282214035839, 6.441887854872582, 6.37767382268769, 6.284367646379893, 6.199281049809729]
[2023-03-22 10:40:40] [INFO] trainError:[0.3948, 0.3068, 0.2262, 0.2127, 0.2058, 0.1706, 0.1895, 0.1771, 0.1633, 0.1562]
[2023-03-22 10:48:50] [INFO] testError:[0.0617, 0.0486, 0.0368, 0.0346, 0.0335, 0.0292, 0.0305, 0.0285, 0.0287, 0.0287]
[2023-03-22 10:48:50] [INFO] epoch: 11 / 25
[2023-03-22 10:51:09] [INFO] lossAver:5.3850256062448025
[2023-03-22 10:53:27] [INFO] lossAver:5.4411744595058265
[2023-03-22 10:55:47] [INFO] lossAver:5.382850192071249
[2023-03-22 10:58:01] [INFO] lossAver:5.379239039367996
[2023-03-22 11:00:17] [INFO] lossAver:5.3789334998048846
[2023-03-22 11:02:30] [INFO] lossAver:5.458836271128928
[2023-03-22 11:04:46] [INFO] lossAver:5.504962534331318
[2023-03-22 11:07:00] [INFO] lossAver:5.509421302958858
[2023-03-22 11:09:15] [INFO] lossAver:5.485270849950198
[2023-03-22 11:11:29] [INFO] lossAver:5.463434751674906
[2023-03-22 11:13:42] [INFO] lossAver:5.443698377202519
[2023-03-22 11:15:56] [INFO] lossAver:5.4569636998130004
[2023-03-22 11:18:09] [INFO] lossAver:5.483527971295497
[2023-03-22 11:20:27] [INFO] lossAver:5.519382055729894
[2023-03-22 11:22:42] [INFO] lossAver:5.511731245627751
[2023-03-22 11:25:00] [INFO] lossAver:5.508802820583573
[2023-03-22 11:27:16] [INFO] lossAver:5.486567460626144
[2023-03-22 11:29:33] [INFO] lossAver:5.479131984465859
[2023-03-22 11:31:48] [INFO] lossAver:5.482725223540279
[2023-03-22 11:34:03] [INFO] lossAver:5.476501986044459
[2023-03-22 11:36:18] [INFO] lossAver:5.480785738984566
[2023-03-22 11:38:32] [INFO] lossAver:5.455851602880284
[2023-03-22 11:40:48] [INFO] lossAver:5.460147130774253
[2023-03-22 11:43:03] [INFO] lossAver:5.460775594779135
[2023-03-22 11:45:21] [INFO] lossAver:5.4643510167475045
[2023-03-22 11:47:37] [INFO] lossAver:5.474770204408667
[2023-03-22 11:49:54] [INFO] lossAver:5.463686922916246
[2023-03-22 11:52:10] [INFO] lossAver:5.453687981510003
[2023-03-22 11:54:25] [INFO] lossAver:5.454386694515317
[2023-03-22 11:56:39] [INFO] lossAver:5.447665427385271
[2023-03-22 11:56:39] [INFO] lossList:[25.328829976931214, 10.05666101822257, 8.956199089872838, 8.39279812691013, 8.08443476950551, 6.570282214035839, 6.441887854872582, 6.37767382268769, 6.284367646379893, 6.199281049809729, 5.447665427385271]
[2023-03-22 12:44:46] [INFO] trainError:[0.3948, 0.3068, 0.2262, 0.2127, 0.2058, 0.1706, 0.1895, 0.1771, 0.1633, 0.1562, 0.1512]
[2023-03-22 12:52:48] [INFO] testError:[0.0617, 0.0486, 0.0368, 0.0346, 0.0335, 0.0292, 0.0305, 0.0285, 0.0287, 0.0287, 0.0252]
[2023-03-22 12:52:48] [INFO] epoch: 12 / 25
[2023-03-22 12:55:02] [INFO] lossAver:5.94487881590426
[2023-03-22 12:57:16] [INFO] lossAver:5.8896521819587795
[2023-03-22 12:59:28] [INFO] lossAver:5.597031725882242
[2023-03-22 13:01:42] [INFO] lossAver:5.457409813781269
[2023-03-22 13:03:55] [INFO] lossAver:5.399645308696479
[2023-03-22 13:06:10] [INFO] lossAver:5.4171087724734095
[2023-03-22 13:08:25] [INFO] lossAver:5.394266642717911
[2023-03-22 13:10:40] [INFO] lossAver:5.403921016165986
[2023-03-22 13:12:55] [INFO] lossAver:5.386777442288068
[2023-03-22 13:15:10] [INFO] lossAver:5.397315908258408
[2023-03-22 13:17:23] [INFO] lossAver:5.413797263054008
[2023-03-22 13:19:36] [INFO] lossAver:5.430873690611993
[2023-03-22 13:21:52] [INFO] lossAver:5.401605123631083
[2023-03-22 13:24:06] [INFO] lossAver:5.378310753167208
[2023-03-22 13:26:24] [INFO] lossAver:5.3843766609792905
[2023-03-22 13:28:39] [INFO] lossAver:5.394373074159026
[2023-03-22 13:30:57] [INFO] lossAver:5.399982241143637
[2023-03-22 13:33:14] [INFO] lossAver:5.388257740314015
[2023-03-22 13:35:30] [INFO] lossAver:5.384734376668734
[2023-03-22 13:37:45] [INFO] lossAver:5.379138951579668
[2023-03-22 13:40:00] [INFO] lossAver:5.390699784319848
[2023-03-22 13:42:14] [INFO] lossAver:5.383610243309628
[2023-03-22 13:44:29] [INFO] lossAver:5.399849912106019
[2023-03-22 13:46:46] [INFO] lossAver:5.405399608603368
[2023-03-22 13:49:01] [INFO] lossAver:5.411918574338257
[2023-03-22 13:51:18] [INFO] lossAver:5.399155974148845
[2023-03-22 13:53:35] [INFO] lossAver:5.3851769732327925
[2023-03-22 13:55:52] [INFO] lossAver:5.385099067602306
[2023-03-22 13:58:07] [INFO] lossAver:5.38689183705146
[2023-03-22 14:00:21] [INFO] lossAver:5.386005536257972
[2023-03-22 14:00:21] [INFO] lossList:[25.328829976931214, 10.05666101822257, 8.956199089872838, 8.39279812691013, 8.08443476950551, 6.570282214035839, 6.441887854872582, 6.37767382268769, 6.284367646379893, 6.199281049809729, 5.447665427385271, 5.386005536257972]
[2023-03-22 14:47:11] [INFO] trainError:[0.3948, 0.3068, 0.2262, 0.2127, 0.2058, 0.1706, 0.1895, 0.1771, 0.1633, 0.1562, 0.1512, 0.1415]
[2023-03-22 14:54:51] [INFO] testError:[0.0617, 0.0486, 0.0368, 0.0346, 0.0335, 0.0292, 0.0305, 0.0285, 0.0287, 0.0287, 0.0252, 0.0254]
[2023-03-22 14:54:51] [INFO] epoch: 13 / 25
[2023-03-22 14:57:00] [INFO] lossAver:5.636310571007431
[2023-03-22 14:59:08] [INFO] lossAver:5.460264594145119
[2023-03-22 15:01:14] [INFO] lossAver:5.320497222228597
[2023-03-22 15:03:21] [INFO] lossAver:5.354787226132117
[2023-03-22 15:05:28] [INFO] lossAver:5.431622623532266
[2023-03-22 15:07:37] [INFO] lossAver:5.36385679937092
[2023-03-22 15:09:47] [INFO] lossAver:5.389575939161969
[2023-03-22 15:11:56] [INFO] lossAver:5.399846832990181
[2023-03-22 15:14:05] [INFO] lossAver:5.395427811400344
[2023-03-22 15:16:15] [INFO] lossAver:5.3431545360606165
[2023-03-22 15:18:24] [INFO] lossAver:5.323887863988904
[2023-03-22 15:20:32] [INFO] lossAver:5.307430733785033
[2023-03-22 15:22:38] [INFO] lossAver:5.330227608082673
[2023-03-22 15:24:44] [INFO] lossAver:5.323736624448294
[2023-03-22 15:26:52] [INFO] lossAver:5.335150931437686
[2023-03-22 15:29:02] [INFO] lossAver:5.325470489559579
[2023-03-22 15:31:11] [INFO] lossAver:5.2904088711457
[2023-03-22 15:33:21] [INFO] lossAver:5.301997566818053
[2023-03-22 15:35:30] [INFO] lossAver:5.312249387987448
[2023-03-22 15:37:39] [INFO] lossAver:5.327581376453209
[2023-03-22 15:39:46] [INFO] lossAver:5.315804757097559
[2023-03-22 15:41:53] [INFO] lossAver:5.325420707435009
[2023-03-22 15:44:01] [INFO] lossAver:5.337711435265758
[2023-03-22 15:46:08] [INFO] lossAver:5.347472518955279
[2023-03-22 15:48:17] [INFO] lossAver:5.347260358945057
[2023-03-22 15:50:27] [INFO] lossAver:5.347752826874001
[2023-03-22 15:52:36] [INFO] lossAver:5.336984151927893
[2023-03-22 15:54:45] [INFO] lossAver:5.338258743811066
[2023-03-22 15:56:55] [INFO] lossAver:5.340895620649423
[2023-03-22 15:59:02] [INFO] lossAver:5.339140383008806
[2023-03-22 15:59:02] [INFO] lossList:[25.328829976931214, 10.05666101822257, 8.956199089872838, 8.39279812691013, 8.08443476950551, 6.570282214035839, 6.441887854872582, 6.37767382268769, 6.284367646379893, 6.199281049809729, 5.447665427385271, 5.386005536257972, 5.339140383008806]
[2023-03-22 16:43:20] [INFO] trainError:[0.3948, 0.3068, 0.2262, 0.2127, 0.2058, 0.1706, 0.1895, 0.1771, 0.1633, 0.1562, 0.1512, 0.1415, 0.14]
[2023-03-22 16:50:43] [INFO] testError:[0.0617, 0.0486, 0.0368, 0.0346, 0.0335, 0.0292, 0.0305, 0.0285, 0.0287, 0.0287, 0.0252, 0.0254, 0.0251]
[2023-03-22 16:50:43] [INFO] epoch: 14 / 25
[2023-03-22 16:52:50] [INFO] lossAver:5.614340352609753
[2023-03-22 16:54:58] [INFO] lossAver:5.421323154505342
[2023-03-22 16:57:05] [INFO] lossAver:5.473351197908322
[2023-03-22 16:59:13] [INFO] lossAver:5.474984045004472
[2023-03-22 17:01:20] [INFO] lossAver:5.494885330213607
[2023-03-22 17:03:27] [INFO] lossAver:5.464071306453397
[2023-03-22 17:05:34] [INFO] lossAver:5.447141186025526
[2023-03-22 17:07:41] [INFO] lossAver:5.401928652334027
[2023-03-22 17:09:48] [INFO] lossAver:5.371670726444158
[2023-03-22 17:11:55] [INFO] lossAver:5.381790707446635
[2023-03-22 17:14:02] [INFO] lossAver:5.384685922306369
[2023-03-22 17:16:11] [INFO] lossAver:5.386897966757417
[2023-03-22 17:18:20] [INFO] lossAver:5.373640815146841
[2023-03-22 17:20:29] [INFO] lossAver:5.350162791529404
[2023-03-22 17:22:38] [INFO] lossAver:5.352454911726961
[2023-03-22 17:24:47] [INFO] lossAver:5.3326193067508285
[2023-03-22 17:26:56] [INFO] lossAver:5.32998578240832
[2023-03-22 17:29:04] [INFO] lossAver:5.326990066204427
[2023-03-22 17:31:13] [INFO] lossAver:5.3328456943472355
[2023-03-22 17:33:23] [INFO] lossAver:5.338261237242259
[2023-03-22 17:35:31] [INFO] lossAver:5.332070666890236
[2023-03-22 17:37:40] [INFO] lossAver:5.329621342158283
[2023-03-22 17:39:49] [INFO] lossAver:5.321723713183695
[2023-03-22 17:41:57] [INFO] lossAver:5.30463389467774
[2023-03-22 17:44:06] [INFO] lossAver:5.295918491813094
[2023-03-22 17:46:14] [INFO] lossAver:5.285608194010045
[2023-03-22 17:48:22] [INFO] lossAver:5.284913060017827
[2023-03-22 17:50:31] [INFO] lossAver:5.289153273916869
[2023-03-22 17:52:40] [INFO] lossAver:5.286983776976772
[2023-03-22 17:54:48] [INFO] lossAver:5.292950141308643
[2023-03-22 17:54:48] [INFO] lossList:[25.328829976931214, 10.05666101822257, 8.956199089872838, 8.39279812691013, 8.08443476950551, 6.570282214035839, 6.441887854872582, 6.37767382268769, 6.284367646379893, 6.199281049809729, 5.447665427385271, 5.386005536257972, 5.339140383008806, 5.292950141308643]
[2023-03-22 18:39:18] [INFO] trainError:[0.3948, 0.3068, 0.2262, 0.2127, 0.2058, 0.1706, 0.1895, 0.1771, 0.1633, 0.1562, 0.1512, 0.1415, 0.14, 0.1325]
[2023-03-22 18:46:39] [INFO] testError:[0.0617, 0.0486, 0.0368, 0.0346, 0.0335, 0.0292, 0.0305, 0.0285, 0.0287, 0.0287, 0.0252, 0.0254, 0.0251, 0.0235]
[2023-03-22 18:46:39] [INFO] epoch: 15 / 25
[2023-03-22 18:48:46] [INFO] lossAver:5.591609463334083
[2023-03-22 18:50:57] [INFO] lossAver:5.394882472012192
[2023-03-22 18:53:07] [INFO] lossAver:5.287800547381242
[2023-03-22 18:55:18] [INFO] lossAver:5.2948928928859536
[2023-03-22 18:57:28] [INFO] lossAver:5.294046718384325
[2023-03-22 18:59:39] [INFO] lossAver:5.28086465442429
[2023-03-22 19:01:50] [INFO] lossAver:5.319105119229428
[2023-03-22 19:04:01] [INFO] lossAver:5.32976026418549
[2023-03-22 19:06:10] [INFO] lossAver:5.2793763065816215
[2023-03-22 19:08:21] [INFO] lossAver:5.262452332045696
[2023-03-22 19:10:32] [INFO] lossAver:5.291257777694782
[2023-03-22 19:12:43] [INFO] lossAver:5.278168608739196
[2023-03-22 19:14:55] [INFO] lossAver:5.255681315709049
[2023-03-22 19:17:07] [INFO] lossAver:5.233748400413432
[2023-03-22 19:19:19] [INFO] lossAver:5.238871735600755
[2023-03-22 19:21:32] [INFO] lossAver:5.228933257656987
[2023-03-22 19:23:44] [INFO] lossAver:5.230850503742366
[2023-03-22 19:25:56] [INFO] lossAver:5.223665265286652
[2023-03-22 19:28:08] [INFO] lossAver:5.237320433046179
[2023-03-22 19:30:21] [INFO] lossAver:5.229909838230256
[2023-03-22 19:32:33] [INFO] lossAver:5.220439337780877
[2023-03-22 19:34:44] [INFO] lossAver:5.2271108697162605
[2023-03-22 19:36:57] [INFO] lossAver:5.220140803205335
[2023-03-22 19:39:09] [INFO] lossAver:5.230897420245456
[2023-03-22 19:41:21] [INFO] lossAver:5.226434288315699
[2023-03-22 19:43:33] [INFO] lossAver:5.2337511155498575
[2023-03-22 19:45:45] [INFO] lossAver:5.2415247251327255
[2023-03-22 19:47:56] [INFO] lossAver:5.239023868238487
[2023-03-22 19:50:09] [INFO] lossAver:5.239394755761878
[2023-03-22 19:52:22] [INFO] lossAver:5.249661856259343
[2023-03-22 19:52:22] [INFO] lossList:[25.328829976931214, 10.05666101822257, 8.956199089872838, 8.39279812691013, 8.08443476950551, 6.570282214035839, 6.441887854872582, 6.37767382268769, 6.284367646379893, 6.199281049809729, 5.447665427385271, 5.386005536257972, 5.339140383008806, 5.292950141308643, 5.249661856259343]
[2023-03-22 20:40:25] [INFO] trainError:[0.3948, 0.3068, 0.2262, 0.2127, 0.2058, 0.1706, 0.1895, 0.1771, 0.1633, 0.1562, 0.1512, 0.1415, 0.14, 0.1325, 0.136]
[2023-03-22 20:48:31] [INFO] testError:[0.0617, 0.0486, 0.0368, 0.0346, 0.0335, 0.0292, 0.0305, 0.0285, 0.0287, 0.0287, 0.0252, 0.0254, 0.0251, 0.0235, 0.0238]
[2023-03-22 20:48:31] [INFO] epoch: 16 / 25
[2023-03-22 20:50:55] [INFO] lossAver:5.134857450440526
[2023-03-22 20:53:18] [INFO] lossAver:5.264660230305046
[2023-03-22 20:55:41] [INFO] lossAver:5.130758463494479
[2023-03-22 20:58:03] [INFO] lossAver:5.061756766925566
[2023-03-22 21:00:26] [INFO] lossAver:5.0360194752648475
[2023-03-22 21:02:47] [INFO] lossAver:5.018829873602837
[2023-03-22 21:05:07] [INFO] lossAver:5.0741835925036245
[2023-03-22 21:07:29] [INFO] lossAver:5.0608770710285755
[2023-03-22 21:09:50] [INFO] lossAver:5.0910158228820395
[2023-03-22 21:12:13] [INFO] lossAver:5.048577959090471
[2023-03-22 21:14:35] [INFO] lossAver:5.064342939352786
[2023-03-22 21:16:57] [INFO] lossAver:5.037688741733009
[2023-03-22 21:19:19] [INFO] lossAver:5.045712146057532
[2023-03-22 21:21:41] [INFO] lossAver:5.071466353671625
[2023-03-22 21:24:03] [INFO] lossAver:5.055544648202012
[2023-03-22 21:26:24] [INFO] lossAver:5.059996354171307
[2023-03-22 21:28:47] [INFO] lossAver:5.054808238957735
[2023-03-22 21:31:09] [INFO] lossAver:5.035718407051017
[2023-03-22 21:33:32] [INFO] lossAver:5.034444191158994
[2023-03-22 21:35:55] [INFO] lossAver:5.024132925212197
[2023-03-22 21:38:18] [INFO] lossAver:5.006892739725077
[2023-03-22 21:40:42] [INFO] lossAver:5.007123807200484
[2023-03-22 21:43:07] [INFO] lossAver:4.99910237539511
[2023-03-22 21:45:31] [INFO] lossAver:5.003721147992183
[2023-03-22 21:47:54] [INFO] lossAver:5.003559296799302
[2023-03-22 21:50:16] [INFO] lossAver:4.999963702463186
[2023-03-22 21:52:39] [INFO] lossAver:4.9980675053661345
[2023-03-22 21:55:01] [INFO] lossAver:4.998292646612307
[2023-03-22 21:57:24] [INFO] lossAver:4.999913149688521
[2023-03-22 21:59:47] [INFO] lossAver:4.99218970121195
[2023-03-22 21:59:47] [INFO] lossList:[25.328829976931214, 10.05666101822257, 8.956199089872838, 8.39279812691013, 8.08443476950551, 6.570282214035839, 6.441887854872582, 6.37767382268769, 6.284367646379893, 6.199281049809729, 5.447665427385271, 5.386005536257972, 5.339140383008806, 5.292950141308643, 5.249661856259343, 4.99218970121195]
[2023-03-22 22:48:56] [INFO] trainError:[0.3948, 0.3068, 0.2262, 0.2127, 0.2058, 0.1706, 0.1895, 0.1771, 0.1633, 0.1562, 0.1512, 0.1415, 0.14, 0.1325, 0.136, 0.1333]
[2023-03-22 22:56:54] [INFO] testError:[0.0617, 0.0486, 0.0368, 0.0346, 0.0335, 0.0292, 0.0305, 0.0285, 0.0287, 0.0287, 0.0252, 0.0254, 0.0251, 0.0235, 0.0238, 0.0229]
[2023-03-22 22:56:54] [INFO] epoch: 17 / 25
[2023-03-22 22:59:06] [INFO] lossAver:4.875683338329196
[2023-03-22 23:01:17] [INFO] lossAver:4.987208594117313
[2023-03-22 23:03:29] [INFO] lossAver:4.974701269321144
[2023-03-22 23:05:40] [INFO] lossAver:4.965894648618996
[2023-03-22 23:07:51] [INFO] lossAver:5.002598337820173
[2023-03-22 23:10:02] [INFO] lossAver:5.012969332579523
[2023-03-22 23:12:13] [INFO] lossAver:4.990572157362742
[2023-03-22 23:14:24] [INFO] lossAver:4.990707378230989
[2023-03-22 23:16:36] [INFO] lossAver:4.984457924603588
[2023-03-22 23:18:47] [INFO] lossAver:4.994970031227171
[2023-03-22 23:20:58] [INFO] lossAver:4.994284692288461
[2023-03-22 23:23:10] [INFO] lossAver:4.971873821889361
[2023-03-22 23:25:21] [INFO] lossAver:4.957332836780983
[2023-03-22 23:27:33] [INFO] lossAver:4.978002149838955
[2023-03-22 23:29:44] [INFO] lossAver:4.988814129383862
[2023-03-22 23:31:55] [INFO] lossAver:4.962699296709034
[2023-03-22 23:34:06] [INFO] lossAver:4.937744800484027
[2023-03-22 23:36:17] [INFO] lossAver:4.9388181294998565
[2023-03-22 23:38:29] [INFO] lossAver:4.947612445420439
[2023-03-22 23:40:41] [INFO] lossAver:4.957982080624998
[2023-03-22 23:42:53] [INFO] lossAver:4.939446641887582
[2023-03-22 23:45:06] [INFO] lossAver:4.932053187917241
[2023-03-22 23:47:18] [INFO] lossAver:4.9460011999940745
[2023-03-22 23:49:32] [INFO] lossAver:4.947743567084738
[2023-03-22 23:51:45] [INFO] lossAver:4.947514063330144
[2023-03-22 23:53:58] [INFO] lossAver:4.947924139781783
[2023-03-22 23:56:10] [INFO] lossAver:4.957755240212298
[2023-03-22 23:58:23] [INFO] lossAver:4.956755948393074
[2023-03-23 00:00:36] [INFO] lossAver:4.9645966975325395
[2023-03-23 00:02:48] [INFO] lossAver:4.964962549945712
[2023-03-23 00:02:48] [INFO] lossList:[25.328829976931214, 10.05666101822257, 8.956199089872838, 8.39279812691013, 8.08443476950551, 6.570282214035839, 6.441887854872582, 6.37767382268769, 6.284367646379893, 6.199281049809729, 5.447665427385271, 5.386005536257972, 5.339140383008806, 5.292950141308643, 5.249661856259343, 4.99218970121195, 4.964962549945712]
[2023-03-23 00:48:32] [INFO] trainError:[0.3948, 0.3068, 0.2262, 0.2127, 0.2058, 0.1706, 0.1895, 0.1771, 0.1633, 0.1562, 0.1512, 0.1415, 0.14, 0.1325, 0.136, 0.1333, 0.1289]
[2023-03-23 00:56:03] [INFO] testError:[0.0617, 0.0486, 0.0368, 0.0346, 0.0335, 0.0292, 0.0305, 0.0285, 0.0287, 0.0287, 0.0252, 0.0254, 0.0251, 0.0235, 0.0238, 0.0229, 0.0223]
[2023-03-23 00:56:03] [INFO] epoch: 18 / 25
[2023-03-23 00:58:10] [INFO] lossAver:4.580735156334937
[2023-03-23 01:00:17] [INFO] lossAver:4.951799922190607
[2023-03-23 01:02:25] [INFO] lossAver:4.86483297127982
[2023-03-23 01:04:32] [INFO] lossAver:4.925932997890748
[2023-03-23 01:06:40] [INFO] lossAver:4.910020856750757
[2023-03-23 01:08:47] [INFO] lossAver:4.955743891745185
[2023-03-23 01:10:55] [INFO] lossAver:4.971285678891731
[2023-03-23 01:13:01] [INFO] lossAver:4.9698851675372575
[2023-03-23 01:15:09] [INFO] lossAver:4.94413262137812
[2023-03-23 01:17:16] [INFO] lossAver:4.9233307646993545
[2023-03-23 01:19:24] [INFO] lossAver:4.891915878349746
[2023-03-23 01:21:31] [INFO] lossAver:4.89619343607345
[2023-03-23 01:23:38] [INFO] lossAver:4.894263544979004
[2023-03-23 01:25:44] [INFO] lossAver:4.8985113140328655
[2023-03-23 01:27:52] [INFO] lossAver:4.889744579544415
[2023-03-23 01:29:59] [INFO] lossAver:4.902789039183641
[2023-03-23 01:32:07] [INFO] lossAver:4.906954469755292
[2023-03-23 01:34:14] [INFO] lossAver:4.910663039101909
[2023-03-23 01:36:22] [INFO] lossAver:4.909121512006772
[2023-03-23 01:38:28] [INFO] lossAver:4.916975049972907
[2023-03-23 01:40:36] [INFO] lossAver:4.93940059363026
[2023-03-23 01:42:42] [INFO] lossAver:4.948584824248894
[2023-03-23 01:44:50] [INFO] lossAver:4.942946002234341
[2023-03-23 01:46:57] [INFO] lossAver:4.9495303335861145
[2023-03-23 01:49:04] [INFO] lossAver:4.949085180273428
[2023-03-23 01:51:13] [INFO] lossAver:4.969845649453525
[2023-03-23 01:53:20] [INFO] lossAver:4.9684070043949475
[2023-03-23 01:55:27] [INFO] lossAver:4.9575927974718095
[2023-03-23 01:57:34] [INFO] lossAver:4.95587949953376
[2023-03-23 01:59:42] [INFO] lossAver:4.945129563798445
[2023-03-23 01:59:42] [INFO] lossList:[25.328829976931214, 10.05666101822257, 8.956199089872838, 8.39279812691013, 8.08443476950551, 6.570282214035839, 6.441887854872582, 6.37767382268769, 6.284367646379893, 6.199281049809729, 5.447665427385271, 5.386005536257972, 5.339140383008806, 5.292950141308643, 5.249661856259343, 4.99218970121195, 4.964962549945712, 4.945129563798445]
[2023-03-23 02:45:25] [INFO] trainError:[0.3948, 0.3068, 0.2262, 0.2127, 0.2058, 0.1706, 0.1895, 0.1771, 0.1633, 0.1562, 0.1512, 0.1415, 0.14, 0.1325, 0.136, 0.1333, 0.1289, 0.1277]
[2023-03-23 02:52:56] [INFO] testError:[0.0617, 0.0486, 0.0368, 0.0346, 0.0335, 0.0292, 0.0305, 0.0285, 0.0287, 0.0287, 0.0252, 0.0254, 0.0251, 0.0235, 0.0238, 0.0229, 0.0223, 0.0222]
[2023-03-23 02:52:56] [INFO] epoch: 19 / 25
[2023-03-23 02:55:03] [INFO] lossAver:4.847249220438302
[2023-03-23 02:57:11] [INFO] lossAver:4.757258024010807
[2023-03-23 02:59:18] [INFO] lossAver:4.869986365580311
[2023-03-23 03:01:25] [INFO] lossAver:4.876441065770574
[2023-03-23 03:03:32] [INFO] lossAver:4.9313741267643865
[2023-03-23 03:05:39] [INFO] lossAver:4.920202857727185
[2023-03-23 03:07:46] [INFO] lossAver:4.857508882547596
[2023-03-23 03:09:53] [INFO] lossAver:4.883968903567642
[2023-03-23 03:12:01] [INFO] lossAver:4.8689364016710055
[2023-03-23 03:14:09] [INFO] lossAver:4.891290031632781
[2023-03-23 03:16:16] [INFO] lossAver:4.861143114963038
[2023-03-23 03:18:23] [INFO] lossAver:4.865328165578346
[2023-03-23 03:20:31] [INFO] lossAver:4.838716834044514
[2023-03-23 03:22:38] [INFO] lossAver:4.828118794600613
[2023-03-23 03:24:46] [INFO] lossAver:4.846186446429044
[2023-03-23 03:26:53] [INFO] lossAver:4.852098875766387
[2023-03-23 03:29:00] [INFO] lossAver:4.850543556348585
[2023-03-23 03:31:07] [INFO] lossAver:4.860241630073016
[2023-03-23 03:33:15] [INFO] lossAver:4.8603449833234285
[2023-03-23 03:35:22] [INFO] lossAver:4.855296348289587
[2023-03-23 03:37:29] [INFO] lossAver:4.868136082309342
[2023-03-23 03:39:35] [INFO] lossAver:4.881657207598402
[2023-03-23 03:41:42] [INFO] lossAver:4.885363766287656
[2023-03-23 03:43:50] [INFO] lossAver:4.888105074083588
[2023-03-23 03:45:57] [INFO] lossAver:4.9036349210145325
[2023-03-23 03:48:03] [INFO] lossAver:4.915691628374661
[2023-03-23 03:50:11] [INFO] lossAver:4.916808009260437
[2023-03-23 03:52:19] [INFO] lossAver:4.928221972766665
[2023-03-23 03:54:27] [INFO] lossAver:4.9265305776517065
[2023-03-23 03:56:34] [INFO] lossAver:4.927034275540275
[2023-03-23 03:56:34] [INFO] lossList:[25.328829976931214, 10.05666101822257, 8.956199089872838, 8.39279812691013, 8.08443476950551, 6.570282214035839, 6.441887854872582, 6.37767382268769, 6.284367646379893, 6.199281049809729, 5.447665427385271, 5.386005536257972, 5.339140383008806, 5.292950141308643, 5.249661856259343, 4.99218970121195, 4.964962549945712, 4.945129563798445, 4.927034275540275]
[2023-03-23 04:42:39] [INFO] trainError:[0.3948, 0.3068, 0.2262, 0.2127, 0.2058, 0.1706, 0.1895, 0.1771, 0.1633, 0.1562, 0.1512, 0.1415, 0.14, 0.1325, 0.136, 0.1333, 0.1289, 0.1277, 0.1277]
[2023-03-23 04:50:16] [INFO] testError:[0.0617, 0.0486, 0.0368, 0.0346, 0.0335, 0.0292, 0.0305, 0.0285, 0.0287, 0.0287, 0.0252, 0.0254, 0.0251, 0.0235, 0.0238, 0.0229, 0.0223, 0.0222, 0.0222]
[2023-03-23 04:50:16] [INFO] epoch: 20 / 25
[2023-03-23 04:52:29] [INFO] lossAver:4.890581532064825
[2023-03-23 04:54:42] [INFO] lossAver:4.8377770507819955
[2023-03-23 04:56:55] [INFO] lossAver:4.931041395197312
[2023-03-23 04:59:08] [INFO] lossAver:4.924077692519873
[2023-03-23 05:01:21] [INFO] lossAver:4.879358725142479
[2023-03-23 05:03:34] [INFO] lossAver:4.882455461661642
[2023-03-23 05:05:46] [INFO] lossAver:4.848461444101163
[2023-03-23 05:07:59] [INFO] lossAver:4.827593710693996
[2023-03-23 05:10:13] [INFO] lossAver:4.790440391896913
[2023-03-23 05:12:26] [INFO] lossAver:4.772385335408524
[2023-03-23 05:14:39] [INFO] lossAver:4.788096581609073
[2023-03-23 05:16:52] [INFO] lossAver:4.790568329009227
[2023-03-23 05:19:03] [INFO] lossAver:4.801137678642399
[2023-03-23 05:21:17] [INFO] lossAver:4.824318607603599
[2023-03-23 05:23:30] [INFO] lossAver:4.863865129381169
[2023-03-23 05:25:42] [INFO] lossAver:4.864360634807264
[2023-03-23 05:27:54] [INFO] lossAver:4.857038124733769
[2023-03-23 05:30:06] [INFO] lossAver:4.885927807975354
[2023-03-23 05:32:18] [INFO] lossAver:4.883019094842633
[2023-03-23 05:34:32] [INFO] lossAver:4.88899959719386
[2023-03-23 05:36:46] [INFO] lossAver:4.906842840660718
[2023-03-23 05:39:00] [INFO] lossAver:4.885254525069147
[2023-03-23 05:41:15] [INFO] lossAver:4.903211643857476
[2023-03-23 05:43:29] [INFO] lossAver:4.902618940309932
[2023-03-23 05:45:42] [INFO] lossAver:4.8977174964495
[2023-03-23 05:47:56] [INFO] lossAver:4.900955430006322
[2023-03-23 05:50:10] [INFO] lossAver:4.896592186499111
[2023-03-23 05:52:24] [INFO] lossAver:4.90079458460571
[2023-03-23 05:54:39] [INFO] lossAver:4.905535007489395
[2023-03-23 05:56:52] [INFO] lossAver:4.907467837418616
[2023-03-23 05:56:53] [INFO] lossList:[25.328829976931214, 10.05666101822257, 8.956199089872838, 8.39279812691013, 8.08443476950551, 6.570282214035839, 6.441887854872582, 6.37767382268769, 6.284367646379893, 6.199281049809729, 5.447665427385271, 5.386005536257972, 5.339140383008806, 5.292950141308643, 5.249661856259343, 4.99218970121195, 4.964962549945712, 4.945129563798445, 4.927034275540275, 4.907467837418616]
[2023-03-23 06:43:20] [INFO] trainError:[0.3948, 0.3068, 0.2262, 0.2127, 0.2058, 0.1706, 0.1895, 0.1771, 0.1633, 0.1562, 0.1512, 0.1415, 0.14, 0.1325, 0.136, 0.1333, 0.1289, 0.1277, 0.1277, 0.1296]
[2023-03-23 06:50:59] [INFO] testError:[0.0617, 0.0486, 0.0368, 0.0346, 0.0335, 0.0292, 0.0305, 0.0285, 0.0287, 0.0287, 0.0252, 0.0254, 0.0251, 0.0235, 0.0238, 0.0229, 0.0223, 0.0222, 0.0222, 0.0224]
[2023-03-23 06:50:59] [INFO] epoch: 21 / 25
[2023-03-23 06:53:12] [INFO] lossAver:4.366448045566678
[2023-03-23 06:55:25] [INFO] lossAver:4.624793162684887
[2023-03-23 06:57:38] [INFO] lossAver:4.721244313122083
[2023-03-23 06:59:50] [INFO] lossAver:4.839887012703344
[2023-03-23 07:02:04] [INFO] lossAver:4.872177215568721
[2023-03-23 07:04:16] [INFO] lossAver:4.841634510454722
[2023-03-23 07:06:30] [INFO] lossAver:4.861141941137612
[2023-03-23 07:08:41] [INFO] lossAver:4.867448721460998
[2023-03-23 07:10:54] [INFO] lossAver:4.8817078741888205
[2023-03-23 07:13:07] [INFO] lossAver:4.850588251297921
[2023-03-23 07:15:19] [INFO] lossAver:4.8850843782939695
[2023-03-23 07:17:32] [INFO] lossAver:4.9092253507931405
[2023-03-23 07:19:45] [INFO] lossAver:4.907382309102955
[2023-03-23 07:21:57] [INFO] lossAver:4.902874238734267
[2023-03-23 07:24:10] [INFO] lossAver:4.908367100849251
[2023-03-23 07:26:22] [INFO] lossAver:4.899851336098276
[2023-03-23 07:28:36] [INFO] lossAver:4.917219140233362
[2023-03-23 07:30:48] [INFO] lossAver:4.934973091647029
[2023-03-23 07:33:00] [INFO] lossAver:4.908662549964103
[2023-03-23 07:35:12] [INFO] lossAver:4.908517069636099
[2023-03-23 07:37:24] [INFO] lossAver:4.902358867205502
[2023-03-23 07:39:37] [INFO] lossAver:4.901329213397239
[2023-03-23 07:41:52] [INFO] lossAver:4.896946412195654
[2023-03-23 07:44:05] [INFO] lossAver:4.898634447597278
[2023-03-23 07:46:19] [INFO] lossAver:4.893163628863096
[2023-03-23 07:48:35] [INFO] lossAver:4.894627566368247
[2023-03-23 07:50:49] [INFO] lossAver:4.899733082987092
[2023-03-23 07:53:02] [INFO] lossAver:4.901191757428327
[2023-03-23 07:55:16] [INFO] lossAver:4.902697178535163
[2023-03-23 07:57:30] [INFO] lossAver:4.89386705812936
[2023-03-23 07:57:30] [INFO] lossList:[25.328829976931214, 10.05666101822257, 8.956199089872838, 8.39279812691013, 8.08443476950551, 6.570282214035839, 6.441887854872582, 6.37767382268769, 6.284367646379893, 6.199281049809729, 5.447665427385271, 5.386005536257972, 5.339140383008806, 5.292950141308643, 5.249661856259343, 4.99218970121195, 4.964962549945712, 4.945129563798445, 4.927034275540275, 4.907467837418616, 4.89386705812936]
[2023-03-23 08:43:58] [INFO] trainError:[0.3948, 0.3068, 0.2262, 0.2127, 0.2058, 0.1706, 0.1895, 0.1771, 0.1633, 0.1562, 0.1512, 0.1415, 0.14, 0.1325, 0.136, 0.1333, 0.1289, 0.1277, 0.1277, 0.1296, 0.1284]
[2023-03-23 08:51:38] [INFO] testError:[0.0617, 0.0486, 0.0368, 0.0346, 0.0335, 0.0292, 0.0305, 0.0285, 0.0287, 0.0287, 0.0252, 0.0254, 0.0251, 0.0235, 0.0238, 0.0229, 0.0223, 0.0222, 0.0222, 0.0224, 0.0232]
[2023-03-23 08:51:38] [INFO] epoch: 22 / 25
[2023-03-23 08:53:50] [INFO] lossAver:5.1248032401502135
[2023-03-23 08:56:01] [INFO] lossAver:4.93547608297877
[2023-03-23 08:58:14] [INFO] lossAver:4.902950430540989
[2023-03-23 09:00:26] [INFO] lossAver:4.911522841156461
[2023-03-23 09:02:40] [INFO] lossAver:4.98318359478265
[2023-03-23 09:04:53] [INFO] lossAver:4.967564048083499
[2023-03-23 09:07:07] [INFO] lossAver:4.9301796348621805
[2023-03-23 09:09:20] [INFO] lossAver:4.942587741635274
[2023-03-23 09:11:33] [INFO] lossAver:4.939409434521778
[2023-03-23 09:13:46] [INFO] lossAver:4.924105949630588
[2023-03-23 09:15:59] [INFO] lossAver:4.903840136626905
[2023-03-23 09:18:11] [INFO] lossAver:4.898407255647704
[2023-03-23 09:20:23] [INFO] lossAver:4.904422675737681
[2023-03-23 09:22:36] [INFO] lossAver:4.875515488680186
[2023-03-23 09:24:48] [INFO] lossAver:4.888607419376323
[2023-03-23 09:27:01] [INFO] lossAver:4.8989978336284405
[2023-03-23 09:29:13] [INFO] lossAver:4.890361165389419
[2023-03-23 09:31:26] [INFO] lossAver:4.913365537432333
[2023-03-23 09:33:39] [INFO] lossAver:4.9092789764286655
[2023-03-23 09:35:51] [INFO] lossAver:4.8984108601933345
[2023-03-23 09:38:05] [INFO] lossAver:4.912089050578929
[2023-03-23 09:40:18] [INFO] lossAver:4.895174661435018
[2023-03-23 09:42:32] [INFO] lossAver:4.8843008750312675
[2023-03-23 09:44:48] [INFO] lossAver:4.88169973907449
[2023-03-23 09:47:02] [INFO] lossAver:4.894880269607753
[2023-03-23 09:49:16] [INFO] lossAver:4.903993241696547
[2023-03-23 09:51:30] [INFO] lossAver:4.9014956311990545
[2023-03-23 09:53:43] [INFO] lossAver:4.89427278709252
[2023-03-23 09:55:57] [INFO] lossAver:4.8929732653444695
[2023-03-23 09:58:11] [INFO] lossAver:4.877243607115
[2023-03-23 09:58:11] [INFO] lossList:[25.328829976931214, 10.05666101822257, 8.956199089872838, 8.39279812691013, 8.08443476950551, 6.570282214035839, 6.441887854872582, 6.37767382268769, 6.284367646379893, 6.199281049809729, 5.447665427385271, 5.386005536257972, 5.339140383008806, 5.292950141308643, 5.249661856259343, 4.99218970121195, 4.964962549945712, 4.945129563798445, 4.927034275540275, 4.907467837418616, 4.89386705812936, 4.877243607115]
[2023-03-23 10:44:28] [INFO] trainError:[0.3948, 0.3068, 0.2262, 0.2127, 0.2058, 0.1706, 0.1895, 0.1771, 0.1633, 0.1562, 0.1512, 0.1415, 0.14, 0.1325, 0.136, 0.1333, 0.1289, 0.1277, 0.1277, 0.1296, 0.1284, 0.1291]
[2023-03-23 10:52:04] [INFO] testError:[0.0617, 0.0486, 0.0368, 0.0346, 0.0335, 0.0292, 0.0305, 0.0285, 0.0287, 0.0287, 0.0252, 0.0254, 0.0251, 0.0235, 0.0238, 0.0229, 0.0223, 0.0222, 0.0222, 0.0224, 0.0232, 0.0224]
[2023-03-23 10:52:04] [INFO] epoch: 23 / 25
[2023-03-23 10:54:10] [INFO] lossAver:4.9194497130513195
[2023-03-23 10:56:17] [INFO] lossAver:5.0184774057753385
[2023-03-23 10:58:24] [INFO] lossAver:4.954139570641021
[2023-03-23 11:00:31] [INFO] lossAver:4.797429310273379
[2023-03-23 11:02:38] [INFO] lossAver:4.885661922734231
[2023-03-23 11:04:45] [INFO] lossAver:4.8849429773992545
[2023-03-23 11:06:52] [INFO] lossAver:4.890159057674663
[2023-03-23 11:08:58] [INFO] lossAver:4.866358852803241
[2023-03-23 11:11:05] [INFO] lossAver:4.842689487899757
[2023-03-23 11:13:12] [INFO] lossAver:4.856675903463736
[2023-03-23 11:15:19] [INFO] lossAver:4.818336630398916
[2023-03-23 11:17:26] [INFO] lossAver:4.825942844289665
[2023-03-23 11:19:34] [INFO] lossAver:4.840474675681156
[2023-03-23 11:21:41] [INFO] lossAver:4.858375146087791
[2023-03-23 11:23:48] [INFO] lossAver:4.843207620891929
[2023-03-23 11:25:55] [INFO] lossAver:4.846700250714086
[2023-03-23 11:28:02] [INFO] lossAver:4.85619510905598
[2023-03-23 11:30:09] [INFO] lossAver:4.844458351233767
[2023-03-23 11:32:16] [INFO] lossAver:4.837659847690283
[2023-03-23 11:34:23] [INFO] lossAver:4.844157274646125
[2023-03-23 11:36:30] [INFO] lossAver:4.849963089662825
[2023-03-23 11:38:38] [INFO] lossAver:4.852215020707893
[2023-03-23 11:40:45] [INFO] lossAver:4.848964320598737
[2023-03-23 11:42:52] [INFO] lossAver:4.856485601625095
[2023-03-23 11:44:59] [INFO] lossAver:4.85944654995352
[2023-03-23 11:47:07] [INFO] lossAver:4.854413377532592
[2023-03-23 11:49:16] [INFO] lossAver:4.853779548675374
[2023-03-23 11:51:24] [INFO] lossAver:4.856300443960619
[2023-03-23 11:53:33] [INFO] lossAver:4.851867966229417
[2023-03-23 11:55:40] [INFO] lossAver:4.861324409035096
[2023-03-23 11:55:40] [INFO] lossList:[25.328829976931214, 10.05666101822257, 8.956199089872838, 8.39279812691013, 8.08443476950551, 6.570282214035839, 6.441887854872582, 6.37767382268769, 6.284367646379893, 6.199281049809729, 5.447665427385271, 5.386005536257972, 5.339140383008806, 5.292950141308643, 5.249661856259343, 4.99218970121195, 4.964962549945712, 4.945129563798445, 4.927034275540275, 4.907467837418616, 4.89386705812936, 4.877243607115, 4.861324409035096]
[2023-03-23 12:41:29] [INFO] trainError:[0.3948, 0.3068, 0.2262, 0.2127, 0.2058, 0.1706, 0.1895, 0.1771, 0.1633, 0.1562, 0.1512, 0.1415, 0.14, 0.1325, 0.136, 0.1333, 0.1289, 0.1277, 0.1277, 0.1296, 0.1284, 0.1291, 0.1239]
[2023-03-23 12:49:03] [INFO] testError:[0.0617, 0.0486, 0.0368, 0.0346, 0.0335, 0.0292, 0.0305, 0.0285, 0.0287, 0.0287, 0.0252, 0.0254, 0.0251, 0.0235, 0.0238, 0.0229, 0.0223, 0.0222, 0.0222, 0.0224, 0.0232, 0.0224, 0.0227]
[2023-03-23 12:49:03] [INFO] epoch: 24 / 25
[2023-03-23 12:51:11] [INFO] lossAver:4.769874113950879
[2023-03-23 12:53:18] [INFO] lossAver:4.835739869209006
[2023-03-23 12:55:25] [INFO] lossAver:4.829706245289494
[2023-03-23 12:57:32] [INFO] lossAver:4.858804787179455
[2023-03-23 12:59:40] [INFO] lossAver:4.736257563911378
[2023-03-23 13:01:47] [INFO] lossAver:4.779868196640163
[2023-03-23 13:03:54] [INFO] lossAver:4.819579797824579
[2023-03-23 13:06:01] [INFO] lossAver:4.787969605339691
[2023-03-23 13:08:08] [INFO] lossAver:4.797833960822887
[2023-03-23 13:10:15] [INFO] lossAver:4.797341248135269
[2023-03-23 13:12:21] [INFO] lossAver:4.807384040834552
[2023-03-23 13:14:29] [INFO] lossAver:4.802980227306019
[2023-03-23 13:16:35] [INFO] lossAver:4.798633042536246
[2023-03-23 13:18:43] [INFO] lossAver:4.790675521538859
[2023-03-23 13:20:50] [INFO] lossAver:4.799519205208247
[2023-03-23 13:22:57] [INFO] lossAver:4.798137145846733
[2023-03-23 13:25:04] [INFO] lossAver:4.800444824653842
[2023-03-23 13:27:12] [INFO] lossAver:4.822396317058657
[2023-03-23 13:29:19] [INFO] lossAver:4.837012147291809
[2023-03-23 13:31:26] [INFO] lossAver:4.848760113290045
[2023-03-23 13:33:33] [INFO] lossAver:4.843891108965146
[2023-03-23 13:35:40] [INFO] lossAver:4.847131244097159
[2023-03-23 13:37:47] [INFO] lossAver:4.849081823602885
[2023-03-23 13:39:55] [INFO] lossAver:4.835897715976384
[2023-03-23 13:42:03] [INFO] lossAver:4.835746327168867
[2023-03-23 13:44:11] [INFO] lossAver:4.844844931471448
[2023-03-23 13:46:20] [INFO] lossAver:4.8531554124917555
[2023-03-23 13:48:28] [INFO] lossAver:4.8333715954502114
[2023-03-23 13:50:36] [INFO] lossAver:4.836055770669968
[2023-03-23 13:52:45] [INFO] lossAver:4.844052872013487
[2023-03-23 13:52:45] [INFO] lossList:[25.328829976931214, 10.05666101822257, 8.956199089872838, 8.39279812691013, 8.08443476950551, 6.570282214035839, 6.441887854872582, 6.37767382268769, 6.284367646379893, 6.199281049809729, 5.447665427385271, 5.386005536257972, 5.339140383008806, 5.292950141308643, 5.249661856259343, 4.99218970121195, 4.964962549945712, 4.945129563798445, 4.927034275540275, 4.907467837418616, 4.89386705812936, 4.877243607115, 4.861324409035096, 4.844052872013487]
[2023-03-23 14:38:33] [INFO] trainError:[0.3948, 0.3068, 0.2262, 0.2127, 0.2058, 0.1706, 0.1895, 0.1771, 0.1633, 0.1562, 0.1512, 0.1415, 0.14, 0.1325, 0.136, 0.1333, 0.1289, 0.1277, 0.1277, 0.1296, 0.1284, 0.1291, 0.1239, 0.1255]
[2023-03-23 14:46:07] [INFO] testError:[0.0617, 0.0486, 0.0368, 0.0346, 0.0335, 0.0292, 0.0305, 0.0285, 0.0287, 0.0287, 0.0252, 0.0254, 0.0251, 0.0235, 0.0238, 0.0229, 0.0223, 0.0222, 0.0222, 0.0224, 0.0232, 0.0224, 0.0227, 0.0218]
[2023-03-23 14:46:07] [INFO] epoch: 25 / 25
[2023-03-23 14:48:14] [INFO] lossAver:4.789181703735143
[2023-03-23 14:50:22] [INFO] lossAver:4.843206669332459
[2023-03-23 14:52:29] [INFO] lossAver:4.825264596387744
[2023-03-23 14:54:37] [INFO] lossAver:4.837429547494278
[2023-03-23 14:56:45] [INFO] lossAver:4.800143341142684
[2023-03-23 14:58:52] [INFO] lossAver:4.824090291094656
[2023-03-23 15:01:00] [INFO] lossAver:4.830920573120139
[2023-03-23 15:03:08] [INFO] lossAver:4.870749698706437
[2023-03-23 15:05:15] [INFO] lossAver:4.844570955820796
[2023-03-23 15:07:22] [INFO] lossAver:4.861649525270984
[2023-03-23 15:09:30] [INFO] lossAver:4.8278866969533265
[2023-03-23 15:11:37] [INFO] lossAver:4.833861501552475
[2023-03-23 15:13:44] [INFO] lossAver:4.841312195225117
[2023-03-23 15:15:52] [INFO] lossAver:4.816421116876549
[2023-03-23 15:17:59] [INFO] lossAver:4.8163526468123
[2023-03-23 15:20:07] [INFO] lossAver:4.816969872793183
[2023-03-23 15:22:15] [INFO] lossAver:4.826579395802144
[2023-03-23 15:24:21] [INFO] lossAver:4.821135151781762
[2023-03-23 15:26:28] [INFO] lossAver:4.811645106351297
[2023-03-23 15:28:36] [INFO] lossAver:4.805311298019439
[2023-03-23 15:30:43] [INFO] lossAver:4.813275039659015
[2023-03-23 15:32:50] [INFO] lossAver:4.8022760869005525
[2023-03-23 15:34:53] [INFO] lossAver:4.823127104521608
[2023-03-23 15:36:55] [INFO] lossAver:4.819401966104128
[2023-03-23 15:38:57] [INFO] lossAver:4.831427270208747
[2023-03-23 15:40:57] [INFO] lossAver:4.838721786483692
[2023-03-23 15:42:57] [INFO] lossAver:4.835523304860349
[2023-03-23 15:44:58] [INFO] lossAver:4.8314026077019845
[2023-03-23 15:47:00] [INFO] lossAver:4.831472434096552
[2023-03-23 15:49:00] [INFO] lossAver:4.833565519507478
[2023-03-23 15:49:00] [INFO] lossList:[25.328829976931214, 10.05666101822257, 8.956199089872838, 8.39279812691013, 8.08443476950551, 6.570282214035839, 6.441887854872582, 6.37767382268769, 6.284367646379893, 6.199281049809729, 5.447665427385271, 5.386005536257972, 5.339140383008806, 5.292950141308643, 5.249661856259343, 4.99218970121195, 4.964962549945712, 4.945129563798445, 4.927034275540275, 4.907467837418616, 4.89386705812936, 4.877243607115, 4.861324409035096, 4.844052872013487, 4.833565519507478]
[2023-03-23 16:33:40] [INFO] trainError:[0.3948, 0.3068, 0.2262, 0.2127, 0.2058, 0.1706, 0.1895, 0.1771, 0.1633, 0.1562, 0.1512, 0.1415, 0.14, 0.1325, 0.136, 0.1333, 0.1289, 0.1277, 0.1277, 0.1296, 0.1284, 0.1291, 0.1239, 0.1255, 0.1222]
[2023-03-23 16:41:05] [INFO] testError:[0.0617, 0.0486, 0.0368, 0.0346, 0.0335, 0.0292, 0.0305, 0.0285, 0.0287, 0.0287, 0.0252, 0.0254, 0.0251, 0.0235, 0.0238, 0.0229, 0.0223, 0.0222, 0.0222, 0.0224, 0.0232, 0.0224, 0.0227, 0.0218, 0.0204]
