nohup: ignoring input
[2023-03-22 18:49:05] [INFO] epoch: 01 / 20
[2023-03-22 18:49:37] [INFO] 100/1875 lossAver:3.6708826136589052
[2023-03-22 18:50:09] [INFO] 200/1875 lossAver:3.7378791883587836
[2023-03-22 18:50:39] [INFO] 300/1875 lossAver:3.6918159836530684
[2023-03-22 18:51:11] [INFO] 400/1875 lossAver:3.6710041724145412
[2023-03-22 18:51:42] [INFO] 500/1875 lossAver:3.64392927134037
[2023-03-22 18:52:14] [INFO] 600/1875 lossAver:3.7277031446496647
[2023-03-22 18:52:45] [INFO] 700/1875 lossAver:3.729879088657243
[2023-03-22 18:53:16] [INFO] 800/1875 lossAver:3.7337889187783
[2023-03-22 18:53:47] [INFO] 900/1875 lossAver:3.765813075105349
[2023-03-22 18:54:18] [INFO] 1000/1875 lossAver:3.7778340563178063
[2023-03-22 18:54:50] [INFO] 1100/1875 lossAver:3.765204477689483
[2023-03-22 18:55:21] [INFO] 1200/1875 lossAver:3.760891159127156
[2023-03-22 18:55:52] [INFO] 1300/1875 lossAver:3.7739331964804577
[2023-03-22 18:56:24] [INFO] 1400/1875 lossAver:3.768213382746492
[2023-03-22 18:56:55] [INFO] 1500/1875 lossAver:3.7837595101594923
[2023-03-22 18:57:26] [INFO] 1600/1875 lossAver:3.79125954952091
[2023-03-22 18:57:58] [INFO] 1700/1875 lossAver:3.77848976363154
[2023-03-22 18:58:29] [INFO] 1800/1875 lossAver:3.785491099788083
[2023-03-22 18:58:52] [INFO] lossList:[3.7756950793266295]
[2023-03-22 19:00:27] [INFO] trainError:[0.019133333333333332]
[2023-03-22 19:00:43] [INFO] testError:[0.021265974440894567]
[2023-03-22 19:00:43] [INFO] epoch: 02 / 20
[2023-03-22 19:01:15] [INFO] 100/1875 lossAver:3.52516580581665
[2023-03-22 19:01:46] [INFO] 200/1875 lossAver:3.627938774228096
[2023-03-22 19:02:16] [INFO] 300/1875 lossAver:3.597329379320145
[2023-03-22 19:02:48] [INFO] 400/1875 lossAver:3.6170519164204595
[2023-03-22 19:03:19] [INFO] 500/1875 lossAver:3.6489774224758147
[2023-03-22 19:03:50] [INFO] 600/1875 lossAver:3.6848873394727706
[2023-03-22 19:04:21] [INFO] 700/1875 lossAver:3.742021495614733
[2023-03-22 19:04:53] [INFO] 800/1875 lossAver:3.7714183846861125
[2023-03-22 19:05:24] [INFO] 900/1875 lossAver:3.7726033908128738
[2023-03-22 19:05:56] [INFO] 1000/1875 lossAver:3.77335807543993
[2023-03-22 19:06:27] [INFO] 1100/1875 lossAver:3.762167416323315
[2023-03-22 19:06:59] [INFO] 1200/1875 lossAver:3.7661454336345197
[2023-03-22 19:07:30] [INFO] 1300/1875 lossAver:3.7495588679038563
[2023-03-22 19:08:02] [INFO] 1400/1875 lossAver:3.7853450055207527
[2023-03-22 19:08:33] [INFO] 1500/1875 lossAver:3.790940799633662
[2023-03-22 19:09:05] [INFO] 1600/1875 lossAver:3.7853004302084448
[2023-03-22 19:09:36] [INFO] 1700/1875 lossAver:3.7737326729297638
[2023-03-22 19:10:07] [INFO] 1800/1875 lossAver:3.776428614821699
[2023-03-22 19:10:30] [INFO] lossList:[3.7756950793266295, 3.7915182283083597]
[2023-03-22 19:12:05] [INFO] trainError:[0.019133333333333332, 0.019116666666666667]
[2023-03-22 19:12:21] [INFO] testError:[0.021265974440894567, 0.022064696485623002]
[2023-03-22 19:12:21] [INFO] epoch: 03 / 20
[2023-03-22 19:12:52] [INFO] 100/1875 lossAver:3.727316244840622
[2023-03-22 19:13:23] [INFO] 200/1875 lossAver:3.760328150987625
[2023-03-22 19:13:54] [INFO] 300/1875 lossAver:3.85228621006012
[2023-03-22 19:14:26] [INFO] 400/1875 lossAver:3.8240040761232374
[2023-03-22 19:14:58] [INFO] 500/1875 lossAver:3.7989798349142077
[2023-03-22 19:15:29] [INFO] 600/1875 lossAver:3.7981069259842237
[2023-03-22 19:16:00] [INFO] 700/1875 lossAver:3.7795542574780328
[2023-03-22 19:16:31] [INFO] 800/1875 lossAver:3.7720753315836193
[2023-03-22 19:17:03] [INFO] 900/1875 lossAver:3.780990321437518
[2023-03-22 19:17:35] [INFO] 1000/1875 lossAver:3.7696468690037728
[2023-03-22 19:18:07] [INFO] 1100/1875 lossAver:3.7460614467750895
[2023-03-22 19:18:39] [INFO] 1200/1875 lossAver:3.7685934134821095
[2023-03-22 19:19:10] [INFO] 1300/1875 lossAver:3.7719521275391945
[2023-03-22 19:19:41] [INFO] 1400/1875 lossAver:3.789529127946922
[2023-03-22 19:20:13] [INFO] 1500/1875 lossAver:3.778183709939321
[2023-03-22 19:20:45] [INFO] 1600/1875 lossAver:3.768337387293577
[2023-03-22 19:21:17] [INFO] 1700/1875 lossAver:3.7623221083949594
[2023-03-22 19:21:48] [INFO] 1800/1875 lossAver:3.775360481010543
[2023-03-22 19:22:12] [INFO] lossList:[3.7756950793266295, 3.7915182283083597, 3.768361093012492]
[2023-03-22 19:23:48] [INFO] trainError:[0.019133333333333332, 0.019116666666666667, 0.0204]
[2023-03-22 19:24:05] [INFO] testError:[0.021265974440894567, 0.022064696485623002, 0.02266373801916933]
[2023-03-22 19:24:05] [INFO] epoch: 04 / 20
[2023-03-22 19:24:37] [INFO] 100/1875 lossAver:3.7629002422094344
[2023-03-22 19:25:08] [INFO] 200/1875 lossAver:3.8000820633769035
[2023-03-22 19:25:40] [INFO] 300/1875 lossAver:3.8181622805198034
[2023-03-22 19:26:11] [INFO] 400/1875 lossAver:3.8265603445470333
[2023-03-22 19:26:43] [INFO] 500/1875 lossAver:3.7579889868497847
[2023-03-22 19:27:15] [INFO] 600/1875 lossAver:3.724078110953172
[2023-03-22 19:27:47] [INFO] 700/1875 lossAver:3.7595841260467258
[2023-03-22 19:28:18] [INFO] 800/1875 lossAver:3.7798037166148424
[2023-03-22 19:28:50] [INFO] 900/1875 lossAver:3.788130089243253
[2023-03-22 19:29:21] [INFO] 1000/1875 lossAver:3.773828321278095
[2023-03-22 19:29:53] [INFO] 1100/1875 lossAver:3.7856985037435185
[2023-03-22 19:30:24] [INFO] 1200/1875 lossAver:3.779784364451965
[2023-03-22 19:30:56] [INFO] 1300/1875 lossAver:3.77140464425087
[2023-03-22 19:31:28] [INFO] 1400/1875 lossAver:3.769695237364088
[2023-03-22 19:31:59] [INFO] 1500/1875 lossAver:3.7814344766934713
[2023-03-22 19:32:31] [INFO] 1600/1875 lossAver:3.7720520970970393
[2023-03-22 19:33:02] [INFO] 1700/1875 lossAver:3.7695316579061395
[2023-03-22 19:33:34] [INFO] 1800/1875 lossAver:3.76848939134015
[2023-03-22 19:33:57] [INFO] lossList:[3.7756950793266295, 3.7915182283083597, 3.768361093012492, 3.776327454662323]
[2023-03-22 19:35:34] [INFO] trainError:[0.019133333333333332, 0.019116666666666667, 0.0204, 0.01948333333333333]
[2023-03-22 19:35:50] [INFO] testError:[0.021265974440894567, 0.022064696485623002, 0.02266373801916933, 0.02056709265175719]
[2023-03-22 19:35:50] [INFO] epoch: 05 / 20
[2023-03-22 19:36:22] [INFO] 100/1875 lossAver:3.4899978256225586
[2023-03-22 19:36:53] [INFO] 200/1875 lossAver:3.6219808107614515
[2023-03-22 19:37:25] [INFO] 300/1875 lossAver:3.6039517148335776
[2023-03-22 19:37:56] [INFO] 400/1875 lossAver:3.60857773065567
[2023-03-22 19:38:27] [INFO] 500/1875 lossAver:3.629791638612747
[2023-03-22 19:38:59] [INFO] 600/1875 lossAver:3.605945888757706
[2023-03-22 19:39:31] [INFO] 700/1875 lossAver:3.6218042596748896
[2023-03-22 19:40:02] [INFO] 800/1875 lossAver:3.6659074245393275
[2023-03-22 19:40:34] [INFO] 900/1875 lossAver:3.707087993621826
[2023-03-22 19:41:06] [INFO] 1000/1875 lossAver:3.7273613131642342
[2023-03-22 19:41:37] [INFO] 1100/1875 lossAver:3.7472531446001747
[2023-03-22 19:42:09] [INFO] 1200/1875 lossAver:3.761188541005055
[2023-03-22 19:42:40] [INFO] 1300/1875 lossAver:3.766870755828344
[2023-03-22 19:43:12] [INFO] 1400/1875 lossAver:3.7684855588419097
[2023-03-22 19:43:44] [INFO] 1500/1875 lossAver:3.770827034751574
[2023-03-22 19:44:15] [INFO] 1600/1875 lossAver:3.7679610047861933
[2023-03-22 19:44:47] [INFO] 1700/1875 lossAver:3.770973509304664
[2023-03-22 19:45:19] [INFO] 1800/1875 lossAver:3.7633919126126503
[2023-03-22 19:45:42] [INFO] lossList:[3.7756950793266295, 3.7915182283083597, 3.768361093012492, 3.776327454662323, 3.7551039613405863]
[2023-03-22 19:47:19] [INFO] trainError:[0.019133333333333332, 0.019116666666666667, 0.0204, 0.01948333333333333, 0.019333333333333334]
[2023-03-22 19:47:35] [INFO] testError:[0.021265974440894567, 0.022064696485623002, 0.02266373801916933, 0.02056709265175719, 0.020966453674121407]
[2023-03-22 19:47:35] [INFO] epoch: 06 / 20
[2023-03-22 19:48:06] [INFO] 100/1875 lossAver:3.791197735071182
[2023-03-22 19:48:38] [INFO] 200/1875 lossAver:3.752212470173836
[2023-03-22 19:49:10] [INFO] 300/1875 lossAver:3.7013292197386423
[2023-03-22 19:49:42] [INFO] 400/1875 lossAver:3.7035723158717158
[2023-03-22 19:50:14] [INFO] 500/1875 lossAver:3.726495950937271
[2023-03-22 19:50:46] [INFO] 600/1875 lossAver:3.730950499574343
[2023-03-22 19:51:17] [INFO] 700/1875 lossAver:3.685940849525588
[2023-03-22 19:51:49] [INFO] 800/1875 lossAver:3.692935651168227
[2023-03-22 19:52:20] [INFO] 900/1875 lossAver:3.704350694484181
[2023-03-22 19:52:51] [INFO] 1000/1875 lossAver:3.712464536845684
[2023-03-22 19:53:22] [INFO] 1100/1875 lossAver:3.720406425107609
[2023-03-22 19:53:53] [INFO] 1200/1875 lossAver:3.72828832556804
[2023-03-22 19:54:24] [INFO] 1300/1875 lossAver:3.7376644800259515
[2023-03-22 19:54:55] [INFO] 1400/1875 lossAver:3.733466027719634
[2023-03-22 19:55:26] [INFO] 1500/1875 lossAver:3.731204495668411
[2023-03-22 19:55:58] [INFO] 1600/1875 lossAver:3.7107225702703
[2023-03-22 19:56:29] [INFO] 1700/1875 lossAver:3.7212128995446596
[2023-03-22 19:57:00] [INFO] 1800/1875 lossAver:3.7379094419214463
[2023-03-22 19:57:23] [INFO] lossList:[3.7756950793266295, 3.7915182283083597, 3.768361093012492, 3.776327454662323, 3.7551039613405863, 3.7565595808029175]
[2023-03-22 19:59:00] [INFO] trainError:[0.019133333333333332, 0.019116666666666667, 0.0204, 0.01948333333333333, 0.019333333333333334, 0.018716666666666666]
[2023-03-22 19:59:16] [INFO] testError:[0.021265974440894567, 0.022064696485623002, 0.02266373801916933, 0.02056709265175719, 0.020966453674121407, 0.020467252396166133]
[2023-03-22 19:59:16] [INFO] epoch: 07 / 20
[2023-03-22 19:59:48] [INFO] 100/1875 lossAver:4.057337143421173
[2023-03-22 20:00:21] [INFO] 200/1875 lossAver:3.8962919092178345
[2023-03-22 20:00:53] [INFO] 300/1875 lossAver:3.9117987553278604
[2023-03-22 20:01:25] [INFO] 400/1875 lossAver:3.8613536947965623
[2023-03-22 20:01:57] [INFO] 500/1875 lossAver:3.7791290411949157
[2023-03-22 20:02:29] [INFO] 600/1875 lossAver:3.7654368414481483
[2023-03-22 20:03:01] [INFO] 700/1875 lossAver:3.7537466038976395
[2023-03-22 20:03:33] [INFO] 800/1875 lossAver:3.75560192450881
[2023-03-22 20:04:05] [INFO] 900/1875 lossAver:3.753039253287845
[2023-03-22 20:04:37] [INFO] 1000/1875 lossAver:3.7569077723026276
[2023-03-22 20:05:09] [INFO] 1100/1875 lossAver:3.745644639405337
[2023-03-22 20:05:42] [INFO] 1200/1875 lossAver:3.750569654802481
[2023-03-22 20:06:14] [INFO] 1300/1875 lossAver:3.7796802250238564
[2023-03-22 20:06:46] [INFO] 1400/1875 lossAver:3.766564517021179
[2023-03-22 20:07:18] [INFO] 1500/1875 lossAver:3.760260221918424
[2023-03-22 20:07:50] [INFO] 1600/1875 lossAver:3.7430644125863908
[2023-03-22 20:08:22] [INFO] 1700/1875 lossAver:3.769430706956807
[2023-03-22 20:08:53] [INFO] 1800/1875 lossAver:3.7783494117856025
[2023-03-22 20:09:18] [INFO] lossList:[3.7756950793266295, 3.7915182283083597, 3.768361093012492, 3.776327454662323, 3.7551039613405863, 3.7565595808029175, 3.772172495428721]
[2023-03-22 20:10:55] [INFO] trainError:[0.019133333333333332, 0.019116666666666667, 0.0204, 0.01948333333333333, 0.019333333333333334, 0.018716666666666666, 0.01965]
[2023-03-22 20:11:11] [INFO] testError:[0.021265974440894567, 0.022064696485623002, 0.02266373801916933, 0.02056709265175719, 0.020966453674121407, 0.020467252396166133, 0.020766773162939296]
[2023-03-22 20:11:11] [INFO] epoch: 08 / 20
[2023-03-22 20:11:43] [INFO] 100/1875 lossAver:3.6494802486896516
[2023-03-22 20:12:15] [INFO] 200/1875 lossAver:3.794091205596924
[2023-03-22 20:12:47] [INFO] 300/1875 lossAver:3.8106779181957244
[2023-03-22 20:13:19] [INFO] 400/1875 lossAver:3.8281021040678023
[2023-03-22 20:13:50] [INFO] 500/1875 lossAver:3.835054510116577
[2023-03-22 20:14:23] [INFO] 600/1875 lossAver:3.814082376162211
[2023-03-22 20:14:54] [INFO] 700/1875 lossAver:3.7806902140378953
[2023-03-22 20:15:27] [INFO] 800/1875 lossAver:3.729595170840621
[2023-03-22 20:15:59] [INFO] 900/1875 lossAver:3.7288219079706404
[2023-03-22 20:16:31] [INFO] 1000/1875 lossAver:3.728414359331131
[2023-03-22 20:17:04] [INFO] 1100/1875 lossAver:3.7394132230498576
[2023-03-22 20:17:38] [INFO] 1200/1875 lossAver:3.748502800166607
[2023-03-22 20:18:12] [INFO] 1300/1875 lossAver:3.749784636635047
[2023-03-22 20:18:46] [INFO] 1400/1875 lossAver:3.729419995674065
[2023-03-22 20:19:19] [INFO] 1500/1875 lossAver:3.735155195514361
[2023-03-22 20:19:52] [INFO] 1600/1875 lossAver:3.7477131291106343
[2023-03-22 20:20:25] [INFO] 1700/1875 lossAver:3.748231364383417
[2023-03-22 20:20:59] [INFO] 1800/1875 lossAver:3.7568721459971535
[2023-03-22 20:21:25] [INFO] lossList:[3.7756950793266295, 3.7915182283083597, 3.768361093012492, 3.776327454662323, 3.7551039613405863, 3.7565595808029175, 3.772172495428721, 3.74872211710612]
[2023-03-22 20:23:05] [INFO] trainError:[0.019133333333333332, 0.019116666666666667, 0.0204, 0.01948333333333333, 0.019333333333333334, 0.018716666666666666, 0.01965, 0.018666666666666668]
[2023-03-22 20:23:22] [INFO] testError:[0.021265974440894567, 0.022064696485623002, 0.02266373801916933, 0.02056709265175719, 0.020966453674121407, 0.020467252396166133, 0.020766773162939296, 0.020467252396166133]
[2023-03-22 20:23:22] [INFO] epoch: 09 / 20
[2023-03-22 20:23:55] [INFO] 100/1875 lossAver:4.055232447385788
[2023-03-22 20:24:29] [INFO] 200/1875 lossAver:3.70807798743248
[2023-03-22 20:25:02] [INFO] 300/1875 lossAver:3.6089883756637575
[2023-03-22 20:25:35] [INFO] 400/1875 lossAver:3.6968857637047767
[2023-03-22 20:26:08] [INFO] 500/1875 lossAver:3.670176317691803
[2023-03-22 20:26:42] [INFO] 600/1875 lossAver:3.7022043122847874
[2023-03-22 20:27:15] [INFO] 700/1875 lossAver:3.6925865919249397
[2023-03-22 20:27:47] [INFO] 800/1875 lossAver:3.69342412635684
[2023-03-22 20:28:20] [INFO] 900/1875 lossAver:3.7123717783557044
[2023-03-22 20:28:54] [INFO] 1000/1875 lossAver:3.7047717585563658
[2023-03-22 20:29:27] [INFO] 1100/1875 lossAver:3.709382531642914
[2023-03-22 20:30:00] [INFO] 1200/1875 lossAver:3.7003552654385565
[2023-03-22 20:30:32] [INFO] 1300/1875 lossAver:3.7007867238154777
[2023-03-22 20:31:07] [INFO] 1400/1875 lossAver:3.700528077994074
[2023-03-22 20:31:40] [INFO] 1500/1875 lossAver:3.7166176586945854
[2023-03-22 20:32:14] [INFO] 1600/1875 lossAver:3.7200967342406512
[2023-03-22 20:32:46] [INFO] 1700/1875 lossAver:3.7364094215280867
[2023-03-22 20:33:19] [INFO] 1800/1875 lossAver:3.7301671743392943
[2023-03-22 20:33:44] [INFO] lossList:[3.7756950793266295, 3.7915182283083597, 3.768361093012492, 3.776327454662323, 3.7551039613405863, 3.7565595808029175, 3.772172495428721, 3.74872211710612, 3.735322527662913]
[2023-03-22 20:35:23] [INFO] trainError:[0.019133333333333332, 0.019116666666666667, 0.0204, 0.01948333333333333, 0.019333333333333334, 0.018716666666666666, 0.01965, 0.018666666666666668, 0.0194]
[2023-03-22 20:35:40] [INFO] testError:[0.021265974440894567, 0.022064696485623002, 0.02266373801916933, 0.02056709265175719, 0.020966453674121407, 0.020467252396166133, 0.020766773162939296, 0.020467252396166133, 0.01986821086261981]
[2023-03-22 20:35:40] [INFO] epoch: 10 / 20
[2023-03-22 20:36:14] [INFO] 100/1875 lossAver:3.940089873075485
[2023-03-22 20:36:47] [INFO] 200/1875 lossAver:3.6802670294046402
[2023-03-22 20:37:20] [INFO] 300/1875 lossAver:3.5143140844504037
[2023-03-22 20:37:53] [INFO] 400/1875 lossAver:3.578131678700447
[2023-03-22 20:38:26] [INFO] 500/1875 lossAver:3.6716055772304537
[2023-03-22 20:38:59] [INFO] 600/1875 lossAver:3.627360024849574
[2023-03-22 20:39:31] [INFO] 700/1875 lossAver:3.674065170458385
[2023-03-22 20:40:05] [INFO] 800/1875 lossAver:3.649528855383396
[2023-03-22 20:40:38] [INFO] 900/1875 lossAver:3.664703338013755
[2023-03-22 20:41:11] [INFO] 1000/1875 lossAver:3.725690601348877
[2023-03-22 20:41:44] [INFO] 1100/1875 lossAver:3.7306660907918756
[2023-03-22 20:42:17] [INFO] 1200/1875 lossAver:3.72701079338789
[2023-03-22 20:42:50] [INFO] 1300/1875 lossAver:3.729733190261401
[2023-03-22 20:43:23] [INFO] 1400/1875 lossAver:3.746226812856538
[2023-03-22 20:43:56] [INFO] 1500/1875 lossAver:3.7619707254568735
[2023-03-22 20:44:29] [INFO] 1600/1875 lossAver:3.7538738208264113
[2023-03-22 20:45:02] [INFO] 1700/1875 lossAver:3.7566903540667367
[2023-03-22 20:45:35] [INFO] 1800/1875 lossAver:3.753931456075774
[2023-03-22 20:46:00] [INFO] lossList:[3.7756950793266295, 3.7915182283083597, 3.768361093012492, 3.776327454662323, 3.7551039613405863, 3.7565595808029175, 3.772172495428721, 3.74872211710612, 3.735322527662913, 3.755061548837026]
[2023-03-22 20:47:39] [INFO] trainError:[0.019133333333333332, 0.019116666666666667, 0.0204, 0.01948333333333333, 0.019333333333333334, 0.018716666666666666, 0.01965, 0.018666666666666668, 0.0194, 0.02045]
[2023-03-22 20:47:55] [INFO] testError:[0.021265974440894567, 0.022064696485623002, 0.02266373801916933, 0.02056709265175719, 0.020966453674121407, 0.020467252396166133, 0.020766773162939296, 0.020467252396166133, 0.01986821086261981, 0.024460862619808305]
[2023-03-22 20:47:55] [INFO] epoch: 11 / 20
[2023-03-22 20:48:29] [INFO] 100/1875 lossAver:3.672401885986328
[2023-03-22 20:49:02] [INFO] 200/1875 lossAver:3.6299682235717774
[2023-03-22 20:49:36] [INFO] 300/1875 lossAver:3.7069901732603707
[2023-03-22 20:50:10] [INFO] 400/1875 lossAver:3.624822781831026
[2023-03-22 20:50:44] [INFO] 500/1875 lossAver:3.6385285106897354
[2023-03-22 20:51:18] [INFO] 600/1875 lossAver:3.6546471525231996
[2023-03-22 20:51:52] [INFO] 700/1875 lossAver:3.631243089692933
[2023-03-22 20:52:26] [INFO] 800/1875 lossAver:3.638311342597008
[2023-03-22 20:53:00] [INFO] 900/1875 lossAver:3.6289366813500723
[2023-03-22 20:53:34] [INFO] 1000/1875 lossAver:3.6673049589395523
[2023-03-22 20:54:08] [INFO] 1100/1875 lossAver:3.6688151130893014
[2023-03-22 20:54:41] [INFO] 1200/1875 lossAver:3.6527965782086054
[2023-03-22 20:55:14] [INFO] 1300/1875 lossAver:3.6881047647732954
[2023-03-22 20:55:48] [INFO] 1400/1875 lossAver:3.7004571574926377
[2023-03-22 20:56:22] [INFO] 1500/1875 lossAver:3.6992007127602897
[2023-03-22 20:56:55] [INFO] 1600/1875 lossAver:3.702892958372831
[2023-03-22 20:57:28] [INFO] 1700/1875 lossAver:3.706981306286419
[2023-03-22 20:58:02] [INFO] 1800/1875 lossAver:3.7198469810353387
[2023-03-22 20:58:27] [INFO] lossList:[3.7756950793266295, 3.7915182283083597, 3.768361093012492, 3.776327454662323, 3.7551039613405863, 3.7565595808029175, 3.772172495428721, 3.74872211710612, 3.735322527662913, 3.755061548837026, 3.729548532040914]
[2023-03-22 21:00:09] [INFO] trainError:[0.019133333333333332, 0.019116666666666667, 0.0204, 0.01948333333333333, 0.019333333333333334, 0.018716666666666666, 0.01965, 0.018666666666666668, 0.0194, 0.02045, 0.0186]
[2023-03-22 21:00:25] [INFO] testError:[0.021265974440894567, 0.022064696485623002, 0.02266373801916933, 0.02056709265175719, 0.020966453674121407, 0.020467252396166133, 0.020766773162939296, 0.020467252396166133, 0.01986821086261981, 0.024460862619808305, 0.020766773162939296]
[2023-03-22 21:00:25] [INFO] epoch: 12 / 20
[2023-03-22 21:00:59] [INFO] 100/1875 lossAver:3.620518567562103
[2023-03-22 21:01:33] [INFO] 200/1875 lossAver:3.8149071031808854
[2023-03-22 21:02:06] [INFO] 300/1875 lossAver:3.748647040128708
[2023-03-22 21:02:39] [INFO] 400/1875 lossAver:3.7006102699041366
[2023-03-22 21:03:14] [INFO] 500/1875 lossAver:3.7408000314235688
[2023-03-22 21:03:47] [INFO] 600/1875 lossAver:3.715670357545217
[2023-03-22 21:04:20] [INFO] 700/1875 lossAver:3.7745809352397917
[2023-03-22 21:04:54] [INFO] 800/1875 lossAver:3.782902534455061
[2023-03-22 21:05:28] [INFO] 900/1875 lossAver:3.7713865174187555
[2023-03-22 21:06:02] [INFO] 1000/1875 lossAver:3.775366068482399
[2023-03-22 21:06:35] [INFO] 1100/1875 lossAver:3.778414939858697
[2023-03-22 21:07:08] [INFO] 1200/1875 lossAver:3.7571485270063083
[2023-03-22 21:07:42] [INFO] 1300/1875 lossAver:3.762364518550726
[2023-03-22 21:08:16] [INFO] 1400/1875 lossAver:3.7703774896689826
[2023-03-22 21:08:50] [INFO] 1500/1875 lossAver:3.7703171861569085
[2023-03-22 21:09:24] [INFO] 1600/1875 lossAver:3.7507036193087697
[2023-03-22 21:09:58] [INFO] 1700/1875 lossAver:3.7572995676363217
[2023-03-22 21:10:31] [INFO] 1800/1875 lossAver:3.74467933393187
[2023-03-22 21:10:56] [INFO] lossList:[3.7756950793266295, 3.7915182283083597, 3.768361093012492, 3.776327454662323, 3.7551039613405863, 3.7565595808029175, 3.772172495428721, 3.74872211710612, 3.735322527662913, 3.755061548837026, 3.729548532040914, 3.7339366531054177]
[2023-03-22 21:12:38] [INFO] trainError:[0.019133333333333332, 0.019116666666666667, 0.0204, 0.01948333333333333, 0.019333333333333334, 0.018716666666666666, 0.01965, 0.018666666666666668, 0.0194, 0.02045, 0.0186, 0.019883333333333333]
[2023-03-22 21:12:54] [INFO] testError:[0.021265974440894567, 0.022064696485623002, 0.02266373801916933, 0.02056709265175719, 0.020966453674121407, 0.020467252396166133, 0.020766773162939296, 0.020467252396166133, 0.01986821086261981, 0.024460862619808305, 0.020766773162939296, 0.021865015974440894]
[2023-03-22 21:12:54] [INFO] epoch: 13 / 20
[2023-03-22 21:13:28] [INFO] 100/1875 lossAver:3.3239025020599366
[2023-03-22 21:14:01] [INFO] 200/1875 lossAver:3.5603687393665315
[2023-03-22 21:14:35] [INFO] 300/1875 lossAver:3.6869971311092375
[2023-03-22 21:15:08] [INFO] 400/1875 lossAver:3.735725710391998
[2023-03-22 21:15:42] [INFO] 500/1875 lossAver:3.7491395258903504
[2023-03-22 21:16:16] [INFO] 600/1875 lossAver:3.790192429025968
[2023-03-22 21:16:50] [INFO] 700/1875 lossAver:3.8116315594741277
[2023-03-22 21:17:24] [INFO] 800/1875 lossAver:3.8251480370759965
[2023-03-22 21:17:58] [INFO] 900/1875 lossAver:3.7966416782803005
[2023-03-22 21:18:31] [INFO] 1000/1875 lossAver:3.7774177246689797
[2023-03-22 21:19:05] [INFO] 1100/1875 lossAver:3.7599473608081992
[2023-03-22 21:19:39] [INFO] 1200/1875 lossAver:3.7694921476145584
[2023-03-22 21:20:13] [INFO] 1300/1875 lossAver:3.757215036383042
[2023-03-22 21:20:47] [INFO] 1400/1875 lossAver:3.7487895566650797
[2023-03-22 21:21:21] [INFO] 1500/1875 lossAver:3.747288486123085
[2023-03-22 21:21:55] [INFO] 1600/1875 lossAver:3.7415400314703584
[2023-03-22 21:22:28] [INFO] 1700/1875 lossAver:3.7521851788899476
[2023-03-22 21:23:02] [INFO] 1800/1875 lossAver:3.75271077444156
[2023-03-22 21:23:27] [INFO] lossList:[3.7756950793266295, 3.7915182283083597, 3.768361093012492, 3.776327454662323, 3.7551039613405863, 3.7565595808029175, 3.772172495428721, 3.74872211710612, 3.735322527662913, 3.755061548837026, 3.729548532040914, 3.7339366531054177, 3.7539889762560525]
[2023-03-22 21:25:08] [INFO] trainError:[0.019133333333333332, 0.019116666666666667, 0.0204, 0.01948333333333333, 0.019333333333333334, 0.018716666666666666, 0.01965, 0.018666666666666668, 0.0194, 0.02045, 0.0186, 0.019883333333333333, 0.01935]
[2023-03-22 21:25:24] [INFO] testError:[0.021265974440894567, 0.022064696485623002, 0.02266373801916933, 0.02056709265175719, 0.020966453674121407, 0.020467252396166133, 0.020766773162939296, 0.020467252396166133, 0.01986821086261981, 0.024460862619808305, 0.020766773162939296, 0.021865015974440894, 0.02196485623003195]
[2023-03-22 21:25:24] [INFO] epoch: 14 / 20
[2023-03-22 21:25:59] [INFO] 100/1875 lossAver:3.4896103954315185
[2023-03-22 21:26:32] [INFO] 200/1875 lossAver:3.539836593270302
[2023-03-22 21:27:06] [INFO] 300/1875 lossAver:3.657410835425059
[2023-03-22 21:27:40] [INFO] 400/1875 lossAver:3.6625175908207894
[2023-03-22 21:28:13] [INFO] 500/1875 lossAver:3.6507559123039246
[2023-03-22 21:28:47] [INFO] 600/1875 lossAver:3.6505881235003472
[2023-03-22 21:29:21] [INFO] 700/1875 lossAver:3.6679837317977633
[2023-03-22 21:29:55] [INFO] 800/1875 lossAver:3.6648362185806036
[2023-03-22 21:30:29] [INFO] 900/1875 lossAver:3.6558436422215568
[2023-03-22 21:31:03] [INFO] 1000/1875 lossAver:3.6656495226025583
[2023-03-22 21:31:37] [INFO] 1100/1875 lossAver:3.726413628350605
[2023-03-22 21:32:11] [INFO] 1200/1875 lossAver:3.6923705108463762
[2023-03-22 21:32:45] [INFO] 1300/1875 lossAver:3.6996014429514226
[2023-03-22 21:33:19] [INFO] 1400/1875 lossAver:3.7068565751399314
[2023-03-22 21:33:54] [INFO] 1500/1875 lossAver:3.704373559315999
[2023-03-22 21:34:27] [INFO] 1600/1875 lossAver:3.7069562356173993
[2023-03-22 21:35:02] [INFO] 1700/1875 lossAver:3.7209495701509363
[2023-03-22 21:35:36] [INFO] 1800/1875 lossAver:3.7103805092308257
[2023-03-22 21:36:01] [INFO] lossList:[3.7756950793266295, 3.7915182283083597, 3.768361093012492, 3.776327454662323, 3.7551039613405863, 3.7565595808029175, 3.772172495428721, 3.74872211710612, 3.735322527662913, 3.755061548837026, 3.729548532040914, 3.7339366531054177, 3.7539889762560525, 3.7224845088322955]
[2023-03-22 21:37:43] [INFO] trainError:[0.019133333333333332, 0.019116666666666667, 0.0204, 0.01948333333333333, 0.019333333333333334, 0.018716666666666666, 0.01965, 0.018666666666666668, 0.0194, 0.02045, 0.0186, 0.019883333333333333, 0.01935, 0.019783333333333333]
[2023-03-22 21:38:00] [INFO] testError:[0.021265974440894567, 0.022064696485623002, 0.02266373801916933, 0.02056709265175719, 0.020966453674121407, 0.020467252396166133, 0.020766773162939296, 0.020467252396166133, 0.01986821086261981, 0.024460862619808305, 0.020766773162939296, 0.021865015974440894, 0.02196485623003195, 0.021365814696485623]
[2023-03-22 21:38:00] [INFO] epoch: 15 / 20
[2023-03-22 21:38:34] [INFO] 100/1875 lossAver:3.7855710780620573
[2023-03-22 21:39:08] [INFO] 200/1875 lossAver:3.7497716784477233
[2023-03-22 21:39:42] [INFO] 300/1875 lossAver:3.6619848465919493
[2023-03-22 21:40:16] [INFO] 400/1875 lossAver:3.666404337286949
[2023-03-22 21:40:50] [INFO] 500/1875 lossAver:3.67778736948967
[2023-03-22 21:41:24] [INFO] 600/1875 lossAver:3.6899614856640497
[2023-03-22 21:41:59] [INFO] 700/1875 lossAver:3.710388870239258
[2023-03-22 21:42:33] [INFO] 800/1875 lossAver:3.677420678138733
[2023-03-22 21:43:07] [INFO] 900/1875 lossAver:3.7029057370291816
[2023-03-22 21:43:41] [INFO] 1000/1875 lossAver:3.7168383405208587
[2023-03-22 21:44:15] [INFO] 1100/1875 lossAver:3.7296665758436376
[2023-03-22 21:44:49] [INFO] 1200/1875 lossAver:3.7128936828176182
[2023-03-22 21:45:23] [INFO] 1300/1875 lossAver:3.724838089301036
[2023-03-22 21:45:56] [INFO] 1400/1875 lossAver:3.7201595571211405
[2023-03-22 21:46:30] [INFO] 1500/1875 lossAver:3.7280762641429903
[2023-03-22 21:47:04] [INFO] 1600/1875 lossAver:3.730995791181922
[2023-03-22 21:47:38] [INFO] 1700/1875 lossAver:3.7336691188111026
[2023-03-22 21:48:12] [INFO] 1800/1875 lossAver:3.7273385118775897
[2023-03-22 21:48:38] [INFO] lossList:[3.7756950793266295, 3.7915182283083597, 3.768361093012492, 3.776327454662323, 3.7551039613405863, 3.7565595808029175, 3.772172495428721, 3.74872211710612, 3.735322527662913, 3.755061548837026, 3.729548532040914, 3.7339366531054177, 3.7539889762560525, 3.7224845088322955, 3.731915523529053]
[2023-03-22 21:50:20] [INFO] trainError:[0.019133333333333332, 0.019116666666666667, 0.0204, 0.01948333333333333, 0.019333333333333334, 0.018716666666666666, 0.01965, 0.018666666666666668, 0.0194, 0.02045, 0.0186, 0.019883333333333333, 0.01935, 0.019783333333333333, 0.019783333333333333]
[2023-03-22 21:50:37] [INFO] testError:[0.021265974440894567, 0.022064696485623002, 0.02266373801916933, 0.02056709265175719, 0.020966453674121407, 0.020467252396166133, 0.020766773162939296, 0.020467252396166133, 0.01986821086261981, 0.024460862619808305, 0.020766773162939296, 0.021865015974440894, 0.02196485623003195, 0.021365814696485623, 0.020067891373801917]
[2023-03-22 21:50:37] [INFO] epoch: 16 / 20
[2023-03-22 21:51:11] [INFO] 100/1875 lossAver:3.8867854619026185
[2023-03-22 21:51:46] [INFO] 200/1875 lossAver:3.862186616063118
[2023-03-22 21:52:21] [INFO] 300/1875 lossAver:3.839345137278239
[2023-03-22 21:52:55] [INFO] 400/1875 lossAver:3.8431323078274726
[2023-03-22 21:53:29] [INFO] 500/1875 lossAver:3.8501936769485474
[2023-03-22 21:54:02] [INFO] 600/1875 lossAver:3.8192489129304885
[2023-03-22 21:54:36] [INFO] 700/1875 lossAver:3.7763717588356562
[2023-03-22 21:55:10] [INFO] 800/1875 lossAver:3.7580155239999296
[2023-03-22 21:55:44] [INFO] 900/1875 lossAver:3.7357144113381704
[2023-03-22 21:56:19] [INFO] 1000/1875 lossAver:3.7336765373349188
[2023-03-22 21:56:52] [INFO] 1100/1875 lossAver:3.749615890058604
[2023-03-22 21:57:27] [INFO] 1200/1875 lossAver:3.720751333485047
[2023-03-22 21:58:01] [INFO] 1300/1875 lossAver:3.729751546245355
[2023-03-22 21:58:35] [INFO] 1400/1875 lossAver:3.7130370998808315
[2023-03-22 21:59:09] [INFO] 1500/1875 lossAver:3.7272291766405106
[2023-03-22 21:59:43] [INFO] 1600/1875 lossAver:3.728196574039757
[2023-03-22 22:00:16] [INFO] 1700/1875 lossAver:3.7342742180473665
[2023-03-22 22:00:49] [INFO] 1800/1875 lossAver:3.72676524642441
[2023-03-22 22:01:14] [INFO] lossList:[3.7756950793266295, 3.7915182283083597, 3.768361093012492, 3.776327454662323, 3.7551039613405863, 3.7565595808029175, 3.772172495428721, 3.74872211710612, 3.735322527662913, 3.755061548837026, 3.729548532040914, 3.7339366531054177, 3.7539889762560525, 3.7224845088322955, 3.731915523529053, 3.725074070771535]
[2023-03-22 22:02:54] [INFO] trainError:[0.019133333333333332, 0.019116666666666667, 0.0204, 0.01948333333333333, 0.019333333333333334, 0.018716666666666666, 0.01965, 0.018666666666666668, 0.0194, 0.02045, 0.0186, 0.019883333333333333, 0.01935, 0.019783333333333333, 0.019783333333333333, 0.0192]
[2023-03-22 22:03:11] [INFO] testError:[0.021265974440894567, 0.022064696485623002, 0.02266373801916933, 0.02056709265175719, 0.020966453674121407, 0.020467252396166133, 0.020766773162939296, 0.020467252396166133, 0.01986821086261981, 0.024460862619808305, 0.020766773162939296, 0.021865015974440894, 0.02196485623003195, 0.021365814696485623, 0.020067891373801917, 0.020966453674121407]
[2023-03-22 22:03:11] [INFO] epoch: 17 / 20
[2023-03-22 22:03:44] [INFO] 100/1875 lossAver:3.3905642867088317
[2023-03-22 22:04:17] [INFO] 200/1875 lossAver:3.5275769156217573
[2023-03-22 22:04:51] [INFO] 300/1875 lossAver:3.589731179277102
[2023-03-22 22:05:26] [INFO] 400/1875 lossAver:3.5573352223634718
[2023-03-22 22:05:59] [INFO] 500/1875 lossAver:3.592225511312485
[2023-03-22 22:06:33] [INFO] 600/1875 lossAver:3.652663541038831
[2023-03-22 22:07:07] [INFO] 700/1875 lossAver:3.630707839216505
[2023-03-22 22:07:40] [INFO] 800/1875 lossAver:3.640566238462925
[2023-03-22 22:08:14] [INFO] 900/1875 lossAver:3.702275193929672
[2023-03-22 22:08:47] [INFO] 1000/1875 lossAver:3.6860825555324555
[2023-03-22 22:09:20] [INFO] 1100/1875 lossAver:3.6982515797831796
[2023-03-22 22:09:54] [INFO] 1200/1875 lossAver:3.7066034843524296
[2023-03-22 22:10:28] [INFO] 1300/1875 lossAver:3.7216616512261904
[2023-03-22 22:11:01] [INFO] 1400/1875 lossAver:3.717603785565921
[2023-03-22 22:11:35] [INFO] 1500/1875 lossAver:3.732859794775645
[2023-03-22 22:12:09] [INFO] 1600/1875 lossAver:3.7144210835918785
[2023-03-22 22:12:43] [INFO] 1700/1875 lossAver:3.714949683687266
[2023-03-22 22:13:17] [INFO] 1800/1875 lossAver:3.7056985320316422
[2023-03-22 22:13:42] [INFO] lossList:[3.7756950793266295, 3.7915182283083597, 3.768361093012492, 3.776327454662323, 3.7551039613405863, 3.7565595808029175, 3.772172495428721, 3.74872211710612, 3.735322527662913, 3.755061548837026, 3.729548532040914, 3.7339366531054177, 3.7539889762560525, 3.7224845088322955, 3.731915523529053, 3.725074070771535, 3.724207551288605]
[2023-03-22 22:15:23] [INFO] trainError:[0.019133333333333332, 0.019116666666666667, 0.0204, 0.01948333333333333, 0.019333333333333334, 0.018716666666666666, 0.01965, 0.018666666666666668, 0.0194, 0.02045, 0.0186, 0.019883333333333333, 0.01935, 0.019783333333333333, 0.019783333333333333, 0.0192, 0.019333333333333334]
[2023-03-22 22:15:40] [INFO] testError:[0.021265974440894567, 0.022064696485623002, 0.02266373801916933, 0.02056709265175719, 0.020966453674121407, 0.020467252396166133, 0.020766773162939296, 0.020467252396166133, 0.01986821086261981, 0.024460862619808305, 0.020766773162939296, 0.021865015974440894, 0.02196485623003195, 0.021365814696485623, 0.020067891373801917, 0.020966453674121407, 0.020766773162939296]
[2023-03-22 22:15:40] [INFO] epoch: 18 / 20
[2023-03-22 22:16:13] [INFO] 100/1875 lossAver:3.8315850472450257
[2023-03-22 22:16:46] [INFO] 200/1875 lossAver:3.729794334769249
[2023-03-22 22:17:20] [INFO] 300/1875 lossAver:3.750512159665426
[2023-03-22 22:17:54] [INFO] 400/1875 lossAver:3.637776373922825
[2023-03-22 22:18:27] [INFO] 500/1875 lossAver:3.6942651171684266
[2023-03-22 22:19:02] [INFO] 600/1875 lossAver:3.6988021282354993
[2023-03-22 22:19:35] [INFO] 700/1875 lossAver:3.7222467694963726
[2023-03-22 22:20:08] [INFO] 800/1875 lossAver:3.736815146505833
[2023-03-22 22:20:42] [INFO] 900/1875 lossAver:3.7201500844955446
[2023-03-22 22:21:16] [INFO] 1000/1875 lossAver:3.7278611379861832
[2023-03-22 22:21:49] [INFO] 1100/1875 lossAver:3.7519037490541285
[2023-03-22 22:22:23] [INFO] 1200/1875 lossAver:3.759918527305126
[2023-03-22 22:22:57] [INFO] 1300/1875 lossAver:3.7678922342337096
[2023-03-22 22:23:30] [INFO] 1400/1875 lossAver:3.7565266429526467
[2023-03-22 22:24:04] [INFO] 1500/1875 lossAver:3.7372762744426726
[2023-03-22 22:24:38] [INFO] 1600/1875 lossAver:3.7375080478191376
[2023-03-22 22:25:12] [INFO] 1700/1875 lossAver:3.7343960539383048
[2023-03-22 22:25:46] [INFO] 1800/1875 lossAver:3.7353576235307586
[2023-03-22 22:26:12] [INFO] lossList:[3.7756950793266295, 3.7915182283083597, 3.768361093012492, 3.776327454662323, 3.7551039613405863, 3.7565595808029175, 3.772172495428721, 3.74872211710612, 3.735322527662913, 3.755061548837026, 3.729548532040914, 3.7339366531054177, 3.7539889762560525, 3.7224845088322955, 3.731915523529053, 3.725074070771535, 3.724207551288605, 3.740781016890208]
[2023-03-22 22:27:51] [INFO] trainError:[0.019133333333333332, 0.019116666666666667, 0.0204, 0.01948333333333333, 0.019333333333333334, 0.018716666666666666, 0.01965, 0.018666666666666668, 0.0194, 0.02045, 0.0186, 0.019883333333333333, 0.01935, 0.019783333333333333, 0.019783333333333333, 0.0192, 0.019333333333333334, 0.020083333333333335]
[2023-03-22 22:28:08] [INFO] testError:[0.021265974440894567, 0.022064696485623002, 0.02266373801916933, 0.02056709265175719, 0.020966453674121407, 0.020467252396166133, 0.020766773162939296, 0.020467252396166133, 0.01986821086261981, 0.024460862619808305, 0.020766773162939296, 0.021865015974440894, 0.02196485623003195, 0.021365814696485623, 0.020067891373801917, 0.020966453674121407, 0.020766773162939296, 0.02246405750798722]
[2023-03-22 22:28:08] [INFO] epoch: 19 / 20
[2023-03-22 22:28:42] [INFO] 100/1875 lossAver:3.5052388751506807
[2023-03-22 22:29:15] [INFO] 200/1875 lossAver:3.5822580325603486
[2023-03-22 22:29:50] [INFO] 300/1875 lossAver:3.584564701716105
[2023-03-22 22:30:23] [INFO] 400/1875 lossAver:3.573114681839943
[2023-03-22 22:30:57] [INFO] 500/1875 lossAver:3.5974692735672
[2023-03-22 22:31:30] [INFO] 600/1875 lossAver:3.6358708363771437
[2023-03-22 22:32:04] [INFO] 700/1875 lossAver:3.702587617635727
[2023-03-22 22:32:39] [INFO] 800/1875 lossAver:3.734989353120327
[2023-03-22 22:33:12] [INFO] 900/1875 lossAver:3.7037327444553374
[2023-03-22 22:33:46] [INFO] 1000/1875 lossAver:3.698585922420025
[2023-03-22 22:34:19] [INFO] 1100/1875 lossAver:3.732697172110731
[2023-03-22 22:34:53] [INFO] 1200/1875 lossAver:3.7049177737534045
[2023-03-22 22:35:28] [INFO] 1300/1875 lossAver:3.709104238611001
[2023-03-22 22:36:02] [INFO] 1400/1875 lossAver:3.692578576505184
[2023-03-22 22:36:35] [INFO] 1500/1875 lossAver:3.7168099317948022
[2023-03-22 22:37:09] [INFO] 1600/1875 lossAver:3.7181983879581093
[2023-03-22 22:37:42] [INFO] 1700/1875 lossAver:3.7207442312030232
[2023-03-22 22:38:16] [INFO] 1800/1875 lossAver:3.7216718374027145
[2023-03-22 22:38:42] [INFO] lossList:[3.7756950793266295, 3.7915182283083597, 3.768361093012492, 3.776327454662323, 3.7551039613405863, 3.7565595808029175, 3.772172495428721, 3.74872211710612, 3.735322527662913, 3.755061548837026, 3.729548532040914, 3.7339366531054177, 3.7539889762560525, 3.7224845088322955, 3.731915523529053, 3.725074070771535, 3.724207551288605, 3.740781016890208, 3.721706679503123]
[2023-03-22 22:40:21] [INFO] trainError:[0.019133333333333332, 0.019116666666666667, 0.0204, 0.01948333333333333, 0.019333333333333334, 0.018716666666666666, 0.01965, 0.018666666666666668, 0.0194, 0.02045, 0.0186, 0.019883333333333333, 0.01935, 0.019783333333333333, 0.019783333333333333, 0.0192, 0.019333333333333334, 0.020083333333333335, 0.020383333333333333]
[2023-03-22 22:40:38] [INFO] testError:[0.021265974440894567, 0.022064696485623002, 0.02266373801916933, 0.02056709265175719, 0.020966453674121407, 0.020467252396166133, 0.020766773162939296, 0.020467252396166133, 0.01986821086261981, 0.024460862619808305, 0.020766773162939296, 0.021865015974440894, 0.02196485623003195, 0.021365814696485623, 0.020067891373801917, 0.020966453674121407, 0.020766773162939296, 0.02246405750798722, 0.021265974440894567]
[2023-03-22 22:40:38] [INFO] epoch: 20 / 20
[2023-03-22 22:41:12] [INFO] 100/1875 lossAver:3.672577439546585
[2023-03-22 22:41:45] [INFO] 200/1875 lossAver:3.6142256307601928
[2023-03-22 22:42:19] [INFO] 300/1875 lossAver:3.6576060418287915
[2023-03-22 22:42:52] [INFO] 400/1875 lossAver:3.683205082565546
[2023-03-22 22:43:26] [INFO] 500/1875 lossAver:3.719919514775276
[2023-03-22 22:43:59] [INFO] 600/1875 lossAver:3.728158705929915
[2023-03-22 22:44:33] [INFO] 700/1875 lossAver:3.6975524500438146
[2023-03-22 22:45:07] [INFO] 800/1875 lossAver:3.723305245935917
[2023-03-22 22:45:40] [INFO] 900/1875 lossAver:3.7156565013196734
[2023-03-22 22:46:14] [INFO] 1000/1875 lossAver:3.6858072827458384
[2023-03-22 22:46:46] [INFO] 1100/1875 lossAver:3.6771316689252855
[2023-03-22 22:47:20] [INFO] 1200/1875 lossAver:3.6690822097162408
[2023-03-22 22:47:53] [INFO] 1300/1875 lossAver:3.691419400847875
[2023-03-22 22:48:25] [INFO] 1400/1875 lossAver:3.693321007192135
[2023-03-22 22:48:59] [INFO] 1500/1875 lossAver:3.6989433838129044
[2023-03-22 22:49:32] [INFO] 1600/1875 lossAver:3.708591120429337
[2023-03-22 22:50:04] [INFO] 1700/1875 lossAver:3.7021080518820706
[2023-03-22 22:50:36] [INFO] 1800/1875 lossAver:3.7049012756016517
[2023-03-22 22:51:02] [INFO] lossList:[3.7756950793266295, 3.7915182283083597, 3.768361093012492, 3.776327454662323, 3.7551039613405863, 3.7565595808029175, 3.772172495428721, 3.74872211710612, 3.735322527662913, 3.755061548837026, 3.729548532040914, 3.7339366531054177, 3.7539889762560525, 3.7224845088322955, 3.731915523529053, 3.725074070771535, 3.724207551288605, 3.740781016890208, 3.721706679503123, 3.705477904478709]
[2023-03-22 22:52:41] [INFO] trainError:[0.019133333333333332, 0.019116666666666667, 0.0204, 0.01948333333333333, 0.019333333333333334, 0.018716666666666666, 0.01965, 0.018666666666666668, 0.0194, 0.02045, 0.0186, 0.019883333333333333, 0.01935, 0.019783333333333333, 0.019783333333333333, 0.0192, 0.019333333333333334, 0.020083333333333335, 0.020383333333333333, 0.020216666666666668]
[2023-03-22 22:52:58] [INFO] testError:[0.021265974440894567, 0.022064696485623002, 0.02266373801916933, 0.02056709265175719, 0.020966453674121407, 0.020467252396166133, 0.020766773162939296, 0.020467252396166133, 0.01986821086261981, 0.024460862619808305, 0.020766773162939296, 0.021865015974440894, 0.02196485623003195, 0.021365814696485623, 0.020067891373801917, 0.020966453674121407, 0.020766773162939296, 0.02246405750798722, 0.021265974440894567, 0.0196685303514377]
