nohup: ignoring input
[2023-03-22 19:57:51] [INFO] epoch: 01 / 20
[2023-03-22 19:58:24] [INFO] 100/1875 lossAver:1.551606027930975
[2023-03-22 19:58:56] [INFO] 200/1875 lossAver:1.6244072081148624
[2023-03-22 19:59:28] [INFO] 300/1875 lossAver:1.6999660740296045
[2023-03-22 20:00:01] [INFO] 400/1875 lossAver:1.700433045644313
[2023-03-22 20:00:34] [INFO] 500/1875 lossAver:1.6375564076602458
[2023-03-22 20:01:06] [INFO] 600/1875 lossAver:1.6831618936484058
[2023-03-22 20:01:39] [INFO] 700/1875 lossAver:1.681384259653943
[2023-03-22 20:02:11] [INFO] 800/1875 lossAver:1.6935808468610047
[2023-03-22 20:02:43] [INFO] 900/1875 lossAver:1.70680112566385
[2023-03-22 20:03:16] [INFO] 1000/1875 lossAver:1.705346932761371
[2023-03-22 20:03:49] [INFO] 1100/1875 lossAver:1.7244761929119174
[2023-03-22 20:04:21] [INFO] 1200/1875 lossAver:1.726312611506631
[2023-03-22 20:04:54] [INFO] 1300/1875 lossAver:1.7191666063780968
[2023-03-22 20:05:27] [INFO] 1400/1875 lossAver:1.7279708880398954
[2023-03-22 20:05:59] [INFO] 1500/1875 lossAver:1.721899574826161
[2023-03-22 20:06:31] [INFO] 1600/1875 lossAver:1.7474768797960132
[2023-03-22 20:07:04] [INFO] 1700/1875 lossAver:1.7577819112929352
[2023-03-22 20:07:36] [INFO] 1800/1875 lossAver:1.7615991605011125
[2023-03-22 20:08:00] [INFO] lossList:[1.7731584970335166]
[2023-03-22 20:09:38] [INFO] trainError:[0.018366666666666667]
[2023-03-22 20:09:54] [INFO] testError:[0.020267571884984025]
[2023-03-22 20:09:54] [INFO] epoch: 02 / 20
[2023-03-22 20:10:26] [INFO] 100/1875 lossAver:1.4377252273261547
[2023-03-22 20:10:58] [INFO] 200/1875 lossAver:1.6318667704984546
[2023-03-22 20:11:30] [INFO] 300/1875 lossAver:1.6921300686150789
[2023-03-22 20:12:03] [INFO] 400/1875 lossAver:1.6553508077934385
[2023-03-22 20:12:35] [INFO] 500/1875 lossAver:1.6479654485881328
[2023-03-22 20:13:07] [INFO] 600/1875 lossAver:1.6626381477341057
[2023-03-22 20:13:39] [INFO] 700/1875 lossAver:1.6994580591044255
[2023-03-22 20:14:11] [INFO] 800/1875 lossAver:1.7291561150737107
[2023-03-22 20:14:44] [INFO] 900/1875 lossAver:1.753618374036418
[2023-03-22 20:15:16] [INFO] 1000/1875 lossAver:1.758818020388484
[2023-03-22 20:15:48] [INFO] 1100/1875 lossAver:1.7524943122538654
[2023-03-22 20:16:21] [INFO] 1200/1875 lossAver:1.756519520971924
[2023-03-22 20:16:55] [INFO] 1300/1875 lossAver:1.7626171750575303
[2023-03-22 20:17:29] [INFO] 1400/1875 lossAver:1.779882025042815
[2023-03-22 20:18:02] [INFO] 1500/1875 lossAver:1.7745298666954041
[2023-03-22 20:18:36] [INFO] 1600/1875 lossAver:1.77872420724947
[2023-03-22 20:19:09] [INFO] 1700/1875 lossAver:1.783304795846343
[2023-03-22 20:19:43] [INFO] 1800/1875 lossAver:1.7681495449029736
[2023-03-22 20:20:08] [INFO] lossList:[1.7731584970335166, 1.768503470158577]
[2023-03-22 20:21:49] [INFO] trainError:[0.018366666666666667, 0.01965]
[2023-03-22 20:22:05] [INFO] testError:[0.020267571884984025, 0.020067891373801917]
[2023-03-22 20:22:05] [INFO] epoch: 03 / 20
[2023-03-22 20:22:39] [INFO] 100/1875 lossAver:1.6552786886692048
[2023-03-22 20:23:13] [INFO] 200/1875 lossAver:1.7188566771522165
[2023-03-22 20:23:47] [INFO] 300/1875 lossAver:1.7252253607163828
[2023-03-22 20:24:20] [INFO] 400/1875 lossAver:1.7172596593014895
[2023-03-22 20:24:53] [INFO] 500/1875 lossAver:1.7243140116631985
[2023-03-22 20:25:27] [INFO] 600/1875 lossAver:1.7794269353151322
[2023-03-22 20:26:00] [INFO] 700/1875 lossAver:1.784463215438383
[2023-03-22 20:26:33] [INFO] 800/1875 lossAver:1.7636606850940735
[2023-03-22 20:27:06] [INFO] 900/1875 lossAver:1.788092589005828
[2023-03-22 20:27:38] [INFO] 1000/1875 lossAver:1.7835833371281624
[2023-03-22 20:28:11] [INFO] 1100/1875 lossAver:1.7628466806018894
[2023-03-22 20:28:44] [INFO] 1200/1875 lossAver:1.7849031530693173
[2023-03-22 20:29:17] [INFO] 1300/1875 lossAver:1.7762125041737007
[2023-03-22 20:29:50] [INFO] 1400/1875 lossAver:1.7729899561830929
[2023-03-22 20:30:23] [INFO] 1500/1875 lossAver:1.7795281552275022
[2023-03-22 20:30:57] [INFO] 1600/1875 lossAver:1.7684917433792726
[2023-03-22 20:31:31] [INFO] 1700/1875 lossAver:1.7581426030791858
[2023-03-22 20:32:05] [INFO] 1800/1875 lossAver:1.7548852969830235
[2023-03-22 20:32:30] [INFO] lossList:[1.7731584970335166, 1.768503470158577, 1.7642119802753131]
[2023-03-22 20:34:08] [INFO] trainError:[0.018366666666666667, 0.01965, 0.0199]
[2023-03-22 20:34:24] [INFO] testError:[0.020267571884984025, 0.020067891373801917, 0.02106629392971246]
[2023-03-22 20:34:24] [INFO] epoch: 04 / 20
[2023-03-22 20:34:57] [INFO] 100/1875 lossAver:1.489550787732005
[2023-03-22 20:35:30] [INFO] 200/1875 lossAver:1.6014383893087507
[2023-03-22 20:36:03] [INFO] 300/1875 lossAver:1.7818249918272098
[2023-03-22 20:36:37] [INFO] 400/1875 lossAver:1.8021622590906918
[2023-03-22 20:37:10] [INFO] 500/1875 lossAver:1.7725691722333432
[2023-03-22 20:37:43] [INFO] 600/1875 lossAver:1.7618541124711433
[2023-03-22 20:38:17] [INFO] 700/1875 lossAver:1.792187873508249
[2023-03-22 20:38:50] [INFO] 800/1875 lossAver:1.8543099326640367
[2023-03-22 20:39:24] [INFO] 900/1875 lossAver:1.8615096509704987
[2023-03-22 20:39:56] [INFO] 1000/1875 lossAver:1.8590984480604529
[2023-03-22 20:40:30] [INFO] 1100/1875 lossAver:1.8194854197380217
[2023-03-22 20:41:03] [INFO] 1200/1875 lossAver:1.7971529307464758
[2023-03-22 20:41:37] [INFO] 1300/1875 lossAver:1.809763869310801
[2023-03-22 20:42:10] [INFO] 1400/1875 lossAver:1.8027405493333937
[2023-03-22 20:42:43] [INFO] 1500/1875 lossAver:1.8033030177901188
[2023-03-22 20:43:17] [INFO] 1600/1875 lossAver:1.8042571673821657
[2023-03-22 20:43:51] [INFO] 1700/1875 lossAver:1.786537684149602
[2023-03-22 20:44:24] [INFO] 1800/1875 lossAver:1.7909567817797263
[2023-03-22 20:44:49] [INFO] lossList:[1.7731584970335166, 1.768503470158577, 1.7642119802753131, 1.7785276664813359]
[2023-03-22 20:46:28] [INFO] trainError:[0.018366666666666667, 0.01965, 0.0199, 0.019266666666666668]
[2023-03-22 20:46:45] [INFO] testError:[0.020267571884984025, 0.020067891373801917, 0.02106629392971246, 0.020467252396166133]
[2023-03-22 20:46:45] [INFO] epoch: 05 / 20
[2023-03-22 20:47:18] [INFO] 100/1875 lossAver:1.3059725649654865
[2023-03-22 20:47:51] [INFO] 200/1875 lossAver:1.512433017194271
[2023-03-22 20:48:24] [INFO] 300/1875 lossAver:1.5100546337167422
[2023-03-22 20:48:58] [INFO] 400/1875 lossAver:1.586894629150629
[2023-03-22 20:49:31] [INFO] 500/1875 lossAver:1.667191611111164
[2023-03-22 20:50:05] [INFO] 600/1875 lossAver:1.6831792583937446
[2023-03-22 20:50:39] [INFO] 700/1875 lossAver:1.665446905366012
[2023-03-22 20:51:14] [INFO] 800/1875 lossAver:1.6885769644286484
[2023-03-22 20:51:47] [INFO] 900/1875 lossAver:1.6737315916270017
[2023-03-22 20:52:20] [INFO] 1000/1875 lossAver:1.7031995315551758
[2023-03-22 20:52:54] [INFO] 1100/1875 lossAver:1.7183115046403625
[2023-03-22 20:53:27] [INFO] 1200/1875 lossAver:1.7389529579753678
[2023-03-22 20:54:01] [INFO] 1300/1875 lossAver:1.7358234300865576
[2023-03-22 20:54:35] [INFO] 1400/1875 lossAver:1.7615745076430696
[2023-03-22 20:55:09] [INFO] 1500/1875 lossAver:1.7753598801642656
[2023-03-22 20:55:43] [INFO] 1600/1875 lossAver:1.7835171065898612
[2023-03-22 20:56:17] [INFO] 1700/1875 lossAver:1.7802773425245986
[2023-03-22 20:56:50] [INFO] 1800/1875 lossAver:1.780600204401546
[2023-03-22 20:57:16] [INFO] lossList:[1.7731584970335166, 1.768503470158577, 1.7642119802753131, 1.7785276664813359, 1.7762644796133042]
[2023-03-22 20:58:57] [INFO] trainError:[0.018366666666666667, 0.01965, 0.0199, 0.019266666666666668, 0.019916666666666666]
[2023-03-22 20:59:14] [INFO] testError:[0.020267571884984025, 0.020067891373801917, 0.02106629392971246, 0.020467252396166133, 0.021765175718849842]
[2023-03-22 20:59:15] [INFO] epoch: 06 / 20
[2023-03-22 20:59:49] [INFO] 100/1875 lossAver:1.437587325423956
[2023-03-22 21:00:23] [INFO] 200/1875 lossAver:1.5376010220497847
[2023-03-22 21:00:57] [INFO] 300/1875 lossAver:1.6092195915182432
[2023-03-22 21:01:30] [INFO] 400/1875 lossAver:1.6810853565856814
[2023-03-22 21:02:04] [INFO] 500/1875 lossAver:1.671370743781328
[2023-03-22 21:02:38] [INFO] 600/1875 lossAver:1.6944628690431516
[2023-03-22 21:03:12] [INFO] 700/1875 lossAver:1.7457412043852465
[2023-03-22 21:03:46] [INFO] 800/1875 lossAver:1.760905198045075
[2023-03-22 21:04:19] [INFO] 900/1875 lossAver:1.7755041905740896
[2023-03-22 21:04:53] [INFO] 1000/1875 lossAver:1.7902895082086325
[2023-03-22 21:05:27] [INFO] 1100/1875 lossAver:1.7862082816254008
[2023-03-22 21:06:01] [INFO] 1200/1875 lossAver:1.7725878517702223
[2023-03-22 21:06:34] [INFO] 1300/1875 lossAver:1.7614002319711906
[2023-03-22 21:07:08] [INFO] 1400/1875 lossAver:1.7483743638545275
[2023-03-22 21:07:42] [INFO] 1500/1875 lossAver:1.7531909389297167
[2023-03-22 21:08:15] [INFO] 1600/1875 lossAver:1.7631086085783318
[2023-03-22 21:08:50] [INFO] 1700/1875 lossAver:1.7733613621706472
[2023-03-22 21:09:23] [INFO] 1800/1875 lossAver:1.776831208438509
[2023-03-22 21:09:49] [INFO] lossList:[1.7731584970335166, 1.768503470158577, 1.7642119802753131, 1.7785276664813359, 1.7762644796133042, 1.7759840185681979]
[2023-03-22 21:11:29] [INFO] trainError:[0.018366666666666667, 0.01965, 0.0199, 0.019266666666666668, 0.019916666666666666, 0.019916666666666666]
[2023-03-22 21:11:46] [INFO] testError:[0.020267571884984025, 0.020067891373801917, 0.02106629392971246, 0.020467252396166133, 0.021765175718849842, 0.022064696485623002]
[2023-03-22 21:11:46] [INFO] epoch: 07 / 20
[2023-03-22 21:12:20] [INFO] 100/1875 lossAver:1.6688164082169532
[2023-03-22 21:12:54] [INFO] 200/1875 lossAver:1.6603709206730128
[2023-03-22 21:13:28] [INFO] 300/1875 lossAver:1.7210387428601583
[2023-03-22 21:14:02] [INFO] 400/1875 lossAver:1.6743506249412894
[2023-03-22 21:14:36] [INFO] 500/1875 lossAver:1.697801152318716
[2023-03-22 21:15:10] [INFO] 600/1875 lossAver:1.6990680565312504
[2023-03-22 21:15:44] [INFO] 700/1875 lossAver:1.7106486143278223
[2023-03-22 21:16:18] [INFO] 800/1875 lossAver:1.676647531092167
[2023-03-22 21:16:51] [INFO] 900/1875 lossAver:1.6761716590407822
[2023-03-22 21:17:25] [INFO] 1000/1875 lossAver:1.7171149185821415
[2023-03-22 21:17:59] [INFO] 1100/1875 lossAver:1.7307366894524205
[2023-03-22 21:18:33] [INFO] 1200/1875 lossAver:1.7224883973908922
[2023-03-22 21:19:07] [INFO] 1300/1875 lossAver:1.7307172863471967
[2023-03-22 21:19:41] [INFO] 1400/1875 lossAver:1.7146208110292043
[2023-03-22 21:20:16] [INFO] 1500/1875 lossAver:1.7188962810983262
[2023-03-22 21:20:50] [INFO] 1600/1875 lossAver:1.727306825495325
[2023-03-22 21:21:23] [INFO] 1700/1875 lossAver:1.7240800024262246
[2023-03-22 21:21:57] [INFO] 1800/1875 lossAver:1.7270235534922944
[2023-03-22 21:22:23] [INFO] lossList:[1.7731584970335166, 1.768503470158577, 1.7642119802753131, 1.7785276664813359, 1.7762644796133042, 1.7759840185681979, 1.7355373266537983]
[2023-03-22 21:24:03] [INFO] trainError:[0.018366666666666667, 0.01965, 0.0199, 0.019266666666666668, 0.019916666666666666, 0.019916666666666666, 0.019066666666666666]
[2023-03-22 21:24:20] [INFO] testError:[0.020267571884984025, 0.020067891373801917, 0.02106629392971246, 0.020467252396166133, 0.021765175718849842, 0.022064696485623002, 0.02146565495207668]
[2023-03-22 21:24:20] [INFO] epoch: 08 / 20
[2023-03-22 21:24:54] [INFO] 100/1875 lossAver:1.712362513244152
[2023-03-22 21:25:28] [INFO] 200/1875 lossAver:1.7309012913703918
[2023-03-22 21:26:02] [INFO] 300/1875 lossAver:1.6712540607899427
[2023-03-22 21:26:35] [INFO] 400/1875 lossAver:1.6197896728105843
[2023-03-22 21:27:09] [INFO] 500/1875 lossAver:1.6407264499217271
[2023-03-22 21:27:43] [INFO] 600/1875 lossAver:1.6135875614359976
[2023-03-22 21:28:18] [INFO] 700/1875 lossAver:1.629549094470484
[2023-03-22 21:28:52] [INFO] 800/1875 lossAver:1.6804432010836898
[2023-03-22 21:29:26] [INFO] 900/1875 lossAver:1.678283319655392
[2023-03-22 21:30:00] [INFO] 1000/1875 lossAver:1.6761102006435393
[2023-03-22 21:30:35] [INFO] 1100/1875 lossAver:1.6731952904571186
[2023-03-22 21:31:10] [INFO] 1200/1875 lossAver:1.6733060930048427
[2023-03-22 21:31:43] [INFO] 1300/1875 lossAver:1.7001683802329577
[2023-03-22 21:32:18] [INFO] 1400/1875 lossAver:1.7008535624508347
[2023-03-22 21:32:52] [INFO] 1500/1875 lossAver:1.7065151752134164
[2023-03-22 21:33:27] [INFO] 1600/1875 lossAver:1.7358611861616373
[2023-03-22 21:34:01] [INFO] 1700/1875 lossAver:1.732132171085652
[2023-03-22 21:34:35] [INFO] 1800/1875 lossAver:1.7387060666746563
[2023-03-22 21:35:01] [INFO] lossList:[1.7731584970335166, 1.768503470158577, 1.7642119802753131, 1.7785276664813359, 1.7762644796133042, 1.7759840185681979, 1.7355373266537983, 1.7548553394516309]
[2023-03-22 21:36:43] [INFO] trainError:[0.018366666666666667, 0.01965, 0.0199, 0.019266666666666668, 0.019916666666666666, 0.019916666666666666, 0.019066666666666666, 0.018916666666666665]
[2023-03-22 21:36:59] [INFO] testError:[0.020267571884984025, 0.020067891373801917, 0.02106629392971246, 0.020467252396166133, 0.021765175718849842, 0.022064696485623002, 0.02146565495207668, 0.020467252396166133]
[2023-03-22 21:36:59] [INFO] epoch: 09 / 20
[2023-03-22 21:37:34] [INFO] 100/1875 lossAver:2.1662555872648954
[2023-03-22 21:38:08] [INFO] 200/1875 lossAver:1.9454238959774375
[2023-03-22 21:38:42] [INFO] 300/1875 lossAver:1.8995126227289438
[2023-03-22 21:39:16] [INFO] 400/1875 lossAver:1.8076151770539581
[2023-03-22 21:39:50] [INFO] 500/1875 lossAver:1.755285015180707
[2023-03-22 21:40:25] [INFO] 600/1875 lossAver:1.698981814297537
[2023-03-22 21:41:00] [INFO] 700/1875 lossAver:1.724896638872368
[2023-03-22 21:41:34] [INFO] 800/1875 lossAver:1.7344188069272786
[2023-03-22 21:42:08] [INFO] 900/1875 lossAver:1.6957249023351404
[2023-03-22 21:42:42] [INFO] 1000/1875 lossAver:1.6939120625108481
[2023-03-22 21:43:16] [INFO] 1100/1875 lossAver:1.6759490458396349
[2023-03-22 21:43:51] [INFO] 1200/1875 lossAver:1.6826084689858058
[2023-03-22 21:44:25] [INFO] 1300/1875 lossAver:1.6966136319304888
[2023-03-22 21:45:00] [INFO] 1400/1875 lossAver:1.7058519459143282
[2023-03-22 21:45:34] [INFO] 1500/1875 lossAver:1.7175523064732552
[2023-03-22 21:46:08] [INFO] 1600/1875 lossAver:1.7354653805634006
[2023-03-22 21:46:43] [INFO] 1700/1875 lossAver:1.7367347453227815
[2023-03-22 21:47:17] [INFO] 1800/1875 lossAver:1.7462855237805182
[2023-03-22 21:47:42] [INFO] lossList:[1.7731584970335166, 1.768503470158577, 1.7642119802753131, 1.7785276664813359, 1.7762644796133042, 1.7759840185681979, 1.7355373266537983, 1.7548553394516309, 1.7468622451941171]
[2023-03-22 21:49:24] [INFO] trainError:[0.018366666666666667, 0.01965, 0.0199, 0.019266666666666668, 0.019916666666666666, 0.019916666666666666, 0.019066666666666666, 0.018916666666666665, 0.019733333333333332]
[2023-03-22 21:49:41] [INFO] testError:[0.020267571884984025, 0.020067891373801917, 0.02106629392971246, 0.020467252396166133, 0.021765175718849842, 0.022064696485623002, 0.02146565495207668, 0.020467252396166133, 0.02156549520766773]
[2023-03-22 21:49:41] [INFO] epoch: 10 / 20
[2023-03-22 21:50:15] [INFO] 100/1875 lossAver:1.3588715382665395
[2023-03-22 21:50:49] [INFO] 200/1875 lossAver:1.3393514780327678
[2023-03-22 21:51:24] [INFO] 300/1875 lossAver:1.424794864729047
[2023-03-22 21:51:58] [INFO] 400/1875 lossAver:1.463825702611357
[2023-03-22 21:52:32] [INFO] 500/1875 lossAver:1.5477589358538388
[2023-03-22 21:53:07] [INFO] 600/1875 lossAver:1.606217255977293
[2023-03-22 21:53:42] [INFO] 700/1875 lossAver:1.681774701337729
[2023-03-22 21:54:16] [INFO] 800/1875 lossAver:1.6928291063290088
[2023-03-22 21:54:50] [INFO] 900/1875 lossAver:1.7215609589467447
[2023-03-22 21:55:24] [INFO] 1000/1875 lossAver:1.7204572525545954
[2023-03-22 21:55:58] [INFO] 1100/1875 lossAver:1.724752663820982
[2023-03-22 21:56:33] [INFO] 1200/1875 lossAver:1.7074691097065806
[2023-03-22 21:57:07] [INFO] 1300/1875 lossAver:1.7210807275542845
[2023-03-22 21:57:41] [INFO] 1400/1875 lossAver:1.7222341074049472
[2023-03-22 21:58:16] [INFO] 1500/1875 lossAver:1.7475318701217573
[2023-03-22 21:58:50] [INFO] 1600/1875 lossAver:1.7554963133018464
[2023-03-22 21:59:24] [INFO] 1700/1875 lossAver:1.776458775348523
[2023-03-22 21:59:58] [INFO] 1800/1875 lossAver:1.7781603127221266
[2023-03-22 22:00:24] [INFO] lossList:[1.7731584970335166, 1.768503470158577, 1.7642119802753131, 1.7785276664813359, 1.7762644796133042, 1.7759840185681979, 1.7355373266537983, 1.7548553394516309, 1.7468622451941171, 1.7585635967969895]
[2023-03-22 22:02:04] [INFO] trainError:[0.018366666666666667, 0.01965, 0.0199, 0.019266666666666668, 0.019916666666666666, 0.019916666666666666, 0.019066666666666666, 0.018916666666666665, 0.019733333333333332, 0.018766666666666668]
[2023-03-22 22:02:21] [INFO] testError:[0.020267571884984025, 0.020067891373801917, 0.02106629392971246, 0.020467252396166133, 0.021765175718849842, 0.022064696485623002, 0.02146565495207668, 0.020467252396166133, 0.02156549520766773, 0.020766773162939296]
[2023-03-22 22:02:21] [INFO] epoch: 11 / 20
[2023-03-22 22:02:55] [INFO] 100/1875 lossAver:1.7410199342668056
[2023-03-22 22:03:29] [INFO] 200/1875 lossAver:1.610493777655065
[2023-03-22 22:04:03] [INFO] 300/1875 lossAver:1.6347327347348133
[2023-03-22 22:04:37] [INFO] 400/1875 lossAver:1.5581979333609342
[2023-03-22 22:05:11] [INFO] 500/1875 lossAver:1.625442477673292
[2023-03-22 22:05:45] [INFO] 600/1875 lossAver:1.7187343176702659
[2023-03-22 22:06:19] [INFO] 700/1875 lossAver:1.7406683727140937
[2023-03-22 22:06:53] [INFO] 800/1875 lossAver:1.745044992538169
[2023-03-22 22:07:27] [INFO] 900/1875 lossAver:1.7854150058080753
[2023-03-22 22:08:00] [INFO] 1000/1875 lossAver:1.7863922015801073
[2023-03-22 22:08:33] [INFO] 1100/1875 lossAver:1.7943230219998143
[2023-03-22 22:09:06] [INFO] 1200/1875 lossAver:1.7909594209243853
[2023-03-22 22:09:41] [INFO] 1300/1875 lossAver:1.7875927377377565
[2023-03-22 22:10:14] [INFO] 1400/1875 lossAver:1.7718469496071338
[2023-03-22 22:10:49] [INFO] 1500/1875 lossAver:1.7788914909760156
[2023-03-22 22:11:23] [INFO] 1600/1875 lossAver:1.782611973551102
[2023-03-22 22:11:57] [INFO] 1700/1875 lossAver:1.7759014556600767
[2023-03-22 22:12:31] [INFO] 1800/1875 lossAver:1.7652950269770291
[2023-03-22 22:12:57] [INFO] lossList:[1.7731584970335166, 1.768503470158577, 1.7642119802753131, 1.7785276664813359, 1.7762644796133042, 1.7759840185681979, 1.7355373266537983, 1.7548553394516309, 1.7468622451941171, 1.7585635967969895, 1.7560317403197288]
[2023-03-22 22:14:37] [INFO] trainError:[0.018366666666666667, 0.01965, 0.0199, 0.019266666666666668, 0.019916666666666666, 0.019916666666666666, 0.019066666666666666, 0.018916666666666665, 0.019733333333333332, 0.018766666666666668, 0.020066666666666667]
[2023-03-22 22:14:53] [INFO] testError:[0.020267571884984025, 0.020067891373801917, 0.02106629392971246, 0.020467252396166133, 0.021765175718849842, 0.022064696485623002, 0.02146565495207668, 0.020467252396166133, 0.02156549520766773, 0.020766773162939296, 0.02146565495207668]
[2023-03-22 22:14:53] [INFO] epoch: 12 / 20
[2023-03-22 22:15:27] [INFO] 100/1875 lossAver:1.6948149850219487
[2023-03-22 22:16:00] [INFO] 200/1875 lossAver:1.741377759166062
[2023-03-22 22:16:35] [INFO] 300/1875 lossAver:1.7324066660056512
[2023-03-22 22:17:09] [INFO] 400/1875 lossAver:1.790734187811613
[2023-03-22 22:17:42] [INFO] 500/1875 lossAver:1.8355737295150756
[2023-03-22 22:18:16] [INFO] 600/1875 lossAver:1.8352108279863992
[2023-03-22 22:18:50] [INFO] 700/1875 lossAver:1.8073420244987521
[2023-03-22 22:19:24] [INFO] 800/1875 lossAver:1.7753929337393493
[2023-03-22 22:19:58] [INFO] 900/1875 lossAver:1.7589614552425015
[2023-03-22 22:20:31] [INFO] 1000/1875 lossAver:1.7245514346659183
[2023-03-22 22:21:05] [INFO] 1100/1875 lossAver:1.7145717869563537
[2023-03-22 22:21:38] [INFO] 1200/1875 lossAver:1.7242955410915117
[2023-03-22 22:22:12] [INFO] 1300/1875 lossAver:1.7196870467009453
[2023-03-22 22:22:46] [INFO] 1400/1875 lossAver:1.7228029848475541
[2023-03-22 22:23:20] [INFO] 1500/1875 lossAver:1.7238410397917032
[2023-03-22 22:23:54] [INFO] 1600/1875 lossAver:1.7459179690433666
[2023-03-22 22:24:27] [INFO] 1700/1875 lossAver:1.7523171856122859
[2023-03-22 22:25:02] [INFO] 1800/1875 lossAver:1.7554960725456477
[2023-03-22 22:25:27] [INFO] lossList:[1.7731584970335166, 1.768503470158577, 1.7642119802753131, 1.7785276664813359, 1.7762644796133042, 1.7759840185681979, 1.7355373266537983, 1.7548553394516309, 1.7468622451941171, 1.7585635967969895, 1.7560317403197288, 1.7536438820501168]
[2023-03-22 22:27:07] [INFO] trainError:[0.018366666666666667, 0.01965, 0.0199, 0.019266666666666668, 0.019916666666666666, 0.019916666666666666, 0.019066666666666666, 0.018916666666666665, 0.019733333333333332, 0.018766666666666668, 0.020066666666666667, 0.020183333333333334]
[2023-03-22 22:27:24] [INFO] testError:[0.020267571884984025, 0.020067891373801917, 0.02106629392971246, 0.020467252396166133, 0.021765175718849842, 0.022064696485623002, 0.02146565495207668, 0.020467252396166133, 0.02156549520766773, 0.020766773162939296, 0.02146565495207668, 0.021265974440894567]
[2023-03-22 22:27:24] [INFO] epoch: 13 / 20
[2023-03-22 22:27:59] [INFO] 100/1875 lossAver:1.6708376605808735
[2023-03-22 22:28:32] [INFO] 200/1875 lossAver:1.7614212369918822
[2023-03-22 22:29:05] [INFO] 300/1875 lossAver:1.8133709844946861
[2023-03-22 22:29:39] [INFO] 400/1875 lossAver:1.8543099188432097
[2023-03-22 22:30:13] [INFO] 500/1875 lossAver:1.784306010991335
[2023-03-22 22:30:47] [INFO] 600/1875 lossAver:1.723648720358809
[2023-03-22 22:31:20] [INFO] 700/1875 lossAver:1.7662290924468211
[2023-03-22 22:31:54] [INFO] 800/1875 lossAver:1.7544244400318711
[2023-03-22 22:32:28] [INFO] 900/1875 lossAver:1.729884417090151
[2023-03-22 22:33:01] [INFO] 1000/1875 lossAver:1.6957085937261582
[2023-03-22 22:33:34] [INFO] 1100/1875 lossAver:1.6758303752677006
[2023-03-22 22:34:08] [INFO] 1200/1875 lossAver:1.6882691477052867
[2023-03-22 22:34:42] [INFO] 1300/1875 lossAver:1.696877068390067
[2023-03-22 22:35:16] [INFO] 1400/1875 lossAver:1.7118276856467127
[2023-03-22 22:35:50] [INFO] 1500/1875 lossAver:1.7201097043454647
[2023-03-22 22:36:24] [INFO] 1600/1875 lossAver:1.7374739520484581
[2023-03-22 22:36:57] [INFO] 1700/1875 lossAver:1.7353388666186262
[2023-03-22 22:37:30] [INFO] 1800/1875 lossAver:1.7492309221004447
[2023-03-22 22:37:56] [INFO] lossList:[1.7731584970335166, 1.768503470158577, 1.7642119802753131, 1.7785276664813359, 1.7762644796133042, 1.7759840185681979, 1.7355373266537983, 1.7548553394516309, 1.7468622451941171, 1.7585635967969895, 1.7560317403197288, 1.7536438820501168, 1.7537029210289319]
[2023-03-22 22:39:36] [INFO] trainError:[0.018366666666666667, 0.01965, 0.0199, 0.019266666666666668, 0.019916666666666666, 0.019916666666666666, 0.019066666666666666, 0.018916666666666665, 0.019733333333333332, 0.018766666666666668, 0.020066666666666667, 0.020183333333333334, 0.0194]
[2023-03-22 22:39:53] [INFO] testError:[0.020267571884984025, 0.020067891373801917, 0.02106629392971246, 0.020467252396166133, 0.021765175718849842, 0.022064696485623002, 0.02146565495207668, 0.020467252396166133, 0.02156549520766773, 0.020766773162939296, 0.02146565495207668, 0.021265974440894567, 0.021265974440894567]
[2023-03-22 22:39:53] [INFO] epoch: 14 / 20
[2023-03-22 22:40:26] [INFO] 100/1875 lossAver:1.9342494317889214
[2023-03-22 22:41:00] [INFO] 200/1875 lossAver:1.9140636263042687
[2023-03-22 22:41:33] [INFO] 300/1875 lossAver:1.7596714274585248
[2023-03-22 22:42:07] [INFO] 400/1875 lossAver:1.7493516090884804
[2023-03-22 22:42:40] [INFO] 500/1875 lossAver:1.7294135692417623
[2023-03-22 22:43:14] [INFO] 600/1875 lossAver:1.74550346955657
[2023-03-22 22:43:48] [INFO] 700/1875 lossAver:1.7482536940489497
[2023-03-22 22:44:21] [INFO] 800/1875 lossAver:1.7406257603969424
[2023-03-22 22:44:55] [INFO] 900/1875 lossAver:1.7356579485038917
[2023-03-22 22:45:28] [INFO] 1000/1875 lossAver:1.7062780611366033
[2023-03-22 22:46:01] [INFO] 1100/1875 lossAver:1.675860656540502
[2023-03-22 22:46:34] [INFO] 1200/1875 lossAver:1.694140750952065
[2023-03-22 22:47:07] [INFO] 1300/1875 lossAver:1.6990550487947005
[2023-03-22 22:47:41] [INFO] 1400/1875 lossAver:1.6961894115805627
[2023-03-22 22:48:14] [INFO] 1500/1875 lossAver:1.7278347567121188
[2023-03-22 22:48:47] [INFO] 1600/1875 lossAver:1.750911001097411
[2023-03-22 22:49:20] [INFO] 1700/1875 lossAver:1.739716119056239
[2023-03-22 22:49:55] [INFO] 1800/1875 lossAver:1.7365251439313094
[2023-03-22 22:50:20] [INFO] lossList:[1.7731584970335166, 1.768503470158577, 1.7642119802753131, 1.7785276664813359, 1.7762644796133042, 1.7759840185681979, 1.7355373266537983, 1.7548553394516309, 1.7468622451941171, 1.7585635967969895, 1.7560317403197288, 1.7536438820501168, 1.7537029210289319, 1.7451094920317332]
[2023-03-22 22:51:59] [INFO] trainError:[0.018366666666666667, 0.01965, 0.0199, 0.019266666666666668, 0.019916666666666666, 0.019916666666666666, 0.019066666666666666, 0.018916666666666665, 0.019733333333333332, 0.018766666666666668, 0.020066666666666667, 0.020183333333333334, 0.0194, 0.01835]
[2023-03-22 22:52:16] [INFO] testError:[0.020267571884984025, 0.020067891373801917, 0.02106629392971246, 0.020467252396166133, 0.021765175718849842, 0.022064696485623002, 0.02146565495207668, 0.020467252396166133, 0.02156549520766773, 0.020766773162939296, 0.02146565495207668, 0.021265974440894567, 0.021265974440894567, 0.020467252396166133]
[2023-03-22 22:52:16] [INFO] epoch: 15 / 20
[2023-03-22 22:52:49] [INFO] 100/1875 lossAver:1.5734504339843989
[2023-03-22 22:53:21] [INFO] 200/1875 lossAver:1.5668554936721921
[2023-03-22 22:53:52] [INFO] 300/1875 lossAver:1.6537607740610838
[2023-03-22 22:54:24] [INFO] 400/1875 lossAver:1.727213855208829
[2023-03-22 22:54:56] [INFO] 500/1875 lossAver:1.7752978390827776
[2023-03-22 22:55:29] [INFO] 600/1875 lossAver:1.792644218535473
[2023-03-22 22:56:01] [INFO] 700/1875 lossAver:1.784039574164365
[2023-03-22 22:56:33] [INFO] 800/1875 lossAver:1.719856442254968
[2023-03-22 22:57:05] [INFO] 900/1875 lossAver:1.7498038141305248
[2023-03-22 22:57:36] [INFO] 1000/1875 lossAver:1.7314940769933165
[2023-03-22 22:58:08] [INFO] 1100/1875 lossAver:1.7453470742939547
[2023-03-22 22:58:39] [INFO] 1200/1875 lossAver:1.7679842821167162
[2023-03-22 22:59:10] [INFO] 1300/1875 lossAver:1.7662150295336658
[2023-03-22 22:59:41] [INFO] 1400/1875 lossAver:1.7393668309412897
[2023-03-22 23:00:13] [INFO] 1500/1875 lossAver:1.7356529909397165
[2023-03-22 23:00:44] [INFO] 1600/1875 lossAver:1.7533063629665413
[2023-03-22 23:01:15] [INFO] 1700/1875 lossAver:1.7344657566727084
[2023-03-22 23:01:47] [INFO] 1800/1875 lossAver:1.721837731477701
[2023-03-22 23:02:10] [INFO] lossList:[1.7731584970335166, 1.768503470158577, 1.7642119802753131, 1.7785276664813359, 1.7762644796133042, 1.7759840185681979, 1.7355373266537983, 1.7548553394516309, 1.7468622451941171, 1.7585635967969895, 1.7560317403197288, 1.7536438820501168, 1.7537029210289319, 1.7451094920317332, 1.722848118040959]
[2023-03-22 23:03:44] [INFO] trainError:[0.018366666666666667, 0.01965, 0.0199, 0.019266666666666668, 0.019916666666666666, 0.019916666666666666, 0.019066666666666666, 0.018916666666666665, 0.019733333333333332, 0.018766666666666668, 0.020066666666666667, 0.020183333333333334, 0.0194, 0.01835, 0.019266666666666668]
[2023-03-22 23:03:59] [INFO] testError:[0.020267571884984025, 0.020067891373801917, 0.02106629392971246, 0.020467252396166133, 0.021765175718849842, 0.022064696485623002, 0.02146565495207668, 0.020467252396166133, 0.02156549520766773, 0.020766773162939296, 0.02146565495207668, 0.021265974440894567, 0.021265974440894567, 0.020467252396166133, 0.019568690095846646]
[2023-03-22 23:03:59] [INFO] epoch: 16 / 20
[2023-03-22 23:04:30] [INFO] 100/1875 lossAver:1.757674342021346
[2023-03-22 23:05:02] [INFO] 200/1875 lossAver:1.809350498728454
[2023-03-22 23:05:33] [INFO] 300/1875 lossAver:1.7889101122071345
[2023-03-22 23:06:04] [INFO] 400/1875 lossAver:1.7572339362837375
[2023-03-22 23:06:35] [INFO] 500/1875 lossAver:1.7016717208474874
[2023-03-22 23:07:06] [INFO] 600/1875 lossAver:1.6547834070026874
[2023-03-22 23:07:37] [INFO] 700/1875 lossAver:1.715227175610406
[2023-03-22 23:08:08] [INFO] 800/1875 lossAver:1.6808727611787617
[2023-03-22 23:08:39] [INFO] 900/1875 lossAver:1.7070974228738083
[2023-03-22 23:09:10] [INFO] 1000/1875 lossAver:1.7060396769084036
[2023-03-22 23:09:41] [INFO] 1100/1875 lossAver:1.7282528881152923
[2023-03-22 23:10:13] [INFO] 1200/1875 lossAver:1.7223810624548543
[2023-03-22 23:10:44] [INFO] 1300/1875 lossAver:1.7202885886081136
[2023-03-22 23:11:15] [INFO] 1400/1875 lossAver:1.7270607589690814
[2023-03-22 23:11:46] [INFO] 1500/1875 lossAver:1.7189792297457656
[2023-03-22 23:12:17] [INFO] 1600/1875 lossAver:1.7267580015468411
[2023-03-22 23:12:48] [INFO] 1700/1875 lossAver:1.7442532410582199
[2023-03-22 23:13:19] [INFO] 1800/1875 lossAver:1.7136714077678818
[2023-03-22 23:13:43] [INFO] lossList:[1.7731584970335166, 1.768503470158577, 1.7642119802753131, 1.7785276664813359, 1.7762644796133042, 1.7759840185681979, 1.7355373266537983, 1.7548553394516309, 1.7468622451941171, 1.7585635967969895, 1.7560317403197288, 1.7536438820501168, 1.7537029210289319, 1.7451094920317332, 1.722848118040959, 1.7193511592169604]
[2023-03-22 23:15:17] [INFO] trainError:[0.018366666666666667, 0.01965, 0.0199, 0.019266666666666668, 0.019916666666666666, 0.019916666666666666, 0.019066666666666666, 0.018916666666666665, 0.019733333333333332, 0.018766666666666668, 0.020066666666666667, 0.020183333333333334, 0.0194, 0.01835, 0.019266666666666668, 0.019883333333333333]
[2023-03-22 23:15:33] [INFO] testError:[0.020267571884984025, 0.020067891373801917, 0.02106629392971246, 0.020467252396166133, 0.021765175718849842, 0.022064696485623002, 0.02146565495207668, 0.020467252396166133, 0.02156549520766773, 0.020766773162939296, 0.02146565495207668, 0.021265974440894567, 0.021265974440894567, 0.020467252396166133, 0.019568690095846646, 0.0231629392971246]
[2023-03-22 23:15:33] [INFO] epoch: 17 / 20
[2023-03-22 23:16:04] [INFO] 100/1875 lossAver:1.6118809499591589
[2023-03-22 23:16:35] [INFO] 200/1875 lossAver:1.7104900398477911
[2023-03-22 23:17:06] [INFO] 300/1875 lossAver:1.7870446673283975
[2023-03-22 23:17:37] [INFO] 400/1875 lossAver:1.7468412271142006
[2023-03-22 23:18:08] [INFO] 500/1875 lossAver:1.7278179266154765
[2023-03-22 23:18:40] [INFO] 600/1875 lossAver:1.8068527467052142
[2023-03-22 23:19:11] [INFO] 700/1875 lossAver:1.7690152084774204
[2023-03-22 23:19:42] [INFO] 800/1875 lossAver:1.7183755354350432
[2023-03-22 23:20:13] [INFO] 900/1875 lossAver:1.7164918345833817
[2023-03-22 23:20:44] [INFO] 1000/1875 lossAver:1.6995770710520446
[2023-03-22 23:21:16] [INFO] 1100/1875 lossAver:1.7348749721964651
[2023-03-22 23:21:47] [INFO] 1200/1875 lossAver:1.7106386384895693
[2023-03-22 23:22:18] [INFO] 1300/1875 lossAver:1.7075121297658635
[2023-03-22 23:22:50] [INFO] 1400/1875 lossAver:1.71667778171865
[2023-03-22 23:23:21] [INFO] 1500/1875 lossAver:1.7197606532797218
[2023-03-22 23:23:52] [INFO] 1600/1875 lossAver:1.72564320694888
[2023-03-22 23:24:23] [INFO] 1700/1875 lossAver:1.7388771887452288
[2023-03-22 23:24:54] [INFO] 1800/1875 lossAver:1.7426445105982324
[2023-03-22 23:25:17] [INFO] lossList:[1.7731584970335166, 1.768503470158577, 1.7642119802753131, 1.7785276664813359, 1.7762644796133042, 1.7759840185681979, 1.7355373266537983, 1.7548553394516309, 1.7468622451941171, 1.7585635967969895, 1.7560317403197288, 1.7536438820501168, 1.7537029210289319, 1.7451094920317332, 1.722848118040959, 1.7193511592169604, 1.7433631102542082]
[2023-03-22 23:26:51] [INFO] trainError:[0.018366666666666667, 0.01965, 0.0199, 0.019266666666666668, 0.019916666666666666, 0.019916666666666666, 0.019066666666666666, 0.018916666666666665, 0.019733333333333332, 0.018766666666666668, 0.020066666666666667, 0.020183333333333334, 0.0194, 0.01835, 0.019266666666666668, 0.019883333333333333, 0.019083333333333334]
[2023-03-22 23:27:07] [INFO] testError:[0.020267571884984025, 0.020067891373801917, 0.02106629392971246, 0.020467252396166133, 0.021765175718849842, 0.022064696485623002, 0.02146565495207668, 0.020467252396166133, 0.02156549520766773, 0.020766773162939296, 0.02146565495207668, 0.021265974440894567, 0.021265974440894567, 0.020467252396166133, 0.019568690095846646, 0.0231629392971246, 0.020666932907348244]
[2023-03-22 23:27:07] [INFO] epoch: 18 / 20
[2023-03-22 23:27:38] [INFO] 100/1875 lossAver:1.8066950918734073
[2023-03-22 23:28:09] [INFO] 200/1875 lossAver:1.6333482263609767
[2023-03-22 23:28:40] [INFO] 300/1875 lossAver:1.6746022932231426
[2023-03-22 23:29:12] [INFO] 400/1875 lossAver:1.7716912434622645
[2023-03-22 23:29:43] [INFO] 500/1875 lossAver:1.714040775425732
[2023-03-22 23:30:14] [INFO] 600/1875 lossAver:1.67513163452968
[2023-03-22 23:30:45] [INFO] 700/1875 lossAver:1.7445622364378401
[2023-03-22 23:31:16] [INFO] 800/1875 lossAver:1.7207540326705202
[2023-03-22 23:31:48] [INFO] 900/1875 lossAver:1.7418975124715104
[2023-03-22 23:32:19] [INFO] 1000/1875 lossAver:1.7356852346770466
[2023-03-22 23:32:50] [INFO] 1100/1875 lossAver:1.73082669028843
[2023-03-22 23:33:21] [INFO] 1200/1875 lossAver:1.7291577150269102
[2023-03-22 23:33:53] [INFO] 1300/1875 lossAver:1.7263962378152289
[2023-03-22 23:34:24] [INFO] 1400/1875 lossAver:1.761794577919479
[2023-03-22 23:34:55] [INFO] 1500/1875 lossAver:1.744261812629799
[2023-03-22 23:35:26] [INFO] 1600/1875 lossAver:1.741717704127077
[2023-03-22 23:35:58] [INFO] 1700/1875 lossAver:1.7399496295434587
[2023-03-22 23:36:28] [INFO] 1800/1875 lossAver:1.7375370458803243
[2023-03-22 23:36:52] [INFO] lossList:[1.7731584970335166, 1.768503470158577, 1.7642119802753131, 1.7785276664813359, 1.7762644796133042, 1.7759840185681979, 1.7355373266537983, 1.7548553394516309, 1.7468622451941171, 1.7585635967969895, 1.7560317403197288, 1.7536438820501168, 1.7537029210289319, 1.7451094920317332, 1.722848118040959, 1.7193511592169604, 1.7433631102542082, 1.7347996671358745]
[2023-03-22 23:38:26] [INFO] trainError:[0.018366666666666667, 0.01965, 0.0199, 0.019266666666666668, 0.019916666666666666, 0.019916666666666666, 0.019066666666666666, 0.018916666666666665, 0.019733333333333332, 0.018766666666666668, 0.020066666666666667, 0.020183333333333334, 0.0194, 0.01835, 0.019266666666666668, 0.019883333333333333, 0.019083333333333334, 0.019183333333333333]
[2023-03-22 23:38:41] [INFO] testError:[0.020267571884984025, 0.020067891373801917, 0.02106629392971246, 0.020467252396166133, 0.021765175718849842, 0.022064696485623002, 0.02146565495207668, 0.020467252396166133, 0.02156549520766773, 0.020766773162939296, 0.02146565495207668, 0.021265974440894567, 0.021265974440894567, 0.020467252396166133, 0.019568690095846646, 0.0231629392971246, 0.020666932907348244, 0.020966453674121407]
[2023-03-22 23:38:41] [INFO] epoch: 19 / 20
[2023-03-22 23:39:12] [INFO] 100/1875 lossAver:1.1208339403569698
[2023-03-22 23:39:43] [INFO] 200/1875 lossAver:1.5470737194642425
[2023-03-22 23:40:15] [INFO] 300/1875 lossAver:1.593430678943793
[2023-03-22 23:40:46] [INFO] 400/1875 lossAver:1.5861471129581333
[2023-03-22 23:41:18] [INFO] 500/1875 lossAver:1.615113767951727
[2023-03-22 23:41:49] [INFO] 600/1875 lossAver:1.660636338343223
[2023-03-22 23:42:21] [INFO] 700/1875 lossAver:1.6236815095586437
[2023-03-22 23:42:53] [INFO] 800/1875 lossAver:1.6579769990220665
[2023-03-22 23:43:25] [INFO] 900/1875 lossAver:1.6746025698052511
[2023-03-22 23:43:56] [INFO] 1000/1875 lossAver:1.6897658281028272
[2023-03-22 23:44:28] [INFO] 1100/1875 lossAver:1.6873375817456029
[2023-03-22 23:45:00] [INFO] 1200/1875 lossAver:1.681224350190411
[2023-03-22 23:45:31] [INFO] 1300/1875 lossAver:1.7134926005911368
[2023-03-22 23:46:03] [INFO] 1400/1875 lossAver:1.7400495059735008
[2023-03-22 23:46:34] [INFO] 1500/1875 lossAver:1.7507824260344107
[2023-03-22 23:47:06] [INFO] 1600/1875 lossAver:1.740486152721569
[2023-03-22 23:47:37] [INFO] 1700/1875 lossAver:1.73531457157696
[2023-03-22 23:48:09] [INFO] 1800/1875 lossAver:1.7371601153579024
[2023-03-22 23:48:33] [INFO] lossList:[1.7731584970335166, 1.768503470158577, 1.7642119802753131, 1.7785276664813359, 1.7762644796133042, 1.7759840185681979, 1.7355373266537983, 1.7548553394516309, 1.7468622451941171, 1.7585635967969895, 1.7560317403197288, 1.7536438820501168, 1.7537029210289319, 1.7451094920317332, 1.722848118040959, 1.7193511592169604, 1.7433631102542082, 1.7347996671358745, 1.7345029902219773]
[2023-03-22 23:50:08] [INFO] trainError:[0.018366666666666667, 0.01965, 0.0199, 0.019266666666666668, 0.019916666666666666, 0.019916666666666666, 0.019066666666666666, 0.018916666666666665, 0.019733333333333332, 0.018766666666666668, 0.020066666666666667, 0.020183333333333334, 0.0194, 0.01835, 0.019266666666666668, 0.019883333333333333, 0.019083333333333334, 0.019183333333333333, 0.019683333333333334]
[2023-03-22 23:50:24] [INFO] testError:[0.020267571884984025, 0.020067891373801917, 0.02106629392971246, 0.020467252396166133, 0.021765175718849842, 0.022064696485623002, 0.02146565495207668, 0.020467252396166133, 0.02156549520766773, 0.020766773162939296, 0.02146565495207668, 0.021265974440894567, 0.021265974440894567, 0.020467252396166133, 0.019568690095846646, 0.0231629392971246, 0.020666932907348244, 0.020966453674121407, 0.02056709265175719]
[2023-03-22 23:50:24] [INFO] epoch: 20 / 20
[2023-03-22 23:50:56] [INFO] 100/1875 lossAver:1.7938558495789767
[2023-03-22 23:51:27] [INFO] 200/1875 lossAver:1.698906695060432
[2023-03-22 23:51:59] [INFO] 300/1875 lossAver:1.7484857723365228
[2023-03-22 23:52:31] [INFO] 400/1875 lossAver:1.7162468263320625
[2023-03-22 23:53:03] [INFO] 500/1875 lossAver:1.7266469588130713
[2023-03-22 23:53:34] [INFO] 600/1875 lossAver:1.7140310453996062
[2023-03-22 23:54:06] [INFO] 700/1875 lossAver:1.701418776448284
[2023-03-22 23:54:37] [INFO] 800/1875 lossAver:1.686617843490094
[2023-03-22 23:55:09] [INFO] 900/1875 lossAver:1.6765024014893506
[2023-03-22 23:55:41] [INFO] 1000/1875 lossAver:1.7187357706204056
[2023-03-22 23:56:12] [INFO] 1100/1875 lossAver:1.7237761146642945
[2023-03-22 23:56:44] [INFO] 1200/1875 lossAver:1.7335088654669624
[2023-03-22 23:57:15] [INFO] 1300/1875 lossAver:1.7511069820706662
[2023-03-22 23:57:47] [INFO] 1400/1875 lossAver:1.7539900208690338
[2023-03-22 23:58:19] [INFO] 1500/1875 lossAver:1.745113636702299
[2023-03-22 23:58:50] [INFO] 1600/1875 lossAver:1.7207517262734473
[2023-03-22 23:59:22] [INFO] 1700/1875 lossAver:1.7344356993322863
[2023-03-22 23:59:54] [INFO] 1800/1875 lossAver:1.7290868362411858
[2023-03-23 00:00:18] [INFO] lossList:[1.7731584970335166, 1.768503470158577, 1.7642119802753131, 1.7785276664813359, 1.7762644796133042, 1.7759840185681979, 1.7355373266537983, 1.7548553394516309, 1.7468622451941171, 1.7585635967969895, 1.7560317403197288, 1.7536438820501168, 1.7537029210289319, 1.7451094920317332, 1.722848118040959, 1.7193511592169604, 1.7433631102542082, 1.7347996671358745, 1.7345029902219773, 1.7313778396129609]
[2023-03-23 00:01:54] [INFO] trainError:[0.018366666666666667, 0.01965, 0.0199, 0.019266666666666668, 0.019916666666666666, 0.019916666666666666, 0.019066666666666666, 0.018916666666666665, 0.019733333333333332, 0.018766666666666668, 0.020066666666666667, 0.020183333333333334, 0.0194, 0.01835, 0.019266666666666668, 0.019883333333333333, 0.019083333333333334, 0.019183333333333333, 0.019683333333333334, 0.0196]
[2023-03-23 00:02:09] [INFO] testError:[0.020267571884984025, 0.020067891373801917, 0.02106629392971246, 0.020467252396166133, 0.021765175718849842, 0.022064696485623002, 0.02146565495207668, 0.020467252396166133, 0.02156549520766773, 0.020766773162939296, 0.02146565495207668, 0.021265974440894567, 0.021265974440894567, 0.020467252396166133, 0.019568690095846646, 0.0231629392971246, 0.020666932907348244, 0.020966453674121407, 0.02056709265175719, 0.02156549520766773]
