nohup: ignoring input
[2023-03-21 22:33:02] [INFO] epoch: 01 / 25
[2023-03-21 22:33:10] [INFO] 100/3750 lossAver:59.640819702148434
[2023-03-21 22:33:17] [INFO] 200/3750 lossAver:58.447425022125245
[2023-03-21 22:33:24] [INFO] 300/3750 lossAver:58.08231327056885
[2023-03-21 22:33:31] [INFO] 400/3750 lossAver:57.74731225013733
[2023-03-21 22:33:38] [INFO] 500/3750 lossAver:57.621863647460934
[2023-03-21 22:33:45] [INFO] 600/3750 lossAver:57.46707299550374
[2023-03-21 22:33:52] [INFO] 700/3750 lossAver:57.38686456952776
[2023-03-21 22:33:59] [INFO] 800/3750 lossAver:57.26534870624542
[2023-03-21 22:34:06] [INFO] 900/3750 lossAver:57.02067409515381
[2023-03-21 22:34:13] [INFO] 1000/3750 lossAver:55.72511057281494
[2023-03-21 22:34:20] [INFO] 1100/3750 lossAver:53.714820131822066
[2023-03-21 22:34:28] [INFO] 1200/3750 lossAver:51.66513301690419
[2023-03-21 22:34:35] [INFO] 1300/3750 lossAver:49.74407255466168
[2023-03-21 22:34:42] [INFO] 1400/3750 lossAver:47.89033595085144
[2023-03-21 22:34:50] [INFO] 1500/3750 lossAver:46.18338279533386
[2023-03-21 22:34:57] [INFO] 1600/3750 lossAver:44.574022767543795
[2023-03-21 22:35:04] [INFO] 1700/3750 lossAver:43.13285810638877
[2023-03-21 22:35:11] [INFO] 1800/3750 lossAver:41.77059785789913
[2023-03-21 22:35:19] [INFO] 1900/3750 lossAver:40.55308096484134
[2023-03-21 22:35:26] [INFO] 2000/3750 lossAver:39.49993319177628
[2023-03-21 22:35:33] [INFO] 2100/3750 lossAver:38.458163856324695
[2023-03-21 22:35:40] [INFO] 2200/3750 lossAver:37.4972266444293
[2023-03-21 22:35:48] [INFO] 2300/3750 lossAver:36.564271999442056
[2023-03-21 22:35:55] [INFO] 2400/3750 lossAver:35.72142152388891
[2023-03-21 22:36:02] [INFO] 2500/3750 lossAver:34.87427185077667
[2023-03-21 22:36:10] [INFO] 2600/3750 lossAver:34.10692425929583
[2023-03-21 22:36:17] [INFO] 2700/3750 lossAver:33.3894055751518
[2023-03-21 22:36:25] [INFO] 2800/3750 lossAver:32.70768579125404
[2023-03-21 22:36:32] [INFO] 2900/3750 lossAver:32.057167978615595
[2023-03-21 22:36:39] [INFO] 3000/3750 lossAver:31.440039599736533
[2023-03-21 22:36:46] [INFO] 3100/3750 lossAver:30.82916668368924
[2023-03-21 22:36:53] [INFO] 3200/3750 lossAver:30.291905682086945
[2023-03-21 22:37:00] [INFO] 3300/3750 lossAver:29.763726626598473
[2023-03-21 22:37:07] [INFO] 3400/3750 lossAver:29.264234531066
[2023-03-21 22:37:15] [INFO] 3500/3750 lossAver:28.76662383924212
[2023-03-21 22:37:23] [INFO] 3600/3750 lossAver:28.294820486439598
[2023-03-21 22:37:30] [INFO] 3700/3750 lossAver:27.851277325604414
[2023-03-21 22:37:34] [INFO] lossList:[27.656259297180174]
[2023-03-21 22:40:43] [INFO] trainError:[0.0552]
[2023-03-21 22:41:14] [INFO] testError:[0.0511]
[2023-03-21 22:41:14] [INFO] epoch: 02 / 25
[2023-03-21 22:41:21] [INFO] 100/3750 lossAver:11.234369511604308
[2023-03-21 22:41:28] [INFO] 200/3750 lossAver:11.741410927772522
[2023-03-21 22:41:36] [INFO] 300/3750 lossAver:11.443296276728312
[2023-03-21 22:41:43] [INFO] 400/3750 lossAver:11.551636855602265
[2023-03-21 22:41:50] [INFO] 500/3750 lossAver:11.294102277755737
[2023-03-21 22:41:57] [INFO] 600/3750 lossAver:11.244992773532868
[2023-03-21 22:42:05] [INFO] 700/3750 lossAver:11.28456533432007
[2023-03-21 22:42:12] [INFO] 800/3750 lossAver:11.381971886754036
[2023-03-21 22:42:19] [INFO] 900/3750 lossAver:11.313052352799309
[2023-03-21 22:42:27] [INFO] 1000/3750 lossAver:11.29000553369522
[2023-03-21 22:42:33] [INFO] 1100/3750 lossAver:11.287015163248235
[2023-03-21 22:42:41] [INFO] 1200/3750 lossAver:11.209916303952536
[2023-03-21 22:42:48] [INFO] 1300/3750 lossAver:11.139261751908522
[2023-03-21 22:42:55] [INFO] 1400/3750 lossAver:11.11448142358235
[2023-03-21 22:43:02] [INFO] 1500/3750 lossAver:11.115312571207681
[2023-03-21 22:43:09] [INFO] 1600/3750 lossAver:11.093008314669133
[2023-03-21 22:43:17] [INFO] 1700/3750 lossAver:11.05742573036867
[2023-03-21 22:43:24] [INFO] 1800/3750 lossAver:11.037291317515903
[2023-03-21 22:43:31] [INFO] 1900/3750 lossAver:10.998475269769367
[2023-03-21 22:43:38] [INFO] 2000/3750 lossAver:10.96199057984352
[2023-03-21 22:43:46] [INFO] 2100/3750 lossAver:10.924636700721013
[2023-03-21 22:43:53] [INFO] 2200/3750 lossAver:10.88343119838021
[2023-03-21 22:44:00] [INFO] 2300/3750 lossAver:10.811625302563543
[2023-03-21 22:44:08] [INFO] 2400/3750 lossAver:10.771794929504395
[2023-03-21 22:44:15] [INFO] 2500/3750 lossAver:10.758482865715028
[2023-03-21 22:44:23] [INFO] 2600/3750 lossAver:10.6924287208227
[2023-03-21 22:44:30] [INFO] 2700/3750 lossAver:10.650101456024029
[2023-03-21 22:44:38] [INFO] 2800/3750 lossAver:10.640186072843415
[2023-03-21 22:44:45] [INFO] 2900/3750 lossAver:10.631913908678909
[2023-03-21 22:44:52] [INFO] 3000/3750 lossAver:10.593969515005748
[2023-03-21 22:45:00] [INFO] 3100/3750 lossAver:10.565972665894416
[2023-03-21 22:45:07] [INFO] 3200/3750 lossAver:10.536311768218875
[2023-03-21 22:45:14] [INFO] 3300/3750 lossAver:10.529773420492807
[2023-03-21 22:45:22] [INFO] 3400/3750 lossAver:10.493491091377594
[2023-03-21 22:45:29] [INFO] 3500/3750 lossAver:10.470081631183625
[2023-03-21 22:45:36] [INFO] 3600/3750 lossAver:10.454215532077683
[2023-03-21 22:45:43] [INFO] 3700/3750 lossAver:10.427139173198391
[2023-03-21 22:45:47] [INFO] lossList:[27.656259297180174, 10.413400837961833]
[2023-03-21 22:48:55] [INFO] trainError:[0.0552, 0.04518333333333333]
[2023-03-21 22:49:27] [INFO] testError:[0.0511, 0.0434]
[2023-03-21 22:49:27] [INFO] epoch: 03 / 25
[2023-03-21 22:49:34] [INFO] 100/3750 lossAver:9.34326108455658
[2023-03-21 22:49:41] [INFO] 200/3750 lossAver:9.324037020206452
[2023-03-21 22:49:48] [INFO] 300/3750 lossAver:9.33350107828776
[2023-03-21 22:49:55] [INFO] 400/3750 lossAver:9.298307489156723
[2023-03-21 22:50:02] [INFO] 500/3750 lossAver:9.178436775207519
[2023-03-21 22:50:10] [INFO] 600/3750 lossAver:9.300047341982523
[2023-03-21 22:50:17] [INFO] 700/3750 lossAver:9.278876596178327
[2023-03-21 22:50:24] [INFO] 800/3750 lossAver:9.217956480681897
[2023-03-21 22:50:31] [INFO] 900/3750 lossAver:9.243098239103952
[2023-03-21 22:50:38] [INFO] 1000/3750 lossAver:9.160051997423173
[2023-03-21 22:50:46] [INFO] 1100/3750 lossAver:9.144723531549626
[2023-03-21 22:50:53] [INFO] 1200/3750 lossAver:9.09319938580195
[2023-03-21 22:51:00] [INFO] 1300/3750 lossAver:9.069102682700525
[2023-03-21 22:51:08] [INFO] 1400/3750 lossAver:9.091560831751142
[2023-03-21 22:51:15] [INFO] 1500/3750 lossAver:9.035191783269246
[2023-03-21 22:51:22] [INFO] 1600/3750 lossAver:9.002351322323085
[2023-03-21 22:51:29] [INFO] 1700/3750 lossAver:8.968201244718887
[2023-03-21 22:51:36] [INFO] 1800/3750 lossAver:8.97878496951527
[2023-03-21 22:51:44] [INFO] 1900/3750 lossAver:8.989325033865477
[2023-03-21 22:51:51] [INFO] 2000/3750 lossAver:8.972024688959122
[2023-03-21 22:51:58] [INFO] 2100/3750 lossAver:8.964435345331827
[2023-03-21 22:52:06] [INFO] 2200/3750 lossAver:8.948591749776494
[2023-03-21 22:52:13] [INFO] 2300/3750 lossAver:8.955841879844666
[2023-03-21 22:52:20] [INFO] 2400/3750 lossAver:8.946531348029772
[2023-03-21 22:52:28] [INFO] 2500/3750 lossAver:8.929902132701875
[2023-03-21 22:52:35] [INFO] 2600/3750 lossAver:8.92053549674841
[2023-03-21 22:52:43] [INFO] 2700/3750 lossAver:8.921556161686226
[2023-03-21 22:52:50] [INFO] 2800/3750 lossAver:8.925586708698955
[2023-03-21 22:52:58] [INFO] 2900/3750 lossAver:8.919833627158198
[2023-03-21 22:53:05] [INFO] 3000/3750 lossAver:8.890604163487753
[2023-03-21 22:53:13] [INFO] 3100/3750 lossAver:8.873344288718316
[2023-03-21 22:53:21] [INFO] 3200/3750 lossAver:8.835224329903722
[2023-03-21 22:53:29] [INFO] 3300/3750 lossAver:8.836961596662348
[2023-03-21 22:53:36] [INFO] 3400/3750 lossAver:8.825212928407332
[2023-03-21 22:53:45] [INFO] 3500/3750 lossAver:8.801290017536708
[2023-03-21 22:53:53] [INFO] 3600/3750 lossAver:8.795340947707494
[2023-03-21 22:54:00] [INFO] 3700/3750 lossAver:8.775521711723224
[2023-03-21 22:54:04] [INFO] lossList:[27.656259297180174, 10.413400837961833, 8.768999997711182]
[2023-03-21 22:57:23] [INFO] trainError:[0.0552, 0.04518333333333333, 0.03625]
[2023-03-21 22:57:56] [INFO] testError:[0.0511, 0.0434, 0.0335]
[2023-03-21 22:57:56] [INFO] epoch: 04 / 25
[2023-03-21 22:58:04] [INFO] 100/3750 lossAver:7.995740096569062
[2023-03-21 22:58:11] [INFO] 200/3750 lossAver:7.8280654299259185
[2023-03-21 22:58:19] [INFO] 300/3750 lossAver:7.9364326707522075
[2023-03-21 22:58:26] [INFO] 400/3750 lossAver:8.078279440402985
[2023-03-21 22:58:34] [INFO] 500/3750 lossAver:7.994580649375916
[2023-03-21 22:58:44] [INFO] 600/3750 lossAver:8.004554325342179
[2023-03-21 22:58:52] [INFO] 700/3750 lossAver:8.075159908022199
[2023-03-21 22:59:00] [INFO] 800/3750 lossAver:8.11149115383625
[2023-03-21 22:59:07] [INFO] 900/3750 lossAver:8.076135789553325
[2023-03-21 22:59:15] [INFO] 1000/3750 lossAver:8.090833451986313
[2023-03-21 22:59:23] [INFO] 1100/3750 lossAver:8.102861709594727
[2023-03-21 22:59:31] [INFO] 1200/3750 lossAver:8.063190434972444
[2023-03-21 22:59:39] [INFO] 1300/3750 lossAver:8.057502764371725
[2023-03-21 22:59:46] [INFO] 1400/3750 lossAver:8.06874286873
[2023-03-21 22:59:54] [INFO] 1500/3750 lossAver:8.074286104679107
[2023-03-21 23:00:02] [INFO] 1600/3750 lossAver:8.025720930099487
[2023-03-21 23:00:10] [INFO] 1700/3750 lossAver:8.033408155441284
[2023-03-21 23:00:17] [INFO] 1800/3750 lossAver:8.002369242111842
[2023-03-21 23:00:25] [INFO] 1900/3750 lossAver:7.956202437250238
[2023-03-21 23:00:33] [INFO] 2000/3750 lossAver:7.956196687221527
[2023-03-21 23:00:40] [INFO] 2100/3750 lossAver:7.962818021774292
[2023-03-21 23:00:48] [INFO] 2200/3750 lossAver:7.978655542460355
[2023-03-21 23:00:55] [INFO] 2300/3750 lossAver:7.964280597748964
[2023-03-21 23:01:02] [INFO] 2400/3750 lossAver:7.948697579801083
[2023-03-21 23:01:10] [INFO] 2500/3750 lossAver:7.943433595943451
[2023-03-21 23:01:18] [INFO] 2600/3750 lossAver:7.950897646408815
[2023-03-21 23:01:25] [INFO] 2700/3750 lossAver:7.946029505994585
[2023-03-21 23:01:33] [INFO] 2800/3750 lossAver:7.956904543893677
[2023-03-21 23:01:40] [INFO] 2900/3750 lossAver:7.947504896788762
[2023-03-21 23:01:48] [INFO] 3000/3750 lossAver:7.938015904426575
[2023-03-21 23:01:56] [INFO] 3100/3750 lossAver:7.957046487869755
[2023-03-21 23:02:05] [INFO] 3200/3750 lossAver:7.934399666786194
[2023-03-21 23:02:13] [INFO] 3300/3750 lossAver:7.943035116629167
[2023-03-21 23:02:21] [INFO] 3400/3750 lossAver:7.929889312281328
[2023-03-21 23:02:29] [INFO] 3500/3750 lossAver:7.929363844667162
[2023-03-21 23:02:37] [INFO] 3600/3750 lossAver:7.915370101862483
[2023-03-21 23:02:45] [INFO] 3700/3750 lossAver:7.900821386607918
[2023-03-21 23:02:49] [INFO] lossList:[27.656259297180174, 10.413400837961833, 8.768999997711182, 7.902273196347554]
[2023-03-21 23:06:11] [INFO] trainError:[0.0552, 0.04518333333333333, 0.03625, 0.03496666666666667]
[2023-03-21 23:06:45] [INFO] testError:[0.0511, 0.0434, 0.0335, 0.0361]
[2023-03-21 23:06:45] [INFO] epoch: 05 / 25
[2023-03-21 23:06:52] [INFO] 100/3750 lossAver:7.342761127948761
[2023-03-21 23:07:00] [INFO] 200/3750 lossAver:7.217082673311234
[2023-03-21 23:07:08] [INFO] 300/3750 lossAver:7.414314244588216
[2023-03-21 23:07:16] [INFO] 400/3750 lossAver:7.411312680244446
[2023-03-21 23:07:23] [INFO] 500/3750 lossAver:7.394657158851624
[2023-03-21 23:07:31] [INFO] 600/3750 lossAver:7.31048928340276
[2023-03-21 23:07:39] [INFO] 700/3750 lossAver:7.3747264283044
[2023-03-21 23:07:47] [INFO] 800/3750 lossAver:7.353459646701813
[2023-03-21 23:07:55] [INFO] 900/3750 lossAver:7.399861731529236
[2023-03-21 23:08:03] [INFO] 1000/3750 lossAver:7.372736157655716
[2023-03-21 23:08:11] [INFO] 1100/3750 lossAver:7.421693589253859
[2023-03-21 23:08:19] [INFO] 1200/3750 lossAver:7.410732242067655
[2023-03-21 23:08:27] [INFO] 1300/3750 lossAver:7.439628876906175
[2023-03-21 23:08:35] [INFO] 1400/3750 lossAver:7.467951752798898
[2023-03-21 23:08:43] [INFO] 1500/3750 lossAver:7.450697374979655
[2023-03-21 23:08:51] [INFO] 1600/3750 lossAver:7.422478746920824
[2023-03-21 23:08:59] [INFO] 1700/3750 lossAver:7.424918078815236
[2023-03-21 23:09:07] [INFO] 1800/3750 lossAver:7.450343568987317
[2023-03-21 23:09:14] [INFO] 1900/3750 lossAver:7.439245058235369
[2023-03-21 23:09:22] [INFO] 2000/3750 lossAver:7.435620875954628
[2023-03-21 23:09:29] [INFO] 2100/3750 lossAver:7.406460824807485
[2023-03-21 23:09:37] [INFO] 2200/3750 lossAver:7.419026569128037
[2023-03-21 23:09:44] [INFO] 2300/3750 lossAver:7.442122422197591
[2023-03-21 23:09:52] [INFO] 2400/3750 lossAver:7.429145921667417
[2023-03-21 23:09:59] [INFO] 2500/3750 lossAver:7.428929772758484
[2023-03-21 23:10:07] [INFO] 2600/3750 lossAver:7.415287872552872
[2023-03-21 23:10:15] [INFO] 2700/3750 lossAver:7.430796490157092
[2023-03-21 23:10:22] [INFO] 2800/3750 lossAver:7.44237850512777
[2023-03-21 23:10:30] [INFO] 2900/3750 lossAver:7.430255892276764
[2023-03-21 23:10:38] [INFO] 3000/3750 lossAver:7.4313774876594545
[2023-03-21 23:10:45] [INFO] 3100/3750 lossAver:7.433815502197512
[2023-03-21 23:10:53] [INFO] 3200/3750 lossAver:7.4283565965294835
[2023-03-21 23:11:01] [INFO] 3300/3750 lossAver:7.421824807181503
[2023-03-21 23:11:10] [INFO] 3400/3750 lossAver:7.428403975262362
[2023-03-21 23:11:18] [INFO] 3500/3750 lossAver:7.428294433253152
[2023-03-21 23:11:26] [INFO] 3600/3750 lossAver:7.431191064119339
[2023-03-21 23:11:34] [INFO] 3700/3750 lossAver:7.4124604267687415
[2023-03-21 23:11:38] [INFO] lossList:[27.656259297180174, 10.413400837961833, 8.768999997711182, 7.902273196347554, 7.420335951296488]
[2023-03-21 23:15:03] [INFO] trainError:[0.0552, 0.04518333333333333, 0.03625, 0.03496666666666667, 0.033166666666666664]
[2023-03-21 23:15:36] [INFO] testError:[0.0511, 0.0434, 0.0335, 0.0361, 0.0331]
[2023-03-21 23:15:36] [INFO] epoch: 06 / 25
[2023-03-21 23:15:43] [INFO] 100/3750 lossAver:7.56243522644043
[2023-03-21 23:15:51] [INFO] 200/3750 lossAver:7.332684149742127
[2023-03-21 23:15:59] [INFO] 300/3750 lossAver:7.413556161721547
[2023-03-21 23:16:07] [INFO] 400/3750 lossAver:7.425587648749351
[2023-03-21 23:16:15] [INFO] 500/3750 lossAver:7.413094335079193
[2023-03-21 23:16:24] [INFO] 600/3750 lossAver:7.458098600705465
[2023-03-21 23:16:32] [INFO] 700/3750 lossAver:7.375529704775129
[2023-03-21 23:16:39] [INFO] 800/3750 lossAver:7.309497784376145
[2023-03-21 23:16:47] [INFO] 900/3750 lossAver:7.300267065366109
[2023-03-21 23:16:56] [INFO] 1000/3750 lossAver:7.261861828088761
[2023-03-21 23:17:03] [INFO] 1100/3750 lossAver:7.323317264643582
[2023-03-21 23:17:11] [INFO] 1200/3750 lossAver:7.2963358918825785
[2023-03-21 23:17:20] [INFO] 1300/3750 lossAver:7.279819617454822
[2023-03-21 23:17:28] [INFO] 1400/3750 lossAver:7.2678063673632485
[2023-03-21 23:17:36] [INFO] 1500/3750 lossAver:7.28159625228246
[2023-03-21 23:17:44] [INFO] 1600/3750 lossAver:7.269329711645842
[2023-03-21 23:17:52] [INFO] 1700/3750 lossAver:7.2424472093582155
[2023-03-21 23:18:00] [INFO] 1800/3750 lossAver:7.242393173774084
[2023-03-21 23:18:07] [INFO] 1900/3750 lossAver:7.206173007990184
[2023-03-21 23:18:16] [INFO] 2000/3750 lossAver:7.224487341046333
[2023-03-21 23:18:23] [INFO] 2100/3750 lossAver:7.210906407606034
[2023-03-21 23:18:31] [INFO] 2200/3750 lossAver:7.195960490486838
[2023-03-21 23:18:39] [INFO] 2300/3750 lossAver:7.2070107506669085
[2023-03-21 23:18:47] [INFO] 2400/3750 lossAver:7.2047777749101325
[2023-03-21 23:18:55] [INFO] 2500/3750 lossAver:7.20827355222702
[2023-03-21 23:19:02] [INFO] 2600/3750 lossAver:7.180713948286496
[2023-03-21 23:19:10] [INFO] 2700/3750 lossAver:7.142678817731363
[2023-03-21 23:19:19] [INFO] 2800/3750 lossAver:7.12731702702386
[2023-03-21 23:19:27] [INFO] 2900/3750 lossAver:7.139906959369265
[2023-03-21 23:19:35] [INFO] 3000/3750 lossAver:7.129169254144033
[2023-03-21 23:19:43] [INFO] 3100/3750 lossAver:7.135869664146054
[2023-03-21 23:19:51] [INFO] 3200/3750 lossAver:7.158718697652221
[2023-03-21 23:19:58] [INFO] 3300/3750 lossAver:7.163784175280369
[2023-03-21 23:20:06] [INFO] 3400/3750 lossAver:7.153439893371918
[2023-03-21 23:20:13] [INFO] 3500/3750 lossAver:7.144188563074384
[2023-03-21 23:20:21] [INFO] 3600/3750 lossAver:7.132517067988713
[2023-03-21 23:20:28] [INFO] 3700/3750 lossAver:7.140271465585038
[2023-03-21 23:20:32] [INFO] lossList:[27.656259297180174, 10.413400837961833, 8.768999997711182, 7.902273196347554, 7.420335951296488, 7.143702358055115]
[2023-03-21 23:23:52] [INFO] trainError:[0.0552, 0.04518333333333333, 0.03625, 0.03496666666666667, 0.033166666666666664, 0.030016666666666667]
[2023-03-21 23:24:25] [INFO] testError:[0.0511, 0.0434, 0.0335, 0.0361, 0.0331, 0.0284]
[2023-03-21 23:24:25] [INFO] epoch: 07 / 25
[2023-03-21 23:24:33] [INFO] 100/3750 lossAver:7.128612194061279
[2023-03-21 23:24:40] [INFO] 200/3750 lossAver:6.949799641370773
[2023-03-21 23:24:48] [INFO] 300/3750 lossAver:7.007644081115723
[2023-03-21 23:24:55] [INFO] 400/3750 lossAver:7.004268927574158
[2023-03-21 23:25:03] [INFO] 500/3750 lossAver:6.943700241088867
[2023-03-21 23:25:11] [INFO] 600/3750 lossAver:6.9167583700021105
[2023-03-21 23:25:18] [INFO] 700/3750 lossAver:7.047220669814519
[2023-03-21 23:25:26] [INFO] 800/3750 lossAver:7.065556141734123
[2023-03-21 23:25:33] [INFO] 900/3750 lossAver:7.061824796464708
[2023-03-21 23:25:41] [INFO] 1000/3750 lossAver:7.051502343654633
[2023-03-21 23:25:48] [INFO] 1100/3750 lossAver:7.01907255302776
[2023-03-21 23:25:56] [INFO] 1200/3750 lossAver:7.01366615374883
[2023-03-21 23:26:03] [INFO] 1300/3750 lossAver:7.029378659908588
[2023-03-21 23:26:11] [INFO] 1400/3750 lossAver:7.030770936012268
[2023-03-21 23:26:18] [INFO] 1500/3750 lossAver:7.0266466549237565
[2023-03-21 23:26:26] [INFO] 1600/3750 lossAver:7.0504755517840385
[2023-03-21 23:26:33] [INFO] 1700/3750 lossAver:7.037096970361822
[2023-03-21 23:26:41] [INFO] 1800/3750 lossAver:7.020486660533481
[2023-03-21 23:26:49] [INFO] 1900/3750 lossAver:7.051614851951599
[2023-03-21 23:26:56] [INFO] 2000/3750 lossAver:7.023089945435524
[2023-03-21 23:27:04] [INFO] 2100/3750 lossAver:7.020729311988467
[2023-03-21 23:27:12] [INFO] 2200/3750 lossAver:7.019367432594299
[2023-03-21 23:27:19] [INFO] 2300/3750 lossAver:7.032599253136179
[2023-03-21 23:27:27] [INFO] 2400/3750 lossAver:7.034130489329497
[2023-03-21 23:27:34] [INFO] 2500/3750 lossAver:7.022861577510834
[2023-03-21 23:27:42] [INFO] 2600/3750 lossAver:7.034806797045928
[2023-03-21 23:27:49] [INFO] 2700/3750 lossAver:7.051708826577222
[2023-03-21 23:27:57] [INFO] 2800/3750 lossAver:7.058256990739277
[2023-03-21 23:28:04] [INFO] 2900/3750 lossAver:7.03457545864171
[2023-03-21 23:28:11] [INFO] 3000/3750 lossAver:7.025551895856857
[2023-03-21 23:28:19] [INFO] 3100/3750 lossAver:7.025502134599994
[2023-03-21 23:28:26] [INFO] 3200/3750 lossAver:7.02757857605815
[2023-03-21 23:28:33] [INFO] 3300/3750 lossAver:7.016231601743987
[2023-03-21 23:28:41] [INFO] 3400/3750 lossAver:7.0075669039698205
[2023-03-21 23:28:48] [INFO] 3500/3750 lossAver:7.014577486174447
[2023-03-21 23:28:55] [INFO] 3600/3750 lossAver:7.009515279531479
[2023-03-21 23:29:03] [INFO] 3700/3750 lossAver:7.011351390980385
[2023-03-21 23:29:06] [INFO] lossList:[27.656259297180174, 10.413400837961833, 8.768999997711182, 7.902273196347554, 7.420335951296488, 7.143702358055115, 7.014098599433899]
[2023-03-21 23:32:28] [INFO] trainError:[0.0552, 0.04518333333333333, 0.03625, 0.03496666666666667, 0.033166666666666664, 0.030016666666666667, 0.030516666666666668]
[2023-03-21 23:33:01] [INFO] testError:[0.0511, 0.0434, 0.0335, 0.0361, 0.0331, 0.0284, 0.0305]
[2023-03-21 23:33:01] [INFO] epoch: 08 / 25
[2023-03-21 23:33:09] [INFO] 100/3750 lossAver:7.011670660972595
[2023-03-21 23:33:16] [INFO] 200/3750 lossAver:6.759989856481552
[2023-03-21 23:33:23] [INFO] 300/3750 lossAver:6.855040194988251
[2023-03-21 23:33:31] [INFO] 400/3750 lossAver:6.846099146604538
[2023-03-21 23:33:38] [INFO] 500/3750 lossAver:6.824661914825439
[2023-03-21 23:33:46] [INFO] 600/3750 lossAver:6.840995528697968
[2023-03-21 23:33:53] [INFO] 700/3750 lossAver:6.87394701719284
[2023-03-21 23:34:01] [INFO] 800/3750 lossAver:6.906910004913807
[2023-03-21 23:34:08] [INFO] 900/3750 lossAver:6.801783895227644
[2023-03-21 23:34:16] [INFO] 1000/3750 lossAver:6.804626675367356
[2023-03-21 23:34:24] [INFO] 1100/3750 lossAver:6.827195345271718
[2023-03-21 23:34:31] [INFO] 1200/3750 lossAver:6.843006782134374
[2023-03-21 23:34:39] [INFO] 1300/3750 lossAver:6.814548483811892
[2023-03-21 23:34:47] [INFO] 1400/3750 lossAver:6.810095750774656
[2023-03-21 23:34:54] [INFO] 1500/3750 lossAver:6.811090231259664
[2023-03-21 23:35:02] [INFO] 1600/3750 lossAver:6.8140287406742575
[2023-03-21 23:35:10] [INFO] 1700/3750 lossAver:6.790571796052596
[2023-03-21 23:35:18] [INFO] 1800/3750 lossAver:6.821113599273893
[2023-03-21 23:35:25] [INFO] 1900/3750 lossAver:6.8226247127432575
[2023-03-21 23:35:33] [INFO] 2000/3750 lossAver:6.836548720955848
[2023-03-21 23:35:40] [INFO] 2100/3750 lossAver:6.832939674173082
[2023-03-21 23:35:48] [INFO] 2200/3750 lossAver:6.838816473158923
[2023-03-21 23:35:55] [INFO] 2300/3750 lossAver:6.835858528199403
[2023-03-21 23:36:02] [INFO] 2400/3750 lossAver:6.847679779728254
[2023-03-21 23:36:10] [INFO] 2500/3750 lossAver:6.847048488330841
[2023-03-21 23:36:17] [INFO] 2600/3750 lossAver:6.827755320072174
[2023-03-21 23:36:24] [INFO] 2700/3750 lossAver:6.826216152067538
[2023-03-21 23:36:32] [INFO] 2800/3750 lossAver:6.858240997535842
[2023-03-21 23:36:39] [INFO] 2900/3750 lossAver:6.8585297265546075
[2023-03-21 23:36:47] [INFO] 3000/3750 lossAver:6.848745864073435
[2023-03-21 23:36:54] [INFO] 3100/3750 lossAver:6.85820232137557
[2023-03-21 23:37:02] [INFO] 3200/3750 lossAver:6.849875819310546
[2023-03-21 23:37:09] [INFO] 3300/3750 lossAver:6.8425797736283505
[2023-03-21 23:37:17] [INFO] 3400/3750 lossAver:6.84184585683486
[2023-03-21 23:37:25] [INFO] 3500/3750 lossAver:6.830761692796434
[2023-03-21 23:37:32] [INFO] 3600/3750 lossAver:6.822780031628079
[2023-03-21 23:37:40] [INFO] 3700/3750 lossAver:6.8189244470725185
[2023-03-21 23:37:44] [INFO] lossList:[27.656259297180174, 10.413400837961833, 8.768999997711182, 7.902273196347554, 7.420335951296488, 7.143702358055115, 7.014098599433899, 6.814395852279663]
[2023-03-21 23:41:04] [INFO] trainError:[0.0552, 0.04518333333333333, 0.03625, 0.03496666666666667, 0.033166666666666664, 0.030016666666666667, 0.030516666666666668, 0.029833333333333333]
[2023-03-21 23:41:37] [INFO] testError:[0.0511, 0.0434, 0.0335, 0.0361, 0.0331, 0.0284, 0.0305, 0.0293]
[2023-03-21 23:41:37] [INFO] epoch: 09 / 25
[2023-03-21 23:41:44] [INFO] 100/3750 lossAver:6.348825135231018
[2023-03-21 23:41:52] [INFO] 200/3750 lossAver:6.389677073955536
[2023-03-21 23:41:59] [INFO] 300/3750 lossAver:6.6033509405454
[2023-03-21 23:42:07] [INFO] 400/3750 lossAver:6.612147963047027
[2023-03-21 23:42:14] [INFO] 500/3750 lossAver:6.624173931121826
[2023-03-21 23:42:22] [INFO] 600/3750 lossAver:6.623162056605021
[2023-03-21 23:42:30] [INFO] 700/3750 lossAver:6.62951676436833
[2023-03-21 23:42:38] [INFO] 800/3750 lossAver:6.610155448019505
[2023-03-21 23:42:45] [INFO] 900/3750 lossAver:6.530095558696323
[2023-03-21 23:42:53] [INFO] 1000/3750 lossAver:6.56452054810524
[2023-03-21 23:43:01] [INFO] 1100/3750 lossAver:6.518019448410381
[2023-03-21 23:43:08] [INFO] 1200/3750 lossAver:6.499760200579961
[2023-03-21 23:43:16] [INFO] 1300/3750 lossAver:6.525362103718978
[2023-03-21 23:43:23] [INFO] 1400/3750 lossAver:6.565857401405062
[2023-03-21 23:43:31] [INFO] 1500/3750 lossAver:6.525046366532644
[2023-03-21 23:43:38] [INFO] 1600/3750 lossAver:6.535745481848717
[2023-03-21 23:43:46] [INFO] 1700/3750 lossAver:6.55528108737048
[2023-03-21 23:43:53] [INFO] 1800/3750 lossAver:6.538223788870705
[2023-03-21 23:44:01] [INFO] 1900/3750 lossAver:6.563418794556668
[2023-03-21 23:44:08] [INFO] 2000/3750 lossAver:6.568327286481857
[2023-03-21 23:44:16] [INFO] 2100/3750 lossAver:6.556217445305416
[2023-03-21 23:44:24] [INFO] 2200/3750 lossAver:6.585829206054861
[2023-03-21 23:44:32] [INFO] 2300/3750 lossAver:6.578548353651295
[2023-03-21 23:44:39] [INFO] 2400/3750 lossAver:6.596203903655211
[2023-03-21 23:44:47] [INFO] 2500/3750 lossAver:6.615234655189514
[2023-03-21 23:44:54] [INFO] 2600/3750 lossAver:6.6061350053090315
[2023-03-21 23:45:02] [INFO] 2700/3750 lossAver:6.598840288497784
[2023-03-21 23:45:09] [INFO] 2800/3750 lossAver:6.612896770068577
[2023-03-21 23:45:17] [INFO] 2900/3750 lossAver:6.605040094359167
[2023-03-21 23:45:25] [INFO] 3000/3750 lossAver:6.607954651196797
[2023-03-21 23:45:32] [INFO] 3100/3750 lossAver:6.615715578448388
[2023-03-21 23:45:39] [INFO] 3200/3750 lossAver:6.6275154948979615
[2023-03-21 23:45:47] [INFO] 3300/3750 lossAver:6.643045854279489
[2023-03-21 23:45:54] [INFO] 3400/3750 lossAver:6.671401931398055
[2023-03-21 23:46:01] [INFO] 3500/3750 lossAver:6.669735263824463
[2023-03-21 23:46:09] [INFO] 3600/3750 lossAver:6.649625413748953
[2023-03-21 23:46:16] [INFO] 3700/3750 lossAver:6.654785380299027
[2023-03-21 23:46:20] [INFO] lossList:[27.656259297180174, 10.413400837961833, 8.768999997711182, 7.902273196347554, 7.420335951296488, 7.143702358055115, 7.014098599433899, 6.814395852279663, 6.662699175580342]
[2023-03-21 23:49:41] [INFO] trainError:[0.0552, 0.04518333333333333, 0.03625, 0.03496666666666667, 0.033166666666666664, 0.030016666666666667, 0.030516666666666668, 0.029833333333333333, 0.028133333333333333]
[2023-03-21 23:50:15] [INFO] testError:[0.0511, 0.0434, 0.0335, 0.0361, 0.0331, 0.0284, 0.0305, 0.0293, 0.0277]
[2023-03-21 23:50:15] [INFO] epoch: 10 / 25
[2023-03-21 23:50:22] [INFO] 100/3750 lossAver:6.722112941741943
[2023-03-21 23:50:29] [INFO] 200/3750 lossAver:6.575045121908188
[2023-03-21 23:50:37] [INFO] 300/3750 lossAver:6.5343459407488504
[2023-03-21 23:50:44] [INFO] 400/3750 lossAver:6.580971549749375
[2023-03-21 23:50:52] [INFO] 500/3750 lossAver:6.593266662120819
[2023-03-21 23:50:59] [INFO] 600/3750 lossAver:6.5803479635715485
[2023-03-21 23:51:07] [INFO] 700/3750 lossAver:6.576853784833635
[2023-03-21 23:51:14] [INFO] 800/3750 lossAver:6.598939017653465
[2023-03-21 23:51:22] [INFO] 900/3750 lossAver:6.577330786387126
[2023-03-21 23:51:29] [INFO] 1000/3750 lossAver:6.599122848033905
[2023-03-21 23:51:37] [INFO] 1100/3750 lossAver:6.582319216077978
[2023-03-21 23:51:45] [INFO] 1200/3750 lossAver:6.566716570854187
[2023-03-21 23:51:52] [INFO] 1300/3750 lossAver:6.588802207983457
[2023-03-21 23:52:00] [INFO] 1400/3750 lossAver:6.588881912912641
[2023-03-21 23:52:08] [INFO] 1500/3750 lossAver:6.563768476009369
[2023-03-21 23:52:16] [INFO] 1600/3750 lossAver:6.539850617051124
[2023-03-21 23:52:23] [INFO] 1700/3750 lossAver:6.566201314785901
[2023-03-21 23:52:31] [INFO] 1800/3750 lossAver:6.5721606429417925
[2023-03-21 23:52:39] [INFO] 1900/3750 lossAver:6.544998027776417
[2023-03-21 23:52:46] [INFO] 2000/3750 lossAver:6.555331907391548
[2023-03-21 23:52:54] [INFO] 2100/3750 lossAver:6.527811245918274
[2023-03-21 23:53:02] [INFO] 2200/3750 lossAver:6.534003643772818
[2023-03-21 23:53:09] [INFO] 2300/3750 lossAver:6.562132765832154
[2023-03-21 23:53:17] [INFO] 2400/3750 lossAver:6.562322328388691
[2023-03-21 23:53:24] [INFO] 2500/3750 lossAver:6.5799373824119565
[2023-03-21 23:53:31] [INFO] 2600/3750 lossAver:6.570384544867736
[2023-03-21 23:53:39] [INFO] 2700/3750 lossAver:6.576707193233348
[2023-03-21 23:53:46] [INFO] 2800/3750 lossAver:6.573191285559109
[2023-03-21 23:53:53] [INFO] 2900/3750 lossAver:6.57909135234767
[2023-03-21 23:54:01] [INFO] 3000/3750 lossAver:6.569334943652153
[2023-03-21 23:54:08] [INFO] 3100/3750 lossAver:6.579304881903433
[2023-03-21 23:54:16] [INFO] 3200/3750 lossAver:6.577625489123165
[2023-03-21 23:54:23] [INFO] 3300/3750 lossAver:6.567491259249774
[2023-03-21 23:54:31] [INFO] 3400/3750 lossAver:6.563405448443749
[2023-03-21 23:54:38] [INFO] 3500/3750 lossAver:6.562117691755295
[2023-03-21 23:54:46] [INFO] 3600/3750 lossAver:6.571533463696639
[2023-03-21 23:54:53] [INFO] 3700/3750 lossAver:6.593516759260281
[2023-03-21 23:54:57] [INFO] lossList:[27.656259297180174, 10.413400837961833, 8.768999997711182, 7.902273196347554, 7.420335951296488, 7.143702358055115, 7.014098599433899, 6.814395852279663, 6.662699175580342, 6.59117138821284]
[2023-03-21 23:58:18] [INFO] trainError:[0.0552, 0.04518333333333333, 0.03625, 0.03496666666666667, 0.033166666666666664, 0.030016666666666667, 0.030516666666666668, 0.029833333333333333, 0.028133333333333333, 0.02723333333333333]
[2023-03-21 23:58:50] [INFO] testError:[0.0511, 0.0434, 0.0335, 0.0361, 0.0331, 0.0284, 0.0305, 0.0293, 0.0277, 0.026]
[2023-03-21 23:58:50] [INFO] epoch: 11 / 25
[2023-03-21 23:58:58] [INFO] 100/3750 lossAver:6.449125249385833
[2023-03-21 23:59:05] [INFO] 200/3750 lossAver:6.403267639279366
[2023-03-21 23:59:12] [INFO] 300/3750 lossAver:6.367568160295487
[2023-03-21 23:59:19] [INFO] 400/3750 lossAver:6.364791369140148
[2023-03-21 23:59:26] [INFO] 500/3750 lossAver:6.457420119047165
[2023-03-21 23:59:34] [INFO] 600/3750 lossAver:6.44613014280796
[2023-03-21 23:59:41] [INFO] 700/3750 lossAver:6.494073880229678
[2023-03-21 23:59:48] [INFO] 800/3750 lossAver:6.485009239763022
[2023-03-21 23:59:56] [INFO] 900/3750 lossAver:6.4841608885924025
[2023-03-22 00:00:03] [INFO] 1000/3750 lossAver:6.4960840140581135
[2023-03-22 00:00:10] [INFO] 1100/3750 lossAver:6.538366171338342
[2023-03-22 00:00:18] [INFO] 1200/3750 lossAver:6.502560878098011
[2023-03-22 00:00:25] [INFO] 1300/3750 lossAver:6.480011940644338
[2023-03-22 00:00:32] [INFO] 1400/3750 lossAver:6.500444290041924
[2023-03-22 00:00:40] [INFO] 1500/3750 lossAver:6.45158876935641
[2023-03-22 00:00:47] [INFO] 1600/3750 lossAver:6.488371284678578
[2023-03-22 00:00:54] [INFO] 1700/3750 lossAver:6.460137859863393
[2023-03-22 00:01:01] [INFO] 1800/3750 lossAver:6.460394436319669
[2023-03-22 00:01:09] [INFO] 1900/3750 lossAver:6.464869785246096
[2023-03-22 00:01:16] [INFO] 2000/3750 lossAver:6.472538928687572
[2023-03-22 00:01:23] [INFO] 2100/3750 lossAver:6.491701385236921
[2023-03-22 00:01:30] [INFO] 2200/3750 lossAver:6.499625829078934
[2023-03-22 00:01:38] [INFO] 2300/3750 lossAver:6.48996849635373
[2023-03-22 00:01:45] [INFO] 2400/3750 lossAver:6.467874531497558
[2023-03-22 00:01:52] [INFO] 2500/3750 lossAver:6.449177362298966
[2023-03-22 00:01:59] [INFO] 2600/3750 lossAver:6.462204428406862
[2023-03-22 00:02:07] [INFO] 2700/3750 lossAver:6.458772348783635
[2023-03-22 00:02:14] [INFO] 2800/3750 lossAver:6.468422206597669
[2023-03-22 00:02:21] [INFO] 2900/3750 lossAver:6.458739169096124
[2023-03-22 00:02:28] [INFO] 3000/3750 lossAver:6.453537808696429
[2023-03-22 00:02:35] [INFO] 3100/3750 lossAver:6.449979535341263
[2023-03-22 00:02:42] [INFO] 3200/3750 lossAver:6.443147901780903
[2023-03-22 00:02:49] [INFO] 3300/3750 lossAver:6.433007422685623
[2023-03-22 00:02:56] [INFO] 3400/3750 lossAver:6.438842859163004
[2023-03-22 00:03:03] [INFO] 3500/3750 lossAver:6.459262640578406
[2023-03-22 00:03:10] [INFO] 3600/3750 lossAver:6.464209552241696
[2023-03-22 00:03:17] [INFO] 3700/3750 lossAver:6.452702991994651
[2023-03-22 00:03:20] [INFO] lossList:[27.656259297180174, 10.413400837961833, 8.768999997711182, 7.902273196347554, 7.420335951296488, 7.143702358055115, 7.014098599433899, 6.814395852279663, 6.662699175580342, 6.59117138821284, 6.447938500626882]
[2023-03-22 00:06:30] [INFO] trainError:[0.0552, 0.04518333333333333, 0.03625, 0.03496666666666667, 0.033166666666666664, 0.030016666666666667, 0.030516666666666668, 0.029833333333333333, 0.028133333333333333, 0.02723333333333333, 0.02905]
[2023-03-22 00:07:01] [INFO] testError:[0.0511, 0.0434, 0.0335, 0.0361, 0.0331, 0.0284, 0.0305, 0.0293, 0.0277, 0.026, 0.0252]
[2023-03-22 00:07:01] [INFO] epoch: 12 / 25
[2023-03-22 00:07:08] [INFO] 100/3750 lossAver:6.711040332317352
[2023-03-22 00:07:15] [INFO] 200/3750 lossAver:6.389042423963547
[2023-03-22 00:07:22] [INFO] 300/3750 lossAver:6.227136715253194
[2023-03-22 00:07:29] [INFO] 400/3750 lossAver:6.225247907042504
[2023-03-22 00:07:36] [INFO] 500/3750 lossAver:6.19770164012909
[2023-03-22 00:07:43] [INFO] 600/3750 lossAver:6.207264759540558
[2023-03-22 00:07:51] [INFO] 700/3750 lossAver:6.281339734281812
[2023-03-22 00:07:58] [INFO] 800/3750 lossAver:6.3068889340758325
[2023-03-22 00:08:05] [INFO] 900/3750 lossAver:6.3383513791031305
[2023-03-22 00:08:12] [INFO] 1000/3750 lossAver:6.324990536570549
[2023-03-22 00:08:20] [INFO] 1100/3750 lossAver:6.377146339524876
[2023-03-22 00:08:27] [INFO] 1200/3750 lossAver:6.391674743990103
[2023-03-22 00:08:34] [INFO] 1300/3750 lossAver:6.405410320850519
[2023-03-22 00:08:41] [INFO] 1400/3750 lossAver:6.384467329723495
[2023-03-22 00:08:48] [INFO] 1500/3750 lossAver:6.405193412701289
[2023-03-22 00:08:55] [INFO] 1600/3750 lossAver:6.369947257116437
[2023-03-22 00:09:03] [INFO] 1700/3750 lossAver:6.3589386003858905
[2023-03-22 00:09:10] [INFO] 1800/3750 lossAver:6.377569229801495
[2023-03-22 00:09:17] [INFO] 1900/3750 lossAver:6.381508689993306
[2023-03-22 00:09:24] [INFO] 2000/3750 lossAver:6.395013631522655
[2023-03-22 00:09:31] [INFO] 2100/3750 lossAver:6.400178938649949
[2023-03-22 00:09:38] [INFO] 2200/3750 lossAver:6.384590571522713
[2023-03-22 00:09:46] [INFO] 2300/3750 lossAver:6.385505017871442
[2023-03-22 00:09:53] [INFO] 2400/3750 lossAver:6.379075275907914
[2023-03-22 00:10:00] [INFO] 2500/3750 lossAver:6.373670826387405
[2023-03-22 00:10:07] [INFO] 2600/3750 lossAver:6.370013583577596
[2023-03-22 00:10:14] [INFO] 2700/3750 lossAver:6.359546566848402
[2023-03-22 00:10:21] [INFO] 2800/3750 lossAver:6.362630978609834
[2023-03-22 00:10:28] [INFO] 2900/3750 lossAver:6.361502734176044
[2023-03-22 00:10:35] [INFO] 3000/3750 lossAver:6.373804977456729
[2023-03-22 00:10:42] [INFO] 3100/3750 lossAver:6.354075234205492
[2023-03-22 00:10:49] [INFO] 3200/3750 lossAver:6.3675561499223114
[2023-03-22 00:10:56] [INFO] 3300/3750 lossAver:6.356596216035611
[2023-03-22 00:11:03] [INFO] 3400/3750 lossAver:6.36692884841386
[2023-03-22 00:11:10] [INFO] 3500/3750 lossAver:6.361203536476408
[2023-03-22 00:11:17] [INFO] 3600/3750 lossAver:6.375156789984968
[2023-03-22 00:11:24] [INFO] 3700/3750 lossAver:6.369936920726621
[2023-03-22 00:11:28] [INFO] lossList:[27.656259297180174, 10.413400837961833, 8.768999997711182, 7.902273196347554, 7.420335951296488, 7.143702358055115, 7.014098599433899, 6.814395852279663, 6.662699175580342, 6.59117138821284, 6.447938500626882, 6.368201878643036]
[2023-03-22 00:14:37] [INFO] trainError:[0.0552, 0.04518333333333333, 0.03625, 0.03496666666666667, 0.033166666666666664, 0.030016666666666667, 0.030516666666666668, 0.029833333333333333, 0.028133333333333333, 0.02723333333333333, 0.02905, 0.02896666666666667]
[2023-03-22 00:15:08] [INFO] testError:[0.0511, 0.0434, 0.0335, 0.0361, 0.0331, 0.0284, 0.0305, 0.0293, 0.0277, 0.026, 0.0252, 0.028]
[2023-03-22 00:15:08] [INFO] epoch: 13 / 25
[2023-03-22 00:15:15] [INFO] 100/3750 lossAver:6.550522449016571
[2023-03-22 00:15:22] [INFO] 200/3750 lossAver:6.151218607425689
[2023-03-22 00:15:29] [INFO] 300/3750 lossAver:6.110508659680685
[2023-03-22 00:15:36] [INFO] 400/3750 lossAver:6.2791101807355885
[2023-03-22 00:15:43] [INFO] 500/3750 lossAver:6.253689842700958
[2023-03-22 00:15:50] [INFO] 600/3750 lossAver:6.252702724337578
[2023-03-22 00:15:57] [INFO] 700/3750 lossAver:6.224047462088721
[2023-03-22 00:16:04] [INFO] 800/3750 lossAver:6.240993613451719
[2023-03-22 00:16:11] [INFO] 900/3750 lossAver:6.328374916050169
[2023-03-22 00:16:18] [INFO] 1000/3750 lossAver:6.356399800658226
[2023-03-22 00:16:25] [INFO] 1100/3750 lossAver:6.350874220132828
[2023-03-22 00:16:33] [INFO] 1200/3750 lossAver:6.3145059920350715
[2023-03-22 00:16:40] [INFO] 1300/3750 lossAver:6.307131309234179
[2023-03-22 00:16:47] [INFO] 1400/3750 lossAver:6.312762914470264
[2023-03-22 00:16:54] [INFO] 1500/3750 lossAver:6.358447378238043
[2023-03-22 00:17:01] [INFO] 1600/3750 lossAver:6.360445765182376
[2023-03-22 00:17:08] [INFO] 1700/3750 lossAver:6.352719975990407
[2023-03-22 00:17:15] [INFO] 1800/3750 lossAver:6.352181643578741
[2023-03-22 00:17:22] [INFO] 1900/3750 lossAver:6.329725643898311
[2023-03-22 00:17:29] [INFO] 2000/3750 lossAver:6.33261210411787
[2023-03-22 00:17:37] [INFO] 2100/3750 lossAver:6.357986057088489
[2023-03-22 00:17:44] [INFO] 2200/3750 lossAver:6.358698670484803
[2023-03-22 00:17:51] [INFO] 2300/3750 lossAver:6.348103070932886
[2023-03-22 00:17:58] [INFO] 2400/3750 lossAver:6.320532407313586
[2023-03-22 00:18:05] [INFO] 2500/3750 lossAver:6.319994510126114
[2023-03-22 00:18:12] [INFO] 2600/3750 lossAver:6.297227030396462
[2023-03-22 00:18:19] [INFO] 2700/3750 lossAver:6.296693895613705
[2023-03-22 00:18:25] [INFO] 2800/3750 lossAver:6.296738655524594
[2023-03-22 00:18:32] [INFO] 2900/3750 lossAver:6.296690914671997
[2023-03-22 00:18:39] [INFO] 3000/3750 lossAver:6.291343526323637
[2023-03-22 00:18:46] [INFO] 3100/3750 lossAver:6.307035741075393
[2023-03-22 00:18:53] [INFO] 3200/3750 lossAver:6.306334046907723
[2023-03-22 00:19:00] [INFO] 3300/3750 lossAver:6.304499541087584
[2023-03-22 00:19:07] [INFO] 3400/3750 lossAver:6.313249736919123
[2023-03-22 00:19:14] [INFO] 3500/3750 lossAver:6.303686704805919
[2023-03-22 00:19:21] [INFO] 3600/3750 lossAver:6.298699647088846
[2023-03-22 00:19:28] [INFO] 3700/3750 lossAver:6.3022335387242805
[2023-03-22 00:19:31] [INFO] lossList:[27.656259297180174, 10.413400837961833, 8.768999997711182, 7.902273196347554, 7.420335951296488, 7.143702358055115, 7.014098599433899, 6.814395852279663, 6.662699175580342, 6.59117138821284, 6.447938500626882, 6.368201878643036, 6.304651849269867]
[2023-03-22 00:22:38] [INFO] trainError:[0.0552, 0.04518333333333333, 0.03625, 0.03496666666666667, 0.033166666666666664, 0.030016666666666667, 0.030516666666666668, 0.029833333333333333, 0.028133333333333333, 0.02723333333333333, 0.02905, 0.02896666666666667, 0.028333333333333332]
[2023-03-22 00:23:09] [INFO] testError:[0.0511, 0.0434, 0.0335, 0.0361, 0.0331, 0.0284, 0.0305, 0.0293, 0.0277, 0.026, 0.0252, 0.028, 0.0285]
[2023-03-22 00:23:09] [INFO] epoch: 14 / 25
[2023-03-22 00:23:15] [INFO] 100/3750 lossAver:6.083664329051971
[2023-03-22 00:23:22] [INFO] 200/3750 lossAver:6.0969068735837935
[2023-03-22 00:23:29] [INFO] 300/3750 lossAver:6.061915946404139
[2023-03-22 00:23:36] [INFO] 400/3750 lossAver:6.1397677221894265
[2023-03-22 00:23:43] [INFO] 500/3750 lossAver:6.177851486444474
[2023-03-22 00:23:50] [INFO] 600/3750 lossAver:6.244671922326088
[2023-03-22 00:23:57] [INFO] 700/3750 lossAver:6.2325957361289435
[2023-03-22 00:24:04] [INFO] 800/3750 lossAver:6.195071864873171
[2023-03-22 00:24:10] [INFO] 900/3750 lossAver:6.196736707554924
[2023-03-22 00:24:17] [INFO] 1000/3750 lossAver:6.226070481419563
[2023-03-22 00:24:24] [INFO] 1100/3750 lossAver:6.229950699047609
[2023-03-22 00:24:31] [INFO] 1200/3750 lossAver:6.258809173802534
[2023-03-22 00:24:37] [INFO] 1300/3750 lossAver:6.253598950184308
[2023-03-22 00:24:44] [INFO] 1400/3750 lossAver:6.264660475850105
[2023-03-22 00:24:51] [INFO] 1500/3750 lossAver:6.273851340373358
[2023-03-22 00:24:58] [INFO] 1600/3750 lossAver:6.261407817080617
[2023-03-22 00:25:04] [INFO] 1700/3750 lossAver:6.251127805920208
[2023-03-22 00:25:11] [INFO] 1800/3750 lossAver:6.224070665107833
[2023-03-22 00:25:18] [INFO] 1900/3750 lossAver:6.2117092835903165
[2023-03-22 00:25:24] [INFO] 2000/3750 lossAver:6.196745188474655
[2023-03-22 00:25:31] [INFO] 2100/3750 lossAver:6.188395947615305
[2023-03-22 00:25:38] [INFO] 2200/3750 lossAver:6.228557278784838
[2023-03-22 00:25:45] [INFO] 2300/3750 lossAver:6.184172087026679
[2023-03-22 00:25:51] [INFO] 2400/3750 lossAver:6.195754872560501
[2023-03-22 00:25:58] [INFO] 2500/3750 lossAver:6.190370773172378
[2023-03-22 00:26:05] [INFO] 2600/3750 lossAver:6.194663598033098
[2023-03-22 00:26:11] [INFO] 2700/3750 lossAver:6.193863157563739
[2023-03-22 00:26:18] [INFO] 2800/3750 lossAver:6.2178302876012665
[2023-03-22 00:26:25] [INFO] 2900/3750 lossAver:6.218818853846912
[2023-03-22 00:26:32] [INFO] 3000/3750 lossAver:6.208904062151909
[2023-03-22 00:26:38] [INFO] 3100/3750 lossAver:6.190007112141578
[2023-03-22 00:26:45] [INFO] 3200/3750 lossAver:6.197341853268444
[2023-03-22 00:26:52] [INFO] 3300/3750 lossAver:6.210297736435225
[2023-03-22 00:26:58] [INFO] 3400/3750 lossAver:6.222674150431858
[2023-03-22 00:27:05] [INFO] 3500/3750 lossAver:6.229765764679228
[2023-03-22 00:27:12] [INFO] 3600/3750 lossAver:6.21413523339563
[2023-03-22 00:27:18] [INFO] 3700/3750 lossAver:6.21780658667152
[2023-03-22 00:27:22] [INFO] lossList:[27.656259297180174, 10.413400837961833, 8.768999997711182, 7.902273196347554, 7.420335951296488, 7.143702358055115, 7.014098599433899, 6.814395852279663, 6.662699175580342, 6.59117138821284, 6.447938500626882, 6.368201878643036, 6.304651849269867, 6.2274007559140525]
[2023-03-22 00:30:19] [INFO] trainError:[0.0552, 0.04518333333333333, 0.03625, 0.03496666666666667, 0.033166666666666664, 0.030016666666666667, 0.030516666666666668, 0.029833333333333333, 0.028133333333333333, 0.02723333333333333, 0.02905, 0.02896666666666667, 0.028333333333333332, 0.02505]
[2023-03-22 00:30:49] [INFO] testError:[0.0511, 0.0434, 0.0335, 0.0361, 0.0331, 0.0284, 0.0305, 0.0293, 0.0277, 0.026, 0.0252, 0.028, 0.0285, 0.0267]
[2023-03-22 00:30:49] [INFO] epoch: 15 / 25
[2023-03-22 00:30:56] [INFO] 100/3750 lossAver:6.194190136194229
[2023-03-22 00:31:03] [INFO] 200/3750 lossAver:5.929854679703713
[2023-03-22 00:31:09] [INFO] 300/3750 lossAver:6.069681878487269
[2023-03-22 00:31:16] [INFO] 400/3750 lossAver:6.048922072947025
[2023-03-22 00:31:23] [INFO] 500/3750 lossAver:6.0640991728305815
[2023-03-22 00:31:29] [INFO] 600/3750 lossAver:6.113630619247754
[2023-03-22 00:31:36] [INFO] 700/3750 lossAver:6.047038511037827
[2023-03-22 00:31:43] [INFO] 800/3750 lossAver:6.075001469105482
[2023-03-22 00:31:50] [INFO] 900/3750 lossAver:6.109774376153946
[2023-03-22 00:31:56] [INFO] 1000/3750 lossAver:6.187170059084893
[2023-03-22 00:32:03] [INFO] 1100/3750 lossAver:6.180592834841121
[2023-03-22 00:32:10] [INFO] 1200/3750 lossAver:6.170686950186888
[2023-03-22 00:32:17] [INFO] 1300/3750 lossAver:6.2229422372121075
[2023-03-22 00:32:23] [INFO] 1400/3750 lossAver:6.221726301482746
[2023-03-22 00:32:30] [INFO] 1500/3750 lossAver:6.255175125996272
[2023-03-22 00:32:37] [INFO] 1600/3750 lossAver:6.231119816228747
[2023-03-22 00:32:44] [INFO] 1700/3750 lossAver:6.2302475928559025
[2023-03-22 00:32:50] [INFO] 1800/3750 lossAver:6.226814791825083
[2023-03-22 00:32:57] [INFO] 1900/3750 lossAver:6.211261752718373
[2023-03-22 00:33:04] [INFO] 2000/3750 lossAver:6.20050221902132
[2023-03-22 00:33:11] [INFO] 2100/3750 lossAver:6.2321635329723355
[2023-03-22 00:33:17] [INFO] 2200/3750 lossAver:6.237505097118291
[2023-03-22 00:33:24] [INFO] 2300/3750 lossAver:6.236656628847122
[2023-03-22 00:33:31] [INFO] 2400/3750 lossAver:6.222525046716134
[2023-03-22 00:33:38] [INFO] 2500/3750 lossAver:6.2324584484577175
[2023-03-22 00:33:44] [INFO] 2600/3750 lossAver:6.230299844420873
[2023-03-22 00:33:51] [INFO] 2700/3750 lossAver:6.224762926852262
[2023-03-22 00:33:58] [INFO] 2800/3750 lossAver:6.212927893613066
[2023-03-22 00:34:05] [INFO] 2900/3750 lossAver:6.1986739332511505
[2023-03-22 00:34:12] [INFO] 3000/3750 lossAver:6.19845523818334
[2023-03-22 00:34:18] [INFO] 3100/3750 lossAver:6.204420853660952
[2023-03-22 00:34:25] [INFO] 3200/3750 lossAver:6.180515250638127
[2023-03-22 00:34:32] [INFO] 3300/3750 lossAver:6.1652953988855534
[2023-03-22 00:34:39] [INFO] 3400/3750 lossAver:6.17377203709939
[2023-03-22 00:34:45] [INFO] 3500/3750 lossAver:6.195417472498757
[2023-03-22 00:34:52] [INFO] 3600/3750 lossAver:6.194917555484507
[2023-03-22 00:34:59] [INFO] 3700/3750 lossAver:6.192091968413946
[2023-03-22 00:35:02] [INFO] lossList:[27.656259297180174, 10.413400837961833, 8.768999997711182, 7.902273196347554, 7.420335951296488, 7.143702358055115, 7.014098599433899, 6.814395852279663, 6.662699175580342, 6.59117138821284, 6.447938500626882, 6.368201878643036, 6.304651849269867, 6.2274007559140525, 6.184216308943431]
[2023-03-22 00:38:00] [INFO] trainError:[0.0552, 0.04518333333333333, 0.03625, 0.03496666666666667, 0.033166666666666664, 0.030016666666666667, 0.030516666666666668, 0.029833333333333333, 0.028133333333333333, 0.02723333333333333, 0.02905, 0.02896666666666667, 0.028333333333333332, 0.02505, 0.02485]
[2023-03-22 00:38:29] [INFO] testError:[0.0511, 0.0434, 0.0335, 0.0361, 0.0331, 0.0284, 0.0305, 0.0293, 0.0277, 0.026, 0.0252, 0.028, 0.0285, 0.0267, 0.0249]
[2023-03-22 00:38:29] [INFO] epoch: 16 / 25
[2023-03-22 00:38:36] [INFO] 100/3750 lossAver:5.623742339611053
[2023-03-22 00:38:43] [INFO] 200/3750 lossAver:5.843136647939682
[2023-03-22 00:38:50] [INFO] 300/3750 lossAver:5.9430647579828895
[2023-03-22 00:38:57] [INFO] 400/3750 lossAver:5.919651359915734
[2023-03-22 00:39:03] [INFO] 500/3750 lossAver:6.015603096485138
[2023-03-22 00:39:10] [INFO] 600/3750 lossAver:6.029586368004481
[2023-03-22 00:39:17] [INFO] 700/3750 lossAver:6.070139797415052
[2023-03-22 00:39:24] [INFO] 800/3750 lossAver:6.019933051466942
[2023-03-22 00:39:30] [INFO] 900/3750 lossAver:5.995919862853156
[2023-03-22 00:39:37] [INFO] 1000/3750 lossAver:6.012555685043335
[2023-03-22 00:39:44] [INFO] 1100/3750 lossAver:6.012045207240365
[2023-03-22 00:39:51] [INFO] 1200/3750 lossAver:6.055088932911555
[2023-03-22 00:39:57] [INFO] 1300/3750 lossAver:6.059645017660581
[2023-03-22 00:40:04] [INFO] 1400/3750 lossAver:6.043831741809845
[2023-03-22 00:40:11] [INFO] 1500/3750 lossAver:6.0821038813591
[2023-03-22 00:40:18] [INFO] 1600/3750 lossAver:6.077874465435744
[2023-03-22 00:40:24] [INFO] 1700/3750 lossAver:6.082711766186883
[2023-03-22 00:40:31] [INFO] 1800/3750 lossAver:6.073924658033583
[2023-03-22 00:40:38] [INFO] 1900/3750 lossAver:6.056694852866625
[2023-03-22 00:40:45] [INFO] 2000/3750 lossAver:6.0740000987648965
[2023-03-22 00:40:51] [INFO] 2100/3750 lossAver:6.070860020603452
[2023-03-22 00:40:58] [INFO] 2200/3750 lossAver:6.063205208182335
[2023-03-22 00:41:05] [INFO] 2300/3750 lossAver:6.0775982337930925
[2023-03-22 00:41:12] [INFO] 2400/3750 lossAver:6.091683884312709
[2023-03-22 00:41:18] [INFO] 2500/3750 lossAver:6.101133413934708
[2023-03-22 00:41:25] [INFO] 2600/3750 lossAver:6.092607069336451
[2023-03-22 00:41:32] [INFO] 2700/3750 lossAver:6.089615873363283
[2023-03-22 00:41:39] [INFO] 2800/3750 lossAver:6.104936226393495
[2023-03-22 00:41:45] [INFO] 2900/3750 lossAver:6.112052751697343
[2023-03-22 00:41:52] [INFO] 3000/3750 lossAver:6.117264536897341
[2023-03-22 00:41:59] [INFO] 3100/3750 lossAver:6.132205496795716
[2023-03-22 00:42:06] [INFO] 3200/3750 lossAver:6.131243750788271
[2023-03-22 00:42:13] [INFO] 3300/3750 lossAver:6.115706242033929
[2023-03-22 00:42:19] [INFO] 3400/3750 lossAver:6.1146893019886575
[2023-03-22 00:42:26] [INFO] 3500/3750 lossAver:6.092258751153946
[2023-03-22 00:42:32] [INFO] 3600/3750 lossAver:6.1044555202126505
[2023-03-22 00:42:39] [INFO] 3700/3750 lossAver:6.1005615658695636
[2023-03-22 00:42:43] [INFO] lossList:[27.656259297180174, 10.413400837961833, 8.768999997711182, 7.902273196347554, 7.420335951296488, 7.143702358055115, 7.014098599433899, 6.814395852279663, 6.662699175580342, 6.59117138821284, 6.447938500626882, 6.368201878643036, 6.304651849269867, 6.2274007559140525, 6.184216308943431, 6.108165325069428]
[2023-03-22 00:45:40] [INFO] trainError:[0.0552, 0.04518333333333333, 0.03625, 0.03496666666666667, 0.033166666666666664, 0.030016666666666667, 0.030516666666666668, 0.029833333333333333, 0.028133333333333333, 0.02723333333333333, 0.02905, 0.02896666666666667, 0.028333333333333332, 0.02505, 0.02485, 0.026366666666666667]
[2023-03-22 00:46:10] [INFO] testError:[0.0511, 0.0434, 0.0335, 0.0361, 0.0331, 0.0284, 0.0305, 0.0293, 0.0277, 0.026, 0.0252, 0.028, 0.0285, 0.0267, 0.0249, 0.0258]
[2023-03-22 00:46:10] [INFO] epoch: 17 / 25
[2023-03-22 00:46:16] [INFO] 100/3750 lossAver:5.929927883148193
[2023-03-22 00:46:23] [INFO] 200/3750 lossAver:6.051312625408173
[2023-03-22 00:46:30] [INFO] 300/3750 lossAver:6.002807296117147
[2023-03-22 00:46:37] [INFO] 400/3750 lossAver:5.984349712729454
[2023-03-22 00:46:43] [INFO] 500/3750 lossAver:5.942499755859375
[2023-03-22 00:46:50] [INFO] 600/3750 lossAver:6.031703112125396
[2023-03-22 00:46:57] [INFO] 700/3750 lossAver:5.993127050059182
[2023-03-22 00:47:04] [INFO] 800/3750 lossAver:6.006397234201431
[2023-03-22 00:47:10] [INFO] 900/3750 lossAver:5.990869620905982
[2023-03-22 00:47:17] [INFO] 1000/3750 lossAver:5.949524184584617
[2023-03-22 00:47:24] [INFO] 1100/3750 lossAver:5.997747930288315
[2023-03-22 00:47:31] [INFO] 1200/3750 lossAver:5.99484310477972
[2023-03-22 00:47:37] [INFO] 1300/3750 lossAver:6.009016782595561
[2023-03-22 00:47:44] [INFO] 1400/3750 lossAver:6.048487723980631
[2023-03-22 00:47:51] [INFO] 1500/3750 lossAver:6.00708790342013
[2023-03-22 00:47:57] [INFO] 1600/3750 lossAver:6.025011719539761
[2023-03-22 00:48:04] [INFO] 1700/3750 lossAver:6.048062070608139
[2023-03-22 00:48:11] [INFO] 1800/3750 lossAver:6.070851559970114
[2023-03-22 00:48:17] [INFO] 1900/3750 lossAver:6.080491190270374
[2023-03-22 00:48:24] [INFO] 2000/3750 lossAver:6.104358163774013
[2023-03-22 00:48:31] [INFO] 2100/3750 lossAver:6.089337427899951
[2023-03-22 00:48:38] [INFO] 2200/3750 lossAver:6.080965764901855
[2023-03-22 00:48:44] [INFO] 2300/3750 lossAver:6.09002392815507
[2023-03-22 00:48:51] [INFO] 2400/3750 lossAver:6.097773899585008
[2023-03-22 00:48:58] [INFO] 2500/3750 lossAver:6.0853234889507295
[2023-03-22 00:49:05] [INFO] 2600/3750 lossAver:6.091688352960807
[2023-03-22 00:49:11] [INFO] 2700/3750 lossAver:6.084981810560933
[2023-03-22 00:49:18] [INFO] 2800/3750 lossAver:6.063582447469234
[2023-03-22 00:49:25] [INFO] 2900/3750 lossAver:6.0560313344412835
[2023-03-22 00:49:32] [INFO] 3000/3750 lossAver:6.057873828411102
[2023-03-22 00:49:38] [INFO] 3100/3750 lossAver:6.0490251548828615
[2023-03-22 00:49:45] [INFO] 3200/3750 lossAver:6.082167740017176
[2023-03-22 00:49:52] [INFO] 3300/3750 lossAver:6.07932775259018
[2023-03-22 00:49:59] [INFO] 3400/3750 lossAver:6.055794545832803
[2023-03-22 00:50:05] [INFO] 3500/3750 lossAver:6.048312353542872
[2023-03-22 00:50:12] [INFO] 3600/3750 lossAver:6.028740941286087
[2023-03-22 00:50:19] [INFO] 3700/3750 lossAver:6.0326936916402865
[2023-03-22 00:50:22] [INFO] lossList:[27.656259297180174, 10.413400837961833, 8.768999997711182, 7.902273196347554, 7.420335951296488, 7.143702358055115, 7.014098599433899, 6.814395852279663, 6.662699175580342, 6.59117138821284, 6.447938500626882, 6.368201878643036, 6.304651849269867, 6.2274007559140525, 6.184216308943431, 6.108165325069428, 6.0298760882695515]
[2023-03-22 00:53:20] [INFO] trainError:[0.0552, 0.04518333333333333, 0.03625, 0.03496666666666667, 0.033166666666666664, 0.030016666666666667, 0.030516666666666668, 0.029833333333333333, 0.028133333333333333, 0.02723333333333333, 0.02905, 0.02896666666666667, 0.028333333333333332, 0.02505, 0.02485, 0.026366666666666667, 0.027566666666666666]
[2023-03-22 00:53:49] [INFO] testError:[0.0511, 0.0434, 0.0335, 0.0361, 0.0331, 0.0284, 0.0305, 0.0293, 0.0277, 0.026, 0.0252, 0.028, 0.0285, 0.0267, 0.0249, 0.0258, 0.0259]
[2023-03-22 00:53:49] [INFO] epoch: 18 / 25
[2023-03-22 00:53:56] [INFO] 100/3750 lossAver:5.855292673110962
[2023-03-22 00:54:03] [INFO] 200/3750 lossAver:6.293858181238175
[2023-03-22 00:54:09] [INFO] 300/3750 lossAver:6.240398359298706
[2023-03-22 00:54:16] [INFO] 400/3750 lossAver:6.1564086073637005
[2023-03-22 00:54:23] [INFO] 500/3750 lossAver:6.052268299102783
[2023-03-22 00:54:29] [INFO] 600/3750 lossAver:5.983554856379826
[2023-03-22 00:54:36] [INFO] 700/3750 lossAver:6.016602596214839
[2023-03-22 00:54:43] [INFO] 800/3750 lossAver:6.057160974740982
[2023-03-22 00:54:50] [INFO] 900/3750 lossAver:6.089364178445604
[2023-03-22 00:54:56] [INFO] 1000/3750 lossAver:6.084817874908447
[2023-03-22 00:55:03] [INFO] 1100/3750 lossAver:6.063391063863581
[2023-03-22 00:55:10] [INFO] 1200/3750 lossAver:6.039127885103226
[2023-03-22 00:55:16] [INFO] 1300/3750 lossAver:6.015721826369946
[2023-03-22 00:55:23] [INFO] 1400/3750 lossAver:6.070419786998204
[2023-03-22 00:55:30] [INFO] 1500/3750 lossAver:6.070265074253082
[2023-03-22 00:55:37] [INFO] 1600/3750 lossAver:6.077668414711952
[2023-03-22 00:55:43] [INFO] 1700/3750 lossAver:6.102418499133166
[2023-03-22 00:55:50] [INFO] 1800/3750 lossAver:6.090444067319234
[2023-03-22 00:55:57] [INFO] 1900/3750 lossAver:6.100314609502491
[2023-03-22 00:56:04] [INFO] 2000/3750 lossAver:6.102092403054237
[2023-03-22 00:56:10] [INFO] 2100/3750 lossAver:6.080502256892976
[2023-03-22 00:56:17] [INFO] 2200/3750 lossAver:6.070231706770984
[2023-03-22 00:56:24] [INFO] 2300/3750 lossAver:6.050029160769089
[2023-03-22 00:56:31] [INFO] 2400/3750 lossAver:6.03866187542677
[2023-03-22 00:56:37] [INFO] 2500/3750 lossAver:6.040978141117096
[2023-03-22 00:56:44] [INFO] 2600/3750 lossAver:6.033578399878282
[2023-03-22 00:56:51] [INFO] 2700/3750 lossAver:6.0388267132971025
[2023-03-22 00:56:58] [INFO] 2800/3750 lossAver:6.027146407876696
[2023-03-22 00:57:05] [INFO] 2900/3750 lossAver:6.030140192673124
[2023-03-22 00:57:11] [INFO] 3000/3750 lossAver:6.027222877025604
[2023-03-22 00:57:18] [INFO] 3100/3750 lossAver:6.0236494970321655
[2023-03-22 00:57:25] [INFO] 3200/3750 lossAver:6.031045965030789
[2023-03-22 00:57:32] [INFO] 3300/3750 lossAver:6.023116264343262
[2023-03-22 00:57:39] [INFO] 3400/3750 lossAver:5.998396461009979
[2023-03-22 00:57:46] [INFO] 3500/3750 lossAver:6.004387999125889
[2023-03-22 00:57:52] [INFO] 3600/3750 lossAver:6.004602549672127
[2023-03-22 00:57:59] [INFO] 3700/3750 lossAver:6.01085829715471
[2023-03-22 00:58:03] [INFO] lossList:[27.656259297180174, 10.413400837961833, 8.768999997711182, 7.902273196347554, 7.420335951296488, 7.143702358055115, 7.014098599433899, 6.814395852279663, 6.662699175580342, 6.59117138821284, 6.447938500626882, 6.368201878643036, 6.304651849269867, 6.2274007559140525, 6.184216308943431, 6.108165325069428, 6.0298760882695515, 6.005940632120768]
[2023-03-22 01:01:03] [INFO] trainError:[0.0552, 0.04518333333333333, 0.03625, 0.03496666666666667, 0.033166666666666664, 0.030016666666666667, 0.030516666666666668, 0.029833333333333333, 0.028133333333333333, 0.02723333333333333, 0.02905, 0.02896666666666667, 0.028333333333333332, 0.02505, 0.02485, 0.026366666666666667, 0.027566666666666666, 0.02405]
[2023-03-22 01:01:33] [INFO] testError:[0.0511, 0.0434, 0.0335, 0.0361, 0.0331, 0.0284, 0.0305, 0.0293, 0.0277, 0.026, 0.0252, 0.028, 0.0285, 0.0267, 0.0249, 0.0258, 0.0259, 0.0241]
[2023-03-22 01:01:33] [INFO] epoch: 19 / 25
[2023-03-22 01:01:39] [INFO] 100/3750 lossAver:5.676382868289948
[2023-03-22 01:01:46] [INFO] 200/3750 lossAver:5.835586072206497
[2023-03-22 01:01:53] [INFO] 300/3750 lossAver:5.806644601821899
[2023-03-22 01:02:00] [INFO] 400/3750 lossAver:5.954497091174126
[2023-03-22 01:02:06] [INFO] 500/3750 lossAver:5.831637716293335
[2023-03-22 01:02:13] [INFO] 600/3750 lossAver:5.933561024268468
[2023-03-22 01:02:20] [INFO] 700/3750 lossAver:5.9794613592965264
[2023-03-22 01:02:27] [INFO] 800/3750 lossAver:5.99273467540741
[2023-03-22 01:02:34] [INFO] 900/3750 lossAver:6.028512389659881
[2023-03-22 01:02:40] [INFO] 1000/3750 lossAver:6.0455714411735535
[2023-03-22 01:02:47] [INFO] 1100/3750 lossAver:6.101468107917092
[2023-03-22 01:02:54] [INFO] 1200/3750 lossAver:6.087554661830266
[2023-03-22 01:03:01] [INFO] 1300/3750 lossAver:6.068653384905595
[2023-03-22 01:03:08] [INFO] 1400/3750 lossAver:6.041773682066372
[2023-03-22 01:03:14] [INFO] 1500/3750 lossAver:5.965564741452535
[2023-03-22 01:03:21] [INFO] 1600/3750 lossAver:5.957348030805588
[2023-03-22 01:03:28] [INFO] 1700/3750 lossAver:5.958756450204288
[2023-03-22 01:03:35] [INFO] 1800/3750 lossAver:5.942451059420904
[2023-03-22 01:03:41] [INFO] 1900/3750 lossAver:5.979364096239993
[2023-03-22 01:03:48] [INFO] 2000/3750 lossAver:5.972635510921478
[2023-03-22 01:03:55] [INFO] 2100/3750 lossAver:5.967295205933707
[2023-03-22 01:04:02] [INFO] 2200/3750 lossAver:5.994907992428
[2023-03-22 01:04:08] [INFO] 2300/3750 lossAver:5.967933427717375
[2023-03-22 01:04:15] [INFO] 2400/3750 lossAver:5.978283317138751
[2023-03-22 01:04:22] [INFO] 2500/3750 lossAver:5.975763401174545
[2023-03-22 01:04:29] [INFO] 2600/3750 lossAver:6.0006925371977
[2023-03-22 01:04:35] [INFO] 2700/3750 lossAver:5.9940890761658
[2023-03-22 01:04:42] [INFO] 2800/3750 lossAver:5.978539476564952
[2023-03-22 01:04:49] [INFO] 2900/3750 lossAver:5.973627286121763
[2023-03-22 01:04:56] [INFO] 3000/3750 lossAver:5.959780205051104
[2023-03-22 01:05:03] [INFO] 3100/3750 lossAver:5.9787678800475215
[2023-03-22 01:05:09] [INFO] 3200/3750 lossAver:5.988209798000753
[2023-03-22 01:05:16] [INFO] 3300/3750 lossAver:5.969271878004074
[2023-03-22 01:05:23] [INFO] 3400/3750 lossAver:5.972365550749442
[2023-03-22 01:05:30] [INFO] 3500/3750 lossAver:5.975729139362063
[2023-03-22 01:05:37] [INFO] 3600/3750 lossAver:5.996281031866868
[2023-03-22 01:05:44] [INFO] 3700/3750 lossAver:5.992509245711404
[2023-03-22 01:05:47] [INFO] lossList:[27.656259297180174, 10.413400837961833, 8.768999997711182, 7.902273196347554, 7.420335951296488, 7.143702358055115, 7.014098599433899, 6.814395852279663, 6.662699175580342, 6.59117138821284, 6.447938500626882, 6.368201878643036, 6.304651849269867, 6.2274007559140525, 6.184216308943431, 6.108165325069428, 6.0298760882695515, 6.005940632120768, 5.990405494213104]
[2023-03-22 01:08:47] [INFO] trainError:[0.0552, 0.04518333333333333, 0.03625, 0.03496666666666667, 0.033166666666666664, 0.030016666666666667, 0.030516666666666668, 0.029833333333333333, 0.028133333333333333, 0.02723333333333333, 0.02905, 0.02896666666666667, 0.028333333333333332, 0.02505, 0.02485, 0.026366666666666667, 0.027566666666666666, 0.02405, 0.028066666666666667]
[2023-03-22 01:09:17] [INFO] testError:[0.0511, 0.0434, 0.0335, 0.0361, 0.0331, 0.0284, 0.0305, 0.0293, 0.0277, 0.026, 0.0252, 0.028, 0.0285, 0.0267, 0.0249, 0.0258, 0.0259, 0.0241, 0.0268]
[2023-03-22 01:09:17] [INFO] epoch: 20 / 25
[2023-03-22 01:09:24] [INFO] 100/3750 lossAver:5.721086204051971
[2023-03-22 01:09:30] [INFO] 200/3750 lossAver:5.895777043104172
[2023-03-22 01:09:37] [INFO] 300/3750 lossAver:5.948507783412933
[2023-03-22 01:09:44] [INFO] 400/3750 lossAver:5.928742325305938
[2023-03-22 01:09:51] [INFO] 500/3750 lossAver:5.9001471185684204
[2023-03-22 01:09:58] [INFO] 600/3750 lossAver:5.857709335883459
[2023-03-22 01:10:05] [INFO] 700/3750 lossAver:5.895425779138293
[2023-03-22 01:10:12] [INFO] 800/3750 lossAver:5.929600610435009
[2023-03-22 01:10:19] [INFO] 900/3750 lossAver:5.962856512069703
[2023-03-22 01:10:26] [INFO] 1000/3750 lossAver:5.9660250446796415
[2023-03-22 01:10:32] [INFO] 1100/3750 lossAver:6.011886346340179
[2023-03-22 01:10:39] [INFO] 1200/3750 lossAver:5.9939733674128854
[2023-03-22 01:10:46] [INFO] 1300/3750 lossAver:6.023715485059298
[2023-03-22 01:10:52] [INFO] 1400/3750 lossAver:6.013447577442442
[2023-03-22 01:10:59] [INFO] 1500/3750 lossAver:5.9885239106814065
[2023-03-22 01:11:06] [INFO] 1600/3750 lossAver:5.9719656360149385
[2023-03-22 01:11:13] [INFO] 1700/3750 lossAver:5.9789265391405895
[2023-03-22 01:11:20] [INFO] 1800/3750 lossAver:5.990010566976335
[2023-03-22 01:11:27] [INFO] 1900/3750 lossAver:6.013051636093541
[2023-03-22 01:11:34] [INFO] 2000/3750 lossAver:6.001820016860962
[2023-03-22 01:11:41] [INFO] 2100/3750 lossAver:6.0012522377286635
[2023-03-22 01:11:47] [INFO] 2200/3750 lossAver:5.961214230060578
[2023-03-22 01:11:54] [INFO] 2300/3750 lossAver:5.956471441414045
[2023-03-22 01:12:01] [INFO] 2400/3750 lossAver:5.966335295339426
[2023-03-22 01:12:08] [INFO] 2500/3750 lossAver:5.961567690563202
[2023-03-22 01:12:15] [INFO] 2600/3750 lossAver:5.9552821542666505
[2023-03-22 01:12:22] [INFO] 2700/3750 lossAver:5.962567052752884
[2023-03-22 01:12:28] [INFO] 2800/3750 lossAver:5.956004086221967
[2023-03-22 01:12:35] [INFO] 2900/3750 lossAver:5.976266328754096
[2023-03-22 01:12:42] [INFO] 3000/3750 lossAver:5.95434928659598
[2023-03-22 01:12:49] [INFO] 3100/3750 lossAver:5.945086898919075
[2023-03-22 01:12:56] [INFO] 3200/3750 lossAver:5.94194211717695
[2023-03-22 01:13:03] [INFO] 3300/3750 lossAver:5.9483049880735805
[2023-03-22 01:13:10] [INFO] 3400/3750 lossAver:5.958363012811716
[2023-03-22 01:13:17] [INFO] 3500/3750 lossAver:5.9525392756802695
[2023-03-22 01:13:23] [INFO] 3600/3750 lossAver:5.955127178927262
[2023-03-22 01:13:30] [INFO] 3700/3750 lossAver:5.9639172366180935
[2023-03-22 01:13:34] [INFO] lossList:[27.656259297180174, 10.413400837961833, 8.768999997711182, 7.902273196347554, 7.420335951296488, 7.143702358055115, 7.014098599433899, 6.814395852279663, 6.662699175580342, 6.59117138821284, 6.447938500626882, 6.368201878643036, 6.304651849269867, 6.2274007559140525, 6.184216308943431, 6.108165325069428, 6.0298760882695515, 6.005940632120768, 5.990405494213104, 5.959786586793264]
[2023-03-22 01:16:37] [INFO] trainError:[0.0552, 0.04518333333333333, 0.03625, 0.03496666666666667, 0.033166666666666664, 0.030016666666666667, 0.030516666666666668, 0.029833333333333333, 0.028133333333333333, 0.02723333333333333, 0.02905, 0.02896666666666667, 0.028333333333333332, 0.02505, 0.02485, 0.026366666666666667, 0.027566666666666666, 0.02405, 0.028066666666666667, 0.024716666666666668]
[2023-03-22 01:17:07] [INFO] testError:[0.0511, 0.0434, 0.0335, 0.0361, 0.0331, 0.0284, 0.0305, 0.0293, 0.0277, 0.026, 0.0252, 0.028, 0.0285, 0.0267, 0.0249, 0.0258, 0.0259, 0.0241, 0.0268, 0.026]
[2023-03-22 01:17:07] [INFO] epoch: 21 / 25
[2023-03-22 01:17:14] [INFO] 100/3750 lossAver:5.745205523967743
[2023-03-22 01:17:21] [INFO] 200/3750 lossAver:5.817148728370666
[2023-03-22 01:17:28] [INFO] 300/3750 lossAver:5.813290779987971
[2023-03-22 01:17:35] [INFO] 400/3750 lossAver:5.706469625532627
[2023-03-22 01:17:42] [INFO] 500/3750 lossAver:5.744988083362579
[2023-03-22 01:17:48] [INFO] 600/3750 lossAver:5.718923633495967
[2023-03-22 01:17:55] [INFO] 700/3750 lossAver:5.866750022683825
[2023-03-22 01:18:02] [INFO] 800/3750 lossAver:5.856572272777558
[2023-03-22 01:18:09] [INFO] 900/3750 lossAver:5.921413671705458
[2023-03-22 01:18:16] [INFO] 1000/3750 lossAver:5.930916620016098
[2023-03-22 01:18:23] [INFO] 1100/3750 lossAver:5.940447763746435
[2023-03-22 01:18:30] [INFO] 1200/3750 lossAver:5.922772743900617
[2023-03-22 01:18:37] [INFO] 1300/3750 lossAver:5.9202604726644665
[2023-03-22 01:18:43] [INFO] 1400/3750 lossAver:5.928996704135622
[2023-03-22 01:18:50] [INFO] 1500/3750 lossAver:5.938479480584462
[2023-03-22 01:18:57] [INFO] 1600/3750 lossAver:5.911982941329479
[2023-03-22 01:19:04] [INFO] 1700/3750 lossAver:5.9089797339719885
[2023-03-22 01:19:11] [INFO] 1800/3750 lossAver:5.887347208923764
[2023-03-22 01:19:18] [INFO] 1900/3750 lossAver:5.90386181003169
[2023-03-22 01:19:25] [INFO] 2000/3750 lossAver:5.907575623214245
[2023-03-22 01:19:32] [INFO] 2100/3750 lossAver:5.918380289475123
[2023-03-22 01:19:38] [INFO] 2200/3750 lossAver:5.912365935769948
[2023-03-22 01:19:45] [INFO] 2300/3750 lossAver:5.93327110150586
[2023-03-22 01:19:52] [INFO] 2400/3750 lossAver:5.933938239365816
[2023-03-22 01:19:59] [INFO] 2500/3750 lossAver:5.918594883346557
[2023-03-22 01:20:06] [INFO] 2600/3750 lossAver:5.905129591501676
[2023-03-22 01:20:13] [INFO] 2700/3750 lossAver:5.905353312404068
[2023-03-22 01:20:19] [INFO] 2800/3750 lossAver:5.904439641152109
[2023-03-22 01:20:26] [INFO] 2900/3750 lossAver:5.917724669719565
[2023-03-22 01:20:33] [INFO] 3000/3750 lossAver:5.909641918023428
[2023-03-22 01:20:40] [INFO] 3100/3750 lossAver:5.9205469934401975
[2023-03-22 01:20:47] [INFO] 3200/3750 lossAver:5.907998923920095
[2023-03-22 01:20:53] [INFO] 3300/3750 lossAver:5.907759029251157
[2023-03-22 01:21:00] [INFO] 3400/3750 lossAver:5.900204594520962
[2023-03-22 01:21:07] [INFO] 3500/3750 lossAver:5.917210768665586
[2023-03-22 01:21:14] [INFO] 3600/3750 lossAver:5.919818176660272
[2023-03-22 01:21:21] [INFO] 3700/3750 lossAver:5.917842402877034
[2023-03-22 01:21:24] [INFO] lossList:[27.656259297180174, 10.413400837961833, 8.768999997711182, 7.902273196347554, 7.420335951296488, 7.143702358055115, 7.014098599433899, 6.814395852279663, 6.662699175580342, 6.59117138821284, 6.447938500626882, 6.368201878643036, 6.304651849269867, 6.2274007559140525, 6.184216308943431, 6.108165325069428, 6.0298760882695515, 6.005940632120768, 5.990405494213104, 5.959786586793264, 5.916375592581431]
[2023-03-22 01:24:27] [INFO] trainError:[0.0552, 0.04518333333333333, 0.03625, 0.03496666666666667, 0.033166666666666664, 0.030016666666666667, 0.030516666666666668, 0.029833333333333333, 0.028133333333333333, 0.02723333333333333, 0.02905, 0.02896666666666667, 0.028333333333333332, 0.02505, 0.02485, 0.026366666666666667, 0.027566666666666666, 0.02405, 0.028066666666666667, 0.024716666666666668, 0.027183333333333334]
[2023-03-22 01:24:57] [INFO] testError:[0.0511, 0.0434, 0.0335, 0.0361, 0.0331, 0.0284, 0.0305, 0.0293, 0.0277, 0.026, 0.0252, 0.028, 0.0285, 0.0267, 0.0249, 0.0258, 0.0259, 0.0241, 0.0268, 0.026, 0.0279]
[2023-03-22 01:24:57] [INFO] epoch: 22 / 25
[2023-03-22 01:25:04] [INFO] 100/3750 lossAver:5.891402957439422
[2023-03-22 01:25:10] [INFO] 200/3750 lossAver:5.842498899698257
[2023-03-22 01:25:17] [INFO] 300/3750 lossAver:5.8909384616216025
[2023-03-22 01:25:24] [INFO] 400/3750 lossAver:5.871792519688606
[2023-03-22 01:25:31] [INFO] 500/3750 lossAver:5.768206053972245
[2023-03-22 01:25:37] [INFO] 600/3750 lossAver:5.818033112486203
[2023-03-22 01:25:44] [INFO] 700/3750 lossAver:5.891970348528453
[2023-03-22 01:25:51] [INFO] 800/3750 lossAver:5.907702001184225
[2023-03-22 01:25:58] [INFO] 900/3750 lossAver:5.877922596534093
[2023-03-22 01:26:05] [INFO] 1000/3750 lossAver:5.893190883278847
[2023-03-22 01:26:12] [INFO] 1100/3750 lossAver:5.918245030424812
[2023-03-22 01:26:18] [INFO] 1200/3750 lossAver:5.909912541409334
[2023-03-22 01:26:25] [INFO] 1300/3750 lossAver:5.925534202960821
[2023-03-22 01:26:32] [INFO] 1400/3750 lossAver:5.885804546645709
[2023-03-22 01:26:39] [INFO] 1500/3750 lossAver:5.845581218322118
[2023-03-22 01:26:46] [INFO] 1600/3750 lossAver:5.849284533336759
[2023-03-22 01:26:53] [INFO] 1700/3750 lossAver:5.851587726298501
[2023-03-22 01:27:00] [INFO] 1800/3750 lossAver:5.832721042831738
[2023-03-22 01:27:07] [INFO] 1900/3750 lossAver:5.828199163800791
[2023-03-22 01:27:14] [INFO] 2000/3750 lossAver:5.836102451503277
[2023-03-22 01:27:20] [INFO] 2100/3750 lossAver:5.796017059712183
[2023-03-22 01:27:27] [INFO] 2200/3750 lossAver:5.77821434692903
[2023-03-22 01:27:34] [INFO] 2300/3750 lossAver:5.771028584501018
[2023-03-22 01:27:41] [INFO] 2400/3750 lossAver:5.782111514707406
[2023-03-22 01:27:48] [INFO] 2500/3750 lossAver:5.795206539916992
[2023-03-22 01:27:55] [INFO] 2600/3750 lossAver:5.778149997087626
[2023-03-22 01:28:01] [INFO] 2700/3750 lossAver:5.7832428268150045
[2023-03-22 01:28:08] [INFO] 2800/3750 lossAver:5.769704805357116
[2023-03-22 01:28:15] [INFO] 2900/3750 lossAver:5.79496448599059
[2023-03-22 01:28:22] [INFO] 3000/3750 lossAver:5.820120344479879
[2023-03-22 01:28:28] [INFO] 3100/3750 lossAver:5.8173530108697955
[2023-03-22 01:28:35] [INFO] 3200/3750 lossAver:5.842192150726914
[2023-03-22 01:28:42] [INFO] 3300/3750 lossAver:5.860849037025914
[2023-03-22 01:28:49] [INFO] 3400/3750 lossAver:5.8610376920419585
[2023-03-22 01:28:56] [INFO] 3500/3750 lossAver:5.865786987032209
[2023-03-22 01:29:02] [INFO] 3600/3750 lossAver:5.880984662969907
[2023-03-22 01:29:09] [INFO] 3700/3750 lossAver:5.889395851637866
[2023-03-22 01:29:13] [INFO] lossList:[27.656259297180174, 10.413400837961833, 8.768999997711182, 7.902273196347554, 7.420335951296488, 7.143702358055115, 7.014098599433899, 6.814395852279663, 6.662699175580342, 6.59117138821284, 6.447938500626882, 6.368201878643036, 6.304651849269867, 6.2274007559140525, 6.184216308943431, 6.108165325069428, 6.0298760882695515, 6.005940632120768, 5.990405494213104, 5.959786586793264, 5.916375592581431, 5.897213566907247]
[2023-03-22 01:32:16] [INFO] trainError:[0.0552, 0.04518333333333333, 0.03625, 0.03496666666666667, 0.033166666666666664, 0.030016666666666667, 0.030516666666666668, 0.029833333333333333, 0.028133333333333333, 0.02723333333333333, 0.02905, 0.02896666666666667, 0.028333333333333332, 0.02505, 0.02485, 0.026366666666666667, 0.027566666666666666, 0.02405, 0.028066666666666667, 0.024716666666666668, 0.027183333333333334, 0.0253]
[2023-03-22 01:32:47] [INFO] testError:[0.0511, 0.0434, 0.0335, 0.0361, 0.0331, 0.0284, 0.0305, 0.0293, 0.0277, 0.026, 0.0252, 0.028, 0.0285, 0.0267, 0.0249, 0.0258, 0.0259, 0.0241, 0.0268, 0.026, 0.0279, 0.0248]
[2023-03-22 01:32:47] [INFO] epoch: 23 / 25
[2023-03-22 01:32:54] [INFO] 100/3750 lossAver:5.99435097694397
[2023-03-22 01:33:00] [INFO] 200/3750 lossAver:5.690825292468071
[2023-03-22 01:33:07] [INFO] 300/3750 lossAver:5.707355135679245
[2023-03-22 01:33:14] [INFO] 400/3750 lossAver:5.709041923880577
[2023-03-22 01:33:21] [INFO] 500/3750 lossAver:5.745166493415833
[2023-03-22 01:33:28] [INFO] 600/3750 lossAver:5.783010692596435
[2023-03-22 01:33:34] [INFO] 700/3750 lossAver:5.739317371334349
[2023-03-22 01:33:41] [INFO] 800/3750 lossAver:5.791937213391066
[2023-03-22 01:33:48] [INFO] 900/3750 lossAver:5.797002068493101
[2023-03-22 01:33:55] [INFO] 1000/3750 lossAver:5.820824726462364
[2023-03-22 01:34:02] [INFO] 1100/3750 lossAver:5.784961276596243
[2023-03-22 01:34:08] [INFO] 1200/3750 lossAver:5.805492142140865
[2023-03-22 01:34:15] [INFO] 1300/3750 lossAver:5.817887415610827
[2023-03-22 01:34:22] [INFO] 1400/3750 lossAver:5.874948166353362
[2023-03-22 01:34:29] [INFO] 1500/3750 lossAver:5.889810529788335
[2023-03-22 01:34:36] [INFO] 1600/3750 lossAver:5.876771484687924
[2023-03-22 01:34:43] [INFO] 1700/3750 lossAver:5.844147759395487
[2023-03-22 01:34:49] [INFO] 1800/3750 lossAver:5.818298686941465
[2023-03-22 01:34:56] [INFO] 1900/3750 lossAver:5.810436893199619
[2023-03-22 01:35:03] [INFO] 2000/3750 lossAver:5.8504846801161765
[2023-03-22 01:35:10] [INFO] 2100/3750 lossAver:5.87345929469381
[2023-03-22 01:35:17] [INFO] 2200/3750 lossAver:5.87048431401903
[2023-03-22 01:35:24] [INFO] 2300/3750 lossAver:5.870842269399891
[2023-03-22 01:35:31] [INFO] 2400/3750 lossAver:5.877587794562181
[2023-03-22 01:35:37] [INFO] 2500/3750 lossAver:5.855984117412567
[2023-03-22 01:35:44] [INFO] 2600/3750 lossAver:5.832695092513011
[2023-03-22 01:35:51] [INFO] 2700/3750 lossAver:5.8328192694540375
[2023-03-22 01:35:58] [INFO] 2800/3750 lossAver:5.83469078208719
[2023-03-22 01:36:04] [INFO] 2900/3750 lossAver:5.846301021986994
[2023-03-22 01:36:11] [INFO] 3000/3750 lossAver:5.8651500944296515
[2023-03-22 01:36:18] [INFO] 3100/3750 lossAver:5.868171063853849
[2023-03-22 01:36:25] [INFO] 3200/3750 lossAver:5.868909121751785
[2023-03-22 01:36:32] [INFO] 3300/3750 lossAver:5.862387245423866
[2023-03-22 01:36:39] [INFO] 3400/3750 lossAver:5.846959388256073
[2023-03-22 01:36:46] [INFO] 3500/3750 lossAver:5.859447752680097
[2023-03-22 01:36:52] [INFO] 3600/3750 lossAver:5.853115453057819
[2023-03-22 01:36:59] [INFO] 3700/3750 lossAver:5.858666827485368
[2023-03-22 01:37:03] [INFO] lossList:[27.656259297180174, 10.413400837961833, 8.768999997711182, 7.902273196347554, 7.420335951296488, 7.143702358055115, 7.014098599433899, 6.814395852279663, 6.662699175580342, 6.59117138821284, 6.447938500626882, 6.368201878643036, 6.304651849269867, 6.2274007559140525, 6.184216308943431, 6.108165325069428, 6.0298760882695515, 6.005940632120768, 5.990405494213104, 5.959786586793264, 5.916375592581431, 5.897213566907247, 5.85492282148997]
[2023-03-22 01:40:07] [INFO] trainError:[0.0552, 0.04518333333333333, 0.03625, 0.03496666666666667, 0.033166666666666664, 0.030016666666666667, 0.030516666666666668, 0.029833333333333333, 0.028133333333333333, 0.02723333333333333, 0.02905, 0.02896666666666667, 0.028333333333333332, 0.02505, 0.02485, 0.026366666666666667, 0.027566666666666666, 0.02405, 0.028066666666666667, 0.024716666666666668, 0.027183333333333334, 0.0253, 0.02395]
[2023-03-22 01:40:37] [INFO] testError:[0.0511, 0.0434, 0.0335, 0.0361, 0.0331, 0.0284, 0.0305, 0.0293, 0.0277, 0.026, 0.0252, 0.028, 0.0285, 0.0267, 0.0249, 0.0258, 0.0259, 0.0241, 0.0268, 0.026, 0.0279, 0.0248, 0.0252]
[2023-03-22 01:40:37] [INFO] epoch: 24 / 25
[2023-03-22 01:40:44] [INFO] 100/3750 lossAver:5.56489422082901
[2023-03-22 01:40:51] [INFO] 200/3750 lossAver:5.673148217201233
[2023-03-22 01:40:57] [INFO] 300/3750 lossAver:5.712444761594137
[2023-03-22 01:41:04] [INFO] 400/3750 lossAver:5.731807324886322
[2023-03-22 01:41:11] [INFO] 500/3750 lossAver:5.725603254318237
[2023-03-22 01:41:18] [INFO] 600/3750 lossAver:5.753088693618775
[2023-03-22 01:41:24] [INFO] 700/3750 lossAver:5.814619315011161
[2023-03-22 01:41:31] [INFO] 800/3750 lossAver:5.7590746948122975
[2023-03-22 01:41:38] [INFO] 900/3750 lossAver:5.7132758119371205
[2023-03-22 01:41:45] [INFO] 1000/3750 lossAver:5.690370029211044
[2023-03-22 01:41:52] [INFO] 1100/3750 lossAver:5.6898225651004095
[2023-03-22 01:41:58] [INFO] 1200/3750 lossAver:5.682911360363166
[2023-03-22 01:42:05] [INFO] 1300/3750 lossAver:5.681339969818409
[2023-03-22 01:42:12] [INFO] 1400/3750 lossAver:5.6714644547871185
[2023-03-22 01:42:19] [INFO] 1500/3750 lossAver:5.707854859987894
[2023-03-22 01:42:26] [INFO] 1600/3750 lossAver:5.739518316835165
[2023-03-22 01:42:33] [INFO] 1700/3750 lossAver:5.758598122316248
[2023-03-22 01:42:39] [INFO] 1800/3750 lossAver:5.7883230941825445
[2023-03-22 01:42:46] [INFO] 1900/3750 lossAver:5.7806307578086855
[2023-03-22 01:42:53] [INFO] 2000/3750 lossAver:5.786095800757408
[2023-03-22 01:42:59] [INFO] 2100/3750 lossAver:5.806604656832559
[2023-03-22 01:43:06] [INFO] 2200/3750 lossAver:5.802613571665503
[2023-03-22 01:43:13] [INFO] 2300/3750 lossAver:5.798393777868022
[2023-03-22 01:43:20] [INFO] 2400/3750 lossAver:5.808539288838705
[2023-03-22 01:43:26] [INFO] 2500/3750 lossAver:5.785829344749451
[2023-03-22 01:43:33] [INFO] 2600/3750 lossAver:5.816704961244876
[2023-03-22 01:43:40] [INFO] 2700/3750 lossAver:5.790704591495019
[2023-03-22 01:43:47] [INFO] 2800/3750 lossAver:5.791551121260438
[2023-03-22 01:43:54] [INFO] 2900/3750 lossAver:5.805019565738481
[2023-03-22 01:44:00] [INFO] 3000/3750 lossAver:5.819345395763715
[2023-03-22 01:44:07] [INFO] 3100/3750 lossAver:5.838154464267915
[2023-03-22 01:44:14] [INFO] 3200/3750 lossAver:5.813050745390355
[2023-03-22 01:44:21] [INFO] 3300/3750 lossAver:5.82221828529329
[2023-03-22 01:44:28] [INFO] 3400/3750 lossAver:5.838246340015355
[2023-03-22 01:44:35] [INFO] 3500/3750 lossAver:5.830772535562515
[2023-03-22 01:44:41] [INFO] 3600/3750 lossAver:5.826287965476513
[2023-03-22 01:44:48] [INFO] 3700/3750 lossAver:5.830451598779575
[2023-03-22 01:44:51] [INFO] lossList:[27.656259297180174, 10.413400837961833, 8.768999997711182, 7.902273196347554, 7.420335951296488, 7.143702358055115, 7.014098599433899, 6.814395852279663, 6.662699175580342, 6.59117138821284, 6.447938500626882, 6.368201878643036, 6.304651849269867, 6.2274007559140525, 6.184216308943431, 6.108165325069428, 6.0298760882695515, 6.005940632120768, 5.990405494213104, 5.959786586793264, 5.916375592581431, 5.897213566907247, 5.85492282148997, 5.832543912792206]
[2023-03-22 01:47:54] [INFO] trainError:[0.0552, 0.04518333333333333, 0.03625, 0.03496666666666667, 0.033166666666666664, 0.030016666666666667, 0.030516666666666668, 0.029833333333333333, 0.028133333333333333, 0.02723333333333333, 0.02905, 0.02896666666666667, 0.028333333333333332, 0.02505, 0.02485, 0.026366666666666667, 0.027566666666666666, 0.02405, 0.028066666666666667, 0.024716666666666668, 0.027183333333333334, 0.0253, 0.02395, 0.03128333333333334]
[2023-03-22 01:48:25] [INFO] testError:[0.0511, 0.0434, 0.0335, 0.0361, 0.0331, 0.0284, 0.0305, 0.0293, 0.0277, 0.026, 0.0252, 0.028, 0.0285, 0.0267, 0.0249, 0.0258, 0.0259, 0.0241, 0.0268, 0.026, 0.0279, 0.0248, 0.0252, 0.032]
[2023-03-22 01:48:25] [INFO] epoch: 25 / 25
[2023-03-22 01:48:31] [INFO] 100/3750 lossAver:5.717844729423523
[2023-03-22 01:48:38] [INFO] 200/3750 lossAver:5.645309756994248
[2023-03-22 01:48:45] [INFO] 300/3750 lossAver:5.702098019123078
[2023-03-22 01:48:51] [INFO] 400/3750 lossAver:5.747730885148048
[2023-03-22 01:48:58] [INFO] 500/3750 lossAver:5.817793852329254
[2023-03-22 01:49:05] [INFO] 600/3750 lossAver:5.841378716230392
[2023-03-22 01:49:12] [INFO] 700/3750 lossAver:5.870002242497035
[2023-03-22 01:49:18] [INFO] 800/3750 lossAver:5.846846014261246
[2023-03-22 01:49:25] [INFO] 900/3750 lossAver:5.8405301909976535
[2023-03-22 01:49:32] [INFO] 1000/3750 lossAver:5.834898993253708
[2023-03-22 01:49:38] [INFO] 1100/3750 lossAver:5.802049286365509
[2023-03-22 01:49:45] [INFO] 1200/3750 lossAver:5.784031127691269
[2023-03-22 01:49:52] [INFO] 1300/3750 lossAver:5.772429826259613
[2023-03-22 01:49:59] [INFO] 1400/3750 lossAver:5.780844972133637
[2023-03-22 01:50:06] [INFO] 1500/3750 lossAver:5.785354996045431
[2023-03-22 01:50:13] [INFO] 1600/3750 lossAver:5.7798748287558555
[2023-03-22 01:50:20] [INFO] 1700/3750 lossAver:5.805156148742227
[2023-03-22 01:50:27] [INFO] 1800/3750 lossAver:5.787211924526426
[2023-03-22 01:50:33] [INFO] 1900/3750 lossAver:5.767215337502329
[2023-03-22 01:50:40] [INFO] 2000/3750 lossAver:5.757093983769416
[2023-03-22 01:50:47] [INFO] 2100/3750 lossAver:5.740701736382076
[2023-03-22 01:50:54] [INFO] 2200/3750 lossAver:5.740937798998573
[2023-03-22 01:51:01] [INFO] 2300/3750 lossAver:5.739023603252742
[2023-03-22 01:51:08] [INFO] 2400/3750 lossAver:5.742975538372994
[2023-03-22 01:51:14] [INFO] 2500/3750 lossAver:5.745413298988343
[2023-03-22 01:51:21] [INFO] 2600/3750 lossAver:5.740113690541341
[2023-03-22 01:51:28] [INFO] 2700/3750 lossAver:5.752089921103583
[2023-03-22 01:51:35] [INFO] 2800/3750 lossAver:5.737214130333491
[2023-03-22 01:51:41] [INFO] 2900/3750 lossAver:5.738826739418095
[2023-03-22 01:51:48] [INFO] 3000/3750 lossAver:5.7364101392030715
[2023-03-22 01:51:55] [INFO] 3100/3750 lossAver:5.735196672908722
[2023-03-22 01:52:02] [INFO] 3200/3750 lossAver:5.729829432182014
[2023-03-22 01:52:09] [INFO] 3300/3750 lossAver:5.712057035294446
[2023-03-22 01:52:16] [INFO] 3400/3750 lossAver:5.717679194457391
[2023-03-22 01:52:22] [INFO] 3500/3750 lossAver:5.728193473679679
[2023-03-22 01:52:29] [INFO] 3600/3750 lossAver:5.739860450691647
[2023-03-22 01:52:36] [INFO] 3700/3750 lossAver:5.744584721810109
[2023-03-22 01:52:39] [INFO] lossList:[27.656259297180174, 10.413400837961833, 8.768999997711182, 7.902273196347554, 7.420335951296488, 7.143702358055115, 7.014098599433899, 6.814395852279663, 6.662699175580342, 6.59117138821284, 6.447938500626882, 6.368201878643036, 6.304651849269867, 6.2274007559140525, 6.184216308943431, 6.108165325069428, 6.0298760882695515, 6.005940632120768, 5.990405494213104, 5.959786586793264, 5.916375592581431, 5.897213566907247, 5.85492282148997, 5.832543912792206, 5.7564203048706055]
[2023-03-22 01:55:43] [INFO] trainError:[0.0552, 0.04518333333333333, 0.03625, 0.03496666666666667, 0.033166666666666664, 0.030016666666666667, 0.030516666666666668, 0.029833333333333333, 0.028133333333333333, 0.02723333333333333, 0.02905, 0.02896666666666667, 0.028333333333333332, 0.02505, 0.02485, 0.026366666666666667, 0.027566666666666666, 0.02405, 0.028066666666666667, 0.024716666666666668, 0.027183333333333334, 0.0253, 0.02395, 0.03128333333333334, 0.03345]
[2023-03-22 01:56:13] [INFO] testError:[0.0511, 0.0434, 0.0335, 0.0361, 0.0331, 0.0284, 0.0305, 0.0293, 0.0277, 0.026, 0.0252, 0.028, 0.0285, 0.0267, 0.0249, 0.0258, 0.0259, 0.0241, 0.0268, 0.026, 0.0279, 0.0248, 0.0252, 0.032, 0.0333]
