nohup: ignoring input
[2023-03-21 22:34:07] [INFO] epoch: 01 / 25
[2023-03-21 22:34:16] [INFO] 100/1875 lossAver:59.58460182189941
[2023-03-21 22:34:23] [INFO] 200/1875 lossAver:58.072491550445555
[2023-03-21 22:34:31] [INFO] 300/1875 lossAver:57.5830699412028
[2023-03-21 22:34:39] [INFO] 400/1875 lossAver:57.38269847869873
[2023-03-21 22:34:47] [INFO] 500/1875 lossAver:57.27574877166748
[2023-03-21 22:34:54] [INFO] 600/1875 lossAver:57.16727481206258
[2023-03-21 22:35:02] [INFO] 700/1875 lossAver:57.158414780753
[2023-03-21 22:35:11] [INFO] 800/1875 lossAver:57.135816459655764
[2023-03-21 22:35:18] [INFO] 900/1875 lossAver:57.053079749213325
[2023-03-21 22:35:26] [INFO] 1000/1875 lossAver:56.985748931884764
[2023-03-21 22:35:34] [INFO] 1100/1875 lossAver:56.97669796336781
[2023-03-21 22:35:42] [INFO] 1200/1875 lossAver:56.95143807729085
[2023-03-21 22:35:50] [INFO] 1300/1875 lossAver:56.95867945744441
[2023-03-21 22:35:58] [INFO] 1400/1875 lossAver:56.92624965940203
[2023-03-21 22:36:06] [INFO] 1500/1875 lossAver:56.90893756866455
[2023-03-21 22:36:13] [INFO] 1600/1875 lossAver:56.85807903289795
[2023-03-21 22:36:21] [INFO] 1700/1875 lossAver:56.190767974853514
[2023-03-21 22:36:29] [INFO] 1800/1875 lossAver:54.887513367335
[2023-03-21 22:36:35] [INFO] lossList:[53.778311251831056]
[2023-03-21 22:38:16] [INFO] trainError:[0.26263333333333333]
[2023-03-21 22:38:33] [INFO] testError:[0.2565894568690096]
[2023-03-21 22:38:33] [INFO] epoch: 02 / 25
[2023-03-21 22:38:41] [INFO] 100/1875 lossAver:23.945741662979128
[2023-03-21 22:38:49] [INFO] 200/1875 lossAver:21.87299910545349
[2023-03-21 22:38:56] [INFO] 300/1875 lossAver:20.652667360305784
[2023-03-21 22:39:04] [INFO] 400/1875 lossAver:19.58326266527176
[2023-03-21 22:39:12] [INFO] 500/1875 lossAver:18.639809684753416
[2023-03-21 22:39:20] [INFO] 600/1875 lossAver:18.02209252198537
[2023-03-21 22:39:27] [INFO] 700/1875 lossAver:17.392118136542184
[2023-03-21 22:39:35] [INFO] 800/1875 lossAver:16.86695617258549
[2023-03-21 22:39:43] [INFO] 900/1875 lossAver:16.40685537762112
[2023-03-21 22:39:51] [INFO] 1000/1875 lossAver:15.99841273355484
[2023-03-21 22:39:58] [INFO] 1100/1875 lossAver:15.652856365984137
[2023-03-21 22:40:06] [INFO] 1200/1875 lossAver:15.313442284266154
[2023-03-21 22:40:14] [INFO] 1300/1875 lossAver:15.026706120417668
[2023-03-21 22:40:22] [INFO] 1400/1875 lossAver:14.796848835945129
[2023-03-21 22:40:29] [INFO] 1500/1875 lossAver:14.585413038571676
[2023-03-21 22:40:37] [INFO] 1600/1875 lossAver:14.396226457953453
[2023-03-21 22:40:45] [INFO] 1700/1875 lossAver:14.158645077873679
[2023-03-21 22:40:53] [INFO] 1800/1875 lossAver:13.949476441012488
[2023-03-21 22:40:59] [INFO] lossList:[53.778311251831056, 13.838424242655437]
[2023-03-21 22:42:43] [INFO] trainError:[0.26263333333333333, 0.06838333333333334]
[2023-03-21 22:43:00] [INFO] testError:[0.2565894568690096, 0.06549520766773163]
[2023-03-21 22:43:00] [INFO] epoch: 03 / 25
[2023-03-21 22:43:08] [INFO] 100/1875 lossAver:10.552264952659607
[2023-03-21 22:43:16] [INFO] 200/1875 lossAver:10.566008512973786
[2023-03-21 22:43:24] [INFO] 300/1875 lossAver:10.55628947575887
[2023-03-21 22:43:32] [INFO] 400/1875 lossAver:10.50477599143982
[2023-03-21 22:43:39] [INFO] 500/1875 lossAver:10.42483652305603
[2023-03-21 22:43:47] [INFO] 600/1875 lossAver:10.374057670434317
[2023-03-21 22:43:55] [INFO] 700/1875 lossAver:10.325599679265704
[2023-03-21 22:44:03] [INFO] 800/1875 lossAver:10.305006030797959
[2023-03-21 22:44:10] [INFO] 900/1875 lossAver:10.287704055044387
[2023-03-21 22:44:18] [INFO] 1000/1875 lossAver:10.254996690273284
[2023-03-21 22:44:26] [INFO] 1100/1875 lossAver:10.199393021410161
[2023-03-21 22:44:34] [INFO] 1200/1875 lossAver:10.167794916232427
[2023-03-21 22:44:42] [INFO] 1300/1875 lossAver:10.094358783501844
[2023-03-21 22:44:50] [INFO] 1400/1875 lossAver:10.041149377482277
[2023-03-21 22:44:58] [INFO] 1500/1875 lossAver:10.027261081377665
[2023-03-21 22:45:06] [INFO] 1600/1875 lossAver:10.003937197327614
[2023-03-21 22:45:14] [INFO] 1700/1875 lossAver:9.966074582829195
[2023-03-21 22:45:21] [INFO] 1800/1875 lossAver:9.917860575252108
[2023-03-21 22:45:27] [INFO] lossList:[53.778311251831056, 13.838424242655437, 9.918340906016033]
[2023-03-21 22:47:09] [INFO] trainError:[0.26263333333333333, 0.06838333333333334, 0.043116666666666664]
[2023-03-21 22:47:25] [INFO] testError:[0.2565894568690096, 0.06549520766773163, 0.040135782747603835]
[2023-03-21 22:47:25] [INFO] epoch: 04 / 25
[2023-03-21 22:47:32] [INFO] 100/1875 lossAver:9.452810106277466
[2023-03-21 22:47:40] [INFO] 200/1875 lossAver:9.313974533081055
[2023-03-21 22:47:48] [INFO] 300/1875 lossAver:9.242073993682862
[2023-03-21 22:47:56] [INFO] 400/1875 lossAver:9.111928025484085
[2023-03-21 22:48:04] [INFO] 500/1875 lossAver:9.0410428314209
[2023-03-21 22:48:11] [INFO] 600/1875 lossAver:9.048656651178996
[2023-03-21 22:48:20] [INFO] 700/1875 lossAver:9.038389728409904
[2023-03-21 22:48:27] [INFO] 800/1875 lossAver:9.032009836137295
[2023-03-21 22:48:35] [INFO] 900/1875 lossAver:8.964128318097856
[2023-03-21 22:48:42] [INFO] 1000/1875 lossAver:8.942933272123337
[2023-03-21 22:48:50] [INFO] 1100/1875 lossAver:8.954515919902107
[2023-03-21 22:48:58] [INFO] 1200/1875 lossAver:8.96286777039369
[2023-03-21 22:49:06] [INFO] 1300/1875 lossAver:8.980499327549568
[2023-03-21 22:49:14] [INFO] 1400/1875 lossAver:8.959765239613397
[2023-03-21 22:49:21] [INFO] 1500/1875 lossAver:8.921524610042573
[2023-03-21 22:49:30] [INFO] 1600/1875 lossAver:8.88935143634677
[2023-03-21 22:49:38] [INFO] 1700/1875 lossAver:8.841889797519235
[2023-03-21 22:49:46] [INFO] 1800/1875 lossAver:8.831156615018845
[2023-03-21 22:49:52] [INFO] lossList:[53.778311251831056, 13.838424242655437, 9.918340906016033, 8.812748334503175]
[2023-03-21 22:51:37] [INFO] trainError:[0.26263333333333333, 0.06838333333333334, 0.043116666666666664, 0.038566666666666666]
[2023-03-21 22:51:54] [INFO] testError:[0.2565894568690096, 0.06549520766773163, 0.040135782747603835, 0.037539936102236424]
[2023-03-21 22:51:54] [INFO] epoch: 05 / 25
[2023-03-21 22:52:02] [INFO] 100/1875 lossAver:8.287446112632752
[2023-03-21 22:52:10] [INFO] 200/1875 lossAver:8.32829598903656
[2023-03-21 22:52:18] [INFO] 300/1875 lossAver:8.240164489746094
[2023-03-21 22:52:26] [INFO] 400/1875 lossAver:8.286251266002655
[2023-03-21 22:52:34] [INFO] 500/1875 lossAver:8.281437514305114
[2023-03-21 22:52:42] [INFO] 600/1875 lossAver:8.34137575785319
[2023-03-21 22:52:50] [INFO] 700/1875 lossAver:8.339193515777588
[2023-03-21 22:52:58] [INFO] 800/1875 lossAver:8.33309162735939
[2023-03-21 22:53:06] [INFO] 900/1875 lossAver:8.29150148232778
[2023-03-21 22:53:15] [INFO] 1000/1875 lossAver:8.2670874376297
[2023-03-21 22:53:23] [INFO] 1100/1875 lossAver:8.241792961467397
[2023-03-21 22:53:32] [INFO] 1200/1875 lossAver:8.23861769080162
[2023-03-21 22:53:40] [INFO] 1300/1875 lossAver:8.228085392805246
[2023-03-21 22:53:49] [INFO] 1400/1875 lossAver:8.195113746949605
[2023-03-21 22:53:57] [INFO] 1500/1875 lossAver:8.179415076414744
[2023-03-21 22:54:06] [INFO] 1600/1875 lossAver:8.151727291494607
[2023-03-21 22:54:14] [INFO] 1700/1875 lossAver:8.13860350819195
[2023-03-21 22:54:22] [INFO] 1800/1875 lossAver:8.119479038053088
[2023-03-21 22:54:29] [INFO] lossList:[53.778311251831056, 13.838424242655437, 9.918340906016033, 8.812748334503175, 8.110709964879353]
[2023-03-21 22:56:18] [INFO] trainError:[0.26263333333333333, 0.06838333333333334, 0.043116666666666664, 0.038566666666666666, 0.0347]
[2023-03-21 22:56:37] [INFO] testError:[0.2565894568690096, 0.06549520766773163, 0.040135782747603835, 0.037539936102236424, 0.03304712460063898]
[2023-03-21 22:56:37] [INFO] epoch: 06 / 25
[2023-03-21 22:56:46] [INFO] 100/1875 lossAver:7.9113999938964845
[2023-03-21 22:56:54] [INFO] 200/1875 lossAver:7.9788798594474795
[2023-03-21 22:57:02] [INFO] 300/1875 lossAver:8.010978778203329
[2023-03-21 22:57:11] [INFO] 400/1875 lossAver:8.002987997531891
[2023-03-21 22:57:19] [INFO] 500/1875 lossAver:7.924238118171692
[2023-03-21 22:57:28] [INFO] 600/1875 lossAver:7.907139616807302
[2023-03-21 22:57:36] [INFO] 700/1875 lossAver:7.894635960715157
[2023-03-21 22:57:44] [INFO] 800/1875 lossAver:7.905539821982384
[2023-03-21 22:57:52] [INFO] 900/1875 lossAver:7.8966035355461965
[2023-03-21 22:58:01] [INFO] 1000/1875 lossAver:7.827665039777756
[2023-03-21 22:58:09] [INFO] 1100/1875 lossAver:7.807892529097471
[2023-03-21 22:58:17] [INFO] 1200/1875 lossAver:7.826339041193326
[2023-03-21 22:58:26] [INFO] 1300/1875 lossAver:7.820972170096177
[2023-03-21 22:58:34] [INFO] 1400/1875 lossAver:7.835924599681582
[2023-03-21 22:58:44] [INFO] 1500/1875 lossAver:7.823007465839386
[2023-03-21 22:58:52] [INFO] 1600/1875 lossAver:7.816387278437614
[2023-03-21 22:59:00] [INFO] 1700/1875 lossAver:7.794262687178219
[2023-03-21 22:59:09] [INFO] 1800/1875 lossAver:7.805688971148597
[2023-03-21 22:59:15] [INFO] lossList:[53.778311251831056, 13.838424242655437, 9.918340906016033, 8.812748334503175, 8.110709964879353, 7.803583552424113]
[2023-03-21 23:01:06] [INFO] trainError:[0.26263333333333333, 0.06838333333333334, 0.043116666666666664, 0.038566666666666666, 0.0347, 0.035366666666666664]
[2023-03-21 23:01:25] [INFO] testError:[0.2565894568690096, 0.06549520766773163, 0.040135782747603835, 0.037539936102236424, 0.03304712460063898, 0.0347444089456869]
[2023-03-21 23:01:25] [INFO] epoch: 07 / 25
[2023-03-21 23:01:33] [INFO] 100/1875 lossAver:7.705655145645141
[2023-03-21 23:01:41] [INFO] 200/1875 lossAver:7.811928609609604
[2023-03-21 23:01:50] [INFO] 300/1875 lossAver:7.808331290880839
[2023-03-21 23:01:59] [INFO] 400/1875 lossAver:7.757362704277039
[2023-03-21 23:02:08] [INFO] 500/1875 lossAver:7.691390709877014
[2023-03-21 23:02:17] [INFO] 600/1875 lossAver:7.668023689587911
[2023-03-21 23:02:25] [INFO] 700/1875 lossAver:7.690345775059291
[2023-03-21 23:02:33] [INFO] 800/1875 lossAver:7.6332418963313104
[2023-03-21 23:02:42] [INFO] 900/1875 lossAver:7.655706149472131
[2023-03-21 23:02:51] [INFO] 1000/1875 lossAver:7.614578296661377
[2023-03-21 23:02:59] [INFO] 1100/1875 lossAver:7.599942337166179
[2023-03-21 23:03:07] [INFO] 1200/1875 lossAver:7.575834057728449
[2023-03-21 23:03:16] [INFO] 1300/1875 lossAver:7.584677157768836
[2023-03-21 23:03:24] [INFO] 1400/1875 lossAver:7.575838462625231
[2023-03-21 23:03:32] [INFO] 1500/1875 lossAver:7.582673123041789
[2023-03-21 23:03:40] [INFO] 1600/1875 lossAver:7.59417240023613
[2023-03-21 23:03:48] [INFO] 1700/1875 lossAver:7.558994501338286
[2023-03-21 23:03:56] [INFO] 1800/1875 lossAver:7.552293625672658
[2023-03-21 23:04:03] [INFO] lossList:[53.778311251831056, 13.838424242655437, 9.918340906016033, 8.812748334503175, 8.110709964879353, 7.803583552424113, 7.547239594777425]
[2023-03-21 23:05:54] [INFO] trainError:[0.26263333333333333, 0.06838333333333334, 0.043116666666666664, 0.038566666666666666, 0.0347, 0.035366666666666664, 0.03145]
[2023-03-21 23:06:12] [INFO] testError:[0.2565894568690096, 0.06549520766773163, 0.040135782747603835, 0.037539936102236424, 0.03304712460063898, 0.0347444089456869, 0.032348242811501594]
[2023-03-21 23:06:12] [INFO] epoch: 08 / 25
[2023-03-21 23:06:19] [INFO] 100/1875 lossAver:7.303284578323364
[2023-03-21 23:06:28] [INFO] 200/1875 lossAver:7.3946561896800995
[2023-03-21 23:06:37] [INFO] 300/1875 lossAver:7.408997841676077
[2023-03-21 23:06:44] [INFO] 400/1875 lossAver:7.431954617500305
[2023-03-21 23:06:53] [INFO] 500/1875 lossAver:7.379223482131958
[2023-03-21 23:07:01] [INFO] 600/1875 lossAver:7.374185264905294
[2023-03-21 23:07:10] [INFO] 700/1875 lossAver:7.334898102283478
[2023-03-21 23:07:18] [INFO] 800/1875 lossAver:7.301623866260051
[2023-03-21 23:07:27] [INFO] 900/1875 lossAver:7.2872055088149175
[2023-03-21 23:07:36] [INFO] 1000/1875 lossAver:7.322944088220597
[2023-03-21 23:07:44] [INFO] 1100/1875 lossAver:7.332829243486578
[2023-03-21 23:07:53] [INFO] 1200/1875 lossAver:7.351536471446355
[2023-03-21 23:08:01] [INFO] 1300/1875 lossAver:7.337187750889705
[2023-03-21 23:08:10] [INFO] 1400/1875 lossAver:7.323748149190631
[2023-03-21 23:08:18] [INFO] 1500/1875 lossAver:7.326598741690318
[2023-03-21 23:08:26] [INFO] 1600/1875 lossAver:7.3161142911016945
[2023-03-21 23:08:35] [INFO] 1700/1875 lossAver:7.3146953612215375
[2023-03-21 23:08:43] [INFO] 1800/1875 lossAver:7.308524699873394
[2023-03-21 23:08:50] [INFO] lossList:[53.778311251831056, 13.838424242655437, 9.918340906016033, 8.812748334503175, 8.110709964879353, 7.803583552424113, 7.547239594777425, 7.310970967102051]
[2023-03-21 23:10:43] [INFO] trainError:[0.26263333333333333, 0.06838333333333334, 0.043116666666666664, 0.038566666666666666, 0.0347, 0.035366666666666664, 0.03145, 0.0311]
[2023-03-21 23:11:02] [INFO] testError:[0.2565894568690096, 0.06549520766773163, 0.040135782747603835, 0.037539936102236424, 0.03304712460063898, 0.0347444089456869, 0.032348242811501594, 0.03224840255591054]
[2023-03-21 23:11:02] [INFO] epoch: 09 / 25
[2023-03-21 23:11:11] [INFO] 100/1875 lossAver:7.221848547458649
[2023-03-21 23:11:19] [INFO] 200/1875 lossAver:7.139273853302002
[2023-03-21 23:11:28] [INFO] 300/1875 lossAver:7.091557958920797
[2023-03-21 23:11:36] [INFO] 400/1875 lossAver:7.110797435641289
[2023-03-21 23:11:45] [INFO] 500/1875 lossAver:7.183425085067749
[2023-03-21 23:11:53] [INFO] 600/1875 lossAver:7.117907464901606
[2023-03-21 23:12:01] [INFO] 700/1875 lossAver:7.138113768781935
[2023-03-21 23:12:10] [INFO] 800/1875 lossAver:7.148343545794487
[2023-03-21 23:12:17] [INFO] 900/1875 lossAver:7.129432843526204
[2023-03-21 23:12:26] [INFO] 1000/1875 lossAver:7.140814304590225
[2023-03-21 23:12:33] [INFO] 1100/1875 lossAver:7.116831997741352
[2023-03-21 23:12:42] [INFO] 1200/1875 lossAver:7.104697574774424
[2023-03-21 23:12:50] [INFO] 1300/1875 lossAver:7.090353087645311
[2023-03-21 23:12:59] [INFO] 1400/1875 lossAver:7.098265949998583
[2023-03-21 23:13:07] [INFO] 1500/1875 lossAver:7.082008361180623
[2023-03-21 23:13:15] [INFO] 1600/1875 lossAver:7.069327652603388
[2023-03-21 23:13:23] [INFO] 1700/1875 lossAver:7.0511667550311365
[2023-03-21 23:13:31] [INFO] 1800/1875 lossAver:7.045071083042357
[2023-03-21 23:13:38] [INFO] lossList:[53.778311251831056, 13.838424242655437, 9.918340906016033, 8.812748334503175, 8.110709964879353, 7.803583552424113, 7.547239594777425, 7.310970967102051, 7.037818195851644]
[2023-03-21 23:15:29] [INFO] trainError:[0.26263333333333333, 0.06838333333333334, 0.043116666666666664, 0.038566666666666666, 0.0347, 0.035366666666666664, 0.03145, 0.0311, 0.03178333333333333]
[2023-03-21 23:15:47] [INFO] testError:[0.2565894568690096, 0.06549520766773163, 0.040135782747603835, 0.037539936102236424, 0.03304712460063898, 0.0347444089456869, 0.032348242811501594, 0.03224840255591054, 0.030650958466453673]
[2023-03-21 23:15:47] [INFO] epoch: 10 / 25
[2023-03-21 23:15:56] [INFO] 100/1875 lossAver:6.659264523983001
[2023-03-21 23:16:04] [INFO] 200/1875 lossAver:6.845944067239762
[2023-03-21 23:16:13] [INFO] 300/1875 lossAver:6.844100557168325
[2023-03-21 23:16:21] [INFO] 400/1875 lossAver:6.874628692865372
[2023-03-21 23:16:29] [INFO] 500/1875 lossAver:6.921377798080444
[2023-03-21 23:16:38] [INFO] 600/1875 lossAver:6.927805227041245
[2023-03-21 23:16:46] [INFO] 700/1875 lossAver:6.938181225231715
[2023-03-21 23:16:55] [INFO] 800/1875 lossAver:6.94659620732069
[2023-03-21 23:17:03] [INFO] 900/1875 lossAver:6.892549648549822
[2023-03-21 23:17:11] [INFO] 1000/1875 lossAver:6.88103965306282
[2023-03-21 23:17:20] [INFO] 1100/1875 lossAver:6.890625123977661
[2023-03-21 23:17:28] [INFO] 1200/1875 lossAver:6.872996275822322
[2023-03-21 23:17:37] [INFO] 1300/1875 lossAver:6.883140547642341
[2023-03-21 23:17:45] [INFO] 1400/1875 lossAver:6.874107242652348
[2023-03-21 23:17:53] [INFO] 1500/1875 lossAver:6.866575210253398
[2023-03-21 23:18:02] [INFO] 1600/1875 lossAver:6.874946646988392
[2023-03-21 23:18:10] [INFO] 1700/1875 lossAver:6.896142382762012
[2023-03-21 23:18:18] [INFO] 1800/1875 lossAver:6.887717136806912
[2023-03-21 23:18:24] [INFO] lossList:[53.778311251831056, 13.838424242655437, 9.918340906016033, 8.812748334503175, 8.110709964879353, 7.803583552424113, 7.547239594777425, 7.310970967102051, 7.037818195851644, 6.872408166122437]
[2023-03-21 23:20:15] [INFO] trainError:[0.26263333333333333, 0.06838333333333334, 0.043116666666666664, 0.038566666666666666, 0.0347, 0.035366666666666664, 0.03145, 0.0311, 0.03178333333333333, 0.02765]
[2023-03-21 23:20:32] [INFO] testError:[0.2565894568690096, 0.06549520766773163, 0.040135782747603835, 0.037539936102236424, 0.03304712460063898, 0.0347444089456869, 0.032348242811501594, 0.03224840255591054, 0.030650958466453673, 0.025758785942492014]
[2023-03-21 23:20:32] [INFO] epoch: 11 / 25
[2023-03-21 23:20:39] [INFO] 100/1875 lossAver:6.559860846996307
[2023-03-21 23:20:47] [INFO] 200/1875 lossAver:6.41775839805603
[2023-03-21 23:20:54] [INFO] 300/1875 lossAver:6.596221303939819
[2023-03-21 23:21:01] [INFO] 400/1875 lossAver:6.805759226083755
[2023-03-21 23:21:09] [INFO] 500/1875 lossAver:6.83193829536438
[2023-03-21 23:21:16] [INFO] 600/1875 lossAver:6.768127621809642
[2023-03-21 23:21:23] [INFO] 700/1875 lossAver:6.813586584159306
[2023-03-21 23:21:31] [INFO] 800/1875 lossAver:6.764493606388569
[2023-03-21 23:21:39] [INFO] 900/1875 lossAver:6.728127709759606
[2023-03-21 23:21:46] [INFO] 1000/1875 lossAver:6.7267641820907595
[2023-03-21 23:21:54] [INFO] 1100/1875 lossAver:6.702452049472115
[2023-03-21 23:22:01] [INFO] 1200/1875 lossAver:6.719868945876757
[2023-03-21 23:22:09] [INFO] 1300/1875 lossAver:6.715479767689338
[2023-03-21 23:22:16] [INFO] 1400/1875 lossAver:6.718425404514585
[2023-03-21 23:22:24] [INFO] 1500/1875 lossAver:6.717510247707367
[2023-03-21 23:22:31] [INFO] 1600/1875 lossAver:6.7116817143559455
[2023-03-21 23:22:39] [INFO] 1700/1875 lossAver:6.699852845107808
[2023-03-21 23:22:47] [INFO] 1800/1875 lossAver:6.70787066605356
[2023-03-21 23:22:52] [INFO] lossList:[53.778311251831056, 13.838424242655437, 9.918340906016033, 8.812748334503175, 8.110709964879353, 7.803583552424113, 7.547239594777425, 7.310970967102051, 7.037818195851644, 6.872408166122437, 6.709885950469971]
[2023-03-21 23:24:31] [INFO] trainError:[0.26263333333333333, 0.06838333333333334, 0.043116666666666664, 0.038566666666666666, 0.0347, 0.035366666666666664, 0.03145, 0.0311, 0.03178333333333333, 0.02765, 0.026716666666666666]
[2023-03-21 23:24:49] [INFO] testError:[0.2565894568690096, 0.06549520766773163, 0.040135782747603835, 0.037539936102236424, 0.03304712460063898, 0.0347444089456869, 0.032348242811501594, 0.03224840255591054, 0.030650958466453673, 0.025758785942492014, 0.02615814696485623]
[2023-03-21 23:24:49] [INFO] epoch: 12 / 25
[2023-03-21 23:24:56] [INFO] 100/1875 lossAver:6.754467236995697
[2023-03-21 23:25:04] [INFO] 200/1875 lossAver:6.466565973758698
[2023-03-21 23:25:12] [INFO] 300/1875 lossAver:6.438730240662893
[2023-03-21 23:25:19] [INFO] 400/1875 lossAver:6.439679642319679
[2023-03-21 23:25:27] [INFO] 500/1875 lossAver:6.485485864162445
[2023-03-21 23:25:34] [INFO] 600/1875 lossAver:6.580085874001185
[2023-03-21 23:25:42] [INFO] 700/1875 lossAver:6.587324803556715
[2023-03-21 23:25:49] [INFO] 800/1875 lossAver:6.602525408267975
[2023-03-21 23:25:57] [INFO] 900/1875 lossAver:6.601971685886383
[2023-03-21 23:26:04] [INFO] 1000/1875 lossAver:6.617005225896835
[2023-03-21 23:26:12] [INFO] 1100/1875 lossAver:6.614422385692596
[2023-03-21 23:26:19] [INFO] 1200/1875 lossAver:6.631413548588752
[2023-03-21 23:26:27] [INFO] 1300/1875 lossAver:6.627836168545943
[2023-03-21 23:26:34] [INFO] 1400/1875 lossAver:6.624438875743321
[2023-03-21 23:26:42] [INFO] 1500/1875 lossAver:6.635768525282542
[2023-03-21 23:26:50] [INFO] 1600/1875 lossAver:6.628427227586508
[2023-03-21 23:26:58] [INFO] 1700/1875 lossAver:6.63049142108244
[2023-03-21 23:27:05] [INFO] 1800/1875 lossAver:6.634794021050135
[2023-03-21 23:27:11] [INFO] lossList:[53.778311251831056, 13.838424242655437, 9.918340906016033, 8.812748334503175, 8.110709964879353, 7.803583552424113, 7.547239594777425, 7.310970967102051, 7.037818195851644, 6.872408166122437, 6.709885950469971, 6.6251658364613855]
[2023-03-21 23:28:52] [INFO] trainError:[0.26263333333333333, 0.06838333333333334, 0.043116666666666664, 0.038566666666666666, 0.0347, 0.035366666666666664, 0.03145, 0.0311, 0.03178333333333333, 0.02765, 0.026716666666666666, 0.02675]
[2023-03-21 23:29:09] [INFO] testError:[0.2565894568690096, 0.06549520766773163, 0.040135782747603835, 0.037539936102236424, 0.03304712460063898, 0.0347444089456869, 0.032348242811501594, 0.03224840255591054, 0.030650958466453673, 0.025758785942492014, 0.02615814696485623, 0.025559105431309903]
[2023-03-21 23:29:09] [INFO] epoch: 13 / 25
[2023-03-21 23:29:17] [INFO] 100/1875 lossAver:6.643021183013916
[2023-03-21 23:29:24] [INFO] 200/1875 lossAver:6.600363692045212
[2023-03-21 23:29:32] [INFO] 300/1875 lossAver:6.585892364184062
[2023-03-21 23:29:40] [INFO] 400/1875 lossAver:6.529755557179451
[2023-03-21 23:29:47] [INFO] 500/1875 lossAver:6.481442222118377
[2023-03-21 23:29:55] [INFO] 600/1875 lossAver:6.524157484372457
[2023-03-21 23:30:02] [INFO] 700/1875 lossAver:6.518358569485801
[2023-03-21 23:30:10] [INFO] 800/1875 lossAver:6.512533986866474
[2023-03-21 23:30:18] [INFO] 900/1875 lossAver:6.5168118725882636
[2023-03-21 23:30:25] [INFO] 1000/1875 lossAver:6.4979592123031615
[2023-03-21 23:30:33] [INFO] 1100/1875 lossAver:6.514102759578011
[2023-03-21 23:30:40] [INFO] 1200/1875 lossAver:6.518164014021556
[2023-03-21 23:30:47] [INFO] 1300/1875 lossAver:6.511241738062639
[2023-03-21 23:30:55] [INFO] 1400/1875 lossAver:6.516488311120442
[2023-03-21 23:31:02] [INFO] 1500/1875 lossAver:6.520558449268341
[2023-03-21 23:31:10] [INFO] 1600/1875 lossAver:6.527905172407627
[2023-03-21 23:31:17] [INFO] 1700/1875 lossAver:6.518514860517838
[2023-03-21 23:31:25] [INFO] 1800/1875 lossAver:6.508386883868112
[2023-03-21 23:31:31] [INFO] lossList:[53.778311251831056, 13.838424242655437, 9.918340906016033, 8.812748334503175, 8.110709964879353, 7.803583552424113, 7.547239594777425, 7.310970967102051, 7.037818195851644, 6.872408166122437, 6.709885950469971, 6.6251658364613855, 6.498908679962158]
[2023-03-21 23:33:11] [INFO] trainError:[0.26263333333333333, 0.06838333333333334, 0.043116666666666664, 0.038566666666666666, 0.0347, 0.035366666666666664, 0.03145, 0.0311, 0.03178333333333333, 0.02765, 0.026716666666666666, 0.02675, 0.02666666666666667]
[2023-03-21 23:33:28] [INFO] testError:[0.2565894568690096, 0.06549520766773163, 0.040135782747603835, 0.037539936102236424, 0.03304712460063898, 0.0347444089456869, 0.032348242811501594, 0.03224840255591054, 0.030650958466453673, 0.025758785942492014, 0.02615814696485623, 0.025559105431309903, 0.024660543130990416]
[2023-03-21 23:33:28] [INFO] epoch: 14 / 25
[2023-03-21 23:33:35] [INFO] 100/1875 lossAver:6.166930820941925
[2023-03-21 23:33:43] [INFO] 200/1875 lossAver:6.312680854797363
[2023-03-21 23:33:50] [INFO] 300/1875 lossAver:6.523781955242157
[2023-03-21 23:33:58] [INFO] 400/1875 lossAver:6.496449105739593
[2023-03-21 23:34:06] [INFO] 500/1875 lossAver:6.495820604801178
[2023-03-21 23:34:14] [INFO] 600/1875 lossAver:6.477272070646286
[2023-03-21 23:34:21] [INFO] 700/1875 lossAver:6.4601871858324325
[2023-03-21 23:34:29] [INFO] 800/1875 lossAver:6.443068238198757
[2023-03-21 23:34:37] [INFO] 900/1875 lossAver:6.390854936970605
[2023-03-21 23:34:45] [INFO] 1000/1875 lossAver:6.408942851066589
[2023-03-21 23:34:52] [INFO] 1100/1875 lossAver:6.4231745672225955
[2023-03-21 23:35:00] [INFO] 1200/1875 lossAver:6.3949213387568795
[2023-03-21 23:35:08] [INFO] 1300/1875 lossAver:6.41769838975026
[2023-03-21 23:35:15] [INFO] 1400/1875 lossAver:6.408979941606521
[2023-03-21 23:35:23] [INFO] 1500/1875 lossAver:6.416805344104767
[2023-03-21 23:35:30] [INFO] 1600/1875 lossAver:6.424827799201012
[2023-03-21 23:35:38] [INFO] 1700/1875 lossAver:6.405498337465174
[2023-03-21 23:35:46] [INFO] 1800/1875 lossAver:6.408961891200807
[2023-03-21 23:35:51] [INFO] lossList:[53.778311251831056, 13.838424242655437, 9.918340906016033, 8.812748334503175, 8.110709964879353, 7.803583552424113, 7.547239594777425, 7.310970967102051, 7.037818195851644, 6.872408166122437, 6.709885950469971, 6.6251658364613855, 6.498908679962158, 6.422260222880046]
[2023-03-21 23:37:34] [INFO] trainError:[0.26263333333333333, 0.06838333333333334, 0.043116666666666664, 0.038566666666666666, 0.0347, 0.035366666666666664, 0.03145, 0.0311, 0.03178333333333333, 0.02765, 0.026716666666666666, 0.02675, 0.02666666666666667, 0.025316666666666668]
[2023-03-21 23:37:51] [INFO] testError:[0.2565894568690096, 0.06549520766773163, 0.040135782747603835, 0.037539936102236424, 0.03304712460063898, 0.0347444089456869, 0.032348242811501594, 0.03224840255591054, 0.030650958466453673, 0.025758785942492014, 0.02615814696485623, 0.025559105431309903, 0.024660543130990416, 0.023262779552715655]
[2023-03-21 23:37:51] [INFO] epoch: 15 / 25
[2023-03-21 23:37:58] [INFO] 100/1875 lossAver:6.537311494350433
[2023-03-21 23:38:06] [INFO] 200/1875 lossAver:6.215753010511398
[2023-03-21 23:38:13] [INFO] 300/1875 lossAver:6.245553738276164
[2023-03-21 23:38:20] [INFO] 400/1875 lossAver:6.236424539089203
[2023-03-21 23:38:28] [INFO] 500/1875 lossAver:6.268656922817231
[2023-03-21 23:38:35] [INFO] 600/1875 lossAver:6.258341151873271
[2023-03-21 23:38:43] [INFO] 700/1875 lossAver:6.293298614025116
[2023-03-21 23:38:50] [INFO] 800/1875 lossAver:6.293842717409134
[2023-03-21 23:38:58] [INFO] 900/1875 lossAver:6.298091388013628
[2023-03-21 23:39:05] [INFO] 1000/1875 lossAver:6.260449480772018
[2023-03-21 23:39:13] [INFO] 1100/1875 lossAver:6.271463448134336
[2023-03-21 23:39:20] [INFO] 1200/1875 lossAver:6.280072849790256
[2023-03-21 23:39:28] [INFO] 1300/1875 lossAver:6.297855545007265
[2023-03-21 23:39:36] [INFO] 1400/1875 lossAver:6.301909566947392
[2023-03-21 23:39:43] [INFO] 1500/1875 lossAver:6.303958957036336
[2023-03-21 23:39:51] [INFO] 1600/1875 lossAver:6.323507139980793
[2023-03-21 23:39:58] [INFO] 1700/1875 lossAver:6.328763311610502
[2023-03-21 23:40:06] [INFO] 1800/1875 lossAver:6.320957275231679
[2023-03-21 23:40:12] [INFO] lossList:[53.778311251831056, 13.838424242655437, 9.918340906016033, 8.812748334503175, 8.110709964879353, 7.803583552424113, 7.547239594777425, 7.310970967102051, 7.037818195851644, 6.872408166122437, 6.709885950469971, 6.6251658364613855, 6.498908679962158, 6.422260222880046, 6.315063008499146]
[2023-03-21 23:41:51] [INFO] trainError:[0.26263333333333333, 0.06838333333333334, 0.043116666666666664, 0.038566666666666666, 0.0347, 0.035366666666666664, 0.03145, 0.0311, 0.03178333333333333, 0.02765, 0.026716666666666666, 0.02675, 0.02666666666666667, 0.025316666666666668, 0.026016666666666667]
[2023-03-21 23:42:08] [INFO] testError:[0.2565894568690096, 0.06549520766773163, 0.040135782747603835, 0.037539936102236424, 0.03304712460063898, 0.0347444089456869, 0.032348242811501594, 0.03224840255591054, 0.030650958466453673, 0.025758785942492014, 0.02615814696485623, 0.025559105431309903, 0.024660543130990416, 0.023262779552715655, 0.025559105431309903]
[2023-03-21 23:42:08] [INFO] epoch: 16 / 25
[2023-03-21 23:42:16] [INFO] 100/1875 lossAver:6.107011232376099
[2023-03-21 23:42:23] [INFO] 200/1875 lossAver:6.135421956777573
[2023-03-21 23:42:31] [INFO] 300/1875 lossAver:6.199823566277822
[2023-03-21 23:42:39] [INFO] 400/1875 lossAver:6.121405601501465
[2023-03-21 23:42:46] [INFO] 500/1875 lossAver:6.166292274951934
[2023-03-21 23:42:54] [INFO] 600/1875 lossAver:6.175552965402603
[2023-03-21 23:43:02] [INFO] 700/1875 lossAver:6.161002469403403
[2023-03-21 23:43:09] [INFO] 800/1875 lossAver:6.173560899794102
[2023-03-21 23:43:17] [INFO] 900/1875 lossAver:6.147408416801029
[2023-03-21 23:43:24] [INFO] 1000/1875 lossAver:6.176744522809982
[2023-03-21 23:43:32] [INFO] 1100/1875 lossAver:6.171893788467754
[2023-03-21 23:43:39] [INFO] 1200/1875 lossAver:6.191187923749288
[2023-03-21 23:43:47] [INFO] 1300/1875 lossAver:6.201251586400546
[2023-03-21 23:43:55] [INFO] 1400/1875 lossAver:6.20910335132054
[2023-03-21 23:44:02] [INFO] 1500/1875 lossAver:6.186294306914012
[2023-03-21 23:44:10] [INFO] 1600/1875 lossAver:6.183165944367647
[2023-03-21 23:44:17] [INFO] 1700/1875 lossAver:6.182764628073748
[2023-03-21 23:44:25] [INFO] 1800/1875 lossAver:6.183898708687888
[2023-03-21 23:44:31] [INFO] lossList:[53.778311251831056, 13.838424242655437, 9.918340906016033, 8.812748334503175, 8.110709964879353, 7.803583552424113, 7.547239594777425, 7.310970967102051, 7.037818195851644, 6.872408166122437, 6.709885950469971, 6.6251658364613855, 6.498908679962158, 6.422260222880046, 6.315063008499146, 6.176644625727335]
[2023-03-21 23:46:13] [INFO] trainError:[0.26263333333333333, 0.06838333333333334, 0.043116666666666664, 0.038566666666666666, 0.0347, 0.035366666666666664, 0.03145, 0.0311, 0.03178333333333333, 0.02765, 0.026716666666666666, 0.02675, 0.02666666666666667, 0.025316666666666668, 0.026016666666666667, 0.025866666666666666]
[2023-03-21 23:46:29] [INFO] testError:[0.2565894568690096, 0.06549520766773163, 0.040135782747603835, 0.037539936102236424, 0.03304712460063898, 0.0347444089456869, 0.032348242811501594, 0.03224840255591054, 0.030650958466453673, 0.025758785942492014, 0.02615814696485623, 0.025559105431309903, 0.024660543130990416, 0.023262779552715655, 0.025559105431309903, 0.02356230031948882]
[2023-03-21 23:46:29] [INFO] epoch: 17 / 25
[2023-03-21 23:46:37] [INFO] 100/1875 lossAver:6.319547164440155
[2023-03-21 23:46:45] [INFO] 200/1875 lossAver:6.203356541395188
[2023-03-21 23:46:52] [INFO] 300/1875 lossAver:6.237201995054881
[2023-03-21 23:46:59] [INFO] 400/1875 lossAver:6.104048856496811
[2023-03-21 23:47:07] [INFO] 500/1875 lossAver:6.103746084213257
[2023-03-21 23:47:15] [INFO] 600/1875 lossAver:6.126903293530146
[2023-03-21 23:47:22] [INFO] 700/1875 lossAver:6.11386573280607
[2023-03-21 23:47:30] [INFO] 800/1875 lossAver:6.083478274345398
[2023-03-21 23:47:37] [INFO] 900/1875 lossAver:6.121652960247464
[2023-03-21 23:47:45] [INFO] 1000/1875 lossAver:6.152443639993668
[2023-03-21 23:47:52] [INFO] 1100/1875 lossAver:6.159994723363356
[2023-03-21 23:48:00] [INFO] 1200/1875 lossAver:6.162220421036085
[2023-03-21 23:48:08] [INFO] 1300/1875 lossAver:6.167560726495889
[2023-03-21 23:48:15] [INFO] 1400/1875 lossAver:6.172666181325912
[2023-03-21 23:48:22] [INFO] 1500/1875 lossAver:6.174766344070434
[2023-03-21 23:48:30] [INFO] 1600/1875 lossAver:6.158996457010508
[2023-03-21 23:48:37] [INFO] 1700/1875 lossAver:6.144876864236944
[2023-03-21 23:48:44] [INFO] 1800/1875 lossAver:6.126240243779288
[2023-03-21 23:48:50] [INFO] lossList:[53.778311251831056, 13.838424242655437, 9.918340906016033, 8.812748334503175, 8.110709964879353, 7.803583552424113, 7.547239594777425, 7.310970967102051, 7.037818195851644, 6.872408166122437, 6.709885950469971, 6.6251658364613855, 6.498908679962158, 6.422260222880046, 6.315063008499146, 6.176644625727335, 6.1143391278584796]
[2023-03-21 23:50:32] [INFO] trainError:[0.26263333333333333, 0.06838333333333334, 0.043116666666666664, 0.038566666666666666, 0.0347, 0.035366666666666664, 0.03145, 0.0311, 0.03178333333333333, 0.02765, 0.026716666666666666, 0.02675, 0.02666666666666667, 0.025316666666666668, 0.026016666666666667, 0.025866666666666666, 0.023566666666666666]
[2023-03-21 23:50:48] [INFO] testError:[0.2565894568690096, 0.06549520766773163, 0.040135782747603835, 0.037539936102236424, 0.03304712460063898, 0.0347444089456869, 0.032348242811501594, 0.03224840255591054, 0.030650958466453673, 0.025758785942492014, 0.02615814696485623, 0.025559105431309903, 0.024660543130990416, 0.023262779552715655, 0.025559105431309903, 0.02356230031948882, 0.023761980830670926]
[2023-03-21 23:50:48] [INFO] epoch: 18 / 25
[2023-03-21 23:50:56] [INFO] 100/1875 lossAver:6.140427677631378
[2023-03-21 23:51:03] [INFO] 200/1875 lossAver:6.224025238752365
[2023-03-21 23:51:11] [INFO] 300/1875 lossAver:6.211760332584381
[2023-03-21 23:51:18] [INFO] 400/1875 lossAver:6.124205610156059
[2023-03-21 23:51:26] [INFO] 500/1875 lossAver:6.139791788578034
[2023-03-21 23:51:33] [INFO] 600/1875 lossAver:6.140430826743444
[2023-03-21 23:51:41] [INFO] 700/1875 lossAver:6.121501811572483
[2023-03-21 23:51:49] [INFO] 800/1875 lossAver:6.124505468010902
[2023-03-21 23:51:56] [INFO] 900/1875 lossAver:6.140115532875061
[2023-03-21 23:52:04] [INFO] 1000/1875 lossAver:6.137432710647583
[2023-03-21 23:52:12] [INFO] 1100/1875 lossAver:6.115291643576189
[2023-03-21 23:52:20] [INFO] 1200/1875 lossAver:6.121512477795283
[2023-03-21 23:52:28] [INFO] 1300/1875 lossAver:6.098568896146921
[2023-03-21 23:52:35] [INFO] 1400/1875 lossAver:6.05698324578149
[2023-03-21 23:52:43] [INFO] 1500/1875 lossAver:6.066605930805206
[2023-03-21 23:52:51] [INFO] 1600/1875 lossAver:6.0618115624785425
[2023-03-21 23:52:59] [INFO] 1700/1875 lossAver:6.068270305885988
[2023-03-21 23:53:06] [INFO] 1800/1875 lossAver:6.074181546502643
[2023-03-21 23:53:12] [INFO] lossList:[53.778311251831056, 13.838424242655437, 9.918340906016033, 8.812748334503175, 8.110709964879353, 7.803583552424113, 7.547239594777425, 7.310970967102051, 7.037818195851644, 6.872408166122437, 6.709885950469971, 6.6251658364613855, 6.498908679962158, 6.422260222880046, 6.315063008499146, 6.176644625727335, 6.1143391278584796, 6.064313754272461]
[2023-03-21 23:54:53] [INFO] trainError:[0.26263333333333333, 0.06838333333333334, 0.043116666666666664, 0.038566666666666666, 0.0347, 0.035366666666666664, 0.03145, 0.0311, 0.03178333333333333, 0.02765, 0.026716666666666666, 0.02675, 0.02666666666666667, 0.025316666666666668, 0.026016666666666667, 0.025866666666666666, 0.023566666666666666, 0.02385]
[2023-03-21 23:55:10] [INFO] testError:[0.2565894568690096, 0.06549520766773163, 0.040135782747603835, 0.037539936102236424, 0.03304712460063898, 0.0347444089456869, 0.032348242811501594, 0.03224840255591054, 0.030650958466453673, 0.025758785942492014, 0.02615814696485623, 0.025559105431309903, 0.024660543130990416, 0.023262779552715655, 0.025559105431309903, 0.02356230031948882, 0.023761980830670926, 0.022563897763578276]
[2023-03-21 23:55:10] [INFO] epoch: 19 / 25
[2023-03-21 23:55:18] [INFO] 100/1875 lossAver:5.696014323234558
[2023-03-21 23:55:26] [INFO] 200/1875 lossAver:5.816327141523361
[2023-03-21 23:55:33] [INFO] 300/1875 lossAver:5.866863784790039
[2023-03-21 23:55:40] [INFO] 400/1875 lossAver:5.8864326030015945
[2023-03-21 23:55:48] [INFO] 500/1875 lossAver:5.863600346565247
[2023-03-21 23:55:55] [INFO] 600/1875 lossAver:5.898383178313574
[2023-03-21 23:56:03] [INFO] 700/1875 lossAver:5.862859704835074
[2023-03-21 23:56:10] [INFO] 800/1875 lossAver:5.884480385482311
[2023-03-21 23:56:17] [INFO] 900/1875 lossAver:5.911805372503069
[2023-03-21 23:56:25] [INFO] 1000/1875 lossAver:5.926083218097687
[2023-03-21 23:56:32] [INFO] 1100/1875 lossAver:5.923709467757832
[2023-03-21 23:56:39] [INFO] 1200/1875 lossAver:5.944940626223882
[2023-03-21 23:56:47] [INFO] 1300/1875 lossAver:5.945712948762454
[2023-03-21 23:56:54] [INFO] 1400/1875 lossAver:5.963327767338072
[2023-03-21 23:57:02] [INFO] 1500/1875 lossAver:5.951591296513875
[2023-03-21 23:57:10] [INFO] 1600/1875 lossAver:5.964176295399666
[2023-03-21 23:57:17] [INFO] 1700/1875 lossAver:5.963086247023414
[2023-03-21 23:57:25] [INFO] 1800/1875 lossAver:5.9627413870228665
[2023-03-21 23:57:31] [INFO] lossList:[53.778311251831056, 13.838424242655437, 9.918340906016033, 8.812748334503175, 8.110709964879353, 7.803583552424113, 7.547239594777425, 7.310970967102051, 7.037818195851644, 6.872408166122437, 6.709885950469971, 6.6251658364613855, 6.498908679962158, 6.422260222880046, 6.315063008499146, 6.176644625727335, 6.1143391278584796, 6.064313754272461, 5.9674362945556645]
[2023-03-21 23:59:10] [INFO] trainError:[0.26263333333333333, 0.06838333333333334, 0.043116666666666664, 0.038566666666666666, 0.0347, 0.035366666666666664, 0.03145, 0.0311, 0.03178333333333333, 0.02765, 0.026716666666666666, 0.02675, 0.02666666666666667, 0.025316666666666668, 0.026016666666666667, 0.025866666666666666, 0.023566666666666666, 0.02385, 0.024566666666666667]
[2023-03-21 23:59:26] [INFO] testError:[0.2565894568690096, 0.06549520766773163, 0.040135782747603835, 0.037539936102236424, 0.03304712460063898, 0.0347444089456869, 0.032348242811501594, 0.03224840255591054, 0.030650958466453673, 0.025758785942492014, 0.02615814696485623, 0.025559105431309903, 0.024660543130990416, 0.023262779552715655, 0.025559105431309903, 0.02356230031948882, 0.023761980830670926, 0.022563897763578276, 0.024361022364217253]
[2023-03-21 23:59:26] [INFO] epoch: 20 / 25
[2023-03-21 23:59:33] [INFO] 100/1875 lossAver:5.794098384380341
[2023-03-21 23:59:40] [INFO] 200/1875 lossAver:5.7991401076316835
[2023-03-21 23:59:47] [INFO] 300/1875 lossAver:5.7823060353597
[2023-03-21 23:59:55] [INFO] 400/1875 lossAver:5.840791363716125
[2023-03-22 00:00:02] [INFO] 500/1875 lossAver:5.867952711105347
[2023-03-22 00:00:09] [INFO] 600/1875 lossAver:5.8481362827618915
[2023-03-22 00:00:17] [INFO] 700/1875 lossAver:5.877326022216252
[2023-03-22 00:00:24] [INFO] 800/1875 lossAver:5.86840478092432
[2023-03-22 00:00:31] [INFO] 900/1875 lossAver:5.900358098612891
[2023-03-22 00:00:38] [INFO] 1000/1875 lossAver:5.890488879680634
[2023-03-22 00:00:46] [INFO] 1100/1875 lossAver:5.924037725925445
[2023-03-22 00:00:53] [INFO] 1200/1875 lossAver:5.903112221956253
[2023-03-22 00:01:00] [INFO] 1300/1875 lossAver:5.942257666221032
[2023-03-22 00:01:07] [INFO] 1400/1875 lossAver:5.9348782633032116
[2023-03-22 00:01:15] [INFO] 1500/1875 lossAver:5.931185959498087
[2023-03-22 00:01:22] [INFO] 1600/1875 lossAver:5.91611600458622
[2023-03-22 00:01:29] [INFO] 1700/1875 lossAver:5.886391173390781
[2023-03-22 00:01:36] [INFO] 1800/1875 lossAver:5.904329678614935
[2023-03-22 00:01:42] [INFO] lossList:[53.778311251831056, 13.838424242655437, 9.918340906016033, 8.812748334503175, 8.110709964879353, 7.803583552424113, 7.547239594777425, 7.310970967102051, 7.037818195851644, 6.872408166122437, 6.709885950469971, 6.6251658364613855, 6.498908679962158, 6.422260222880046, 6.315063008499146, 6.176644625727335, 6.1143391278584796, 6.064313754272461, 5.9674362945556645, 5.9069271032969155]
[2023-03-22 00:03:18] [INFO] trainError:[0.26263333333333333, 0.06838333333333334, 0.043116666666666664, 0.038566666666666666, 0.0347, 0.035366666666666664, 0.03145, 0.0311, 0.03178333333333333, 0.02765, 0.026716666666666666, 0.02675, 0.02666666666666667, 0.025316666666666668, 0.026016666666666667, 0.025866666666666666, 0.023566666666666666, 0.02385, 0.024566666666666667, 0.023866666666666668]
[2023-03-22 00:03:34] [INFO] testError:[0.2565894568690096, 0.06549520766773163, 0.040135782747603835, 0.037539936102236424, 0.03304712460063898, 0.0347444089456869, 0.032348242811501594, 0.03224840255591054, 0.030650958466453673, 0.025758785942492014, 0.02615814696485623, 0.025559105431309903, 0.024660543130990416, 0.023262779552715655, 0.025559105431309903, 0.02356230031948882, 0.023761980830670926, 0.022563897763578276, 0.024361022364217253, 0.023462460063897763]
[2023-03-22 00:03:34] [INFO] epoch: 21 / 25
[2023-03-22 00:03:40] [INFO] 100/1875 lossAver:5.717759437561035
[2023-03-22 00:03:47] [INFO] 200/1875 lossAver:5.783783509731292
[2023-03-22 00:03:54] [INFO] 300/1875 lossAver:5.760873719056447
[2023-03-22 00:04:02] [INFO] 400/1875 lossAver:5.7519180017709735
[2023-03-22 00:04:09] [INFO] 500/1875 lossAver:5.671274054527283
[2023-03-22 00:04:16] [INFO] 600/1875 lossAver:5.68171003818512
[2023-03-22 00:04:23] [INFO] 700/1875 lossAver:5.675287271567753
[2023-03-22 00:04:30] [INFO] 800/1875 lossAver:5.7305093333125114
[2023-03-22 00:04:37] [INFO] 900/1875 lossAver:5.753317369090186
[2023-03-22 00:04:44] [INFO] 1000/1875 lossAver:5.793416857004166
[2023-03-22 00:04:51] [INFO] 1100/1875 lossAver:5.7728355364366015
[2023-03-22 00:04:58] [INFO] 1200/1875 lossAver:5.776119049390157
[2023-03-22 00:05:05] [INFO] 1300/1875 lossAver:5.805713949753688
[2023-03-22 00:05:12] [INFO] 1400/1875 lossAver:5.814297924041748
[2023-03-22 00:05:19] [INFO] 1500/1875 lossAver:5.826386770566304
[2023-03-22 00:05:26] [INFO] 1600/1875 lossAver:5.815913762748242
[2023-03-22 00:05:33] [INFO] 1700/1875 lossAver:5.830497270892648
[2023-03-22 00:05:40] [INFO] 1800/1875 lossAver:5.848521206378937
[2023-03-22 00:05:46] [INFO] lossList:[53.778311251831056, 13.838424242655437, 9.918340906016033, 8.812748334503175, 8.110709964879353, 7.803583552424113, 7.547239594777425, 7.310970967102051, 7.037818195851644, 6.872408166122437, 6.709885950469971, 6.6251658364613855, 6.498908679962158, 6.422260222880046, 6.315063008499146, 6.176644625727335, 6.1143391278584796, 6.064313754272461, 5.9674362945556645, 5.9069271032969155, 5.855830139668782]
[2023-03-22 00:07:20] [INFO] trainError:[0.26263333333333333, 0.06838333333333334, 0.043116666666666664, 0.038566666666666666, 0.0347, 0.035366666666666664, 0.03145, 0.0311, 0.03178333333333333, 0.02765, 0.026716666666666666, 0.02675, 0.02666666666666667, 0.025316666666666668, 0.026016666666666667, 0.025866666666666666, 0.023566666666666666, 0.02385, 0.024566666666666667, 0.023866666666666668, 0.021883333333333334]
[2023-03-22 00:07:36] [INFO] testError:[0.2565894568690096, 0.06549520766773163, 0.040135782747603835, 0.037539936102236424, 0.03304712460063898, 0.0347444089456869, 0.032348242811501594, 0.03224840255591054, 0.030650958466453673, 0.025758785942492014, 0.02615814696485623, 0.025559105431309903, 0.024660543130990416, 0.023262779552715655, 0.025559105431309903, 0.02356230031948882, 0.023761980830670926, 0.022563897763578276, 0.024361022364217253, 0.023462460063897763, 0.021865015974440894]
[2023-03-22 00:07:36] [INFO] epoch: 22 / 25
[2023-03-22 00:07:43] [INFO] 100/1875 lossAver:5.555542488098144
[2023-03-22 00:07:50] [INFO] 200/1875 lossAver:5.658410416841507
[2023-03-22 00:07:57] [INFO] 300/1875 lossAver:5.619082944393158
[2023-03-22 00:08:05] [INFO] 400/1875 lossAver:5.618315462470054
[2023-03-22 00:08:12] [INFO] 500/1875 lossAver:5.695938286304474
[2023-03-22 00:08:19] [INFO] 600/1875 lossAver:5.748210748434067
[2023-03-22 00:08:26] [INFO] 700/1875 lossAver:5.7714456285749165
[2023-03-22 00:08:33] [INFO] 800/1875 lossAver:5.77433405905962
[2023-03-22 00:08:41] [INFO] 900/1875 lossAver:5.734240559471978
[2023-03-22 00:08:48] [INFO] 1000/1875 lossAver:5.730250553131103
[2023-03-22 00:08:55] [INFO] 1100/1875 lossAver:5.736961947354404
[2023-03-22 00:09:02] [INFO] 1200/1875 lossAver:5.765848272442818
[2023-03-22 00:09:09] [INFO] 1300/1875 lossAver:5.768727463025313
[2023-03-22 00:09:17] [INFO] 1400/1875 lossAver:5.763803154400417
[2023-03-22 00:09:24] [INFO] 1500/1875 lossAver:5.765381227811178
[2023-03-22 00:09:31] [INFO] 1600/1875 lossAver:5.768129083365202
[2023-03-22 00:09:38] [INFO] 1700/1875 lossAver:5.777074902057648
[2023-03-22 00:09:45] [INFO] 1800/1875 lossAver:5.7798807689878675
[2023-03-22 00:09:51] [INFO] lossList:[53.778311251831056, 13.838424242655437, 9.918340906016033, 8.812748334503175, 8.110709964879353, 7.803583552424113, 7.547239594777425, 7.310970967102051, 7.037818195851644, 6.872408166122437, 6.709885950469971, 6.6251658364613855, 6.498908679962158, 6.422260222880046, 6.315063008499146, 6.176644625727335, 6.1143391278584796, 6.064313754272461, 5.9674362945556645, 5.9069271032969155, 5.855830139668782, 5.792544483184814]
[2023-03-22 00:11:27] [INFO] trainError:[0.26263333333333333, 0.06838333333333334, 0.043116666666666664, 0.038566666666666666, 0.0347, 0.035366666666666664, 0.03145, 0.0311, 0.03178333333333333, 0.02765, 0.026716666666666666, 0.02675, 0.02666666666666667, 0.025316666666666668, 0.026016666666666667, 0.025866666666666666, 0.023566666666666666, 0.02385, 0.024566666666666667, 0.023866666666666668, 0.021883333333333334, 0.022333333333333334]
[2023-03-22 00:11:42] [INFO] testError:[0.2565894568690096, 0.06549520766773163, 0.040135782747603835, 0.037539936102236424, 0.03304712460063898, 0.0347444089456869, 0.032348242811501594, 0.03224840255591054, 0.030650958466453673, 0.025758785942492014, 0.02615814696485623, 0.025559105431309903, 0.024660543130990416, 0.023262779552715655, 0.025559105431309903, 0.02356230031948882, 0.023761980830670926, 0.022563897763578276, 0.024361022364217253, 0.023462460063897763, 0.021865015974440894, 0.022064696485623002]
[2023-03-22 00:11:42] [INFO] epoch: 23 / 25
[2023-03-22 00:11:49] [INFO] 100/1875 lossAver:5.671453931331635
[2023-03-22 00:11:56] [INFO] 200/1875 lossAver:5.764347531795502
[2023-03-22 00:12:03] [INFO] 300/1875 lossAver:5.816045808792114
[2023-03-22 00:12:10] [INFO] 400/1875 lossAver:5.78997894525528
[2023-03-22 00:12:17] [INFO] 500/1875 lossAver:5.791646463871002
[2023-03-22 00:12:24] [INFO] 600/1875 lossAver:5.767507229248682
[2023-03-22 00:12:31] [INFO] 700/1875 lossAver:5.778714891842434
[2023-03-22 00:12:38] [INFO] 800/1875 lossAver:5.817203263640404
[2023-03-22 00:12:45] [INFO] 900/1875 lossAver:5.803019527859158
[2023-03-22 00:12:53] [INFO] 1000/1875 lossAver:5.8036511216163635
[2023-03-22 00:13:00] [INFO] 1100/1875 lossAver:5.794245415817607
[2023-03-22 00:13:07] [INFO] 1200/1875 lossAver:5.78301205376784
[2023-03-22 00:13:14] [INFO] 1300/1875 lossAver:5.7683292608994705
[2023-03-22 00:13:21] [INFO] 1400/1875 lossAver:5.755547489438738
[2023-03-22 00:13:28] [INFO] 1500/1875 lossAver:5.7568515094121295
[2023-03-22 00:13:35] [INFO] 1600/1875 lossAver:5.756879141926765
[2023-03-22 00:13:42] [INFO] 1700/1875 lossAver:5.769527713130502
[2023-03-22 00:13:49] [INFO] 1800/1875 lossAver:5.768715731037988
[2023-03-22 00:13:54] [INFO] lossList:[53.778311251831056, 13.838424242655437, 9.918340906016033, 8.812748334503175, 8.110709964879353, 7.803583552424113, 7.547239594777425, 7.310970967102051, 7.037818195851644, 6.872408166122437, 6.709885950469971, 6.6251658364613855, 6.498908679962158, 6.422260222880046, 6.315063008499146, 6.176644625727335, 6.1143391278584796, 6.064313754272461, 5.9674362945556645, 5.9069271032969155, 5.855830139668782, 5.792544483184814, 5.7659054857889815]
[2023-03-22 00:15:28] [INFO] trainError:[0.26263333333333333, 0.06838333333333334, 0.043116666666666664, 0.038566666666666666, 0.0347, 0.035366666666666664, 0.03145, 0.0311, 0.03178333333333333, 0.02765, 0.026716666666666666, 0.02675, 0.02666666666666667, 0.025316666666666668, 0.026016666666666667, 0.025866666666666666, 0.023566666666666666, 0.02385, 0.024566666666666667, 0.023866666666666668, 0.021883333333333334, 0.022333333333333334, 0.023316666666666666]
[2023-03-22 00:15:44] [INFO] testError:[0.2565894568690096, 0.06549520766773163, 0.040135782747603835, 0.037539936102236424, 0.03304712460063898, 0.0347444089456869, 0.032348242811501594, 0.03224840255591054, 0.030650958466453673, 0.025758785942492014, 0.02615814696485623, 0.025559105431309903, 0.024660543130990416, 0.023262779552715655, 0.025559105431309903, 0.02356230031948882, 0.023761980830670926, 0.022563897763578276, 0.024361022364217253, 0.023462460063897763, 0.021865015974440894, 0.022064696485623002, 0.02266373801916933]
[2023-03-22 00:15:44] [INFO] epoch: 24 / 25
[2023-03-22 00:15:51] [INFO] 100/1875 lossAver:5.908878643512725
[2023-03-22 00:15:58] [INFO] 200/1875 lossAver:5.729764986038208
[2023-03-22 00:16:05] [INFO] 300/1875 lossAver:5.698859097162883
[2023-03-22 00:16:13] [INFO] 400/1875 lossAver:5.682176624536514
[2023-03-22 00:16:20] [INFO] 500/1875 lossAver:5.710554275035858
[2023-03-22 00:16:27] [INFO] 600/1875 lossAver:5.695470450719197
[2023-03-22 00:16:35] [INFO] 700/1875 lossAver:5.699479010445731
[2023-03-22 00:16:42] [INFO] 800/1875 lossAver:5.709608635008335
[2023-03-22 00:16:49] [INFO] 900/1875 lossAver:5.720131322013008
[2023-03-22 00:16:56] [INFO] 1000/1875 lossAver:5.7056558933258055
[2023-03-22 00:17:03] [INFO] 1100/1875 lossAver:5.713797576210715
[2023-03-22 00:17:10] [INFO] 1200/1875 lossAver:5.738200758298238
[2023-03-22 00:17:18] [INFO] 1300/1875 lossAver:5.7455407876234785
[2023-03-22 00:17:25] [INFO] 1400/1875 lossAver:5.731135747432709
[2023-03-22 00:17:32] [INFO] 1500/1875 lossAver:5.747023681163788
[2023-03-22 00:17:39] [INFO] 1600/1875 lossAver:5.742077946811914
[2023-03-22 00:17:46] [INFO] 1700/1875 lossAver:5.718165250946494
[2023-03-22 00:17:54] [INFO] 1800/1875 lossAver:5.713148677614
[2023-03-22 00:17:59] [INFO] lossList:[53.778311251831056, 13.838424242655437, 9.918340906016033, 8.812748334503175, 8.110709964879353, 7.803583552424113, 7.547239594777425, 7.310970967102051, 7.037818195851644, 6.872408166122437, 6.709885950469971, 6.6251658364613855, 6.498908679962158, 6.422260222880046, 6.315063008499146, 6.176644625727335, 6.1143391278584796, 6.064313754272461, 5.9674362945556645, 5.9069271032969155, 5.855830139668782, 5.792544483184814, 5.7659054857889815, 5.710452118937175]
[2023-03-22 00:19:34] [INFO] trainError:[0.26263333333333333, 0.06838333333333334, 0.043116666666666664, 0.038566666666666666, 0.0347, 0.035366666666666664, 0.03145, 0.0311, 0.03178333333333333, 0.02765, 0.026716666666666666, 0.02675, 0.02666666666666667, 0.025316666666666668, 0.026016666666666667, 0.025866666666666666, 0.023566666666666666, 0.02385, 0.024566666666666667, 0.023866666666666668, 0.021883333333333334, 0.022333333333333334, 0.023316666666666666, 0.02135]
[2023-03-22 00:19:50] [INFO] testError:[0.2565894568690096, 0.06549520766773163, 0.040135782747603835, 0.037539936102236424, 0.03304712460063898, 0.0347444089456869, 0.032348242811501594, 0.03224840255591054, 0.030650958466453673, 0.025758785942492014, 0.02615814696485623, 0.025559105431309903, 0.024660543130990416, 0.023262779552715655, 0.025559105431309903, 0.02356230031948882, 0.023761980830670926, 0.022563897763578276, 0.024361022364217253, 0.023462460063897763, 0.021865015974440894, 0.022064696485623002, 0.02266373801916933, 0.02156549520766773]
[2023-03-22 00:19:50] [INFO] epoch: 25 / 25
[2023-03-22 00:19:57] [INFO] 100/1875 lossAver:5.302156491279602
[2023-03-22 00:20:04] [INFO] 200/1875 lossAver:5.7540545451641085
[2023-03-22 00:20:11] [INFO] 300/1875 lossAver:5.711184307734172
[2023-03-22 00:20:18] [INFO] 400/1875 lossAver:5.837340505719185
[2023-03-22 00:20:25] [INFO] 500/1875 lossAver:5.735406640052795
[2023-03-22 00:20:32] [INFO] 600/1875 lossAver:5.729031072854996
[2023-03-22 00:20:39] [INFO] 700/1875 lossAver:5.767108628749847
[2023-03-22 00:20:46] [INFO] 800/1875 lossAver:5.744410657584667
[2023-03-22 00:20:53] [INFO] 900/1875 lossAver:5.721126341289944
[2023-03-22 00:21:00] [INFO] 1000/1875 lossAver:5.725957045078277
[2023-03-22 00:21:07] [INFO] 1100/1875 lossAver:5.7090289826826615
[2023-03-22 00:21:14] [INFO] 1200/1875 lossAver:5.721124901374181
[2023-03-22 00:21:21] [INFO] 1300/1875 lossAver:5.703390355660365
[2023-03-22 00:21:28] [INFO] 1400/1875 lossAver:5.7011690895898
[2023-03-22 00:21:35] [INFO] 1500/1875 lossAver:5.733244860331218
[2023-03-22 00:21:42] [INFO] 1600/1875 lossAver:5.722288653552532
[2023-03-22 00:21:49] [INFO] 1700/1875 lossAver:5.727168068605311
[2023-03-22 00:21:56] [INFO] 1800/1875 lossAver:5.716748765442106
[2023-03-22 00:22:02] [INFO] lossList:[53.778311251831056, 13.838424242655437, 9.918340906016033, 8.812748334503175, 8.110709964879353, 7.803583552424113, 7.547239594777425, 7.310970967102051, 7.037818195851644, 6.872408166122437, 6.709885950469971, 6.6251658364613855, 6.498908679962158, 6.422260222880046, 6.315063008499146, 6.176644625727335, 6.1143391278584796, 6.064313754272461, 5.9674362945556645, 5.9069271032969155, 5.855830139668782, 5.792544483184814, 5.7659054857889815, 5.710452118937175, 5.719766133371989]
[2023-03-22 00:23:35] [INFO] trainError:[0.26263333333333333, 0.06838333333333334, 0.043116666666666664, 0.038566666666666666, 0.0347, 0.035366666666666664, 0.03145, 0.0311, 0.03178333333333333, 0.02765, 0.026716666666666666, 0.02675, 0.02666666666666667, 0.025316666666666668, 0.026016666666666667, 0.025866666666666666, 0.023566666666666666, 0.02385, 0.024566666666666667, 0.023866666666666668, 0.021883333333333334, 0.022333333333333334, 0.023316666666666666, 0.02135, 0.022283333333333332]
[2023-03-22 00:23:51] [INFO] testError:[0.2565894568690096, 0.06549520766773163, 0.040135782747603835, 0.037539936102236424, 0.03304712460063898, 0.0347444089456869, 0.032348242811501594, 0.03224840255591054, 0.030650958466453673, 0.025758785942492014, 0.02615814696485623, 0.025559105431309903, 0.024660543130990416, 0.023262779552715655, 0.025559105431309903, 0.02356230031948882, 0.023761980830670926, 0.022563897763578276, 0.024361022364217253, 0.023462460063897763, 0.021865015974440894, 0.022064696485623002, 0.02266373801916933, 0.02156549520766773, 0.02266373801916933]
