nohup: ignoring input
[2023-03-21 22:53:09] [INFO] epoch: 01 / 25
[2023-03-21 22:53:19] [INFO] 100/1000 lossAver:59.34295528411865
[2023-03-21 22:53:28] [INFO] 200/1000 lossAver:57.98438125610352
[2023-03-21 22:53:38] [INFO] 300/1000 lossAver:57.54079813639323
[2023-03-21 22:53:47] [INFO] 400/1000 lossAver:57.354282779693605
[2023-03-21 22:53:57] [INFO] 500/1000 lossAver:57.196413383483886
[2023-03-21 22:54:06] [INFO] 600/1000 lossAver:57.09430594762166
[2023-03-21 22:54:15] [INFO] 700/1000 lossAver:57.0282943889073
[2023-03-21 22:54:25] [INFO] 800/1000 lossAver:56.954267253875734
[2023-03-21 22:54:34] [INFO] 900/1000 lossAver:56.92685607486301
[2023-03-21 22:54:43] [INFO] 1000/1000 lossAver:56.890766330718996
[2023-03-21 22:54:43] [INFO] lossList:[56.890766330718996]
[2023-03-21 22:55:47] [INFO] trainError:[0.9024833333333333]
[2023-03-21 22:55:58] [INFO] testError:[0.9007984031936128]
[2023-03-21 22:55:58] [INFO] epoch: 02 / 25
[2023-03-21 22:56:07] [INFO] 100/1000 lossAver:56.305383834838864
[2023-03-21 22:56:16] [INFO] 200/1000 lossAver:56.426671237945556
[2023-03-21 22:56:25] [INFO] 300/1000 lossAver:56.505719095865885
[2023-03-21 22:56:34] [INFO] 400/1000 lossAver:56.541686906814576
[2023-03-21 22:56:43] [INFO] 500/1000 lossAver:56.52783795928955
[2023-03-21 22:56:53] [INFO] 600/1000 lossAver:56.538324197133385
[2023-03-21 22:57:02] [INFO] 700/1000 lossAver:56.54861295972552
[2023-03-21 22:57:11] [INFO] 800/1000 lossAver:56.5116300535202
[2023-03-21 22:57:21] [INFO] 900/1000 lossAver:55.43361972384982
[2023-03-21 22:57:30] [INFO] 1000/1000 lossAver:53.16895657348633
[2023-03-21 22:57:30] [INFO] lossList:[56.890766330718996, 53.16895657348633]
[2023-03-21 22:58:38] [INFO] trainError:[0.9024833333333333, 0.28401666666666664]
[2023-03-21 22:58:50] [INFO] testError:[0.9007984031936128, 0.2720558882235529]
[2023-03-21 22:58:50] [INFO] epoch: 03 / 25
[2023-03-21 22:58:59] [INFO] 100/1000 lossAver:27.311343994140625
[2023-03-21 22:59:09] [INFO] 200/1000 lossAver:26.26116931915283
[2023-03-21 22:59:18] [INFO] 300/1000 lossAver:25.22141784032186
[2023-03-21 22:59:27] [INFO] 400/1000 lossAver:24.589839353561402
[2023-03-21 22:59:36] [INFO] 500/1000 lossAver:23.87512433433533
[2023-03-21 22:59:45] [INFO] 600/1000 lossAver:23.290000036557515
[2023-03-21 22:59:54] [INFO] 700/1000 lossAver:22.72791111401149
[2023-03-21 23:00:03] [INFO] 800/1000 lossAver:22.166002264022826
[2023-03-21 23:00:13] [INFO] 900/1000 lossAver:21.5623917166392
[2023-03-21 23:00:22] [INFO] 1000/1000 lossAver:20.96617067527771
[2023-03-21 23:00:22] [INFO] lossList:[56.890766330718996, 53.16895657348633, 20.96617067527771]
[2023-03-21 23:01:28] [INFO] trainError:[0.9024833333333333, 0.28401666666666664, 0.08656666666666667]
[2023-03-21 23:01:39] [INFO] testError:[0.9007984031936128, 0.2720558882235529, 0.07994011976047904]
[2023-03-21 23:01:39] [INFO] epoch: 04 / 25
[2023-03-21 23:01:48] [INFO] 100/1000 lossAver:14.584508314132691
[2023-03-21 23:01:58] [INFO] 200/1000 lossAver:14.275913915634156
[2023-03-21 23:02:09] [INFO] 300/1000 lossAver:13.717895371119182
[2023-03-21 23:02:18] [INFO] 400/1000 lossAver:13.44641630411148
[2023-03-21 23:02:28] [INFO] 500/1000 lossAver:13.194064340591432
[2023-03-21 23:02:37] [INFO] 600/1000 lossAver:12.94652279694875
[2023-03-21 23:02:47] [INFO] 700/1000 lossAver:12.733524298667907
[2023-03-21 23:02:55] [INFO] 800/1000 lossAver:12.595217488408089
[2023-03-21 23:03:05] [INFO] 900/1000 lossAver:12.424443247053357
[2023-03-21 23:03:14] [INFO] 1000/1000 lossAver:12.273787068843841
[2023-03-21 23:03:14] [INFO] lossList:[56.890766330718996, 53.16895657348633, 20.96617067527771, 12.273787068843841]
[2023-03-21 23:04:19] [INFO] trainError:[0.9024833333333333, 0.28401666666666664, 0.08656666666666667, 0.06158333333333333]
[2023-03-21 23:04:30] [INFO] testError:[0.9007984031936128, 0.2720558882235529, 0.07994011976047904, 0.055189620758483035]
[2023-03-21 23:04:30] [INFO] epoch: 05 / 25
[2023-03-21 23:04:39] [INFO] 100/1000 lossAver:10.671028509140015
[2023-03-21 23:04:48] [INFO] 200/1000 lossAver:10.477359535694122
[2023-03-21 23:04:57] [INFO] 300/1000 lossAver:10.263364783922832
[2023-03-21 23:05:06] [INFO] 400/1000 lossAver:10.116169121265411
[2023-03-21 23:05:16] [INFO] 500/1000 lossAver:9.959517133712769
[2023-03-21 23:05:25] [INFO] 600/1000 lossAver:9.861734345753987
[2023-03-21 23:05:34] [INFO] 700/1000 lossAver:9.734715573447092
[2023-03-21 23:05:44] [INFO] 800/1000 lossAver:9.678790274262429
[2023-03-21 23:05:53] [INFO] 900/1000 lossAver:9.589622979164124
[2023-03-21 23:06:02] [INFO] 1000/1000 lossAver:9.518615515708923
[2023-03-21 23:06:02] [INFO] lossList:[56.890766330718996, 53.16895657348633, 20.96617067527771, 12.273787068843841, 9.518615515708923]
[2023-03-21 23:07:10] [INFO] trainError:[0.9024833333333333, 0.28401666666666664, 0.08656666666666667, 0.06158333333333333, 0.04785]
[2023-03-21 23:07:21] [INFO] testError:[0.9007984031936128, 0.2720558882235529, 0.07994011976047904, 0.055189620758483035, 0.04451097804391218]
[2023-03-21 23:07:21] [INFO] epoch: 06 / 25
[2023-03-21 23:07:30] [INFO] 100/1000 lossAver:9.086821336746215
[2023-03-21 23:07:40] [INFO] 200/1000 lossAver:8.834568049907684
[2023-03-21 23:07:49] [INFO] 300/1000 lossAver:8.695445987383524
[2023-03-21 23:07:59] [INFO] 400/1000 lossAver:8.761866052150726
[2023-03-21 23:08:08] [INFO] 500/1000 lossAver:8.71130513381958
[2023-03-21 23:08:17] [INFO] 600/1000 lossAver:8.711341871420542
[2023-03-21 23:08:27] [INFO] 700/1000 lossAver:8.651840938840593
[2023-03-21 23:08:36] [INFO] 800/1000 lossAver:8.600709571242332
[2023-03-21 23:08:46] [INFO] 900/1000 lossAver:8.526543685065375
[2023-03-21 23:08:55] [INFO] 1000/1000 lossAver:8.498717755794525
[2023-03-21 23:08:55] [INFO] lossList:[56.890766330718996, 53.16895657348633, 20.96617067527771, 12.273787068843841, 9.518615515708923, 8.498717755794525]
[2023-03-21 23:10:01] [INFO] trainError:[0.9024833333333333, 0.28401666666666664, 0.08656666666666667, 0.06158333333333333, 0.04785, 0.04331666666666667]
[2023-03-21 23:10:12] [INFO] testError:[0.9007984031936128, 0.2720558882235529, 0.07994011976047904, 0.055189620758483035, 0.04451097804391218, 0.03952095808383234]
[2023-03-21 23:10:12] [INFO] epoch: 07 / 25
[2023-03-21 23:10:21] [INFO] 100/1000 lossAver:8.017019948959351
[2023-03-21 23:10:31] [INFO] 200/1000 lossAver:7.969872965812683
[2023-03-21 23:10:40] [INFO] 300/1000 lossAver:7.87333116531372
[2023-03-21 23:10:49] [INFO] 400/1000 lossAver:7.862053571343422
[2023-03-21 23:10:58] [INFO] 500/1000 lossAver:7.9139577937126155
[2023-03-21 23:11:08] [INFO] 600/1000 lossAver:7.898325149615606
[2023-03-21 23:11:18] [INFO] 700/1000 lossAver:7.860267358166831
[2023-03-21 23:11:27] [INFO] 800/1000 lossAver:7.834095306098461
[2023-03-21 23:11:37] [INFO] 900/1000 lossAver:7.83689065112008
[2023-03-21 23:11:46] [INFO] 1000/1000 lossAver:7.817436703443527
[2023-03-21 23:11:46] [INFO] lossList:[56.890766330718996, 53.16895657348633, 20.96617067527771, 12.273787068843841, 9.518615515708923, 8.498717755794525, 7.817436703443527]
[2023-03-21 23:12:53] [INFO] trainError:[0.9024833333333333, 0.28401666666666664, 0.08656666666666667, 0.06158333333333333, 0.04785, 0.04331666666666667, 0.03553333333333333]
[2023-03-21 23:13:04] [INFO] testError:[0.9007984031936128, 0.2720558882235529, 0.07994011976047904, 0.055189620758483035, 0.04451097804391218, 0.03952095808383234, 0.033932135728542916]
[2023-03-21 23:13:04] [INFO] epoch: 08 / 25
[2023-03-21 23:13:13] [INFO] 100/1000 lossAver:7.545271511077881
[2023-03-21 23:13:22] [INFO] 200/1000 lossAver:7.690566067695618
[2023-03-21 23:13:31] [INFO] 300/1000 lossAver:7.610241397221883
[2023-03-21 23:13:41] [INFO] 400/1000 lossAver:7.5928264534473415
[2023-03-21 23:13:49] [INFO] 500/1000 lossAver:7.567223423957825
[2023-03-21 23:13:58] [INFO] 600/1000 lossAver:7.575259068012238
[2023-03-21 23:14:07] [INFO] 700/1000 lossAver:7.536109493119376
[2023-03-21 23:14:17] [INFO] 800/1000 lossAver:7.494988277554512
[2023-03-21 23:14:26] [INFO] 900/1000 lossAver:7.446860191027324
[2023-03-21 23:14:35] [INFO] 1000/1000 lossAver:7.458507191181183
[2023-03-21 23:14:35] [INFO] lossList:[56.890766330718996, 53.16895657348633, 20.96617067527771, 12.273787068843841, 9.518615515708923, 8.498717755794525, 7.817436703443527, 7.458507191181183]
[2023-03-21 23:15:41] [INFO] trainError:[0.9024833333333333, 0.28401666666666664, 0.08656666666666667, 0.06158333333333333, 0.04785, 0.04331666666666667, 0.03553333333333333, 0.038983333333333335]
[2023-03-21 23:15:52] [INFO] testError:[0.9007984031936128, 0.2720558882235529, 0.07994011976047904, 0.055189620758483035, 0.04451097804391218, 0.03952095808383234, 0.033932135728542916, 0.037125748502994015]
[2023-03-21 23:15:52] [INFO] epoch: 09 / 25
[2023-03-21 23:16:02] [INFO] 100/1000 lossAver:6.912646517753601
[2023-03-21 23:16:11] [INFO] 200/1000 lossAver:7.0101105260849
[2023-03-21 23:16:21] [INFO] 300/1000 lossAver:7.011892126401265
[2023-03-21 23:16:30] [INFO] 400/1000 lossAver:6.977074883580208
[2023-03-21 23:16:39] [INFO] 500/1000 lossAver:7.048213062763214
[2023-03-21 23:16:49] [INFO] 600/1000 lossAver:7.088728574117025
[2023-03-21 23:16:59] [INFO] 700/1000 lossAver:7.075356665338789
[2023-03-21 23:17:09] [INFO] 800/1000 lossAver:7.082139282822609
[2023-03-21 23:17:18] [INFO] 900/1000 lossAver:7.086762578752306
[2023-03-21 23:17:28] [INFO] 1000/1000 lossAver:7.065032505989075
[2023-03-21 23:17:28] [INFO] lossList:[56.890766330718996, 53.16895657348633, 20.96617067527771, 12.273787068843841, 9.518615515708923, 8.498717755794525, 7.817436703443527, 7.458507191181183, 7.065032505989075]
[2023-03-21 23:18:36] [INFO] trainError:[0.9024833333333333, 0.28401666666666664, 0.08656666666666667, 0.06158333333333333, 0.04785, 0.04331666666666667, 0.03553333333333333, 0.038983333333333335, 0.03383333333333333]
[2023-03-21 23:18:47] [INFO] testError:[0.9007984031936128, 0.2720558882235529, 0.07994011976047904, 0.055189620758483035, 0.04451097804391218, 0.03952095808383234, 0.033932135728542916, 0.037125748502994015, 0.03243512974051896]
[2023-03-21 23:18:47] [INFO] epoch: 10 / 25
[2023-03-21 23:18:56] [INFO] 100/1000 lossAver:7.180899119377136
[2023-03-21 23:19:05] [INFO] 200/1000 lossAver:6.981668615341187
[2023-03-21 23:19:14] [INFO] 300/1000 lossAver:6.928839651743571
[2023-03-21 23:19:24] [INFO] 400/1000 lossAver:6.819927622675896
[2023-03-21 23:19:33] [INFO] 500/1000 lossAver:6.792540139198303
[2023-03-21 23:19:42] [INFO] 600/1000 lossAver:6.847581200997035
[2023-03-21 23:19:51] [INFO] 700/1000 lossAver:6.844120368616921
[2023-03-21 23:19:59] [INFO] 800/1000 lossAver:6.836168534457683
[2023-03-21 23:20:08] [INFO] 900/1000 lossAver:6.833942498101129
[2023-03-21 23:20:16] [INFO] 1000/1000 lossAver:6.807002989768982
[2023-03-21 23:20:16] [INFO] lossList:[56.890766330718996, 53.16895657348633, 20.96617067527771, 12.273787068843841, 9.518615515708923, 8.498717755794525, 7.817436703443527, 7.458507191181183, 7.065032505989075, 6.807002989768982]
[2023-03-21 23:21:14] [INFO] trainError:[0.9024833333333333, 0.28401666666666664, 0.08656666666666667, 0.06158333333333333, 0.04785, 0.04331666666666667, 0.03553333333333333, 0.038983333333333335, 0.03383333333333333, 0.03355]
[2023-03-21 23:21:24] [INFO] testError:[0.9007984031936128, 0.2720558882235529, 0.07994011976047904, 0.055189620758483035, 0.04451097804391218, 0.03952095808383234, 0.033932135728542916, 0.037125748502994015, 0.03243512974051896, 0.032035928143712575]
[2023-03-21 23:21:24] [INFO] epoch: 11 / 25
[2023-03-21 23:21:32] [INFO] 100/1000 lossAver:6.477987134456635
[2023-03-21 23:21:40] [INFO] 200/1000 lossAver:6.602576439380646
[2023-03-21 23:21:49] [INFO] 300/1000 lossAver:6.555560487906138
[2023-03-21 23:21:57] [INFO] 400/1000 lossAver:6.637092841863632
[2023-03-21 23:22:05] [INFO] 500/1000 lossAver:6.6287244567871095
[2023-03-21 23:22:14] [INFO] 600/1000 lossAver:6.60428540190061
[2023-03-21 23:22:22] [INFO] 700/1000 lossAver:6.588127279622214
[2023-03-21 23:22:30] [INFO] 800/1000 lossAver:6.574528139531612
[2023-03-21 23:22:39] [INFO] 900/1000 lossAver:6.546757828659482
[2023-03-21 23:22:47] [INFO] 1000/1000 lossAver:6.574636966705322
[2023-03-21 23:22:47] [INFO] lossList:[56.890766330718996, 53.16895657348633, 20.96617067527771, 12.273787068843841, 9.518615515708923, 8.498717755794525, 7.817436703443527, 7.458507191181183, 7.065032505989075, 6.807002989768982, 6.574636966705322]
[2023-03-21 23:23:43] [INFO] trainError:[0.9024833333333333, 0.28401666666666664, 0.08656666666666667, 0.06158333333333333, 0.04785, 0.04331666666666667, 0.03553333333333333, 0.038983333333333335, 0.03383333333333333, 0.03355, 0.030666666666666665]
[2023-03-21 23:23:53] [INFO] testError:[0.9007984031936128, 0.2720558882235529, 0.07994011976047904, 0.055189620758483035, 0.04451097804391218, 0.03952095808383234, 0.033932135728542916, 0.037125748502994015, 0.03243512974051896, 0.032035928143712575, 0.029840319361277446]
[2023-03-21 23:23:53] [INFO] epoch: 12 / 25
[2023-03-21 23:24:01] [INFO] 100/1000 lossAver:6.392765548229217
[2023-03-21 23:24:09] [INFO] 200/1000 lossAver:6.41132652759552
[2023-03-21 23:24:17] [INFO] 300/1000 lossAver:6.4573564624786375
[2023-03-21 23:24:25] [INFO] 400/1000 lossAver:6.459481838941574
[2023-03-21 23:24:34] [INFO] 500/1000 lossAver:6.420684493541717
[2023-03-21 23:24:42] [INFO] 600/1000 lossAver:6.474461488723755
[2023-03-21 23:24:50] [INFO] 700/1000 lossAver:6.46006601537977
[2023-03-21 23:24:58] [INFO] 800/1000 lossAver:6.448331591486931
[2023-03-21 23:25:07] [INFO] 900/1000 lossAver:6.439882968001895
[2023-03-21 23:25:15] [INFO] 1000/1000 lossAver:6.435162324428559
[2023-03-21 23:25:15] [INFO] lossList:[56.890766330718996, 53.16895657348633, 20.96617067527771, 12.273787068843841, 9.518615515708923, 8.498717755794525, 7.817436703443527, 7.458507191181183, 7.065032505989075, 6.807002989768982, 6.574636966705322, 6.435162324428559]
[2023-03-21 23:26:15] [INFO] trainError:[0.9024833333333333, 0.28401666666666664, 0.08656666666666667, 0.06158333333333333, 0.04785, 0.04331666666666667, 0.03553333333333333, 0.038983333333333335, 0.03383333333333333, 0.03355, 0.030666666666666665, 0.0321]
[2023-03-21 23:26:25] [INFO] testError:[0.9007984031936128, 0.2720558882235529, 0.07994011976047904, 0.055189620758483035, 0.04451097804391218, 0.03952095808383234, 0.033932135728542916, 0.037125748502994015, 0.03243512974051896, 0.032035928143712575, 0.029840319361277446, 0.03033932135728543]
[2023-03-21 23:26:25] [INFO] epoch: 13 / 25
[2023-03-21 23:26:33] [INFO] 100/1000 lossAver:6.071895823478699
[2023-03-21 23:26:41] [INFO] 200/1000 lossAver:6.07914881825447
[2023-03-21 23:26:50] [INFO] 300/1000 lossAver:6.1715815424919125
[2023-03-21 23:26:58] [INFO] 400/1000 lossAver:6.292487625479698
[2023-03-21 23:27:07] [INFO] 500/1000 lossAver:6.338775725364685
[2023-03-21 23:27:15] [INFO] 600/1000 lossAver:6.347554313341776
[2023-03-21 23:27:23] [INFO] 700/1000 lossAver:6.377332382202148
[2023-03-21 23:27:32] [INFO] 800/1000 lossAver:6.357693907320499
[2023-03-21 23:27:40] [INFO] 900/1000 lossAver:6.319566035270691
[2023-03-21 23:27:48] [INFO] 1000/1000 lossAver:6.308045163869858
[2023-03-21 23:27:48] [INFO] lossList:[56.890766330718996, 53.16895657348633, 20.96617067527771, 12.273787068843841, 9.518615515708923, 8.498717755794525, 7.817436703443527, 7.458507191181183, 7.065032505989075, 6.807002989768982, 6.574636966705322, 6.435162324428559, 6.308045163869858]
[2023-03-21 23:28:46] [INFO] trainError:[0.9024833333333333, 0.28401666666666664, 0.08656666666666667, 0.06158333333333333, 0.04785, 0.04331666666666667, 0.03553333333333333, 0.038983333333333335, 0.03383333333333333, 0.03355, 0.030666666666666665, 0.0321, 0.029583333333333333]
[2023-03-21 23:28:56] [INFO] testError:[0.9007984031936128, 0.2720558882235529, 0.07994011976047904, 0.055189620758483035, 0.04451097804391218, 0.03952095808383234, 0.033932135728542916, 0.037125748502994015, 0.03243512974051896, 0.032035928143712575, 0.029840319361277446, 0.03033932135728543, 0.029241516966067863]
[2023-03-21 23:28:56] [INFO] epoch: 14 / 25
[2023-03-21 23:29:04] [INFO] 100/1000 lossAver:6.303348352909088
[2023-03-21 23:29:13] [INFO] 200/1000 lossAver:6.37074907541275
[2023-03-21 23:29:21] [INFO] 300/1000 lossAver:6.31185084660848
[2023-03-21 23:29:29] [INFO] 400/1000 lossAver:6.274575132131576
[2023-03-21 23:29:37] [INFO] 500/1000 lossAver:6.2681487255096435
[2023-03-21 23:29:46] [INFO] 600/1000 lossAver:6.261766738494237
[2023-03-21 23:29:54] [INFO] 700/1000 lossAver:6.276508716515132
[2023-03-21 23:30:02] [INFO] 800/1000 lossAver:6.250054956674576
[2023-03-21 23:30:11] [INFO] 900/1000 lossAver:6.233690441979302
[2023-03-21 23:30:19] [INFO] 1000/1000 lossAver:6.198164510011673
[2023-03-21 23:30:19] [INFO] lossList:[56.890766330718996, 53.16895657348633, 20.96617067527771, 12.273787068843841, 9.518615515708923, 8.498717755794525, 7.817436703443527, 7.458507191181183, 7.065032505989075, 6.807002989768982, 6.574636966705322, 6.435162324428559, 6.308045163869858, 6.198164510011673]
[2023-03-21 23:31:17] [INFO] trainError:[0.9024833333333333, 0.28401666666666664, 0.08656666666666667, 0.06158333333333333, 0.04785, 0.04331666666666667, 0.03553333333333333, 0.038983333333333335, 0.03383333333333333, 0.03355, 0.030666666666666665, 0.0321, 0.029583333333333333, 0.0297]
[2023-03-21 23:31:27] [INFO] testError:[0.9007984031936128, 0.2720558882235529, 0.07994011976047904, 0.055189620758483035, 0.04451097804391218, 0.03952095808383234, 0.033932135728542916, 0.037125748502994015, 0.03243512974051896, 0.032035928143712575, 0.029840319361277446, 0.03033932135728543, 0.029241516966067863, 0.029141716566866267]
[2023-03-21 23:31:27] [INFO] epoch: 15 / 25
[2023-03-21 23:31:35] [INFO] 100/1000 lossAver:5.9315572094917295
[2023-03-21 23:31:43] [INFO] 200/1000 lossAver:5.996295593976974
[2023-03-21 23:31:51] [INFO] 300/1000 lossAver:5.9983843835194905
[2023-03-21 23:31:59] [INFO] 400/1000 lossAver:6.037577676177025
[2023-03-21 23:32:08] [INFO] 500/1000 lossAver:6.092899858951569
[2023-03-21 23:32:16] [INFO] 600/1000 lossAver:6.119680645465851
[2023-03-21 23:32:24] [INFO] 700/1000 lossAver:6.125192743028913
[2023-03-21 23:32:32] [INFO] 800/1000 lossAver:6.124293205142021
[2023-03-21 23:32:40] [INFO] 900/1000 lossAver:6.119945087432861
[2023-03-21 23:32:48] [INFO] 1000/1000 lossAver:6.103971194267273
[2023-03-21 23:32:48] [INFO] lossList:[56.890766330718996, 53.16895657348633, 20.96617067527771, 12.273787068843841, 9.518615515708923, 8.498717755794525, 7.817436703443527, 7.458507191181183, 7.065032505989075, 6.807002989768982, 6.574636966705322, 6.435162324428559, 6.308045163869858, 6.198164510011673, 6.103971194267273]
[2023-03-21 23:33:46] [INFO] trainError:[0.9024833333333333, 0.28401666666666664, 0.08656666666666667, 0.06158333333333333, 0.04785, 0.04331666666666667, 0.03553333333333333, 0.038983333333333335, 0.03383333333333333, 0.03355, 0.030666666666666665, 0.0321, 0.029583333333333333, 0.0297, 0.029333333333333333]
[2023-03-21 23:33:56] [INFO] testError:[0.9007984031936128, 0.2720558882235529, 0.07994011976047904, 0.055189620758483035, 0.04451097804391218, 0.03952095808383234, 0.033932135728542916, 0.037125748502994015, 0.03243512974051896, 0.032035928143712575, 0.029840319361277446, 0.03033932135728543, 0.029241516966067863, 0.029141716566866267, 0.028243512974051897]
[2023-03-21 23:33:56] [INFO] epoch: 16 / 25
[2023-03-21 23:34:05] [INFO] 100/1000 lossAver:5.990800659656525
[2023-03-21 23:34:13] [INFO] 200/1000 lossAver:6.080198154449463
[2023-03-21 23:34:22] [INFO] 300/1000 lossAver:6.104763317108154
[2023-03-21 23:34:30] [INFO] 400/1000 lossAver:6.002616152763367
[2023-03-21 23:34:38] [INFO] 500/1000 lossAver:6.03078947687149
[2023-03-21 23:34:47] [INFO] 600/1000 lossAver:6.003376560608546
[2023-03-21 23:34:55] [INFO] 700/1000 lossAver:5.98036933864866
[2023-03-21 23:35:04] [INFO] 800/1000 lossAver:5.9972583955526355
[2023-03-21 23:35:12] [INFO] 900/1000 lossAver:6.007488421334161
[2023-03-21 23:35:21] [INFO] 1000/1000 lossAver:6.025889461994171
[2023-03-21 23:35:21] [INFO] lossList:[56.890766330718996, 53.16895657348633, 20.96617067527771, 12.273787068843841, 9.518615515708923, 8.498717755794525, 7.817436703443527, 7.458507191181183, 7.065032505989075, 6.807002989768982, 6.574636966705322, 6.435162324428559, 6.308045163869858, 6.198164510011673, 6.103971194267273, 6.025889461994171]
[2023-03-21 23:36:20] [INFO] trainError:[0.9024833333333333, 0.28401666666666664, 0.08656666666666667, 0.06158333333333333, 0.04785, 0.04331666666666667, 0.03553333333333333, 0.038983333333333335, 0.03383333333333333, 0.03355, 0.030666666666666665, 0.0321, 0.029583333333333333, 0.0297, 0.029333333333333333, 0.02805]
[2023-03-21 23:36:29] [INFO] testError:[0.9007984031936128, 0.2720558882235529, 0.07994011976047904, 0.055189620758483035, 0.04451097804391218, 0.03952095808383234, 0.033932135728542916, 0.037125748502994015, 0.03243512974051896, 0.032035928143712575, 0.029840319361277446, 0.03033932135728543, 0.029241516966067863, 0.029141716566866267, 0.028243512974051897, 0.026846307385229543]
[2023-03-21 23:36:29] [INFO] epoch: 17 / 25
[2023-03-21 23:36:38] [INFO] 100/1000 lossAver:6.048118255138397
[2023-03-21 23:36:46] [INFO] 200/1000 lossAver:6.154962013959885
[2023-03-21 23:36:55] [INFO] 300/1000 lossAver:6.138882140318553
[2023-03-21 23:37:03] [INFO] 400/1000 lossAver:6.080368403196335
[2023-03-21 23:37:11] [INFO] 500/1000 lossAver:6.041394697189331
[2023-03-21 23:37:19] [INFO] 600/1000 lossAver:6.055532503128052
[2023-03-21 23:37:28] [INFO] 700/1000 lossAver:6.006861658096313
[2023-03-21 23:37:36] [INFO] 800/1000 lossAver:5.96226616024971
[2023-03-21 23:37:44] [INFO] 900/1000 lossAver:5.958737229506175
[2023-03-21 23:37:53] [INFO] 1000/1000 lossAver:5.968967336893082
[2023-03-21 23:37:53] [INFO] lossList:[56.890766330718996, 53.16895657348633, 20.96617067527771, 12.273787068843841, 9.518615515708923, 8.498717755794525, 7.817436703443527, 7.458507191181183, 7.065032505989075, 6.807002989768982, 6.574636966705322, 6.435162324428559, 6.308045163869858, 6.198164510011673, 6.103971194267273, 6.025889461994171, 5.968967336893082]
[2023-03-21 23:38:51] [INFO] trainError:[0.9024833333333333, 0.28401666666666664, 0.08656666666666667, 0.06158333333333333, 0.04785, 0.04331666666666667, 0.03553333333333333, 0.038983333333333335, 0.03383333333333333, 0.03355, 0.030666666666666665, 0.0321, 0.029583333333333333, 0.0297, 0.029333333333333333, 0.02805, 0.027933333333333334]
[2023-03-21 23:39:01] [INFO] testError:[0.9007984031936128, 0.2720558882235529, 0.07994011976047904, 0.055189620758483035, 0.04451097804391218, 0.03952095808383234, 0.033932135728542916, 0.037125748502994015, 0.03243512974051896, 0.032035928143712575, 0.029840319361277446, 0.03033932135728543, 0.029241516966067863, 0.029141716566866267, 0.028243512974051897, 0.026846307385229543, 0.02694610778443114]
[2023-03-21 23:39:01] [INFO] epoch: 18 / 25
[2023-03-21 23:39:09] [INFO] 100/1000 lossAver:5.989053030014038
[2023-03-21 23:39:17] [INFO] 200/1000 lossAver:5.908388348817826
[2023-03-21 23:39:25] [INFO] 300/1000 lossAver:5.910544986724854
[2023-03-21 23:39:34] [INFO] 400/1000 lossAver:5.959007525444031
[2023-03-21 23:39:42] [INFO] 500/1000 lossAver:5.993987823963165
[2023-03-21 23:39:50] [INFO] 600/1000 lossAver:5.9417802695433295
[2023-03-21 23:39:59] [INFO] 700/1000 lossAver:5.930972899709429
[2023-03-21 23:40:07] [INFO] 800/1000 lossAver:5.920599044561386
[2023-03-21 23:40:15] [INFO] 900/1000 lossAver:5.912779137558407
[2023-03-21 23:40:23] [INFO] 1000/1000 lossAver:5.887832694768906
[2023-03-21 23:40:23] [INFO] lossList:[56.890766330718996, 53.16895657348633, 20.96617067527771, 12.273787068843841, 9.518615515708923, 8.498717755794525, 7.817436703443527, 7.458507191181183, 7.065032505989075, 6.807002989768982, 6.574636966705322, 6.435162324428559, 6.308045163869858, 6.198164510011673, 6.103971194267273, 6.025889461994171, 5.968967336893082, 5.887832694768906]
[2023-03-21 23:41:20] [INFO] trainError:[0.9024833333333333, 0.28401666666666664, 0.08656666666666667, 0.06158333333333333, 0.04785, 0.04331666666666667, 0.03553333333333333, 0.038983333333333335, 0.03383333333333333, 0.03355, 0.030666666666666665, 0.0321, 0.029583333333333333, 0.0297, 0.029333333333333333, 0.02805, 0.027933333333333334, 0.0272]
[2023-03-21 23:41:30] [INFO] testError:[0.9007984031936128, 0.2720558882235529, 0.07994011976047904, 0.055189620758483035, 0.04451097804391218, 0.03952095808383234, 0.033932135728542916, 0.037125748502994015, 0.03243512974051896, 0.032035928143712575, 0.029840319361277446, 0.03033932135728543, 0.029241516966067863, 0.029141716566866267, 0.028243512974051897, 0.026846307385229543, 0.02694610778443114, 0.026447105788423155]
[2023-03-21 23:41:30] [INFO] epoch: 19 / 25
[2023-03-21 23:41:38] [INFO] 100/1000 lossAver:5.691326370239258
[2023-03-21 23:41:46] [INFO] 200/1000 lossAver:5.787892987728119
[2023-03-21 23:41:54] [INFO] 300/1000 lossAver:5.699324490229289
[2023-03-21 23:42:03] [INFO] 400/1000 lossAver:5.714773982167244
[2023-03-21 23:42:11] [INFO] 500/1000 lossAver:5.747612926006317
[2023-03-21 23:42:19] [INFO] 600/1000 lossAver:5.772320398886999
[2023-03-21 23:42:28] [INFO] 700/1000 lossAver:5.814876654829297
[2023-03-21 23:42:36] [INFO] 800/1000 lossAver:5.833425742983818
[2023-03-21 23:42:44] [INFO] 900/1000 lossAver:5.8278876603974235
[2023-03-21 23:42:53] [INFO] 1000/1000 lossAver:5.82480608868599
[2023-03-21 23:42:53] [INFO] lossList:[56.890766330718996, 53.16895657348633, 20.96617067527771, 12.273787068843841, 9.518615515708923, 8.498717755794525, 7.817436703443527, 7.458507191181183, 7.065032505989075, 6.807002989768982, 6.574636966705322, 6.435162324428559, 6.308045163869858, 6.198164510011673, 6.103971194267273, 6.025889461994171, 5.968967336893082, 5.887832694768906, 5.82480608868599]
[2023-03-21 23:43:53] [INFO] trainError:[0.9024833333333333, 0.28401666666666664, 0.08656666666666667, 0.06158333333333333, 0.04785, 0.04331666666666667, 0.03553333333333333, 0.038983333333333335, 0.03383333333333333, 0.03355, 0.030666666666666665, 0.0321, 0.029583333333333333, 0.0297, 0.029333333333333333, 0.02805, 0.027933333333333334, 0.0272, 0.029233333333333333]
[2023-03-21 23:44:03] [INFO] testError:[0.9007984031936128, 0.2720558882235529, 0.07994011976047904, 0.055189620758483035, 0.04451097804391218, 0.03952095808383234, 0.033932135728542916, 0.037125748502994015, 0.03243512974051896, 0.032035928143712575, 0.029840319361277446, 0.03033932135728543, 0.029241516966067863, 0.029141716566866267, 0.028243512974051897, 0.026846307385229543, 0.02694610778443114, 0.026447105788423155, 0.029241516966067863]
[2023-03-21 23:44:03] [INFO] epoch: 20 / 25
[2023-03-21 23:44:11] [INFO] 100/1000 lossAver:5.770895891189575
[2023-03-21 23:44:19] [INFO] 200/1000 lossAver:5.797104344367981
[2023-03-21 23:44:28] [INFO] 300/1000 lossAver:5.849102582931518
[2023-03-21 23:44:37] [INFO] 400/1000 lossAver:5.8202504581213
[2023-03-21 23:44:45] [INFO] 500/1000 lossAver:5.83571084022522
[2023-03-21 23:44:53] [INFO] 600/1000 lossAver:5.8458511257171635
[2023-03-21 23:45:01] [INFO] 700/1000 lossAver:5.838937713418688
[2023-03-21 23:45:10] [INFO] 800/1000 lossAver:5.81602729588747
[2023-03-21 23:45:18] [INFO] 900/1000 lossAver:5.837785107824537
[2023-03-21 23:45:26] [INFO] 1000/1000 lossAver:5.809325407743454
[2023-03-21 23:45:26] [INFO] lossList:[56.890766330718996, 53.16895657348633, 20.96617067527771, 12.273787068843841, 9.518615515708923, 8.498717755794525, 7.817436703443527, 7.458507191181183, 7.065032505989075, 6.807002989768982, 6.574636966705322, 6.435162324428559, 6.308045163869858, 6.198164510011673, 6.103971194267273, 6.025889461994171, 5.968967336893082, 5.887832694768906, 5.82480608868599, 5.809325407743454]
[2023-03-21 23:46:24] [INFO] trainError:[0.9024833333333333, 0.28401666666666664, 0.08656666666666667, 0.06158333333333333, 0.04785, 0.04331666666666667, 0.03553333333333333, 0.038983333333333335, 0.03383333333333333, 0.03355, 0.030666666666666665, 0.0321, 0.029583333333333333, 0.0297, 0.029333333333333333, 0.02805, 0.027933333333333334, 0.0272, 0.029233333333333333, 0.02811666666666667]
[2023-03-21 23:46:34] [INFO] testError:[0.9007984031936128, 0.2720558882235529, 0.07994011976047904, 0.055189620758483035, 0.04451097804391218, 0.03952095808383234, 0.033932135728542916, 0.037125748502994015, 0.03243512974051896, 0.032035928143712575, 0.029840319361277446, 0.03033932135728543, 0.029241516966067863, 0.029141716566866267, 0.028243512974051897, 0.026846307385229543, 0.02694610778443114, 0.026447105788423155, 0.029241516966067863, 0.0281437125748503]
[2023-03-21 23:46:34] [INFO] epoch: 21 / 25
[2023-03-21 23:46:42] [INFO] 100/1000 lossAver:5.868501832485199
[2023-03-21 23:46:50] [INFO] 200/1000 lossAver:5.748035627603531
[2023-03-21 23:46:58] [INFO] 300/1000 lossAver:5.740613312721252
[2023-03-21 23:47:07] [INFO] 400/1000 lossAver:5.729009594917297
[2023-03-21 23:47:15] [INFO] 500/1000 lossAver:5.72674257183075
[2023-03-21 23:47:23] [INFO] 600/1000 lossAver:5.734718275864919
[2023-03-21 23:47:32] [INFO] 700/1000 lossAver:5.7118033262661525
[2023-03-21 23:47:40] [INFO] 800/1000 lossAver:5.699363681674003
[2023-03-21 23:47:48] [INFO] 900/1000 lossAver:5.701887506643931
[2023-03-21 23:47:57] [INFO] 1000/1000 lossAver:5.730034069776535
[2023-03-21 23:47:57] [INFO] lossList:[56.890766330718996, 53.16895657348633, 20.96617067527771, 12.273787068843841, 9.518615515708923, 8.498717755794525, 7.817436703443527, 7.458507191181183, 7.065032505989075, 6.807002989768982, 6.574636966705322, 6.435162324428559, 6.308045163869858, 6.198164510011673, 6.103971194267273, 6.025889461994171, 5.968967336893082, 5.887832694768906, 5.82480608868599, 5.809325407743454, 5.730034069776535]
[2023-03-21 23:48:55] [INFO] trainError:[0.9024833333333333, 0.28401666666666664, 0.08656666666666667, 0.06158333333333333, 0.04785, 0.04331666666666667, 0.03553333333333333, 0.038983333333333335, 0.03383333333333333, 0.03355, 0.030666666666666665, 0.0321, 0.029583333333333333, 0.0297, 0.029333333333333333, 0.02805, 0.027933333333333334, 0.0272, 0.029233333333333333, 0.02811666666666667, 0.027683333333333334]
[2023-03-21 23:49:04] [INFO] testError:[0.9007984031936128, 0.2720558882235529, 0.07994011976047904, 0.055189620758483035, 0.04451097804391218, 0.03952095808383234, 0.033932135728542916, 0.037125748502994015, 0.03243512974051896, 0.032035928143712575, 0.029840319361277446, 0.03033932135728543, 0.029241516966067863, 0.029141716566866267, 0.028243512974051897, 0.026846307385229543, 0.02694610778443114, 0.026447105788423155, 0.029241516966067863, 0.0281437125748503, 0.02654690618762475]
[2023-03-21 23:49:04] [INFO] epoch: 22 / 25
[2023-03-21 23:49:12] [INFO] 100/1000 lossAver:5.614156351089478
[2023-03-21 23:49:21] [INFO] 200/1000 lossAver:5.606253755092621
[2023-03-21 23:49:29] [INFO] 300/1000 lossAver:5.711014971733094
[2023-03-21 23:49:37] [INFO] 400/1000 lossAver:5.686106097698212
[2023-03-21 23:49:45] [INFO] 500/1000 lossAver:5.679964522361756
[2023-03-21 23:49:53] [INFO] 600/1000 lossAver:5.684413295984268
[2023-03-21 23:50:01] [INFO] 700/1000 lossAver:5.705611656393324
[2023-03-21 23:50:09] [INFO] 800/1000 lossAver:5.7019226190447805
[2023-03-21 23:50:18] [INFO] 900/1000 lossAver:5.714971680641174
[2023-03-21 23:50:26] [INFO] 1000/1000 lossAver:5.698405797958374
[2023-03-21 23:50:26] [INFO] lossList:[56.890766330718996, 53.16895657348633, 20.96617067527771, 12.273787068843841, 9.518615515708923, 8.498717755794525, 7.817436703443527, 7.458507191181183, 7.065032505989075, 6.807002989768982, 6.574636966705322, 6.435162324428559, 6.308045163869858, 6.198164510011673, 6.103971194267273, 6.025889461994171, 5.968967336893082, 5.887832694768906, 5.82480608868599, 5.809325407743454, 5.730034069776535, 5.698405797958374]
[2023-03-21 23:51:25] [INFO] trainError:[0.9024833333333333, 0.28401666666666664, 0.08656666666666667, 0.06158333333333333, 0.04785, 0.04331666666666667, 0.03553333333333333, 0.038983333333333335, 0.03383333333333333, 0.03355, 0.030666666666666665, 0.0321, 0.029583333333333333, 0.0297, 0.029333333333333333, 0.02805, 0.027933333333333334, 0.0272, 0.029233333333333333, 0.02811666666666667, 0.027683333333333334, 0.026066666666666665]
[2023-03-21 23:51:34] [INFO] testError:[0.9007984031936128, 0.2720558882235529, 0.07994011976047904, 0.055189620758483035, 0.04451097804391218, 0.03952095808383234, 0.033932135728542916, 0.037125748502994015, 0.03243512974051896, 0.032035928143712575, 0.029840319361277446, 0.03033932135728543, 0.029241516966067863, 0.029141716566866267, 0.028243512974051897, 0.026846307385229543, 0.02694610778443114, 0.026447105788423155, 0.029241516966067863, 0.0281437125748503, 0.02654690618762475, 0.02405189620758483]
[2023-03-21 23:51:34] [INFO] epoch: 23 / 25
[2023-03-21 23:51:43] [INFO] 100/1000 lossAver:5.405215961933136
[2023-03-21 23:51:51] [INFO] 200/1000 lossAver:5.493369396924972
[2023-03-21 23:52:00] [INFO] 300/1000 lossAver:5.5111412644386295
[2023-03-21 23:52:08] [INFO] 400/1000 lossAver:5.596622995138168
[2023-03-21 23:52:17] [INFO] 500/1000 lossAver:5.649878481388092
[2023-03-21 23:52:25] [INFO] 600/1000 lossAver:5.66194653193156
[2023-03-21 23:52:34] [INFO] 700/1000 lossAver:5.628433908394404
[2023-03-21 23:52:42] [INFO] 800/1000 lossAver:5.598782725930214
[2023-03-21 23:52:50] [INFO] 900/1000 lossAver:5.583289523654514
[2023-03-21 23:52:59] [INFO] 1000/1000 lossAver:5.603609938383102
[2023-03-21 23:52:59] [INFO] lossList:[56.890766330718996, 53.16895657348633, 20.96617067527771, 12.273787068843841, 9.518615515708923, 8.498717755794525, 7.817436703443527, 7.458507191181183, 7.065032505989075, 6.807002989768982, 6.574636966705322, 6.435162324428559, 6.308045163869858, 6.198164510011673, 6.103971194267273, 6.025889461994171, 5.968967336893082, 5.887832694768906, 5.82480608868599, 5.809325407743454, 5.730034069776535, 5.698405797958374, 5.603609938383102]
[2023-03-21 23:53:57] [INFO] trainError:[0.9024833333333333, 0.28401666666666664, 0.08656666666666667, 0.06158333333333333, 0.04785, 0.04331666666666667, 0.03553333333333333, 0.038983333333333335, 0.03383333333333333, 0.03355, 0.030666666666666665, 0.0321, 0.029583333333333333, 0.0297, 0.029333333333333333, 0.02805, 0.027933333333333334, 0.0272, 0.029233333333333333, 0.02811666666666667, 0.027683333333333334, 0.026066666666666665, 0.025933333333333333]
[2023-03-21 23:54:07] [INFO] testError:[0.9007984031936128, 0.2720558882235529, 0.07994011976047904, 0.055189620758483035, 0.04451097804391218, 0.03952095808383234, 0.033932135728542916, 0.037125748502994015, 0.03243512974051896, 0.032035928143712575, 0.029840319361277446, 0.03033932135728543, 0.029241516966067863, 0.029141716566866267, 0.028243512974051897, 0.026846307385229543, 0.02694610778443114, 0.026447105788423155, 0.029241516966067863, 0.0281437125748503, 0.02654690618762475, 0.02405189620758483, 0.025249500998003993]
[2023-03-21 23:54:07] [INFO] epoch: 24 / 25
[2023-03-21 23:54:15] [INFO] 100/1000 lossAver:5.659203705787658
[2023-03-21 23:54:23] [INFO] 200/1000 lossAver:5.608535113334656
[2023-03-21 23:54:31] [INFO] 300/1000 lossAver:5.538899756272634
[2023-03-21 23:54:40] [INFO] 400/1000 lossAver:5.5499295127391814
[2023-03-21 23:54:48] [INFO] 500/1000 lossAver:5.561972644805908
[2023-03-21 23:54:56] [INFO] 600/1000 lossAver:5.601216255823771
[2023-03-21 23:55:05] [INFO] 700/1000 lossAver:5.5902549569947375
[2023-03-21 23:55:13] [INFO] 800/1000 lossAver:5.611847279965877
[2023-03-21 23:55:21] [INFO] 900/1000 lossAver:5.61065105676651
[2023-03-21 23:55:30] [INFO] 1000/1000 lossAver:5.588872559785843
[2023-03-21 23:55:30] [INFO] lossList:[56.890766330718996, 53.16895657348633, 20.96617067527771, 12.273787068843841, 9.518615515708923, 8.498717755794525, 7.817436703443527, 7.458507191181183, 7.065032505989075, 6.807002989768982, 6.574636966705322, 6.435162324428559, 6.308045163869858, 6.198164510011673, 6.103971194267273, 6.025889461994171, 5.968967336893082, 5.887832694768906, 5.82480608868599, 5.809325407743454, 5.730034069776535, 5.698405797958374, 5.603609938383102, 5.588872559785843]
[2023-03-21 23:56:28] [INFO] trainError:[0.9024833333333333, 0.28401666666666664, 0.08656666666666667, 0.06158333333333333, 0.04785, 0.04331666666666667, 0.03553333333333333, 0.038983333333333335, 0.03383333333333333, 0.03355, 0.030666666666666665, 0.0321, 0.029583333333333333, 0.0297, 0.029333333333333333, 0.02805, 0.027933333333333334, 0.0272, 0.029233333333333333, 0.02811666666666667, 0.027683333333333334, 0.026066666666666665, 0.025933333333333333, 0.02715]
[2023-03-21 23:56:38] [INFO] testError:[0.9007984031936128, 0.2720558882235529, 0.07994011976047904, 0.055189620758483035, 0.04451097804391218, 0.03952095808383234, 0.033932135728542916, 0.037125748502994015, 0.03243512974051896, 0.032035928143712575, 0.029840319361277446, 0.03033932135728543, 0.029241516966067863, 0.029141716566866267, 0.028243512974051897, 0.026846307385229543, 0.02694610778443114, 0.026447105788423155, 0.029241516966067863, 0.0281437125748503, 0.02654690618762475, 0.02405189620758483, 0.025249500998003993, 0.027744510978043913]
[2023-03-21 23:56:38] [INFO] epoch: 25 / 25
[2023-03-21 23:56:46] [INFO] 100/1000 lossAver:5.5011956191062925
[2023-03-21 23:56:54] [INFO] 200/1000 lossAver:5.495145550966263
[2023-03-21 23:57:03] [INFO] 300/1000 lossAver:5.443528842131297
[2023-03-21 23:57:11] [INFO] 400/1000 lossAver:5.469603502750397
[2023-03-21 23:57:19] [INFO] 500/1000 lossAver:5.500950524806976
[2023-03-21 23:57:28] [INFO] 600/1000 lossAver:5.4964721934000655
[2023-03-21 23:57:36] [INFO] 700/1000 lossAver:5.517304707254683
[2023-03-21 23:57:44] [INFO] 800/1000 lossAver:5.511464694440365
[2023-03-21 23:57:52] [INFO] 900/1000 lossAver:5.543641621801588
[2023-03-21 23:58:00] [INFO] 1000/1000 lossAver:5.50950825047493
[2023-03-21 23:58:00] [INFO] lossList:[56.890766330718996, 53.16895657348633, 20.96617067527771, 12.273787068843841, 9.518615515708923, 8.498717755794525, 7.817436703443527, 7.458507191181183, 7.065032505989075, 6.807002989768982, 6.574636966705322, 6.435162324428559, 6.308045163869858, 6.198164510011673, 6.103971194267273, 6.025889461994171, 5.968967336893082, 5.887832694768906, 5.82480608868599, 5.809325407743454, 5.730034069776535, 5.698405797958374, 5.603609938383102, 5.588872559785843, 5.50950825047493]
[2023-03-21 23:58:57] [INFO] trainError:[0.9024833333333333, 0.28401666666666664, 0.08656666666666667, 0.06158333333333333, 0.04785, 0.04331666666666667, 0.03553333333333333, 0.038983333333333335, 0.03383333333333333, 0.03355, 0.030666666666666665, 0.0321, 0.029583333333333333, 0.0297, 0.029333333333333333, 0.02805, 0.027933333333333334, 0.0272, 0.029233333333333333, 0.02811666666666667, 0.027683333333333334, 0.026066666666666665, 0.025933333333333333, 0.02715, 0.0269]
[2023-03-21 23:59:06] [INFO] testError:[0.9007984031936128, 0.2720558882235529, 0.07994011976047904, 0.055189620758483035, 0.04451097804391218, 0.03952095808383234, 0.033932135728542916, 0.037125748502994015, 0.03243512974051896, 0.032035928143712575, 0.029840319361277446, 0.03033932135728543, 0.029241516966067863, 0.029141716566866267, 0.028243512974051897, 0.026846307385229543, 0.02694610778443114, 0.026447105788423155, 0.029241516966067863, 0.0281437125748503, 0.02654690618762475, 0.02405189620758483, 0.025249500998003993, 0.027744510978043913, 0.025848303393213572]
