[2023-03-21 19:56:34] [INFO] epoch: 01 / 25
[2023-03-21 19:56:44] [INFO] 100/600 lossAver:58.81213226318359
[2023-03-21 19:56:53] [INFO] 200/600 lossAver:57.77867156982422
[2023-03-21 19:57:02] [INFO] 300/600 lossAver:57.37118158976237
[2023-03-21 19:57:11] [INFO] 400/600 lossAver:57.19046172142029
[2023-03-21 19:57:20] [INFO] 500/600 lossAver:57.03313623046875
[2023-03-21 19:57:29] [INFO] 600/600 lossAver:56.972817452748615
[2023-03-21 19:57:29] [INFO] lossList:[56.972817452748615]
[2023-03-21 19:58:08] [INFO] trainError:[0.9024833333333333]
[2023-03-21 19:58:14] [INFO] testError:[0.9026]
[2023-03-21 19:58:14] [INFO] epoch: 02 / 25
[2023-03-21 19:58:23] [INFO] 100/600 lossAver:56.60606243133545
[2023-03-21 19:58:32] [INFO] 200/600 lossAver:56.62303588867187
[2023-03-21 19:58:41] [INFO] 300/600 lossAver:56.632155939737956
[2023-03-21 19:58:50] [INFO] 400/600 lossAver:56.61758799552918
[2023-03-21 19:58:59] [INFO] 500/600 lossAver:56.607431060791015
[2023-03-21 19:59:08] [INFO] 600/600 lossAver:56.59347316741943
[2023-03-21 19:59:08] [INFO] lossList:[56.972817452748615, 56.59347316741943]
[2023-03-21 19:59:47] [INFO] trainError:[0.9024833333333333, 0.9024833333333333]
[2023-03-21 19:59:53] [INFO] testError:[0.9026, 0.9026]
[2023-03-21 19:59:53] [INFO] epoch: 03 / 25
[2023-03-21 20:00:03] [INFO] 100/600 lossAver:56.54008441925049
[2023-03-21 20:00:11] [INFO] 200/600 lossAver:56.51243293762207
[2023-03-21 20:00:20] [INFO] 300/600 lossAver:56.50639589945475
[2023-03-21 20:00:29] [INFO] 400/600 lossAver:56.524605159759524
[2023-03-21 20:00:38] [INFO] 500/600 lossAver:56.53964535522461
[2023-03-21 20:00:47] [INFO] 600/600 lossAver:56.56424671173096
[2023-03-21 20:00:47] [INFO] lossList:[56.972817452748615, 56.59347316741943, 56.56424671173096]
[2023-03-21 20:01:26] [INFO] trainError:[0.9024833333333333, 0.9024833333333333, 0.9024833333333333]
[2023-03-21 20:01:32] [INFO] testError:[0.9026, 0.9026, 0.9026]
[2023-03-21 20:01:32] [INFO] epoch: 04 / 25
[2023-03-21 20:01:41] [INFO] 100/600 lossAver:56.68863136291504
[2023-03-21 20:01:49] [INFO] 200/600 lossAver:56.625761127471925
[2023-03-21 20:01:58] [INFO] 300/600 lossAver:56.57198795318604
[2023-03-21 20:02:07] [INFO] 400/600 lossAver:56.552605409622196
[2023-03-21 20:02:15] [INFO] 500/600 lossAver:56.53135618591308
[2023-03-21 20:02:24] [INFO] 600/600 lossAver:56.56200431187948
[2023-03-21 20:02:24] [INFO] lossList:[56.972817452748615, 56.59347316741943, 56.56424671173096, 56.56200431187948]
[2023-03-21 20:03:03] [INFO] trainError:[0.9024833333333333, 0.9024833333333333, 0.9024833333333333, 0.9024833333333333]
[2023-03-21 20:03:09] [INFO] testError:[0.9026, 0.9026, 0.9026, 0.9026]
[2023-03-21 20:03:09] [INFO] epoch: 05 / 25
[2023-03-21 20:03:18] [INFO] 100/600 lossAver:56.619425010681155
[2023-03-21 20:03:27] [INFO] 200/600 lossAver:56.53589479446411
[2023-03-21 20:03:36] [INFO] 300/600 lossAver:54.39367762247721
[2023-03-21 20:03:44] [INFO] 400/600 lossAver:49.326764221191404
[2023-03-21 20:03:53] [INFO] 500/600 lossAver:44.849516975402835
[2023-03-21 20:04:02] [INFO] 600/600 lossAver:41.14092788696289
[2023-03-21 20:04:02] [INFO] lossList:[56.972817452748615, 56.59347316741943, 56.56424671173096, 56.56200431187948, 41.14092788696289]
[2023-03-21 20:04:40] [INFO] trainError:[0.9024833333333333, 0.9024833333333333, 0.9024833333333333, 0.9024833333333333, 0.19973333333333335]
[2023-03-21 20:04:47] [INFO] testError:[0.9026, 0.9026, 0.9026, 0.9026, 0.1944]
[2023-03-21 20:04:47] [INFO] epoch: 06 / 25
[2023-03-21 20:04:56] [INFO] 100/600 lossAver:20.29587013244629
[2023-03-21 20:05:05] [INFO] 200/600 lossAver:19.739313011169433
[2023-03-21 20:05:13] [INFO] 300/600 lossAver:19.12511120478312
[2023-03-21 20:05:22] [INFO] 400/600 lossAver:18.65770537137985
[2023-03-21 20:05:31] [INFO] 500/600 lossAver:18.099847984313964
[2023-03-21 20:05:39] [INFO] 600/600 lossAver:17.60645721435547
[2023-03-21 20:05:39] [INFO] lossList:[56.972817452748615, 56.59347316741943, 56.56424671173096, 56.56200431187948, 41.14092788696289, 17.60645721435547]
[2023-03-21 20:06:18] [INFO] trainError:[0.9024833333333333, 0.9024833333333333, 0.9024833333333333, 0.9024833333333333, 0.19973333333333335, 0.08788333333333333]
[2023-03-21 20:06:24] [INFO] testError:[0.9026, 0.9026, 0.9026, 0.9026, 0.1944, 0.0853]
[2023-03-21 20:06:24] [INFO] epoch: 07 / 25
[2023-03-21 20:06:33] [INFO] 100/600 lossAver:14.23901982307434
[2023-03-21 20:06:41] [INFO] 200/600 lossAver:13.798349080085755
[2023-03-21 20:06:50] [INFO] 300/600 lossAver:13.582795124053956
[2023-03-21 20:06:59] [INFO] 400/600 lossAver:13.311797528266906
[2023-03-21 20:07:07] [INFO] 500/600 lossAver:13.10119521522522
[2023-03-21 20:07:16] [INFO] 600/600 lossAver:12.914632994333903
[2023-03-21 20:07:16] [INFO] lossList:[56.972817452748615, 56.59347316741943, 56.56424671173096, 56.56200431187948, 41.14092788696289, 17.60645721435547, 12.914632994333903]
[2023-03-21 20:07:55] [INFO] trainError:[0.9024833333333333, 0.9024833333333333, 0.9024833333333333, 0.9024833333333333, 0.19973333333333335, 0.08788333333333333, 0.062483333333333335]
[2023-03-21 20:08:01] [INFO] testError:[0.9026, 0.9026, 0.9026, 0.9026, 0.1944, 0.0853, 0.0598]
[2023-03-21 20:08:01] [INFO] epoch: 08 / 25
[2023-03-21 20:08:10] [INFO] 100/600 lossAver:11.490249228477477
[2023-03-21 20:08:19] [INFO] 200/600 lossAver:11.423209612369538
[2023-03-21 20:08:28] [INFO] 300/600 lossAver:11.377371625900269
[2023-03-21 20:08:37] [INFO] 400/600 lossAver:11.416164011955262
[2023-03-21 20:08:45] [INFO] 500/600 lossAver:11.302463527679443
[2023-03-21 20:08:54] [INFO] 600/600 lossAver:11.179927376906077
[2023-03-21 20:08:54] [INFO] lossList:[56.972817452748615, 56.59347316741943, 56.56424671173096, 56.56200431187948, 41.14092788696289, 17.60645721435547, 12.914632994333903, 11.179927376906077]
[2023-03-21 20:09:32] [INFO] trainError:[0.9024833333333333, 0.9024833333333333, 0.9024833333333333, 0.9024833333333333, 0.19973333333333335, 0.08788333333333333, 0.062483333333333335, 0.052783333333333335]
[2023-03-21 20:09:38] [INFO] testError:[0.9026, 0.9026, 0.9026, 0.9026, 0.1944, 0.0853, 0.0598, 0.0495]
[2023-03-21 20:09:38] [INFO] epoch: 09 / 25
[2023-03-21 20:09:47] [INFO] 100/600 lossAver:10.780617561340332
[2023-03-21 20:09:56] [INFO] 200/600 lossAver:10.504416172504426
[2023-03-21 20:10:05] [INFO] 300/600 lossAver:10.373791224161783
[2023-03-21 20:10:13] [INFO] 400/600 lossAver:10.268987287282943
[2023-03-21 20:10:22] [INFO] 500/600 lossAver:10.178088114738465
[2023-03-21 20:10:31] [INFO] 600/600 lossAver:10.148669958114624
[2023-03-21 20:10:31] [INFO] lossList:[56.972817452748615, 56.59347316741943, 56.56424671173096, 56.56200431187948, 41.14092788696289, 17.60645721435547, 12.914632994333903, 11.179927376906077, 10.148669958114624]
[2023-03-21 20:11:10] [INFO] trainError:[0.9024833333333333, 0.9024833333333333, 0.9024833333333333, 0.9024833333333333, 0.19973333333333335, 0.08788333333333333, 0.062483333333333335, 0.052783333333333335, 0.04928333333333333]
[2023-03-21 20:11:16] [INFO] testError:[0.9026, 0.9026, 0.9026, 0.9026, 0.1944, 0.0853, 0.0598, 0.0495, 0.0499]
[2023-03-21 20:11:16] [INFO] epoch: 10 / 25
[2023-03-21 20:11:25] [INFO] 100/600 lossAver:9.71201265335083
[2023-03-21 20:11:34] [INFO] 200/600 lossAver:9.865319476127624
[2023-03-21 20:11:43] [INFO] 300/600 lossAver:9.839926958084106
[2023-03-21 20:11:52] [INFO] 400/600 lossAver:9.811318757534027
[2023-03-21 20:12:00] [INFO] 500/600 lossAver:9.790511162757873
[2023-03-21 20:12:09] [INFO] 600/600 lossAver:9.713998765150706
[2023-03-21 20:12:09] [INFO] lossList:[56.972817452748615, 56.59347316741943, 56.56424671173096, 56.56200431187948, 41.14092788696289, 17.60645721435547, 12.914632994333903, 11.179927376906077, 10.148669958114624, 9.713998765150706]
[2023-03-21 20:12:47] [INFO] trainError:[0.9024833333333333, 0.9024833333333333, 0.9024833333333333, 0.9024833333333333, 0.19973333333333335, 0.08788333333333333, 0.062483333333333335, 0.052783333333333335, 0.04928333333333333, 0.04705]
[2023-03-21 20:12:54] [INFO] testError:[0.9026, 0.9026, 0.9026, 0.9026, 0.1944, 0.0853, 0.0598, 0.0495, 0.0499, 0.0442]
[2023-03-21 20:12:54] [INFO] epoch: 11 / 25
[2023-03-21 20:13:03] [INFO] 100/600 lossAver:9.161371626853942
[2023-03-21 20:13:11] [INFO] 200/600 lossAver:9.209452447891236
[2023-03-21 20:13:20] [INFO] 300/600 lossAver:9.232113281885782
[2023-03-21 20:13:29] [INFO] 400/600 lossAver:9.22455402135849
[2023-03-21 20:13:37] [INFO] 500/600 lossAver:9.193699158668519
[2023-03-21 20:13:46] [INFO] 600/600 lossAver:9.17843667268753
[2023-03-21 20:13:46] [INFO] lossList:[56.972817452748615, 56.59347316741943, 56.56424671173096, 56.56200431187948, 41.14092788696289, 17.60645721435547, 12.914632994333903, 11.179927376906077, 10.148669958114624, 9.713998765150706, 9.17843667268753]
[2023-03-21 20:14:25] [INFO] trainError:[0.9024833333333333, 0.9024833333333333, 0.9024833333333333, 0.9024833333333333, 0.19973333333333335, 0.08788333333333333, 0.062483333333333335, 0.052783333333333335, 0.04928333333333333, 0.04705, 0.044983333333333334]
[2023-03-21 20:14:31] [INFO] testError:[0.9026, 0.9026, 0.9026, 0.9026, 0.1944, 0.0853, 0.0598, 0.0495, 0.0499, 0.0442, 0.0447]
[2023-03-21 20:14:31] [INFO] epoch: 12 / 25
[2023-03-21 20:14:40] [INFO] 100/600 lossAver:9.017908015251159
[2023-03-21 20:14:48] [INFO] 200/600 lossAver:9.00947127342224
[2023-03-21 20:14:57] [INFO] 300/600 lossAver:9.083057012557983
[2023-03-21 20:15:06] [INFO] 400/600 lossAver:9.038555427789689
[2023-03-21 20:15:14] [INFO] 500/600 lossAver:9.029515696525573
[2023-03-21 20:15:23] [INFO] 600/600 lossAver:9.051564800739289
[2023-03-21 20:15:23] [INFO] lossList:[56.972817452748615, 56.59347316741943, 56.56424671173096, 56.56200431187948, 41.14092788696289, 17.60645721435547, 12.914632994333903, 11.179927376906077, 10.148669958114624, 9.713998765150706, 9.17843667268753, 9.051564800739289]
[2023-03-21 20:16:01] [INFO] trainError:[0.9024833333333333, 0.9024833333333333, 0.9024833333333333, 0.9024833333333333, 0.19973333333333335, 0.08788333333333333, 0.062483333333333335, 0.052783333333333335, 0.04928333333333333, 0.04705, 0.044983333333333334, 0.044816666666666664]
[2023-03-21 20:16:08] [INFO] testError:[0.9026, 0.9026, 0.9026, 0.9026, 0.1944, 0.0853, 0.0598, 0.0495, 0.0499, 0.0442, 0.0447, 0.0427]
[2023-03-21 20:16:08] [INFO] epoch: 13 / 25
[2023-03-21 20:16:16] [INFO] 100/600 lossAver:8.8461594247818
[2023-03-21 20:16:25] [INFO] 200/600 lossAver:8.907932803630828
[2023-03-21 20:16:34] [INFO] 300/600 lossAver:8.854012185732524
[2023-03-21 20:16:42] [INFO] 400/600 lossAver:8.850367259979247
[2023-03-21 20:16:51] [INFO] 500/600 lossAver:8.887024022102356
[2023-03-21 20:17:00] [INFO] 600/600 lossAver:8.918117191791534
[2023-03-21 20:17:00] [INFO] lossList:[56.972817452748615, 56.59347316741943, 56.56424671173096, 56.56200431187948, 41.14092788696289, 17.60645721435547, 12.914632994333903, 11.179927376906077, 10.148669958114624, 9.713998765150706, 9.17843667268753, 9.051564800739289, 8.918117191791534]
[2023-03-21 20:17:39] [INFO] trainError:[0.9024833333333333, 0.9024833333333333, 0.9024833333333333, 0.9024833333333333, 0.19973333333333335, 0.08788333333333333, 0.062483333333333335, 0.052783333333333335, 0.04928333333333333, 0.04705, 0.044983333333333334, 0.044816666666666664, 0.043866666666666665]
[2023-03-21 20:17:45] [INFO] testError:[0.9026, 0.9026, 0.9026, 0.9026, 0.1944, 0.0853, 0.0598, 0.0495, 0.0499, 0.0442, 0.0447, 0.0427, 0.0425]
[2023-03-21 20:17:45] [INFO] epoch: 14 / 25
[2023-03-21 20:17:54] [INFO] 100/600 lossAver:8.989651293754578
[2023-03-21 20:18:03] [INFO] 200/600 lossAver:9.01659159898758
[2023-03-21 20:18:11] [INFO] 300/600 lossAver:8.885953907966615
[2023-03-21 20:18:20] [INFO] 400/600 lossAver:8.77543100476265
[2023-03-21 20:18:29] [INFO] 500/600 lossAver:8.763586265563966
[2023-03-21 20:18:38] [INFO] 600/600 lossAver:8.804291804631552
[2023-03-21 20:18:38] [INFO] lossList:[56.972817452748615, 56.59347316741943, 56.56424671173096, 56.56200431187948, 41.14092788696289, 17.60645721435547, 12.914632994333903, 11.179927376906077, 10.148669958114624, 9.713998765150706, 9.17843667268753, 9.051564800739289, 8.918117191791534, 8.804291804631552]
[2023-03-21 20:19:16] [INFO] trainError:[0.9024833333333333, 0.9024833333333333, 0.9024833333333333, 0.9024833333333333, 0.19973333333333335, 0.08788333333333333, 0.062483333333333335, 0.052783333333333335, 0.04928333333333333, 0.04705, 0.044983333333333334, 0.044816666666666664, 0.043866666666666665, 0.04373333333333333]
[2023-03-21 20:19:22] [INFO] testError:[0.9026, 0.9026, 0.9026, 0.9026, 0.1944, 0.0853, 0.0598, 0.0495, 0.0499, 0.0442, 0.0447, 0.0427, 0.0425, 0.0425]
[2023-03-21 20:19:22] [INFO] epoch: 15 / 25
[2023-03-21 20:19:31] [INFO] 100/600 lossAver:8.609225487709045
[2023-03-21 20:19:40] [INFO] 200/600 lossAver:8.611589004993439
[2023-03-21 20:19:49] [INFO] 300/600 lossAver:8.725776039759317
[2023-03-21 20:19:57] [INFO] 400/600 lossAver:8.727624708414078
[2023-03-21 20:20:06] [INFO] 500/600 lossAver:8.732241241455078
[2023-03-21 20:20:15] [INFO] 600/600 lossAver:8.70708827495575
[2023-03-21 20:20:15] [INFO] lossList:[56.972817452748615, 56.59347316741943, 56.56424671173096, 56.56200431187948, 41.14092788696289, 17.60645721435547, 12.914632994333903, 11.179927376906077, 10.148669958114624, 9.713998765150706, 9.17843667268753, 9.051564800739289, 8.918117191791534, 8.804291804631552, 8.70708827495575]
[2023-03-21 20:20:53] [INFO] trainError:[0.9024833333333333, 0.9024833333333333, 0.9024833333333333, 0.9024833333333333, 0.19973333333333335, 0.08788333333333333, 0.062483333333333335, 0.052783333333333335, 0.04928333333333333, 0.04705, 0.044983333333333334, 0.044816666666666664, 0.043866666666666665, 0.04373333333333333, 0.042383333333333335]
[2023-03-21 20:20:59] [INFO] testError:[0.9026, 0.9026, 0.9026, 0.9026, 0.1944, 0.0853, 0.0598, 0.0495, 0.0499, 0.0442, 0.0447, 0.0427, 0.0425, 0.0425, 0.0404]
[2023-03-21 20:20:59] [INFO] epoch: 16 / 25
[2023-03-21 20:21:08] [INFO] 100/600 lossAver:8.519357562065125
[2023-03-21 20:21:17] [INFO] 200/600 lossAver:8.491559424400329
[2023-03-21 20:21:25] [INFO] 300/600 lossAver:8.52093912601471
[2023-03-21 20:21:34] [INFO] 400/600 lossAver:8.510076485872268
[2023-03-21 20:21:43] [INFO] 500/600 lossAver:8.51993323993683
[2023-03-21 20:21:52] [INFO] 600/600 lossAver:8.493993655840557
[2023-03-21 20:21:52] [INFO] lossList:[56.972817452748615, 56.59347316741943, 56.56424671173096, 56.56200431187948, 41.14092788696289, 17.60645721435547, 12.914632994333903, 11.179927376906077, 10.148669958114624, 9.713998765150706, 9.17843667268753, 9.051564800739289, 8.918117191791534, 8.804291804631552, 8.70708827495575, 8.493993655840557]
[2023-03-21 20:22:30] [INFO] trainError:[0.9024833333333333, 0.9024833333333333, 0.9024833333333333, 0.9024833333333333, 0.19973333333333335, 0.08788333333333333, 0.062483333333333335, 0.052783333333333335, 0.04928333333333333, 0.04705, 0.044983333333333334, 0.044816666666666664, 0.043866666666666665, 0.04373333333333333, 0.042383333333333335, 0.040716666666666665]
[2023-03-21 20:22:36] [INFO] testError:[0.9026, 0.9026, 0.9026, 0.9026, 0.1944, 0.0853, 0.0598, 0.0495, 0.0499, 0.0442, 0.0447, 0.0427, 0.0425, 0.0425, 0.0404, 0.0398]
[2023-03-21 20:22:36] [INFO] epoch: 17 / 25
[2023-03-21 20:22:45] [INFO] 100/600 lossAver:8.483225913047791
[2023-03-21 20:22:54] [INFO] 200/600 lossAver:8.445893847942353
[2023-03-21 20:23:03] [INFO] 300/600 lossAver:8.464837997754415
[2023-03-21 20:23:12] [INFO] 400/600 lossAver:8.488842971324921
[2023-03-21 20:23:20] [INFO] 500/600 lossAver:8.486244121551513
[2023-03-21 20:23:29] [INFO] 600/600 lossAver:8.421583433945974
[2023-03-21 20:23:29] [INFO] lossList:[56.972817452748615, 56.59347316741943, 56.56424671173096, 56.56200431187948, 41.14092788696289, 17.60645721435547, 12.914632994333903, 11.179927376906077, 10.148669958114624, 9.713998765150706, 9.17843667268753, 9.051564800739289, 8.918117191791534, 8.804291804631552, 8.70708827495575, 8.493993655840557, 8.421583433945974]
[2023-03-21 20:24:07] [INFO] trainError:[0.9024833333333333, 0.9024833333333333, 0.9024833333333333, 0.9024833333333333, 0.19973333333333335, 0.08788333333333333, 0.062483333333333335, 0.052783333333333335, 0.04928333333333333, 0.04705, 0.044983333333333334, 0.044816666666666664, 0.043866666666666665, 0.04373333333333333, 0.042383333333333335, 0.040716666666666665, 0.041383333333333334]
[2023-03-21 20:24:14] [INFO] testError:[0.9026, 0.9026, 0.9026, 0.9026, 0.1944, 0.0853, 0.0598, 0.0495, 0.0499, 0.0442, 0.0447, 0.0427, 0.0425, 0.0425, 0.0404, 0.0398, 0.0406]
[2023-03-21 20:24:14] [INFO] epoch: 18 / 25
[2023-03-21 20:24:22] [INFO] 100/600 lossAver:8.35157883644104
[2023-03-21 20:24:31] [INFO] 200/600 lossAver:8.32887541294098
[2023-03-21 20:24:40] [INFO] 300/600 lossAver:8.295885623296101
[2023-03-21 20:24:48] [INFO] 400/600 lossAver:8.35640214920044
[2023-03-21 20:24:57] [INFO] 500/600 lossAver:8.380294771194459
[2023-03-21 20:25:06] [INFO] 600/600 lossAver:8.372468940416972
[2023-03-21 20:25:06] [INFO] lossList:[56.972817452748615, 56.59347316741943, 56.56424671173096, 56.56200431187948, 41.14092788696289, 17.60645721435547, 12.914632994333903, 11.179927376906077, 10.148669958114624, 9.713998765150706, 9.17843667268753, 9.051564800739289, 8.918117191791534, 8.804291804631552, 8.70708827495575, 8.493993655840557, 8.421583433945974, 8.372468940416972]
[2023-03-21 20:25:44] [INFO] trainError:[0.9024833333333333, 0.9024833333333333, 0.9024833333333333, 0.9024833333333333, 0.19973333333333335, 0.08788333333333333, 0.062483333333333335, 0.052783333333333335, 0.04928333333333333, 0.04705, 0.044983333333333334, 0.044816666666666664, 0.043866666666666665, 0.04373333333333333, 0.042383333333333335, 0.040716666666666665, 0.041383333333333334, 0.04056666666666667]
[2023-03-21 20:25:50] [INFO] testError:[0.9026, 0.9026, 0.9026, 0.9026, 0.1944, 0.0853, 0.0598, 0.0495, 0.0499, 0.0442, 0.0447, 0.0427, 0.0425, 0.0425, 0.0404, 0.0398, 0.0406, 0.0401]
[2023-03-21 20:25:50] [INFO] epoch: 19 / 25
[2023-03-21 20:25:59] [INFO] 100/600 lossAver:8.448823685646056
[2023-03-21 20:26:08] [INFO] 200/600 lossAver:8.405223150253295
[2023-03-21 20:26:17] [INFO] 300/600 lossAver:8.338072764078776
[2023-03-21 20:26:25] [INFO] 400/600 lossAver:8.324892228841781
[2023-03-21 20:26:34] [INFO] 500/600 lossAver:8.318821369171143
[2023-03-21 20:26:43] [INFO] 600/600 lossAver:8.328559422492981
[2023-03-21 20:26:43] [INFO] lossList:[56.972817452748615, 56.59347316741943, 56.56424671173096, 56.56200431187948, 41.14092788696289, 17.60645721435547, 12.914632994333903, 11.179927376906077, 10.148669958114624, 9.713998765150706, 9.17843667268753, 9.051564800739289, 8.918117191791534, 8.804291804631552, 8.70708827495575, 8.493993655840557, 8.421583433945974, 8.372468940416972, 8.328559422492981]
[2023-03-21 20:27:22] [INFO] trainError:[0.9024833333333333, 0.9024833333333333, 0.9024833333333333, 0.9024833333333333, 0.19973333333333335, 0.08788333333333333, 0.062483333333333335, 0.052783333333333335, 0.04928333333333333, 0.04705, 0.044983333333333334, 0.044816666666666664, 0.043866666666666665, 0.04373333333333333, 0.042383333333333335, 0.040716666666666665, 0.041383333333333334, 0.04056666666666667, 0.04006666666666667]
[2023-03-21 20:27:28] [INFO] testError:[0.9026, 0.9026, 0.9026, 0.9026, 0.1944, 0.0853, 0.0598, 0.0495, 0.0499, 0.0442, 0.0447, 0.0427, 0.0425, 0.0425, 0.0404, 0.0398, 0.0406, 0.0401, 0.0401]
[2023-03-21 20:27:28] [INFO] epoch: 20 / 25
[2023-03-21 20:27:37] [INFO] 100/600 lossAver:7.98750762462616
[2023-03-21 20:27:45] [INFO] 200/600 lossAver:8.086197073459624
[2023-03-21 20:27:54] [INFO] 300/600 lossAver:8.182469422022502
[2023-03-21 20:28:03] [INFO] 400/600 lossAver:8.2301926279068
[2023-03-21 20:28:12] [INFO] 500/600 lossAver:8.246547863006592
[2023-03-21 20:28:20] [INFO] 600/600 lossAver:8.26088520050049
[2023-03-21 20:28:20] [INFO] lossList:[56.972817452748615, 56.59347316741943, 56.56424671173096, 56.56200431187948, 41.14092788696289, 17.60645721435547, 12.914632994333903, 11.179927376906077, 10.148669958114624, 9.713998765150706, 9.17843667268753, 9.051564800739289, 8.918117191791534, 8.804291804631552, 8.70708827495575, 8.493993655840557, 8.421583433945974, 8.372468940416972, 8.328559422492981, 8.26088520050049]
[2023-03-21 20:28:58] [INFO] trainError:[0.9024833333333333, 0.9024833333333333, 0.9024833333333333, 0.9024833333333333, 0.19973333333333335, 0.08788333333333333, 0.062483333333333335, 0.052783333333333335, 0.04928333333333333, 0.04705, 0.044983333333333334, 0.044816666666666664, 0.043866666666666665, 0.04373333333333333, 0.042383333333333335, 0.040716666666666665, 0.041383333333333334, 0.04056666666666667, 0.04006666666666667, 0.0407]
[2023-03-21 20:29:05] [INFO] testError:[0.9026, 0.9026, 0.9026, 0.9026, 0.1944, 0.0853, 0.0598, 0.0495, 0.0499, 0.0442, 0.0447, 0.0427, 0.0425, 0.0425, 0.0404, 0.0398, 0.0406, 0.0401, 0.0401, 0.0406]
[2023-03-21 20:29:05] [INFO] epoch: 21 / 25
[2023-03-21 20:29:13] [INFO] 100/600 lossAver:8.274357109069824
[2023-03-21 20:29:22] [INFO] 200/600 lossAver:8.276348934173583
[2023-03-21 20:29:31] [INFO] 300/600 lossAver:8.27822842915853
[2023-03-21 20:29:40] [INFO] 400/600 lossAver:8.214586975574493
[2023-03-21 20:29:49] [INFO] 500/600 lossAver:8.240220854759217
[2023-03-21 20:29:57] [INFO] 600/600 lossAver:8.23101746559143
[2023-03-21 20:29:57] [INFO] lossList:[56.972817452748615, 56.59347316741943, 56.56424671173096, 56.56200431187948, 41.14092788696289, 17.60645721435547, 12.914632994333903, 11.179927376906077, 10.148669958114624, 9.713998765150706, 9.17843667268753, 9.051564800739289, 8.918117191791534, 8.804291804631552, 8.70708827495575, 8.493993655840557, 8.421583433945974, 8.372468940416972, 8.328559422492981, 8.26088520050049, 8.23101746559143]
[2023-03-21 20:30:36] [INFO] trainError:[0.9024833333333333, 0.9024833333333333, 0.9024833333333333, 0.9024833333333333, 0.19973333333333335, 0.08788333333333333, 0.062483333333333335, 0.052783333333333335, 0.04928333333333333, 0.04705, 0.044983333333333334, 0.044816666666666664, 0.043866666666666665, 0.04373333333333333, 0.042383333333333335, 0.040716666666666665, 0.041383333333333334, 0.04056666666666667, 0.04006666666666667, 0.0407, 0.03913333333333333]
[2023-03-21 20:30:42] [INFO] testError:[0.9026, 0.9026, 0.9026, 0.9026, 0.1944, 0.0853, 0.0598, 0.0495, 0.0499, 0.0442, 0.0447, 0.0427, 0.0425, 0.0425, 0.0404, 0.0398, 0.0406, 0.0401, 0.0401, 0.0406, 0.0385]
[2023-03-21 20:30:42] [INFO] epoch: 22 / 25
[2023-03-21 20:30:51] [INFO] 100/600 lossAver:8.127962803840637
[2023-03-21 20:31:00] [INFO] 200/600 lossAver:8.128575673103333
[2023-03-21 20:31:09] [INFO] 300/600 lossAver:8.210550106366476
[2023-03-21 20:31:17] [INFO] 400/600 lossAver:8.165704609155656
[2023-03-21 20:31:26] [INFO] 500/600 lossAver:8.161335166931153
[2023-03-21 20:31:35] [INFO] 600/600 lossAver:8.168687566121418
[2023-03-21 20:31:35] [INFO] lossList:[56.972817452748615, 56.59347316741943, 56.56424671173096, 56.56200431187948, 41.14092788696289, 17.60645721435547, 12.914632994333903, 11.179927376906077, 10.148669958114624, 9.713998765150706, 9.17843667268753, 9.051564800739289, 8.918117191791534, 8.804291804631552, 8.70708827495575, 8.493993655840557, 8.421583433945974, 8.372468940416972, 8.328559422492981, 8.26088520050049, 8.23101746559143, 8.168687566121418]
[2023-03-21 20:32:13] [INFO] trainError:[0.9024833333333333, 0.9024833333333333, 0.9024833333333333, 0.9024833333333333, 0.19973333333333335, 0.08788333333333333, 0.062483333333333335, 0.052783333333333335, 0.04928333333333333, 0.04705, 0.044983333333333334, 0.044816666666666664, 0.043866666666666665, 0.04373333333333333, 0.042383333333333335, 0.040716666666666665, 0.041383333333333334, 0.04056666666666667, 0.04006666666666667, 0.0407, 0.03913333333333333, 0.03986666666666667]
[2023-03-21 20:32:19] [INFO] testError:[0.9026, 0.9026, 0.9026, 0.9026, 0.1944, 0.0853, 0.0598, 0.0495, 0.0499, 0.0442, 0.0447, 0.0427, 0.0425, 0.0425, 0.0404, 0.0398, 0.0406, 0.0401, 0.0401, 0.0406, 0.0385, 0.0385]
[2023-03-21 20:32:19] [INFO] epoch: 23 / 25
[2023-03-21 20:32:28] [INFO] 100/600 lossAver:8.112860279083252
[2023-03-21 20:32:37] [INFO] 200/600 lossAver:8.040089302062988
[2023-03-21 20:32:46] [INFO] 300/600 lossAver:8.114753799438477
[2023-03-21 20:32:54] [INFO] 400/600 lossAver:8.127565478086472
[2023-03-21 20:33:03] [INFO] 500/600 lossAver:8.143478925704956
[2023-03-21 20:33:12] [INFO] 600/600 lossAver:8.117877046267191
[2023-03-21 20:33:12] [INFO] lossList:[56.972817452748615, 56.59347316741943, 56.56424671173096, 56.56200431187948, 41.14092788696289, 17.60645721435547, 12.914632994333903, 11.179927376906077, 10.148669958114624, 9.713998765150706, 9.17843667268753, 9.051564800739289, 8.918117191791534, 8.804291804631552, 8.70708827495575, 8.493993655840557, 8.421583433945974, 8.372468940416972, 8.328559422492981, 8.26088520050049, 8.23101746559143, 8.168687566121418, 8.117877046267191]
[2023-03-21 20:33:50] [INFO] trainError:[0.9024833333333333, 0.9024833333333333, 0.9024833333333333, 0.9024833333333333, 0.19973333333333335, 0.08788333333333333, 0.062483333333333335, 0.052783333333333335, 0.04928333333333333, 0.04705, 0.044983333333333334, 0.044816666666666664, 0.043866666666666665, 0.04373333333333333, 0.042383333333333335, 0.040716666666666665, 0.041383333333333334, 0.04056666666666667, 0.04006666666666667, 0.0407, 0.03913333333333333, 0.03986666666666667, 0.039516666666666665]
[2023-03-21 20:33:57] [INFO] testError:[0.9026, 0.9026, 0.9026, 0.9026, 0.1944, 0.0853, 0.0598, 0.0495, 0.0499, 0.0442, 0.0447, 0.0427, 0.0425, 0.0425, 0.0404, 0.0398, 0.0406, 0.0401, 0.0401, 0.0406, 0.0385, 0.0385, 0.038]
[2023-03-21 20:33:57] [INFO] epoch: 24 / 25
[2023-03-21 20:34:05] [INFO] 100/600 lossAver:7.973871493339539
[2023-03-21 20:34:14] [INFO] 200/600 lossAver:8.044188115596771
[2023-03-21 20:34:23] [INFO] 300/600 lossAver:8.07611854394277
[2023-03-21 20:34:32] [INFO] 400/600 lossAver:8.089756826162338
[2023-03-21 20:34:40] [INFO] 500/600 lossAver:8.078193353652955
[2023-03-21 20:34:49] [INFO] 600/600 lossAver:8.093220617771149
[2023-03-21 20:34:49] [INFO] lossList:[56.972817452748615, 56.59347316741943, 56.56424671173096, 56.56200431187948, 41.14092788696289, 17.60645721435547, 12.914632994333903, 11.179927376906077, 10.148669958114624, 9.713998765150706, 9.17843667268753, 9.051564800739289, 8.918117191791534, 8.804291804631552, 8.70708827495575, 8.493993655840557, 8.421583433945974, 8.372468940416972, 8.328559422492981, 8.26088520050049, 8.23101746559143, 8.168687566121418, 8.117877046267191, 8.093220617771149]
[2023-03-21 20:35:27] [INFO] trainError:[0.9024833333333333, 0.9024833333333333, 0.9024833333333333, 0.9024833333333333, 0.19973333333333335, 0.08788333333333333, 0.062483333333333335, 0.052783333333333335, 0.04928333333333333, 0.04705, 0.044983333333333334, 0.044816666666666664, 0.043866666666666665, 0.04373333333333333, 0.042383333333333335, 0.040716666666666665, 0.041383333333333334, 0.04056666666666667, 0.04006666666666667, 0.0407, 0.03913333333333333, 0.03986666666666667, 0.039516666666666665, 0.03883333333333333]
[2023-03-21 20:35:34] [INFO] testError:[0.9026, 0.9026, 0.9026, 0.9026, 0.1944, 0.0853, 0.0598, 0.0495, 0.0499, 0.0442, 0.0447, 0.0427, 0.0425, 0.0425, 0.0404, 0.0398, 0.0406, 0.0401, 0.0401, 0.0406, 0.0385, 0.0385, 0.038, 0.0383]
[2023-03-21 20:35:34] [INFO] epoch: 25 / 25
[2023-03-21 20:35:43] [INFO] 100/600 lossAver:8.065709547996521
[2023-03-21 20:35:52] [INFO] 200/600 lossAver:8.047453949451446
[2023-03-21 20:36:01] [INFO] 300/600 lossAver:8.068669848442077
[2023-03-21 20:36:09] [INFO] 400/600 lossAver:8.019055573940276
[2023-03-21 20:36:18] [INFO] 500/600 lossAver:8.015140739440918
[2023-03-21 20:36:27] [INFO] 600/600 lossAver:8.026226077079773
[2023-03-21 20:36:27] [INFO] lossList:[56.972817452748615, 56.59347316741943, 56.56424671173096, 56.56200431187948, 41.14092788696289, 17.60645721435547, 12.914632994333903, 11.179927376906077, 10.148669958114624, 9.713998765150706, 9.17843667268753, 9.051564800739289, 8.918117191791534, 8.804291804631552, 8.70708827495575, 8.493993655840557, 8.421583433945974, 8.372468940416972, 8.328559422492981, 8.26088520050049, 8.23101746559143, 8.168687566121418, 8.117877046267191, 8.093220617771149, 8.026226077079773]
[2023-03-21 20:37:05] [INFO] trainError:[0.9024833333333333, 0.9024833333333333, 0.9024833333333333, 0.9024833333333333, 0.19973333333333335, 0.08788333333333333, 0.062483333333333335, 0.052783333333333335, 0.04928333333333333, 0.04705, 0.044983333333333334, 0.044816666666666664, 0.043866666666666665, 0.04373333333333333, 0.042383333333333335, 0.040716666666666665, 0.041383333333333334, 0.04056666666666667, 0.04006666666666667, 0.0407, 0.03913333333333333, 0.03986666666666667, 0.039516666666666665, 0.03883333333333333, 0.03805]
[2023-03-21 20:37:12] [INFO] testError:[0.9026, 0.9026, 0.9026, 0.9026, 0.1944, 0.0853, 0.0598, 0.0495, 0.0499, 0.0442, 0.0447, 0.0427, 0.0425, 0.0425, 0.0404, 0.0398, 0.0406, 0.0401, 0.0401, 0.0406, 0.0385, 0.0385, 0.038, 0.0383, 0.0381]
