[2023-03-21 20:50:05] [INFO] epoch: 01 / 25
[2023-03-21 20:50:15] [INFO] 100/600 lossAver:58.891269760131834
[2023-03-21 20:50:25] [INFO] 200/600 lossAver:57.8260447883606
[2023-03-21 20:50:35] [INFO] 300/600 lossAver:57.40013895670573
[2023-03-21 20:50:44] [INFO] 400/600 lossAver:57.18055743217468
[2023-03-21 20:50:53] [INFO] 500/600 lossAver:57.05051308441162
[2023-03-21 20:51:03] [INFO] 600/600 lossAver:56.97646657307943
[2023-03-21 20:51:03] [INFO] lossList:[56.97646657307943]
[2023-03-21 20:51:43] [INFO] trainError:[0.8978166666666667]
[2023-03-21 20:51:50] [INFO] testError:[0.899]
[2023-03-21 20:51:50] [INFO] epoch: 02 / 25
[2023-03-21 20:51:59] [INFO] 100/600 lossAver:56.61702735900879
[2023-03-21 20:52:08] [INFO] 200/600 lossAver:56.5234210395813
[2023-03-21 20:52:18] [INFO] 300/600 lossAver:56.57345886230469
[2023-03-21 20:52:27] [INFO] 400/600 lossAver:56.589252634048464
[2023-03-21 20:52:36] [INFO] 500/600 lossAver:56.61597731018066
[2023-03-21 20:52:46] [INFO] 600/600 lossAver:56.61756560007731
[2023-03-21 20:52:46] [INFO] lossList:[56.97646657307943, 56.61756560007731]
[2023-03-21 20:53:26] [INFO] trainError:[0.8978166666666667, 0.9024833333333333]
[2023-03-21 20:53:33] [INFO] testError:[0.899, 0.9026]
[2023-03-21 20:53:33] [INFO] epoch: 03 / 25
[2023-03-21 20:53:42] [INFO] 100/600 lossAver:56.44036502838135
[2023-03-21 20:53:52] [INFO] 200/600 lossAver:56.52581422805786
[2023-03-21 20:54:02] [INFO] 300/600 lossAver:56.507754961649574
[2023-03-21 20:54:11] [INFO] 400/600 lossAver:56.482658252716064
[2023-03-21 20:54:20] [INFO] 500/600 lossAver:56.534276054382325
[2023-03-21 20:54:29] [INFO] 600/600 lossAver:56.58666751861572
[2023-03-21 20:54:29] [INFO] lossList:[56.97646657307943, 56.61756560007731, 56.58666751861572]
[2023-03-21 20:55:10] [INFO] trainError:[0.8978166666666667, 0.9024833333333333, 0.90965]
[2023-03-21 20:55:16] [INFO] testError:[0.899, 0.9026, 0.9108]
[2023-03-21 20:55:16] [INFO] epoch: 04 / 25
[2023-03-21 20:55:26] [INFO] 100/600 lossAver:56.55040138244629
[2023-03-21 20:55:35] [INFO] 200/600 lossAver:56.54242624282837
[2023-03-21 20:55:44] [INFO] 300/600 lossAver:56.555271492004394
[2023-03-21 20:55:54] [INFO] 400/600 lossAver:56.62108111381531
[2023-03-21 20:56:04] [INFO] 500/600 lossAver:56.58359622192383
[2023-03-21 20:56:13] [INFO] 600/600 lossAver:56.576030241648354
[2023-03-21 20:56:13] [INFO] lossList:[56.97646657307943, 56.61756560007731, 56.58666751861572, 56.576030241648354]
[2023-03-21 20:56:52] [INFO] trainError:[0.8978166666666667, 0.9024833333333333, 0.90965, 0.9024833333333333]
[2023-03-21 20:56:59] [INFO] testError:[0.899, 0.9026, 0.9108, 0.9026]
[2023-03-21 20:56:59] [INFO] epoch: 05 / 25
[2023-03-21 20:57:09] [INFO] 100/600 lossAver:56.6048539352417
[2023-03-21 20:57:19] [INFO] 200/600 lossAver:56.558810768127444
[2023-03-21 20:57:28] [INFO] 300/600 lossAver:56.59197784423828
[2023-03-21 20:57:37] [INFO] 400/600 lossAver:56.602503623962406
[2023-03-21 20:57:47] [INFO] 500/600 lossAver:56.27238306427002
[2023-03-21 20:57:56] [INFO] 600/600 lossAver:53.71641260147095
[2023-03-21 20:57:56] [INFO] lossList:[56.97646657307943, 56.61756560007731, 56.58666751861572, 56.576030241648354, 53.71641260147095]
[2023-03-21 20:58:36] [INFO] trainError:[0.8978166666666667, 0.9024833333333333, 0.90965, 0.9024833333333333, 0.37428333333333336]
[2023-03-21 20:58:43] [INFO] testError:[0.899, 0.9026, 0.9108, 0.9026, 0.3701]
[2023-03-21 20:58:43] [INFO] epoch: 06 / 25
[2023-03-21 20:58:53] [INFO] 100/600 lossAver:31.1524373626709
[2023-03-21 20:59:02] [INFO] 200/600 lossAver:28.874510583877562
[2023-03-21 20:59:11] [INFO] 300/600 lossAver:27.109318351745607
[2023-03-21 20:59:21] [INFO] 400/600 lossAver:25.602008862495424
[2023-03-21 20:59:31] [INFO] 500/600 lossAver:24.395372524261475
[2023-03-21 20:59:40] [INFO] 600/600 lossAver:23.25129383722941
[2023-03-21 20:59:40] [INFO] lossList:[56.97646657307943, 56.61756560007731, 56.58666751861572, 56.576030241648354, 53.71641260147095, 23.25129383722941]
[2023-03-21 21:00:20] [INFO] trainError:[0.8978166666666667, 0.9024833333333333, 0.90965, 0.9024833333333333, 0.37428333333333336, 0.1155]
[2023-03-21 21:00:27] [INFO] testError:[0.899, 0.9026, 0.9108, 0.9026, 0.3701, 0.1084]
[2023-03-21 21:00:27] [INFO] epoch: 07 / 25
[2023-03-21 21:00:36] [INFO] 100/600 lossAver:17.128684940338136
[2023-03-21 21:00:46] [INFO] 200/600 lossAver:16.79506202697754
[2023-03-21 21:00:55] [INFO] 300/600 lossAver:16.41986872990926
[2023-03-21 21:01:05] [INFO] 400/600 lossAver:16.17371013402939
[2023-03-21 21:01:14] [INFO] 500/600 lossAver:15.838840169906616
[2023-03-21 21:01:23] [INFO] 600/600 lossAver:15.58699692885081
[2023-03-21 21:01:23] [INFO] lossList:[56.97646657307943, 56.61756560007731, 56.58666751861572, 56.576030241648354, 53.71641260147095, 23.25129383722941, 15.58699692885081]
[2023-03-21 21:02:04] [INFO] trainError:[0.8978166666666667, 0.9024833333333333, 0.90965, 0.9024833333333333, 0.37428333333333336, 0.1155, 0.08726666666666667]
[2023-03-21 21:02:11] [INFO] testError:[0.899, 0.9026, 0.9108, 0.9026, 0.3701, 0.1084, 0.0826]
[2023-03-21 21:02:11] [INFO] epoch: 08 / 25
[2023-03-21 21:02:20] [INFO] 100/600 lossAver:13.68052399635315
[2023-03-21 21:02:30] [INFO] 200/600 lossAver:13.499444198608398
[2023-03-21 21:02:40] [INFO] 300/600 lossAver:13.026605889002482
[2023-03-21 21:02:50] [INFO] 400/600 lossAver:12.776564679145814
[2023-03-21 21:02:59] [INFO] 500/600 lossAver:12.579160822868348
[2023-03-21 21:03:08] [INFO] 600/600 lossAver:12.377945614655813
[2023-03-21 21:03:08] [INFO] lossList:[56.97646657307943, 56.61756560007731, 56.58666751861572, 56.576030241648354, 53.71641260147095, 23.25129383722941, 15.58699692885081, 12.377945614655813]
[2023-03-21 21:03:48] [INFO] trainError:[0.8978166666666667, 0.9024833333333333, 0.90965, 0.9024833333333333, 0.37428333333333336, 0.1155, 0.08726666666666667, 0.05951666666666667]
[2023-03-21 21:03:55] [INFO] testError:[0.899, 0.9026, 0.9108, 0.9026, 0.3701, 0.1084, 0.0826, 0.0554]
[2023-03-21 21:03:55] [INFO] epoch: 09 / 25
[2023-03-21 21:04:04] [INFO] 100/600 lossAver:10.988267045021058
[2023-03-21 21:04:14] [INFO] 200/600 lossAver:10.888221254348755
[2023-03-21 21:04:23] [INFO] 300/600 lossAver:10.74557481765747
[2023-03-21 21:04:33] [INFO] 400/600 lossAver:10.652201209068298
[2023-03-21 21:04:43] [INFO] 500/600 lossAver:10.522733675956726
[2023-03-21 21:04:52] [INFO] 600/600 lossAver:10.370067752202353
[2023-03-21 21:04:52] [INFO] lossList:[56.97646657307943, 56.61756560007731, 56.58666751861572, 56.576030241648354, 53.71641260147095, 23.25129383722941, 15.58699692885081, 12.377945614655813, 10.370067752202353]
[2023-03-21 21:05:32] [INFO] trainError:[0.8978166666666667, 0.9024833333333333, 0.90965, 0.9024833333333333, 0.37428333333333336, 0.1155, 0.08726666666666667, 0.05951666666666667, 0.05051666666666667]
[2023-03-21 21:05:39] [INFO] testError:[0.899, 0.9026, 0.9108, 0.9026, 0.3701, 0.1084, 0.0826, 0.0554, 0.0467]
[2023-03-21 21:05:39] [INFO] epoch: 10 / 25
[2023-03-21 21:05:49] [INFO] 100/600 lossAver:9.771020126342773
[2023-03-21 21:05:58] [INFO] 200/600 lossAver:9.64522753715515
[2023-03-21 21:06:08] [INFO] 300/600 lossAver:9.540264967282614
[2023-03-21 21:06:17] [INFO] 400/600 lossAver:9.49827631354332
[2023-03-21 21:06:27] [INFO] 500/600 lossAver:9.45902163028717
[2023-03-21 21:06:36] [INFO] 600/600 lossAver:9.408938442071278
[2023-03-21 21:06:36] [INFO] lossList:[56.97646657307943, 56.61756560007731, 56.58666751861572, 56.576030241648354, 53.71641260147095, 23.25129383722941, 15.58699692885081, 12.377945614655813, 10.370067752202353, 9.408938442071278]
[2023-03-21 21:07:16] [INFO] trainError:[0.8978166666666667, 0.9024833333333333, 0.90965, 0.9024833333333333, 0.37428333333333336, 0.1155, 0.08726666666666667, 0.05951666666666667, 0.05051666666666667, 0.04281666666666667]
[2023-03-21 21:07:23] [INFO] testError:[0.899, 0.9026, 0.9108, 0.9026, 0.3701, 0.1084, 0.0826, 0.0554, 0.0467, 0.0395]
[2023-03-21 21:07:23] [INFO] epoch: 11 / 25
[2023-03-21 21:07:32] [INFO] 100/600 lossAver:8.910602054595948
[2023-03-21 21:07:42] [INFO] 200/600 lossAver:8.997316637039184
[2023-03-21 21:07:51] [INFO] 300/600 lossAver:8.970862248738607
[2023-03-21 21:08:01] [INFO] 400/600 lossAver:8.926953694820405
[2023-03-21 21:08:10] [INFO] 500/600 lossAver:8.893977601051331
[2023-03-21 21:08:20] [INFO] 600/600 lossAver:8.821228380203246
[2023-03-21 21:08:20] [INFO] lossList:[56.97646657307943, 56.61756560007731, 56.58666751861572, 56.576030241648354, 53.71641260147095, 23.25129383722941, 15.58699692885081, 12.377945614655813, 10.370067752202353, 9.408938442071278, 8.821228380203246]
[2023-03-21 21:09:00] [INFO] trainError:[0.8978166666666667, 0.9024833333333333, 0.90965, 0.9024833333333333, 0.37428333333333336, 0.1155, 0.08726666666666667, 0.05951666666666667, 0.05051666666666667, 0.04281666666666667, 0.040433333333333335]
[2023-03-21 21:09:07] [INFO] testError:[0.899, 0.9026, 0.9108, 0.9026, 0.3701, 0.1084, 0.0826, 0.0554, 0.0467, 0.0395, 0.0386]
[2023-03-21 21:09:07] [INFO] epoch: 12 / 25
[2023-03-21 21:09:16] [INFO] 100/600 lossAver:8.517025880813598
[2023-03-21 21:09:26] [INFO] 200/600 lossAver:8.444402673244475
[2023-03-21 21:09:35] [INFO] 300/600 lossAver:8.415491363207499
[2023-03-21 21:09:45] [INFO] 400/600 lossAver:8.348092767000198
[2023-03-21 21:09:54] [INFO] 500/600 lossAver:8.285338836669922
[2023-03-21 21:10:04] [INFO] 600/600 lossAver:8.271417589187623
[2023-03-21 21:10:04] [INFO] lossList:[56.97646657307943, 56.61756560007731, 56.58666751861572, 56.576030241648354, 53.71641260147095, 23.25129383722941, 15.58699692885081, 12.377945614655813, 10.370067752202353, 9.408938442071278, 8.821228380203246, 8.271417589187623]
[2023-03-21 21:10:45] [INFO] trainError:[0.8978166666666667, 0.9024833333333333, 0.90965, 0.9024833333333333, 0.37428333333333336, 0.1155, 0.08726666666666667, 0.05951666666666667, 0.05051666666666667, 0.04281666666666667, 0.040433333333333335, 0.03695]
[2023-03-21 21:10:52] [INFO] testError:[0.899, 0.9026, 0.9108, 0.9026, 0.3701, 0.1084, 0.0826, 0.0554, 0.0467, 0.0395, 0.0386, 0.0345]
[2023-03-21 21:10:52] [INFO] epoch: 13 / 25
[2023-03-21 21:11:02] [INFO] 100/600 lossAver:7.855019373893738
[2023-03-21 21:11:11] [INFO] 200/600 lossAver:7.866644263267517
[2023-03-21 21:11:21] [INFO] 300/600 lossAver:7.919975091616313
[2023-03-21 21:11:31] [INFO] 400/600 lossAver:7.8660921394824985
[2023-03-21 21:11:40] [INFO] 500/600 lossAver:7.879303668022156
[2023-03-21 21:11:49] [INFO] 600/600 lossAver:7.87393177429835
[2023-03-21 21:11:49] [INFO] lossList:[56.97646657307943, 56.61756560007731, 56.58666751861572, 56.576030241648354, 53.71641260147095, 23.25129383722941, 15.58699692885081, 12.377945614655813, 10.370067752202353, 9.408938442071278, 8.821228380203246, 8.271417589187623, 7.87393177429835]
[2023-03-21 21:12:30] [INFO] trainError:[0.8978166666666667, 0.9024833333333333, 0.90965, 0.9024833333333333, 0.37428333333333336, 0.1155, 0.08726666666666667, 0.05951666666666667, 0.05051666666666667, 0.04281666666666667, 0.040433333333333335, 0.03695, 0.03911666666666667]
[2023-03-21 21:12:37] [INFO] testError:[0.899, 0.9026, 0.9108, 0.9026, 0.3701, 0.1084, 0.0826, 0.0554, 0.0467, 0.0395, 0.0386, 0.0345, 0.0358]
[2023-03-21 21:12:37] [INFO] epoch: 14 / 25
[2023-03-21 21:12:46] [INFO] 100/600 lossAver:7.522677536010742
[2023-03-21 21:12:55] [INFO] 200/600 lossAver:7.59629415512085
[2023-03-21 21:13:05] [INFO] 300/600 lossAver:7.606405800183614
[2023-03-21 21:13:14] [INFO] 400/600 lossAver:7.550764006376267
[2023-03-21 21:13:24] [INFO] 500/600 lossAver:7.577768106460571
[2023-03-21 21:13:33] [INFO] 600/600 lossAver:7.575168744723002
[2023-03-21 21:13:33] [INFO] lossList:[56.97646657307943, 56.61756560007731, 56.58666751861572, 56.576030241648354, 53.71641260147095, 23.25129383722941, 15.58699692885081, 12.377945614655813, 10.370067752202353, 9.408938442071278, 8.821228380203246, 8.271417589187623, 7.87393177429835, 7.575168744723002]
[2023-03-21 21:14:14] [INFO] trainError:[0.8978166666666667, 0.9024833333333333, 0.90965, 0.9024833333333333, 0.37428333333333336, 0.1155, 0.08726666666666667, 0.05951666666666667, 0.05051666666666667, 0.04281666666666667, 0.040433333333333335, 0.03695, 0.03911666666666667, 0.032966666666666665]
[2023-03-21 21:14:21] [INFO] testError:[0.899, 0.9026, 0.9108, 0.9026, 0.3701, 0.1084, 0.0826, 0.0554, 0.0467, 0.0395, 0.0386, 0.0345, 0.0358, 0.0308]
[2023-03-21 21:14:21] [INFO] epoch: 15 / 25
[2023-03-21 21:14:30] [INFO] 100/600 lossAver:7.409686772823334
[2023-03-21 21:14:40] [INFO] 200/600 lossAver:7.446480520963669
[2023-03-21 21:14:50] [INFO] 300/600 lossAver:7.440774363676707
[2023-03-21 21:14:59] [INFO] 400/600 lossAver:7.355977006554603
[2023-03-21 21:15:09] [INFO] 500/600 lossAver:7.305361463069916
[2023-03-21 21:15:18] [INFO] 600/600 lossAver:7.305396941105525
[2023-03-21 21:15:18] [INFO] lossList:[56.97646657307943, 56.61756560007731, 56.58666751861572, 56.576030241648354, 53.71641260147095, 23.25129383722941, 15.58699692885081, 12.377945614655813, 10.370067752202353, 9.408938442071278, 8.821228380203246, 8.271417589187623, 7.87393177429835, 7.575168744723002, 7.305396941105525]
[2023-03-21 21:15:59] [INFO] trainError:[0.8978166666666667, 0.9024833333333333, 0.90965, 0.9024833333333333, 0.37428333333333336, 0.1155, 0.08726666666666667, 0.05951666666666667, 0.05051666666666667, 0.04281666666666667, 0.040433333333333335, 0.03695, 0.03911666666666667, 0.032966666666666665, 0.03451666666666667]
[2023-03-21 21:16:06] [INFO] testError:[0.899, 0.9026, 0.9108, 0.9026, 0.3701, 0.1084, 0.0826, 0.0554, 0.0467, 0.0395, 0.0386, 0.0345, 0.0358, 0.0308, 0.0336]
[2023-03-21 21:16:06] [INFO] epoch: 16 / 25
[2023-03-21 21:16:15] [INFO] 100/600 lossAver:7.217757625579834
[2023-03-21 21:16:25] [INFO] 200/600 lossAver:7.205538930892945
[2023-03-21 21:16:34] [INFO] 300/600 lossAver:7.11828271706899
[2023-03-21 21:16:44] [INFO] 400/600 lossAver:7.107166377305984
[2023-03-21 21:16:53] [INFO] 500/600 lossAver:7.12851268863678
[2023-03-21 21:17:02] [INFO] 600/600 lossAver:7.111700189908346
[2023-03-21 21:17:02] [INFO] lossList:[56.97646657307943, 56.61756560007731, 56.58666751861572, 56.576030241648354, 53.71641260147095, 23.25129383722941, 15.58699692885081, 12.377945614655813, 10.370067752202353, 9.408938442071278, 8.821228380203246, 8.271417589187623, 7.87393177429835, 7.575168744723002, 7.305396941105525, 7.111700189908346]
[2023-03-21 21:17:42] [INFO] trainError:[0.8978166666666667, 0.9024833333333333, 0.90965, 0.9024833333333333, 0.37428333333333336, 0.1155, 0.08726666666666667, 0.05951666666666667, 0.05051666666666667, 0.04281666666666667, 0.040433333333333335, 0.03695, 0.03911666666666667, 0.032966666666666665, 0.03451666666666667, 0.031166666666666665]
[2023-03-21 21:17:49] [INFO] testError:[0.899, 0.9026, 0.9108, 0.9026, 0.3701, 0.1084, 0.0826, 0.0554, 0.0467, 0.0395, 0.0386, 0.0345, 0.0358, 0.0308, 0.0336, 0.0306]
[2023-03-21 21:17:49] [INFO] epoch: 17 / 25
[2023-03-21 21:17:59] [INFO] 100/600 lossAver:6.965479769706726
[2023-03-21 21:18:08] [INFO] 200/600 lossAver:7.0127838253974915
[2023-03-21 21:18:18] [INFO] 300/600 lossAver:6.965786911646525
[2023-03-21 21:18:27] [INFO] 400/600 lossAver:6.997557785511017
[2023-03-21 21:18:37] [INFO] 500/600 lossAver:6.989863843917846
[2023-03-21 21:18:46] [INFO] 600/600 lossAver:6.983333818912506
[2023-03-21 21:18:46] [INFO] lossList:[56.97646657307943, 56.61756560007731, 56.58666751861572, 56.576030241648354, 53.71641260147095, 23.25129383722941, 15.58699692885081, 12.377945614655813, 10.370067752202353, 9.408938442071278, 8.821228380203246, 8.271417589187623, 7.87393177429835, 7.575168744723002, 7.305396941105525, 7.111700189908346, 6.983333818912506]
[2023-03-21 21:19:27] [INFO] trainError:[0.8978166666666667, 0.9024833333333333, 0.90965, 0.9024833333333333, 0.37428333333333336, 0.1155, 0.08726666666666667, 0.05951666666666667, 0.05051666666666667, 0.04281666666666667, 0.040433333333333335, 0.03695, 0.03911666666666667, 0.032966666666666665, 0.03451666666666667, 0.031166666666666665, 0.029733333333333334]
[2023-03-21 21:19:34] [INFO] testError:[0.899, 0.9026, 0.9108, 0.9026, 0.3701, 0.1084, 0.0826, 0.0554, 0.0467, 0.0395, 0.0386, 0.0345, 0.0358, 0.0308, 0.0336, 0.0306, 0.0289]
[2023-03-21 21:19:34] [INFO] epoch: 18 / 25
[2023-03-21 21:19:44] [INFO] 100/600 lossAver:6.847087395191193
[2023-03-21 21:19:53] [INFO] 200/600 lossAver:6.825756727457047
[2023-03-21 21:20:03] [INFO] 300/600 lossAver:6.75632832924525
[2023-03-21 21:20:13] [INFO] 400/600 lossAver:6.796678416132927
[2023-03-21 21:20:22] [INFO] 500/600 lossAver:6.762149056911468
[2023-03-21 21:20:31] [INFO] 600/600 lossAver:6.824943869511286
[2023-03-21 21:20:31] [INFO] lossList:[56.97646657307943, 56.61756560007731, 56.58666751861572, 56.576030241648354, 53.71641260147095, 23.25129383722941, 15.58699692885081, 12.377945614655813, 10.370067752202353, 9.408938442071278, 8.821228380203246, 8.271417589187623, 7.87393177429835, 7.575168744723002, 7.305396941105525, 7.111700189908346, 6.983333818912506, 6.824943869511286]
[2023-03-21 21:21:12] [INFO] trainError:[0.8978166666666667, 0.9024833333333333, 0.90965, 0.9024833333333333, 0.37428333333333336, 0.1155, 0.08726666666666667, 0.05951666666666667, 0.05051666666666667, 0.04281666666666667, 0.040433333333333335, 0.03695, 0.03911666666666667, 0.032966666666666665, 0.03451666666666667, 0.031166666666666665, 0.029733333333333334, 0.03216666666666667]
[2023-03-21 21:21:18] [INFO] testError:[0.899, 0.9026, 0.9108, 0.9026, 0.3701, 0.1084, 0.0826, 0.0554, 0.0467, 0.0395, 0.0386, 0.0345, 0.0358, 0.0308, 0.0336, 0.0306, 0.0289, 0.031]
[2023-03-21 21:21:18] [INFO] epoch: 19 / 25
[2023-03-21 21:21:28] [INFO] 100/600 lossAver:6.739977207183838
[2023-03-21 21:21:38] [INFO] 200/600 lossAver:6.757003078460693
[2023-03-21 21:21:48] [INFO] 300/600 lossAver:6.732784427007039
[2023-03-21 21:21:57] [INFO] 400/600 lossAver:6.7270608282089235
[2023-03-21 21:22:07] [INFO] 500/600 lossAver:6.699227475166321
[2023-03-21 21:22:16] [INFO] 600/600 lossAver:6.685423828760783
[2023-03-21 21:22:16] [INFO] lossList:[56.97646657307943, 56.61756560007731, 56.58666751861572, 56.576030241648354, 53.71641260147095, 23.25129383722941, 15.58699692885081, 12.377945614655813, 10.370067752202353, 9.408938442071278, 8.821228380203246, 8.271417589187623, 7.87393177429835, 7.575168744723002, 7.305396941105525, 7.111700189908346, 6.983333818912506, 6.824943869511286, 6.685423828760783]
[2023-03-21 21:22:57] [INFO] trainError:[0.8978166666666667, 0.9024833333333333, 0.90965, 0.9024833333333333, 0.37428333333333336, 0.1155, 0.08726666666666667, 0.05951666666666667, 0.05051666666666667, 0.04281666666666667, 0.040433333333333335, 0.03695, 0.03911666666666667, 0.032966666666666665, 0.03451666666666667, 0.031166666666666665, 0.029733333333333334, 0.03216666666666667, 0.028616666666666665]
[2023-03-21 21:23:03] [INFO] testError:[0.899, 0.9026, 0.9108, 0.9026, 0.3701, 0.1084, 0.0826, 0.0554, 0.0467, 0.0395, 0.0386, 0.0345, 0.0358, 0.0308, 0.0336, 0.0306, 0.0289, 0.031, 0.0275]
[2023-03-21 21:23:03] [INFO] epoch: 20 / 25
[2023-03-21 21:23:12] [INFO] 100/600 lossAver:6.634901027679444
[2023-03-21 21:23:21] [INFO] 200/600 lossAver:6.671217942237854
[2023-03-21 21:23:30] [INFO] 300/600 lossAver:6.646175983746846
[2023-03-21 21:23:39] [INFO] 400/600 lossAver:6.617357057332993
[2023-03-21 21:23:48] [INFO] 500/600 lossAver:6.579331789970398
[2023-03-21 21:23:56] [INFO] 600/600 lossAver:6.577963787714641
[2023-03-21 21:23:56] [INFO] lossList:[56.97646657307943, 56.61756560007731, 56.58666751861572, 56.576030241648354, 53.71641260147095, 23.25129383722941, 15.58699692885081, 12.377945614655813, 10.370067752202353, 9.408938442071278, 8.821228380203246, 8.271417589187623, 7.87393177429835, 7.575168744723002, 7.305396941105525, 7.111700189908346, 6.983333818912506, 6.824943869511286, 6.685423828760783, 6.577963787714641]
[2023-03-21 21:24:36] [INFO] trainError:[0.8978166666666667, 0.9024833333333333, 0.90965, 0.9024833333333333, 0.37428333333333336, 0.1155, 0.08726666666666667, 0.05951666666666667, 0.05051666666666667, 0.04281666666666667, 0.040433333333333335, 0.03695, 0.03911666666666667, 0.032966666666666665, 0.03451666666666667, 0.031166666666666665, 0.029733333333333334, 0.03216666666666667, 0.028616666666666665, 0.027933333333333334]
[2023-03-21 21:24:42] [INFO] testError:[0.899, 0.9026, 0.9108, 0.9026, 0.3701, 0.1084, 0.0826, 0.0554, 0.0467, 0.0395, 0.0386, 0.0345, 0.0358, 0.0308, 0.0336, 0.0306, 0.0289, 0.031, 0.0275, 0.0272]
[2023-03-21 21:24:42] [INFO] epoch: 21 / 25
[2023-03-21 21:24:51] [INFO] 100/600 lossAver:6.603203959465027
[2023-03-21 21:25:00] [INFO] 200/600 lossAver:6.498695862293244
[2023-03-21 21:25:09] [INFO] 300/600 lossAver:6.447862456639608
[2023-03-21 21:25:18] [INFO] 400/600 lossAver:6.4032506597042085
[2023-03-21 21:25:27] [INFO] 500/600 lossAver:6.45455114030838
[2023-03-21 21:25:36] [INFO] 600/600 lossAver:6.449561163981755
[2023-03-21 21:25:36] [INFO] lossList:[56.97646657307943, 56.61756560007731, 56.58666751861572, 56.576030241648354, 53.71641260147095, 23.25129383722941, 15.58699692885081, 12.377945614655813, 10.370067752202353, 9.408938442071278, 8.821228380203246, 8.271417589187623, 7.87393177429835, 7.575168744723002, 7.305396941105525, 7.111700189908346, 6.983333818912506, 6.824943869511286, 6.685423828760783, 6.577963787714641, 6.449561163981755]
[2023-03-21 21:26:16] [INFO] trainError:[0.8978166666666667, 0.9024833333333333, 0.90965, 0.9024833333333333, 0.37428333333333336, 0.1155, 0.08726666666666667, 0.05951666666666667, 0.05051666666666667, 0.04281666666666667, 0.040433333333333335, 0.03695, 0.03911666666666667, 0.032966666666666665, 0.03451666666666667, 0.031166666666666665, 0.029733333333333334, 0.03216666666666667, 0.028616666666666665, 0.027933333333333334, 0.027433333333333334]
[2023-03-21 21:26:22] [INFO] testError:[0.899, 0.9026, 0.9108, 0.9026, 0.3701, 0.1084, 0.0826, 0.0554, 0.0467, 0.0395, 0.0386, 0.0345, 0.0358, 0.0308, 0.0336, 0.0306, 0.0289, 0.031, 0.0275, 0.0272, 0.0275]
[2023-03-21 21:26:22] [INFO] epoch: 22 / 25
[2023-03-21 21:26:31] [INFO] 100/600 lossAver:6.508493585586548
[2023-03-21 21:26:40] [INFO] 200/600 lossAver:6.460308961868286
[2023-03-21 21:26:49] [INFO] 300/600 lossAver:6.3631414063771565
[2023-03-21 21:26:58] [INFO] 400/600 lossAver:6.376466673612595
[2023-03-21 21:27:06] [INFO] 500/600 lossAver:6.3763471069335935
[2023-03-21 21:27:16] [INFO] 600/600 lossAver:6.38174130598704
[2023-03-21 21:27:16] [INFO] lossList:[56.97646657307943, 56.61756560007731, 56.58666751861572, 56.576030241648354, 53.71641260147095, 23.25129383722941, 15.58699692885081, 12.377945614655813, 10.370067752202353, 9.408938442071278, 8.821228380203246, 8.271417589187623, 7.87393177429835, 7.575168744723002, 7.305396941105525, 7.111700189908346, 6.983333818912506, 6.824943869511286, 6.685423828760783, 6.577963787714641, 6.449561163981755, 6.38174130598704]
[2023-03-21 21:27:55] [INFO] trainError:[0.8978166666666667, 0.9024833333333333, 0.90965, 0.9024833333333333, 0.37428333333333336, 0.1155, 0.08726666666666667, 0.05951666666666667, 0.05051666666666667, 0.04281666666666667, 0.040433333333333335, 0.03695, 0.03911666666666667, 0.032966666666666665, 0.03451666666666667, 0.031166666666666665, 0.029733333333333334, 0.03216666666666667, 0.028616666666666665, 0.027933333333333334, 0.027433333333333334, 0.0268]
[2023-03-21 21:28:01] [INFO] testError:[0.899, 0.9026, 0.9108, 0.9026, 0.3701, 0.1084, 0.0826, 0.0554, 0.0467, 0.0395, 0.0386, 0.0345, 0.0358, 0.0308, 0.0336, 0.0306, 0.0289, 0.031, 0.0275, 0.0272, 0.0275, 0.0268]
[2023-03-21 21:28:01] [INFO] epoch: 23 / 25
[2023-03-21 21:28:10] [INFO] 100/600 lossAver:6.263875555992127
[2023-03-21 21:28:19] [INFO] 200/600 lossAver:6.386424970626831
[2023-03-21 21:28:28] [INFO] 300/600 lossAver:6.3972892649968465
[2023-03-21 21:28:38] [INFO] 400/600 lossAver:6.34116919875145
[2023-03-21 21:28:47] [INFO] 500/600 lossAver:6.327404584407806
[2023-03-21 21:28:56] [INFO] 600/600 lossAver:6.308017504612605
[2023-03-21 21:28:56] [INFO] lossList:[56.97646657307943, 56.61756560007731, 56.58666751861572, 56.576030241648354, 53.71641260147095, 23.25129383722941, 15.58699692885081, 12.377945614655813, 10.370067752202353, 9.408938442071278, 8.821228380203246, 8.271417589187623, 7.87393177429835, 7.575168744723002, 7.305396941105525, 7.111700189908346, 6.983333818912506, 6.824943869511286, 6.685423828760783, 6.577963787714641, 6.449561163981755, 6.38174130598704, 6.308017504612605]
[2023-03-21 21:29:35] [INFO] trainError:[0.8978166666666667, 0.9024833333333333, 0.90965, 0.9024833333333333, 0.37428333333333336, 0.1155, 0.08726666666666667, 0.05951666666666667, 0.05051666666666667, 0.04281666666666667, 0.040433333333333335, 0.03695, 0.03911666666666667, 0.032966666666666665, 0.03451666666666667, 0.031166666666666665, 0.029733333333333334, 0.03216666666666667, 0.028616666666666665, 0.027933333333333334, 0.027433333333333334, 0.0268, 0.02625]
[2023-03-21 21:29:42] [INFO] testError:[0.899, 0.9026, 0.9108, 0.9026, 0.3701, 0.1084, 0.0826, 0.0554, 0.0467, 0.0395, 0.0386, 0.0345, 0.0358, 0.0308, 0.0336, 0.0306, 0.0289, 0.031, 0.0275, 0.0272, 0.0275, 0.0268, 0.0258]
[2023-03-21 21:29:42] [INFO] epoch: 24 / 25
[2023-03-21 21:29:51] [INFO] 100/600 lossAver:6.119262928962708
[2023-03-21 21:30:00] [INFO] 200/600 lossAver:6.199764132499695
[2023-03-21 21:30:08] [INFO] 300/600 lossAver:6.174030344486237
[2023-03-21 21:30:18] [INFO] 400/600 lossAver:6.158908832669258
[2023-03-21 21:30:27] [INFO] 500/600 lossAver:6.191940013885498
[2023-03-21 21:30:36] [INFO] 600/600 lossAver:6.213498312632243
[2023-03-21 21:30:36] [INFO] lossList:[56.97646657307943, 56.61756560007731, 56.58666751861572, 56.576030241648354, 53.71641260147095, 23.25129383722941, 15.58699692885081, 12.377945614655813, 10.370067752202353, 9.408938442071278, 8.821228380203246, 8.271417589187623, 7.87393177429835, 7.575168744723002, 7.305396941105525, 7.111700189908346, 6.983333818912506, 6.824943869511286, 6.685423828760783, 6.577963787714641, 6.449561163981755, 6.38174130598704, 6.308017504612605, 6.213498312632243]
[2023-03-21 21:31:15] [INFO] trainError:[0.8978166666666667, 0.9024833333333333, 0.90965, 0.9024833333333333, 0.37428333333333336, 0.1155, 0.08726666666666667, 0.05951666666666667, 0.05051666666666667, 0.04281666666666667, 0.040433333333333335, 0.03695, 0.03911666666666667, 0.032966666666666665, 0.03451666666666667, 0.031166666666666665, 0.029733333333333334, 0.03216666666666667, 0.028616666666666665, 0.027933333333333334, 0.027433333333333334, 0.0268, 0.02625, 0.025666666666666667]
[2023-03-21 21:31:22] [INFO] testError:[0.899, 0.9026, 0.9108, 0.9026, 0.3701, 0.1084, 0.0826, 0.0554, 0.0467, 0.0395, 0.0386, 0.0345, 0.0358, 0.0308, 0.0336, 0.0306, 0.0289, 0.031, 0.0275, 0.0272, 0.0275, 0.0268, 0.0258, 0.0262]
[2023-03-21 21:31:22] [INFO] epoch: 25 / 25
[2023-03-21 21:31:30] [INFO] 100/600 lossAver:6.217023174762726
[2023-03-21 21:31:39] [INFO] 200/600 lossAver:6.155810806751251
[2023-03-21 21:31:48] [INFO] 300/600 lossAver:6.150865791638692
[2023-03-21 21:31:57] [INFO] 400/600 lossAver:6.111396625638008
[2023-03-21 21:32:06] [INFO] 500/600 lossAver:6.13115410900116
[2023-03-21 21:32:15] [INFO] 600/600 lossAver:6.156205496788025
[2023-03-21 21:32:15] [INFO] lossList:[56.97646657307943, 56.61756560007731, 56.58666751861572, 56.576030241648354, 53.71641260147095, 23.25129383722941, 15.58699692885081, 12.377945614655813, 10.370067752202353, 9.408938442071278, 8.821228380203246, 8.271417589187623, 7.87393177429835, 7.575168744723002, 7.305396941105525, 7.111700189908346, 6.983333818912506, 6.824943869511286, 6.685423828760783, 6.577963787714641, 6.449561163981755, 6.38174130598704, 6.308017504612605, 6.213498312632243, 6.156205496788025]
[2023-03-21 21:32:54] [INFO] trainError:[0.8978166666666667, 0.9024833333333333, 0.90965, 0.9024833333333333, 0.37428333333333336, 0.1155, 0.08726666666666667, 0.05951666666666667, 0.05051666666666667, 0.04281666666666667, 0.040433333333333335, 0.03695, 0.03911666666666667, 0.032966666666666665, 0.03451666666666667, 0.031166666666666665, 0.029733333333333334, 0.03216666666666667, 0.028616666666666665, 0.027933333333333334, 0.027433333333333334, 0.0268, 0.02625, 0.025666666666666667, 0.025933333333333333]
[2023-03-21 21:33:01] [INFO] testError:[0.899, 0.9026, 0.9108, 0.9026, 0.3701, 0.1084, 0.0826, 0.0554, 0.0467, 0.0395, 0.0386, 0.0345, 0.0358, 0.0308, 0.0336, 0.0306, 0.0289, 0.031, 0.0275, 0.0272, 0.0275, 0.0268, 0.0258, 0.0262, 0.026]
