[2023-03-16 12:58:24] [INFO] lossAver:0.07871594909128422
[2023-03-16 12:59:08] [INFO] lossAver:0.06482435032030723
[2023-03-16 12:59:53] [INFO] lossAver:0.05867419637417576
[2023-03-16 13:00:38] [INFO] lossAver:0.05480377424383914
[2023-03-16 13:01:24] [INFO] lossAver:0.05125599684637855
[2023-03-16 13:02:09] [INFO] lossAver:0.04785985939505513
[2023-03-16 13:02:53] [INFO] lossAver:0.04485855928094368
[2023-03-16 13:03:36] [INFO] lossAver:0.042316361158182186
[2023-03-16 13:04:18] [INFO] lossAver:0.04010234456791767
[2023-03-16 13:05:02] [INFO] lossAver:0.03815159928853876
[2023-03-16 13:05:02] [INFO] lossList:[0.03815159928853876]
[2023-03-16 13:06:08] [INFO] testError:[0.0633]
[2023-03-16 13:06:52] [INFO] lossAver:0.01905533799242888
[2023-03-16 13:07:35] [INFO] lossAver:0.01808298616129226
[2023-03-16 13:08:18] [INFO] lossAver:0.017457671244090308
[2023-03-16 13:09:01] [INFO] lossAver:0.017218633571170358
[2023-03-16 13:09:46] [INFO] lossAver:0.01671675615853504
[2023-03-16 13:10:29] [INFO] lossAver:0.01650986693765703
[2023-03-16 13:11:11] [INFO] lossAver:0.016132376246461976
[2023-03-16 13:11:57] [INFO] lossAver:0.015881712611638857
[2023-03-16 13:12:41] [INFO] lossAver:0.015536522538303366
[2023-03-16 13:13:26] [INFO] lossAver:0.015227243607574444
[2023-03-16 13:13:26] [INFO] lossList:[0.03815159928853876, 0.015227243607574444]
[2023-03-16 13:14:33] [INFO] testError:[0.0633, 0.0498]
[2023-03-16 13:15:19] [INFO] lossAver:0.011883859702957125
[2023-03-16 13:16:04] [INFO] lossAver:0.011863358724425779
[2023-03-16 13:16:51] [INFO] lossAver:0.011690310379029446
[2023-03-16 13:17:36] [INFO] lossAver:0.011485718927825777
[2023-03-16 13:18:20] [INFO] lossAver:0.011330759070550023
[2023-03-16 13:19:03] [INFO] lossAver:0.011228005478372426
[2023-03-16 13:19:50] [INFO] lossAver:0.011101165518916137
[2023-03-16 13:20:30] [INFO] lossAver:0.011046987671587127
[2023-03-16 13:21:13] [INFO] lossAver:0.010927347346934969
[2023-03-16 13:21:59] [INFO] lossAver:0.01083825371632532
[2023-03-16 13:21:59] [INFO] lossList:[0.03815159928853876, 0.015227243607574444, 0.01083825371632532]
[2023-03-16 13:23:05] [INFO] testError:[0.0633, 0.0498, 0.0393]
[2023-03-16 13:23:49] [INFO] lossAver:0.009168145627447302
[2023-03-16 13:24:33] [INFO] lossAver:0.009006022381513504
[2023-03-16 13:25:15] [INFO] lossAver:0.00907271553901046
[2023-03-16 13:26:02] [INFO] lossAver:0.008939960792669354
[2023-03-16 13:26:45] [INFO] lossAver:0.008842622340618618
[2023-03-16 13:27:31] [INFO] lossAver:0.008715199805249438
[2023-03-16 13:28:17] [INFO] lossAver:0.008650010838519285
[2023-03-16 13:29:03] [INFO] lossAver:0.00852444741069659
[2023-03-16 13:29:46] [INFO] lossAver:0.008481412767793127
[2023-03-16 13:30:30] [INFO] lossAver:0.008454013741244732
[2023-03-16 13:30:30] [INFO] lossList:[0.03815159928853876, 0.015227243607574444, 0.01083825371632532, 0.008454013741244732]
[2023-03-16 13:31:36] [INFO] testError:[0.0633, 0.0498, 0.0393, 0.0346]
[2023-03-16 13:32:17] [INFO] lossAver:0.007765899618157467
[2023-03-16 13:32:59] [INFO] lossAver:0.007936176410706746
[2023-03-16 13:33:45] [INFO] lossAver:0.007934873567472703
[2023-03-16 13:34:29] [INFO] lossAver:0.007875979077071407
[2023-03-16 13:35:14] [INFO] lossAver:0.007816787223797292
[2023-03-16 13:36:03] [INFO] lossAver:0.007806454853076805
[2023-03-16 13:36:49] [INFO] lossAver:0.0077687526377542655
[2023-03-16 13:37:40] [INFO] lossAver:0.007818624293989994
[2023-03-16 13:38:22] [INFO] lossAver:0.007753801774465939
[2023-03-16 13:39:03] [INFO] lossAver:0.007778105960732804
[2023-03-16 13:39:03] [INFO] lossList:[0.03815159928853876, 0.015227243607574444, 0.01083825371632532, 0.008454013741244732, 0.007778105960732804]
[2023-03-16 13:40:10] [INFO] testError:[0.0633, 0.0498, 0.0393, 0.0346, 0.0337]
[2023-03-16 13:40:55] [INFO] lossAver:0.007166042056900551
[2023-03-16 13:41:35] [INFO] lossAver:0.007142104771634574
[2023-03-16 13:42:18] [INFO] lossAver:0.007203970612587606
[2023-03-16 13:43:04] [INFO] lossAver:0.007251292590630934
[2023-03-16 13:43:46] [INFO] lossAver:0.007316938625651528
[2023-03-16 13:44:31] [INFO] lossAver:0.007277747842197237
[2023-03-16 13:45:14] [INFO] lossAver:0.007221473383568428
[2023-03-16 13:45:58] [INFO] lossAver:0.007254332816221752
[2023-03-16 13:46:42] [INFO] lossAver:0.007260934960494221
[2023-03-16 13:47:23] [INFO] lossAver:0.007258481940838525
[2023-03-16 13:47:23] [INFO] lossList:[0.03815159928853876, 0.015227243607574444, 0.01083825371632532, 0.008454013741244732, 0.007778105960732804, 0.007258481940838525]
[2023-03-16 13:48:30] [INFO] testError:[0.0633, 0.0498, 0.0393, 0.0346, 0.0337, 0.0321]
[2023-03-16 13:49:14] [INFO] lossAver:0.007270461927924771
[2023-03-16 13:49:57] [INFO] lossAver:0.007075679347889188
[2023-03-16 13:50:39] [INFO] lossAver:0.007038789833838059
[2023-03-16 13:51:20] [INFO] lossAver:0.00709099359183665
[2023-03-16 13:52:02] [INFO] lossAver:0.0071619780529459
[2023-03-16 13:52:45] [INFO] lossAver:0.00709562130321198
[2023-03-16 13:53:27] [INFO] lossAver:0.007053840577302427
[2023-03-16 13:54:11] [INFO] lossAver:0.006963566528909344
[2023-03-16 13:54:53] [INFO] lossAver:0.006912816669299327
[2023-03-16 13:55:38] [INFO] lossAver:0.006835219953008466
[2023-03-16 13:55:38] [INFO] lossList:[0.03815159928853876, 0.015227243607574444, 0.01083825371632532, 0.008454013741244732, 0.007778105960732804, 0.007258481940838525, 0.006835219953008466]
[2023-03-16 13:56:44] [INFO] testError:[0.0633, 0.0498, 0.0393, 0.0346, 0.0337, 0.0321, 0.0321]
[2023-03-16 13:57:30] [INFO] lossAver:0.0069913059079381125
[2023-03-16 13:58:14] [INFO] lossAver:0.006805193435835312
[2023-03-16 13:58:59] [INFO] lossAver:0.006604955540292192
[2023-03-16 13:59:43] [INFO] lossAver:0.006554667637990633
[2023-03-16 14:00:27] [INFO] lossAver:0.006582600874078768
[2023-03-16 14:01:11] [INFO] lossAver:0.006535898805003702
[2023-03-16 14:01:57] [INFO] lossAver:0.006474430287910331
[2023-03-16 14:02:39] [INFO] lossAver:0.006461499062190607
[2023-03-16 14:03:25] [INFO] lossAver:0.006449457346567349
[2023-03-16 14:04:12] [INFO] lossAver:0.006493308400716342
[2023-03-16 14:04:12] [INFO] lossList:[0.03815159928853876, 0.015227243607574444, 0.01083825371632532, 0.008454013741244732, 0.007778105960732804, 0.007258481940838525, 0.006835219953008466, 0.006493308400716342]
[2023-03-16 14:05:18] [INFO] testError:[0.0633, 0.0498, 0.0393, 0.0346, 0.0337, 0.0321, 0.0321, 0.0281]
[2023-03-16 14:06:05] [INFO] lossAver:0.006392269476974131
[2023-03-16 14:06:52] [INFO] lossAver:0.00628361282022009
[2023-03-16 14:07:34] [INFO] lossAver:0.006266985342459217
[2023-03-16 14:08:18] [INFO] lossAver:0.0061973704833230845
[2023-03-16 14:09:00] [INFO] lossAver:0.006258034280031158
[2023-03-16 14:09:43] [INFO] lossAver:0.006159189889844229
[2023-03-16 14:10:30] [INFO] lossAver:0.006181546444888876
[2023-03-16 14:11:13] [INFO] lossAver:0.006198104677685667
[2023-03-16 14:11:56] [INFO] lossAver:0.00619399187613241
[2023-03-16 14:12:39] [INFO] lossAver:0.006200762589486264
[2023-03-16 14:12:39] [INFO] lossList:[0.03815159928853876, 0.015227243607574444, 0.01083825371632532, 0.008454013741244732, 0.007778105960732804, 0.007258481940838525, 0.006835219953008466, 0.006493308400716342, 0.006200762589486264]
[2023-03-16 14:13:46] [INFO] testError:[0.0633, 0.0498, 0.0393, 0.0346, 0.0337, 0.0321, 0.0321, 0.0281, 0.0293]
[2023-03-16 14:14:29] [INFO] lossAver:0.005604860759706147
[2023-03-16 14:15:14] [INFO] lossAver:0.005698822000965568
[2023-03-16 14:15:57] [INFO] lossAver:0.00573260722803242
[2023-03-16 14:16:39] [INFO] lossAver:0.005661927839653382
[2023-03-16 14:17:22] [INFO] lossAver:0.005632380111397196
[2023-03-16 14:18:04] [INFO] lossAver:0.005618483791820053
[2023-03-16 14:18:47] [INFO] lossAver:0.0056369259912742
[2023-03-16 14:19:30] [INFO] lossAver:0.005665346468076355
[2023-03-16 14:20:13] [INFO] lossAver:0.005662194763815747
[2023-03-16 14:20:56] [INFO] lossAver:0.005689603773570995
[2023-03-16 14:20:56] [INFO] lossList:[0.03815159928853876, 0.015227243607574444, 0.01083825371632532, 0.008454013741244732, 0.007778105960732804, 0.007258481940838525, 0.006835219953008466, 0.006493308400716342, 0.006200762589486264, 0.005689603773570995]
[2023-03-16 14:22:02] [INFO] testError:[0.0633, 0.0498, 0.0393, 0.0346, 0.0337, 0.0321, 0.0321, 0.0281, 0.0293, 0.0276]
[2023-03-16 14:22:46] [INFO] lossAver:0.005514921411221318
[2023-03-16 14:23:28] [INFO] lossAver:0.005496116153227073
[2023-03-16 14:24:11] [INFO] lossAver:0.005460192434106223
[2023-03-16 14:24:54] [INFO] lossAver:0.005548949401613224
[2023-03-16 14:25:37] [INFO] lossAver:0.00555304186977725
[2023-03-16 14:26:20] [INFO] lossAver:0.005519825297525333
[2023-03-16 14:27:04] [INFO] lossAver:0.005576451582515152
[2023-03-16 14:27:46] [INFO] lossAver:0.0055710954674477765
[2023-03-16 14:28:29] [INFO] lossAver:0.005596890893276126
[2023-03-16 14:29:12] [INFO] lossAver:0.005574518292939199
[2023-03-16 14:29:12] [INFO] lossList:[0.03815159928853876, 0.015227243607574444, 0.01083825371632532, 0.008454013741244732, 0.007778105960732804, 0.007258481940838525, 0.006835219953008466, 0.006493308400716342, 0.006200762589486264, 0.005689603773570995, 0.005574518292939199]
[2023-03-16 14:30:19] [INFO] testError:[0.0633, 0.0498, 0.0393, 0.0346, 0.0337, 0.0321, 0.0321, 0.0281, 0.0293, 0.0276, 0.0272]
[2023-03-16 14:31:02] [INFO] lossAver:0.0055527713674697835
[2023-03-16 14:31:44] [INFO] lossAver:0.005531295272713123
[2023-03-16 14:32:27] [INFO] lossAver:0.005444634639918251
[2023-03-16 14:33:10] [INFO] lossAver:0.005443375551857116
[2023-03-16 14:33:53] [INFO] lossAver:0.005449219698511782
[2023-03-16 14:34:36] [INFO] lossAver:0.005455033845392184
[2023-03-16 14:35:19] [INFO] lossAver:0.005468455926960814
[2023-03-16 14:36:02] [INFO] lossAver:0.00542321778910654
[2023-03-16 14:36:45] [INFO] lossAver:0.005468216187681652
[2023-03-16 14:37:28] [INFO] lossAver:0.005461359173940733
[2023-03-16 14:37:28] [INFO] lossList:[0.03815159928853876, 0.015227243607574444, 0.01083825371632532, 0.008454013741244732, 0.007778105960732804, 0.007258481940838525, 0.006835219953008466, 0.006493308400716342, 0.006200762589486264, 0.005689603773570995, 0.005574518292939199, 0.005461359173940733]
[2023-03-16 14:38:34] [INFO] testError:[0.0633, 0.0498, 0.0393, 0.0346, 0.0337, 0.0321, 0.0321, 0.0281, 0.0293, 0.0276, 0.0272, 0.0267]
[2023-03-16 14:39:17] [INFO] lossAver:0.005552279006608236
[2023-03-16 14:40:00] [INFO] lossAver:0.005510864922886261
[2023-03-16 14:40:43] [INFO] lossAver:0.005551581066228209
[2023-03-16 14:41:25] [INFO] lossAver:0.005426543084705751
[2023-03-16 14:42:08] [INFO] lossAver:0.005491112603160309
[2023-03-16 14:42:51] [INFO] lossAver:0.0054642487110160495
[2023-03-16 14:43:34] [INFO] lossAver:0.0054746966000280475
[2023-03-16 14:44:16] [INFO] lossAver:0.005405493013655928
[2023-03-16 14:44:59] [INFO] lossAver:0.005375462774241929
[2023-03-16 14:45:42] [INFO] lossAver:0.0053607753095622985
[2023-03-16 14:45:42] [INFO] lossList:[0.03815159928853876, 0.015227243607574444, 0.01083825371632532, 0.008454013741244732, 0.007778105960732804, 0.007258481940838525, 0.006835219953008466, 0.006493308400716342, 0.006200762589486264, 0.005689603773570995, 0.005574518292939199, 0.005461359173940733, 0.0053607753095622985]
[2023-03-16 14:46:49] [INFO] testError:[0.0633, 0.0498, 0.0393, 0.0346, 0.0337, 0.0321, 0.0321, 0.0281, 0.0293, 0.0276, 0.0272, 0.0267, 0.0266]
[2023-03-16 14:47:29] [INFO] lossAver:0.005056664308054678
[2023-03-16 14:48:15] [INFO] lossAver:0.00531364294387231
[2023-03-16 14:48:58] [INFO] lossAver:0.005243540886279738
[2023-03-16 14:49:39] [INFO] lossAver:0.0052173310265049315
[2023-03-16 14:50:24] [INFO] lossAver:0.005251988719300304
[2023-03-16 14:51:10] [INFO] lossAver:0.00528783952701623
[2023-03-16 14:51:55] [INFO] lossAver:0.0053207498146862885
[2023-03-16 14:52:42] [INFO] lossAver:0.005287306608276557
[2023-03-16 14:53:24] [INFO] lossAver:0.005300350886151069
[2023-03-16 14:54:08] [INFO] lossAver:0.005268937895346092
[2023-03-16 14:54:08] [INFO] lossList:[0.03815159928853876, 0.015227243607574444, 0.01083825371632532, 0.008454013741244732, 0.007778105960732804, 0.007258481940838525, 0.006835219953008466, 0.006493308400716342, 0.006200762589486264, 0.005689603773570995, 0.005574518292939199, 0.005461359173940733, 0.0053607753095622985, 0.005268937895346092]
[2023-03-16 14:55:15] [INFO] testError:[0.0633, 0.0498, 0.0393, 0.0346, 0.0337, 0.0321, 0.0321, 0.0281, 0.0293, 0.0276, 0.0272, 0.0267, 0.0266, 0.0262]
[2023-03-16 14:55:57] [INFO] lossAver:0.004922888634090062
[2023-03-16 14:56:40] [INFO] lossAver:0.0050435626769508414
[2023-03-16 14:57:23] [INFO] lossAver:0.005155845325836809
[2023-03-16 14:58:06] [INFO] lossAver:0.0051614234725111605
[2023-03-16 14:58:49] [INFO] lossAver:0.00514952696174023
[2023-03-16 14:59:31] [INFO] lossAver:0.005185970276435001
[2023-03-16 15:00:14] [INFO] lossAver:0.005156979895608943
[2023-03-16 15:00:56] [INFO] lossAver:0.005180984042123934
[2023-03-16 15:01:39] [INFO] lossAver:0.005191623400780373
[2023-03-16 15:02:22] [INFO] lossAver:0.005178082700322435
[2023-03-16 15:02:22] [INFO] lossList:[0.03815159928853876, 0.015227243607574444, 0.01083825371632532, 0.008454013741244732, 0.007778105960732804, 0.007258481940838525, 0.006835219953008466, 0.006493308400716342, 0.006200762589486264, 0.005689603773570995, 0.005574518292939199, 0.005461359173940733, 0.0053607753095622985, 0.005268937895346092, 0.005178082700322435]
[2023-03-16 15:03:29] [INFO] testError:[0.0633, 0.0498, 0.0393, 0.0346, 0.0337, 0.0321, 0.0321, 0.0281, 0.0293, 0.0276, 0.0272, 0.0267, 0.0266, 0.0262, 0.0251]
[2023-03-16 15:04:12] [INFO] lossAver:0.005154605191945545
[2023-03-16 15:04:55] [INFO] lossAver:0.005240976550838923
[2023-03-16 15:05:37] [INFO] lossAver:0.0051734689939016785
[2023-03-16 15:06:20] [INFO] lossAver:0.005170017623658093
[2023-03-16 15:07:02] [INFO] lossAver:0.005212466747855676
[2023-03-16 15:07:45] [INFO] lossAver:0.005167332532578308
[2023-03-16 15:08:28] [INFO] lossAver:0.005091190518233816
[2023-03-16 15:09:10] [INFO] lossAver:0.0050361691023621995
[2023-03-16 15:09:53] [INFO] lossAver:0.005067513820828228
[2023-03-16 15:10:36] [INFO] lossAver:0.0050909888725644125
[2023-03-16 15:10:36] [INFO] lossList:[0.03815159928853876, 0.015227243607574444, 0.01083825371632532, 0.008454013741244732, 0.007778105960732804, 0.007258481940838525, 0.006835219953008466, 0.006493308400716342, 0.006200762589486264, 0.005689603773570995, 0.005574518292939199, 0.005461359173940733, 0.0053607753095622985, 0.005268937895346092, 0.005178082700322435, 0.0050909888725644125]
[2023-03-16 15:11:42] [INFO] testError:[0.0633, 0.0498, 0.0393, 0.0346, 0.0337, 0.0321, 0.0321, 0.0281, 0.0293, 0.0276, 0.0272, 0.0267, 0.0266, 0.0262, 0.0251, 0.0259]
[2023-03-16 15:12:28] [INFO] lossAver:0.004957141178238393
[2023-03-16 15:13:14] [INFO] lossAver:0.005067512158890471
[2023-03-16 15:13:59] [INFO] lossAver:0.004952931490870065
[2023-03-16 15:14:45] [INFO] lossAver:0.005060300960966212
[2023-03-16 15:15:31] [INFO] lossAver:0.004978402788557772
[2023-03-16 15:16:16] [INFO] lossAver:0.004993068928213536
[2023-03-16 15:17:02] [INFO] lossAver:0.004966065726415764
[2023-03-16 15:17:48] [INFO] lossAver:0.005011090043941219
[2023-03-16 15:18:35] [INFO] lossAver:0.004994432827256888
[2023-03-16 15:19:20] [INFO] lossAver:0.005007307879285933
[2023-03-16 15:19:20] [INFO] lossList:[0.03815159928853876, 0.015227243607574444, 0.01083825371632532, 0.008454013741244732, 0.007778105960732804, 0.007258481940838525, 0.006835219953008466, 0.006493308400716342, 0.006200762589486264, 0.005689603773570995, 0.005574518292939199, 0.005461359173940733, 0.0053607753095622985, 0.005268937895346092, 0.005178082700322435, 0.0050909888725644125, 0.005007307879285933]
[2023-03-16 15:20:28] [INFO] testError:[0.0633, 0.0498, 0.0393, 0.0346, 0.0337, 0.0321, 0.0321, 0.0281, 0.0293, 0.0276, 0.0272, 0.0267, 0.0266, 0.0262, 0.0251, 0.0259, 0.0262]
[2023-03-16 15:21:14] [INFO] lossAver:0.004803111142753096
[2023-03-16 15:22:00] [INFO] lossAver:0.004603362785319329
[2023-03-16 15:22:45] [INFO] lossAver:0.00461064499172067
[2023-03-16 15:23:31] [INFO] lossAver:0.004731496635360183
[2023-03-16 15:24:17] [INFO] lossAver:0.0047474895493147115
[2023-03-16 15:25:03] [INFO] lossAver:0.0047661335982301
[2023-03-16 15:25:49] [INFO] lossAver:0.0047852292642000865
[2023-03-16 15:26:35] [INFO] lossAver:0.004770284133971785
[2023-03-16 15:27:22] [INFO] lossAver:0.0047475028486705
[2023-03-16 15:28:09] [INFO] lossAver:0.0047343679679519406
[2023-03-16 15:28:09] [INFO] lossList:[0.03815159928853876, 0.015227243607574444, 0.01083825371632532, 0.008454013741244732, 0.007778105960732804, 0.007258481940838525, 0.006835219953008466, 0.006493308400716342, 0.006200762589486264, 0.005689603773570995, 0.005574518292939199, 0.005461359173940733, 0.0053607753095622985, 0.005268937895346092, 0.005178082700322435, 0.0050909888725644125, 0.005007307879285933, 0.0047343679679519406]
[2023-03-16 15:29:16] [INFO] testError:[0.0633, 0.0498, 0.0393, 0.0346, 0.0337, 0.0321, 0.0321, 0.0281, 0.0293, 0.0276, 0.0272, 0.0267, 0.0266, 0.0262, 0.0251, 0.0259, 0.0262, 0.0244]
[2023-03-16 15:30:03] [INFO] lossAver:0.004735917387579624
[2023-03-16 15:30:49] [INFO] lossAver:0.004705541679379242
[2023-03-16 15:31:36] [INFO] lossAver:0.0047273037303912635
[2023-03-16 15:32:23] [INFO] lossAver:0.00470370626543623
[2023-03-16 15:33:09] [INFO] lossAver:0.004666998993391008
[2023-03-16 15:33:54] [INFO] lossAver:0.0046827179571824265
[2023-03-16 15:34:40] [INFO] lossAver:0.004669115624300459
[2023-03-16 15:35:26] [INFO] lossAver:0.004664147014330657
[2023-03-16 15:36:13] [INFO] lossAver:0.004711047330871494
[2023-03-16 15:36:59] [INFO] lossAver:0.004706173455128647
[2023-03-16 15:36:59] [INFO] lossList:[0.03815159928853876, 0.015227243607574444, 0.01083825371632532, 0.008454013741244732, 0.007778105960732804, 0.007258481940838525, 0.006835219953008466, 0.006493308400716342, 0.006200762589486264, 0.005689603773570995, 0.005574518292939199, 0.005461359173940733, 0.0053607753095622985, 0.005268937895346092, 0.005178082700322435, 0.0050909888725644125, 0.005007307879285933, 0.0047343679679519406, 0.004706173455128647]
[2023-03-16 15:38:06] [INFO] testError:[0.0633, 0.0498, 0.0393, 0.0346, 0.0337, 0.0321, 0.0321, 0.0281, 0.0293, 0.0276, 0.0272, 0.0267, 0.0266, 0.0262, 0.0251, 0.0259, 0.0262, 0.0244, 0.0244]
[2023-03-16 15:38:52] [INFO] lossAver:0.004670855056295598
[2023-03-16 15:39:38] [INFO] lossAver:0.004545712825128627
[2023-03-16 15:40:24] [INFO] lossAver:0.004519120721087398
[2023-03-16 15:41:11] [INFO] lossAver:0.0046189834266220945
[2023-03-16 15:42:04] [INFO] lossAver:0.004691855000701586
[2023-03-16 15:42:56] [INFO] lossAver:0.004748128358399223
[2023-03-16 15:43:48] [INFO] lossAver:0.004736893633181374
[2023-03-16 15:44:37] [INFO] lossAver:0.00473198325669451
[2023-03-16 15:45:24] [INFO] lossAver:0.004693513049989785
[2023-03-16 15:46:12] [INFO] lossAver:0.004689118026021909
[2023-03-16 15:46:12] [INFO] lossList:[0.03815159928853876, 0.015227243607574444, 0.01083825371632532, 0.008454013741244732, 0.007778105960732804, 0.007258481940838525, 0.006835219953008466, 0.006493308400716342, 0.006200762589486264, 0.005689603773570995, 0.005574518292939199, 0.005461359173940733, 0.0053607753095622985, 0.005268937895346092, 0.005178082700322435, 0.0050909888725644125, 0.005007307879285933, 0.0047343679679519406, 0.004706173455128647, 0.004689118026021909]
[2023-03-16 15:47:19] [INFO] testError:[0.0633, 0.0498, 0.0393, 0.0346, 0.0337, 0.0321, 0.0321, 0.0281, 0.0293, 0.0276, 0.0272, 0.0267, 0.0266, 0.0262, 0.0251, 0.0259, 0.0262, 0.0244, 0.0244, 0.0246]
[2023-03-16 15:48:04] [INFO] lossAver:0.004614358303456811
[2023-03-16 15:48:50] [INFO] lossAver:0.004680215832535926
[2023-03-16 15:49:38] [INFO] lossAver:0.004639941831432427
[2023-03-16 15:50:24] [INFO] lossAver:0.004603070622098642
[2023-03-16 15:51:10] [INFO] lossAver:0.00469024270900001
[2023-03-16 15:51:56] [INFO] lossAver:0.004644366138305599
[2023-03-16 15:52:42] [INFO] lossAver:0.004650123035934019
[2023-03-16 15:53:28] [INFO] lossAver:0.004640370910931428
[2023-03-16 15:54:14] [INFO] lossAver:0.004681894573598929
[2023-03-16 15:54:59] [INFO] lossAver:0.004674057700936472
[2023-03-16 15:54:59] [INFO] lossList:[0.03815159928853876, 0.015227243607574444, 0.01083825371632532, 0.008454013741244732, 0.007778105960732804, 0.007258481940838525, 0.006835219953008466, 0.006493308400716342, 0.006200762589486264, 0.005689603773570995, 0.005574518292939199, 0.005461359173940733, 0.0053607753095622985, 0.005268937895346092, 0.005178082700322435, 0.0050909888725644125, 0.005007307879285933, 0.0047343679679519406, 0.004706173455128647, 0.004689118026021909, 0.004674057700936472]
[2023-03-16 15:56:06] [INFO] testError:[0.0633, 0.0498, 0.0393, 0.0346, 0.0337, 0.0321, 0.0321, 0.0281, 0.0293, 0.0276, 0.0272, 0.0267, 0.0266, 0.0262, 0.0251, 0.0259, 0.0262, 0.0244, 0.0244, 0.0246, 0.024]
[2023-03-16 15:56:53] [INFO] lossAver:0.004997838230473765
[2023-03-16 15:57:38] [INFO] lossAver:0.004592714878666167
[2023-03-16 15:58:25] [INFO] lossAver:0.004646159252904985
[2023-03-16 15:59:11] [INFO] lossAver:0.0045469582738686355
[2023-03-16 15:59:57] [INFO] lossAver:0.004614334311754268
[2023-03-16 16:00:42] [INFO] lossAver:0.004544076735541049
[2023-03-16 16:01:29] [INFO] lossAver:0.0045851163936804695
[2023-03-16 16:02:15] [INFO] lossAver:0.004656079028870229
[2023-03-16 16:03:01] [INFO] lossAver:0.004677300484025425
[2023-03-16 16:03:47] [INFO] lossAver:0.004657901046336755
[2023-03-16 16:03:47] [INFO] lossList:[0.03815159928853876, 0.015227243607574444, 0.01083825371632532, 0.008454013741244732, 0.007778105960732804, 0.007258481940838525, 0.006835219953008466, 0.006493308400716342, 0.006200762589486264, 0.005689603773570995, 0.005574518292939199, 0.005461359173940733, 0.0053607753095622985, 0.005268937895346092, 0.005178082700322435, 0.0050909888725644125, 0.005007307879285933, 0.0047343679679519406, 0.004706173455128647, 0.004689118026021909, 0.004674057700936472, 0.004657901046336755]
[2023-03-16 16:04:54] [INFO] testError:[0.0633, 0.0498, 0.0393, 0.0346, 0.0337, 0.0321, 0.0321, 0.0281, 0.0293, 0.0276, 0.0272, 0.0267, 0.0266, 0.0262, 0.0251, 0.0259, 0.0262, 0.0244, 0.0244, 0.0246, 0.024, 0.0243]
[2023-03-16 16:05:40] [INFO] lossAver:0.0048610315902783445
[2023-03-16 16:06:26] [INFO] lossAver:0.004794838610973405
[2023-03-16 16:07:12] [INFO] lossAver:0.004693438123466977
[2023-03-16 16:07:59] [INFO] lossAver:0.00463929421951112
[2023-03-16 16:08:44] [INFO] lossAver:0.004614974968383528
[2023-03-16 16:09:30] [INFO] lossAver:0.004662633786448901
[2023-03-16 16:10:16] [INFO] lossAver:0.004668117577020634
[2023-03-16 16:11:01] [INFO] lossAver:0.0046602948749424515
[2023-03-16 16:11:47] [INFO] lossAver:0.004646515512902136
[2023-03-16 16:12:33] [INFO] lossAver:0.004641075916252718
[2023-03-16 16:12:33] [INFO] lossList:[0.03815159928853876, 0.015227243607574444, 0.01083825371632532, 0.008454013741244732, 0.007778105960732804, 0.007258481940838525, 0.006835219953008466, 0.006493308400716342, 0.006200762589486264, 0.005689603773570995, 0.005574518292939199, 0.005461359173940733, 0.0053607753095622985, 0.005268937895346092, 0.005178082700322435, 0.0050909888725644125, 0.005007307879285933, 0.0047343679679519406, 0.004706173455128647, 0.004689118026021909, 0.004674057700936472, 0.004657901046336755, 0.004641075916252718]
[2023-03-16 16:13:40] [INFO] testError:[0.0633, 0.0498, 0.0393, 0.0346, 0.0337, 0.0321, 0.0321, 0.0281, 0.0293, 0.0276, 0.0272, 0.0267, 0.0266, 0.0262, 0.0251, 0.0259, 0.0262, 0.0244, 0.0244, 0.0246, 0.024, 0.0243, 0.0239]
[2023-03-16 16:14:26] [INFO] lossAver:0.004334593687648976
[2023-03-16 16:15:12] [INFO] lossAver:0.004476447314941272
[2023-03-16 16:15:58] [INFO] lossAver:0.004732918601569609
[2023-03-16 16:16:43] [INFO] lossAver:0.0046324180825767294
[2023-03-16 16:17:29] [INFO] lossAver:0.004631818896360953
[2023-03-16 16:18:15] [INFO] lossAver:0.004571343487023645
[2023-03-16 16:19:04] [INFO] lossAver:0.00456463375900317
[2023-03-16 16:19:54] [INFO] lossAver:0.004597842208638629
[2023-03-16 16:20:42] [INFO] lossAver:0.004600100259701136
[2023-03-16 16:21:30] [INFO] lossAver:0.0046280529319048126
[2023-03-16 16:21:30] [INFO] lossList:[0.03815159928853876, 0.015227243607574444, 0.01083825371632532, 0.008454013741244732, 0.007778105960732804, 0.007258481940838525, 0.006835219953008466, 0.006493308400716342, 0.006200762589486264, 0.005689603773570995, 0.005574518292939199, 0.005461359173940733, 0.0053607753095622985, 0.005268937895346092, 0.005178082700322435, 0.0050909888725644125, 0.005007307879285933, 0.0047343679679519406, 0.004706173455128647, 0.004689118026021909, 0.004674057700936472, 0.004657901046336755, 0.004641075916252718, 0.0046280529319048126]
[2023-03-16 16:22:38] [INFO] testError:[0.0633, 0.0498, 0.0393, 0.0346, 0.0337, 0.0321, 0.0321, 0.0281, 0.0293, 0.0276, 0.0272, 0.0267, 0.0266, 0.0262, 0.0251, 0.0259, 0.0262, 0.0244, 0.0244, 0.0246, 0.024, 0.0243, 0.0239, 0.0242]
[2023-03-16 16:23:30] [INFO] lossAver:0.00441844058653578
[2023-03-16 16:24:19] [INFO] lossAver:0.004392635310130231
[2023-03-16 16:25:04] [INFO] lossAver:0.004489618613419654
[2023-03-16 16:25:50] [INFO] lossAver:0.004440875840857207
[2023-03-16 16:26:36] [INFO] lossAver:0.004516224830864803
[2023-03-16 16:27:22] [INFO] lossAver:0.00455498603435299
[2023-03-16 16:28:08] [INFO] lossAver:0.004585970159539113
[2023-03-16 16:28:54] [INFO] lossAver:0.004569066743635925
[2023-03-16 16:29:39] [INFO] lossAver:0.004564644316089125
[2023-03-16 16:30:25] [INFO] lossAver:0.004612039703525708
[2023-03-16 16:30:25] [INFO] lossList:[0.03815159928853876, 0.015227243607574444, 0.01083825371632532, 0.008454013741244732, 0.007778105960732804, 0.007258481940838525, 0.006835219953008466, 0.006493308400716342, 0.006200762589486264, 0.005689603773570995, 0.005574518292939199, 0.005461359173940733, 0.0053607753095622985, 0.005268937895346092, 0.005178082700322435, 0.0050909888725644125, 0.005007307879285933, 0.0047343679679519406, 0.004706173455128647, 0.004689118026021909, 0.004674057700936472, 0.004657901046336755, 0.004641075916252718, 0.0046280529319048126, 0.004612039703525708]
[2023-03-16 16:31:32] [INFO] testError:[0.0633, 0.0498, 0.0393, 0.0346, 0.0337, 0.0321, 0.0321, 0.0281, 0.0293, 0.0276, 0.0272, 0.0267, 0.0266, 0.0262, 0.0251, 0.0259, 0.0262, 0.0244, 0.0244, 0.0246, 0.024, 0.0243, 0.0239, 0.0242, 0.0239]
[2023-03-16 16:32:18] [INFO] lossAver:0.004756601299088894
[2023-03-16 16:33:04] [INFO] lossAver:0.004584616672967362
[2023-03-16 16:33:50] [INFO] lossAver:0.0046582281932101574
[2023-03-16 16:34:35] [INFO] lossAver:0.004581487266683629
[2023-03-16 16:35:22] [INFO] lossAver:0.004596819755540522
[2023-03-16 16:36:08] [INFO] lossAver:0.004577338375650571
[2023-03-16 16:36:53] [INFO] lossAver:0.004544670708519204
[2023-03-16 16:37:39] [INFO] lossAver:0.004533278906232113
[2023-03-16 16:38:25] [INFO] lossAver:0.00457785987250059
[2023-03-16 16:39:11] [INFO] lossAver:0.004598286933293654
[2023-03-16 16:39:11] [INFO] lossList:[0.03815159928853876, 0.015227243607574444, 0.01083825371632532, 0.008454013741244732, 0.007778105960732804, 0.007258481940838525, 0.006835219953008466, 0.006493308400716342, 0.006200762589486264, 0.005689603773570995, 0.005574518292939199, 0.005461359173940733, 0.0053607753095622985, 0.005268937895346092, 0.005178082700322435, 0.0050909888725644125, 0.005007307879285933, 0.0047343679679519406, 0.004706173455128647, 0.004689118026021909, 0.004674057700936472, 0.004657901046336755, 0.004641075916252718, 0.0046280529319048126, 0.004612039703525708, 0.004598286933293654]
[2023-03-16 16:40:18] [INFO] testError:[0.0633, 0.0498, 0.0393, 0.0346, 0.0337, 0.0321, 0.0321, 0.0281, 0.0293, 0.0276, 0.0272, 0.0267, 0.0266, 0.0262, 0.0251, 0.0259, 0.0262, 0.0244, 0.0244, 0.0246, 0.024, 0.0243, 0.0239, 0.0242, 0.0239, 0.0241]
[2023-03-16 16:41:04] [INFO] lossAver:0.004645779704560482
[2023-03-16 16:41:50] [INFO] lossAver:0.004608044574204693
[2023-03-16 16:42:36] [INFO] lossAver:0.004597639099759413
[2023-03-16 16:43:21] [INFO] lossAver:0.004554905480318249
[2023-03-16 16:44:07] [INFO] lossAver:0.0045433947663297055
[2023-03-16 16:44:53] [INFO] lossAver:0.0046031341035234164
[2023-03-16 16:45:39] [INFO] lossAver:0.004598782993993717
[2023-03-16 16:46:25] [INFO] lossAver:0.004592123415874881
[2023-03-16 16:47:12] [INFO] lossAver:0.004582047745730708
[2023-03-16 16:47:58] [INFO] lossAver:0.0045834990306088605
[2023-03-16 16:47:58] [INFO] lossList:[0.03815159928853876, 0.015227243607574444, 0.01083825371632532, 0.008454013741244732, 0.007778105960732804, 0.007258481940838525, 0.006835219953008466, 0.006493308400716342, 0.006200762589486264, 0.005689603773570995, 0.005574518292939199, 0.005461359173940733, 0.0053607753095622985, 0.005268937895346092, 0.005178082700322435, 0.0050909888725644125, 0.005007307879285933, 0.0047343679679519406, 0.004706173455128647, 0.004689118026021909, 0.004674057700936472, 0.004657901046336755, 0.004641075916252718, 0.0046280529319048126, 0.004612039703525708, 0.004598286933293654, 0.0045834990306088605]
[2023-03-16 16:49:05] [INFO] testError:[0.0633, 0.0498, 0.0393, 0.0346, 0.0337, 0.0321, 0.0321, 0.0281, 0.0293, 0.0276, 0.0272, 0.0267, 0.0266, 0.0262, 0.0251, 0.0259, 0.0262, 0.0244, 0.0244, 0.0246, 0.024, 0.0243, 0.0239, 0.0242, 0.0239, 0.0241, 0.0239]
[2023-03-16 16:49:50] [INFO] lossAver:0.004820932188076464
[2023-03-16 16:50:37] [INFO] lossAver:0.004650675410928443
[2023-03-16 16:51:23] [INFO] lossAver:0.004674271879777431
[2023-03-16 16:52:09] [INFO] lossAver:0.004535614090616794
[2023-03-16 16:52:55] [INFO] lossAver:0.004555927909294526
[2023-03-16 16:53:41] [INFO] lossAver:0.004493880196796756
[2023-03-16 16:54:27] [INFO] lossAver:0.004540721718662964
[2023-03-16 16:55:15] [INFO] lossAver:0.004597620764271199
[2023-03-16 16:56:08] [INFO] lossAver:0.004564398189789968
[2023-03-16 16:56:59] [INFO] lossAver:0.004569759259129569
[2023-03-16 16:56:59] [INFO] lossList:[0.03815159928853876, 0.015227243607574444, 0.01083825371632532, 0.008454013741244732, 0.007778105960732804, 0.007258481940838525, 0.006835219953008466, 0.006493308400716342, 0.006200762589486264, 0.005689603773570995, 0.005574518292939199, 0.005461359173940733, 0.0053607753095622985, 0.005268937895346092, 0.005178082700322435, 0.0050909888725644125, 0.005007307879285933, 0.0047343679679519406, 0.004706173455128647, 0.004689118026021909, 0.004674057700936472, 0.004657901046336755, 0.004641075916252718, 0.0046280529319048126, 0.004612039703525708, 0.004598286933293654, 0.0045834990306088605, 0.004569759259129569]
[2023-03-16 16:58:07] [INFO] testError:[0.0633, 0.0498, 0.0393, 0.0346, 0.0337, 0.0321, 0.0321, 0.0281, 0.0293, 0.0276, 0.0272, 0.0267, 0.0266, 0.0262, 0.0251, 0.0259, 0.0262, 0.0244, 0.0244, 0.0246, 0.024, 0.0243, 0.0239, 0.0242, 0.0239, 0.0241, 0.0239, 0.024]
[2023-03-16 16:58:54] [INFO] lossAver:0.004762209551523787
[2023-03-16 16:59:43] [INFO] lossAver:0.004754207521413794
[2023-03-16 17:00:32] [INFO] lossAver:0.0046040684209826595
[2023-03-16 17:01:19] [INFO] lossAver:0.004577649117948984
[2023-03-16 17:02:03] [INFO] lossAver:0.004513150106989481
[2023-03-16 17:02:50] [INFO] lossAver:0.004508941180026947
[2023-03-16 17:03:36] [INFO] lossAver:0.004526719219983555
[2023-03-16 17:04:22] [INFO] lossAver:0.004559257890636843
[2023-03-16 17:05:07] [INFO] lossAver:0.004578349238933478
[2023-03-16 17:05:53] [INFO] lossAver:0.004555815490864961
[2023-03-16 17:05:53] [INFO] lossList:[0.03815159928853876, 0.015227243607574444, 0.01083825371632532, 0.008454013741244732, 0.007778105960732804, 0.007258481940838525, 0.006835219953008466, 0.006493308400716342, 0.006200762589486264, 0.005689603773570995, 0.005574518292939199, 0.005461359173940733, 0.0053607753095622985, 0.005268937895346092, 0.005178082700322435, 0.0050909888725644125, 0.005007307879285933, 0.0047343679679519406, 0.004706173455128647, 0.004689118026021909, 0.004674057700936472, 0.004657901046336755, 0.004641075916252718, 0.0046280529319048126, 0.004612039703525708, 0.004598286933293654, 0.0045834990306088605, 0.004569759259129569, 0.004555815490864961]
[2023-03-16 17:07:00] [INFO] testError:[0.0633, 0.0498, 0.0393, 0.0346, 0.0337, 0.0321, 0.0321, 0.0281, 0.0293, 0.0276, 0.0272, 0.0267, 0.0266, 0.0262, 0.0251, 0.0259, 0.0262, 0.0244, 0.0244, 0.0246, 0.024, 0.0243, 0.0239, 0.0242, 0.0239, 0.0241, 0.0239, 0.024, 0.0236]
[2023-03-16 17:07:47] [INFO] lossAver:0.004599989319732079
[2023-03-16 17:08:32] [INFO] lossAver:0.004644805201877337
[2023-03-16 17:09:18] [INFO] lossAver:0.004707728615647031
[2023-03-16 17:10:04] [INFO] lossAver:0.004654360231640984
[2023-03-16 17:10:49] [INFO] lossAver:0.004623182780597199
[2023-03-16 17:11:35] [INFO] lossAver:0.004620917137438432
[2023-03-16 17:12:21] [INFO] lossAver:0.0046177477575651904
[2023-03-16 17:13:07] [INFO] lossAver:0.004584661706919784
[2023-03-16 17:13:53] [INFO] lossAver:0.004543045285616161
[2023-03-16 17:14:39] [INFO] lossAver:0.004545516285079126
[2023-03-16 17:14:39] [INFO] lossList:[0.03815159928853876, 0.015227243607574444, 0.01083825371632532, 0.008454013741244732, 0.007778105960732804, 0.007258481940838525, 0.006835219953008466, 0.006493308400716342, 0.006200762589486264, 0.005689603773570995, 0.005574518292939199, 0.005461359173940733, 0.0053607753095622985, 0.005268937895346092, 0.005178082700322435, 0.0050909888725644125, 0.005007307879285933, 0.0047343679679519406, 0.004706173455128647, 0.004689118026021909, 0.004674057700936472, 0.004657901046336755, 0.004641075916252718, 0.0046280529319048126, 0.004612039703525708, 0.004598286933293654, 0.0045834990306088605, 0.004569759259129569, 0.004555815490864961, 0.004545516285079126]
[2023-03-16 17:15:46] [INFO] testError:[0.0633, 0.0498, 0.0393, 0.0346, 0.0337, 0.0321, 0.0321, 0.0281, 0.0293, 0.0276, 0.0272, 0.0267, 0.0266, 0.0262, 0.0251, 0.0259, 0.0262, 0.0244, 0.0244, 0.0246, 0.024, 0.0243, 0.0239, 0.0242, 0.0239, 0.0241, 0.0239, 0.024, 0.0236, 0.0235]
[2023-03-16 17:16:32] [INFO] lossAver:0.004540538861559071
[2023-03-16 17:17:18] [INFO] lossAver:0.004617574334355974
[2023-03-16 17:18:03] [INFO] lossAver:0.004561444566293327
[2023-03-16 17:18:49] [INFO] lossAver:0.0046197197266203225
[2023-03-16 17:19:35] [INFO] lossAver:0.004571196427968092
[2023-03-16 17:20:20] [INFO] lossAver:0.004568604862512428
[2023-03-16 17:21:06] [INFO] lossAver:0.004566742956041859
[2023-03-16 17:21:52] [INFO] lossAver:0.004569544506934013
[2023-03-16 17:22:38] [INFO] lossAver:0.0045374679068919685
[2023-03-16 17:23:24] [INFO] lossAver:0.004528213414501761
[2023-03-16 17:23:24] [INFO] lossList:[0.03815159928853876, 0.015227243607574444, 0.01083825371632532, 0.008454013741244732, 0.007778105960732804, 0.007258481940838525, 0.006835219953008466, 0.006493308400716342, 0.006200762589486264, 0.005689603773570995, 0.005574518292939199, 0.005461359173940733, 0.0053607753095622985, 0.005268937895346092, 0.005178082700322435, 0.0050909888725644125, 0.005007307879285933, 0.0047343679679519406, 0.004706173455128647, 0.004689118026021909, 0.004674057700936472, 0.004657901046336755, 0.004641075916252718, 0.0046280529319048126, 0.004612039703525708, 0.004598286933293654, 0.0045834990306088605, 0.004569759259129569, 0.004555815490864961, 0.004545516285079126, 0.004528213414501761]
[2023-03-16 17:24:32] [INFO] testError:[0.0633, 0.0498, 0.0393, 0.0346, 0.0337, 0.0321, 0.0321, 0.0281, 0.0293, 0.0276, 0.0272, 0.0267, 0.0266, 0.0262, 0.0251, 0.0259, 0.0262, 0.0244, 0.0244, 0.0246, 0.024, 0.0243, 0.0239, 0.0242, 0.0239, 0.0241, 0.0239, 0.024, 0.0236, 0.0235, 0.0244]
[2023-03-16 17:25:18] [INFO] lossAver:0.004828092168788165
[2023-03-16 17:26:04] [INFO] lossAver:0.00466798149731206
[2023-03-16 17:26:51] [INFO] lossAver:0.0046003563353247045
[2023-03-16 17:27:37] [INFO] lossAver:0.0045664792467751646
[2023-03-16 17:28:23] [INFO] lossAver:0.004527241137729046
[2023-03-16 17:29:09] [INFO] lossAver:0.004494697499059852
[2023-03-16 17:29:56] [INFO] lossAver:0.004528860757562868
[2023-03-16 17:30:42] [INFO] lossAver:0.004526804535969831
[2023-03-16 17:31:27] [INFO] lossAver:0.004552853159249505
[2023-03-16 17:32:14] [INFO] lossAver:0.004515410761743101
[2023-03-16 17:32:14] [INFO] lossList:[0.03815159928853876, 0.015227243607574444, 0.01083825371632532, 0.008454013741244732, 0.007778105960732804, 0.007258481940838525, 0.006835219953008466, 0.006493308400716342, 0.006200762589486264, 0.005689603773570995, 0.005574518292939199, 0.005461359173940733, 0.0053607753095622985, 0.005268937895346092, 0.005178082700322435, 0.0050909888725644125, 0.005007307879285933, 0.0047343679679519406, 0.004706173455128647, 0.004689118026021909, 0.004674057700936472, 0.004657901046336755, 0.004641075916252718, 0.0046280529319048126, 0.004612039703525708, 0.004598286933293654, 0.0045834990306088605, 0.004569759259129569, 0.004555815490864961, 0.004545516285079126, 0.004528213414501761, 0.004515410761743101]
[2023-03-16 17:33:21] [INFO] testError:[0.0633, 0.0498, 0.0393, 0.0346, 0.0337, 0.0321, 0.0321, 0.0281, 0.0293, 0.0276, 0.0272, 0.0267, 0.0266, 0.0262, 0.0251, 0.0259, 0.0262, 0.0244, 0.0244, 0.0246, 0.024, 0.0243, 0.0239, 0.0242, 0.0239, 0.0241, 0.0239, 0.024, 0.0236, 0.0235, 0.0244, 0.0233]
[2023-03-16 17:34:08] [INFO] lossAver:0.004208017574957315
[2023-03-16 17:34:55] [INFO] lossAver:0.004337627654047386
[2023-03-16 17:35:42] [INFO] lossAver:0.004466207315466464
[2023-03-16 17:36:30] [INFO] lossAver:0.004498180065522092
[2023-03-16 17:37:15] [INFO] lossAver:0.0044859217325666275
[2023-03-16 17:38:00] [INFO] lossAver:0.004450094402785276
[2023-03-16 17:38:45] [INFO] lossAver:0.004505112144641663
[2023-03-16 17:39:30] [INFO] lossAver:0.004484370179976698
[2023-03-16 17:40:14] [INFO] lossAver:0.004473970383982793
[2023-03-16 17:40:59] [INFO] lossAver:0.004497836463126578
[2023-03-16 17:40:59] [INFO] lossList:[0.03815159928853876, 0.015227243607574444, 0.01083825371632532, 0.008454013741244732, 0.007778105960732804, 0.007258481940838525, 0.006835219953008466, 0.006493308400716342, 0.006200762589486264, 0.005689603773570995, 0.005574518292939199, 0.005461359173940733, 0.0053607753095622985, 0.005268937895346092, 0.005178082700322435, 0.0050909888725644125, 0.005007307879285933, 0.0047343679679519406, 0.004706173455128647, 0.004689118026021909, 0.004674057700936472, 0.004657901046336755, 0.004641075916252718, 0.0046280529319048126, 0.004612039703525708, 0.004598286933293654, 0.0045834990306088605, 0.004569759259129569, 0.004555815490864961, 0.004545516285079126, 0.004528213414501761, 0.004515410761743101, 0.004497836463126578]
[2023-03-16 17:42:06] [INFO] testError:[0.0633, 0.0498, 0.0393, 0.0346, 0.0337, 0.0321, 0.0321, 0.0281, 0.0293, 0.0276, 0.0272, 0.0267, 0.0266, 0.0262, 0.0251, 0.0259, 0.0262, 0.0244, 0.0244, 0.0246, 0.024, 0.0243, 0.0239, 0.0242, 0.0239, 0.0241, 0.0239, 0.024, 0.0236, 0.0235, 0.0244, 0.0233, 0.0239]
[2023-03-16 17:42:51] [INFO] lossAver:0.004609672300736596
[2023-03-16 17:43:36] [INFO] lossAver:0.004495669649680318
[2023-03-16 17:44:20] [INFO] lossAver:0.004411870470300174
[2023-03-16 17:45:05] [INFO] lossAver:0.004408776714821253
[2023-03-16 17:45:50] [INFO] lossAver:0.004479398503042012
[2023-03-16 17:46:35] [INFO] lossAver:0.004481822685136598
[2023-03-16 17:47:19] [INFO] lossAver:0.004482376441102241
[2023-03-16 17:48:04] [INFO] lossAver:0.004481142543483865
[2023-03-16 17:48:49] [INFO] lossAver:0.004493278656253854
[2023-03-16 17:49:34] [INFO] lossAver:0.0044902436503568574
[2023-03-16 17:49:34] [INFO] lossList:[0.03815159928853876, 0.015227243607574444, 0.01083825371632532, 0.008454013741244732, 0.007778105960732804, 0.007258481940838525, 0.006835219953008466, 0.006493308400716342, 0.006200762589486264, 0.005689603773570995, 0.005574518292939199, 0.005461359173940733, 0.0053607753095622985, 0.005268937895346092, 0.005178082700322435, 0.0050909888725644125, 0.005007307879285933, 0.0047343679679519406, 0.004706173455128647, 0.004689118026021909, 0.004674057700936472, 0.004657901046336755, 0.004641075916252718, 0.0046280529319048126, 0.004612039703525708, 0.004598286933293654, 0.0045834990306088605, 0.004569759259129569, 0.004555815490864961, 0.004545516285079126, 0.004528213414501761, 0.004515410761743101, 0.004497836463126578, 0.0044902436503568574]
[2023-03-16 17:50:41] [INFO] testError:[0.0633, 0.0498, 0.0393, 0.0346, 0.0337, 0.0321, 0.0321, 0.0281, 0.0293, 0.0276, 0.0272, 0.0267, 0.0266, 0.0262, 0.0251, 0.0259, 0.0262, 0.0244, 0.0244, 0.0246, 0.024, 0.0243, 0.0239, 0.0242, 0.0239, 0.0241, 0.0239, 0.024, 0.0236, 0.0235, 0.0244, 0.0233, 0.0239, 0.0228]
[2023-03-16 17:51:26] [INFO] lossAver:0.004223110397141378
[2023-03-16 17:52:10] [INFO] lossAver:0.004472923256462915
[2023-03-16 17:52:55] [INFO] lossAver:0.004516825102129335
[2023-03-16 17:53:40] [INFO] lossAver:0.004474835973374752
[2023-03-16 17:54:25] [INFO] lossAver:0.004494208957586307
[2023-03-16 17:55:10] [INFO] lossAver:0.004487658959890774
[2023-03-16 17:55:55] [INFO] lossAver:0.004450574207915278
[2023-03-16 17:56:40] [INFO] lossAver:0.004420554532892993
[2023-03-16 17:57:25] [INFO] lossAver:0.004425097602978036
[2023-03-16 17:58:09] [INFO] lossAver:0.004472264504559689
[2023-03-16 17:58:09] [INFO] lossList:[0.03815159928853876, 0.015227243607574444, 0.01083825371632532, 0.008454013741244732, 0.007778105960732804, 0.007258481940838525, 0.006835219953008466, 0.006493308400716342, 0.006200762589486264, 0.005689603773570995, 0.005574518292939199, 0.005461359173940733, 0.0053607753095622985, 0.005268937895346092, 0.005178082700322435, 0.0050909888725644125, 0.005007307879285933, 0.0047343679679519406, 0.004706173455128647, 0.004689118026021909, 0.004674057700936472, 0.004657901046336755, 0.004641075916252718, 0.0046280529319048126, 0.004612039703525708, 0.004598286933293654, 0.0045834990306088605, 0.004569759259129569, 0.004555815490864961, 0.004545516285079126, 0.004528213414501761, 0.004515410761743101, 0.004497836463126578, 0.0044902436503568574, 0.004472264504559689]
[2023-03-16 17:59:16] [INFO] testError:[0.0633, 0.0498, 0.0393, 0.0346, 0.0337, 0.0321, 0.0321, 0.0281, 0.0293, 0.0276, 0.0272, 0.0267, 0.0266, 0.0262, 0.0251, 0.0259, 0.0262, 0.0244, 0.0244, 0.0246, 0.024, 0.0243, 0.0239, 0.0242, 0.0239, 0.0241, 0.0239, 0.024, 0.0236, 0.0235, 0.0244, 0.0233, 0.0239, 0.0228, 0.0232]
[2023-03-16 18:00:01] [INFO] lossAver:0.004208059957294002
[2023-03-16 18:00:45] [INFO] lossAver:0.004415223367872993
[2023-03-16 18:01:30] [INFO] lossAver:0.004346624876452047
[2023-03-16 18:02:15] [INFO] lossAver:0.004410962778710958
[2023-03-16 18:03:00] [INFO] lossAver:0.004441558138742766
[2023-03-16 18:03:44] [INFO] lossAver:0.004457833816877989
[2023-03-16 18:04:29] [INFO] lossAver:0.004452851999888307
[2023-03-16 18:05:15] [INFO] lossAver:0.004473942370450269
[2023-03-16 18:05:59] [INFO] lossAver:0.004467635019208585
[2023-03-16 18:06:44] [INFO] lossAver:0.004463542508913232
[2023-03-16 18:06:44] [INFO] lossList:[0.03815159928853876, 0.015227243607574444, 0.01083825371632532, 0.008454013741244732, 0.007778105960732804, 0.007258481940838525, 0.006835219953008466, 0.006493308400716342, 0.006200762589486264, 0.005689603773570995, 0.005574518292939199, 0.005461359173940733, 0.0053607753095622985, 0.005268937895346092, 0.005178082700322435, 0.0050909888725644125, 0.005007307879285933, 0.0047343679679519406, 0.004706173455128647, 0.004689118026021909, 0.004674057700936472, 0.004657901046336755, 0.004641075916252718, 0.0046280529319048126, 0.004612039703525708, 0.004598286933293654, 0.0045834990306088605, 0.004569759259129569, 0.004555815490864961, 0.004545516285079126, 0.004528213414501761, 0.004515410761743101, 0.004497836463126578, 0.0044902436503568574, 0.004472264504559689, 0.004463542508913232]
[2023-03-16 18:07:51] [INFO] testError:[0.0633, 0.0498, 0.0393, 0.0346, 0.0337, 0.0321, 0.0321, 0.0281, 0.0293, 0.0276, 0.0272, 0.0267, 0.0266, 0.0262, 0.0251, 0.0259, 0.0262, 0.0244, 0.0244, 0.0246, 0.024, 0.0243, 0.0239, 0.0242, 0.0239, 0.0241, 0.0239, 0.024, 0.0236, 0.0235, 0.0244, 0.0233, 0.0239, 0.0228, 0.0232, 0.0232]
[2023-03-16 18:08:37] [INFO] lossAver:0.004252782290626631
[2023-03-16 18:09:22] [INFO] lossAver:0.00429805869697005
[2023-03-16 18:10:06] [INFO] lossAver:0.0043624724811029405
[2023-03-16 18:10:52] [INFO] lossAver:0.004446445505743479
[2023-03-16 18:11:36] [INFO] lossAver:0.0044235540380008695
[2023-03-16 18:12:22] [INFO] lossAver:0.004398469342144431
[2023-03-16 18:13:07] [INFO] lossAver:0.004396914973023567
[2023-03-16 18:13:52] [INFO] lossAver:0.00437566564458344
[2023-03-16 18:14:37] [INFO] lossAver:0.004424272253560991
[2023-03-16 18:15:22] [INFO] lossAver:0.004448135673139313
[2023-03-16 18:15:22] [INFO] lossList:[0.03815159928853876, 0.015227243607574444, 0.01083825371632532, 0.008454013741244732, 0.007778105960732804, 0.007258481940838525, 0.006835219953008466, 0.006493308400716342, 0.006200762589486264, 0.005689603773570995, 0.005574518292939199, 0.005461359173940733, 0.0053607753095622985, 0.005268937895346092, 0.005178082700322435, 0.0050909888725644125, 0.005007307879285933, 0.0047343679679519406, 0.004706173455128647, 0.004689118026021909, 0.004674057700936472, 0.004657901046336755, 0.004641075916252718, 0.0046280529319048126, 0.004612039703525708, 0.004598286933293654, 0.0045834990306088605, 0.004569759259129569, 0.004555815490864961, 0.004545516285079126, 0.004528213414501761, 0.004515410761743101, 0.004497836463126578, 0.0044902436503568574, 0.004472264504559689, 0.004463542508913232, 0.004448135673139313]
[2023-03-16 18:16:29] [INFO] testError:[0.0633, 0.0498, 0.0393, 0.0346, 0.0337, 0.0321, 0.0321, 0.0281, 0.0293, 0.0276, 0.0272, 0.0267, 0.0266, 0.0262, 0.0251, 0.0259, 0.0262, 0.0244, 0.0244, 0.0246, 0.024, 0.0243, 0.0239, 0.0242, 0.0239, 0.0241, 0.0239, 0.024, 0.0236, 0.0235, 0.0244, 0.0233, 0.0239, 0.0228, 0.0232, 0.0232, 0.0237]
[2023-03-16 18:17:14] [INFO] lossAver:0.004268709862157266
[2023-03-16 18:17:59] [INFO] lossAver:0.004243369401718534
[2023-03-16 18:18:44] [INFO] lossAver:0.004392906575966915
[2023-03-16 18:19:29] [INFO] lossAver:0.004400765019273232
[2023-03-16 18:20:13] [INFO] lossAver:0.004401623795263398
[2023-03-16 18:20:58] [INFO] lossAver:0.004379040692745194
[2023-03-16 18:21:43] [INFO] lossAver:0.0043841500729069295
[2023-03-16 18:22:28] [INFO] lossAver:0.004446507453390818
[2023-03-16 18:23:13] [INFO] lossAver:0.004418533535060844
[2023-03-16 18:23:58] [INFO] lossAver:0.004434478108228799
[2023-03-16 18:23:58] [INFO] lossList:[0.03815159928853876, 0.015227243607574444, 0.01083825371632532, 0.008454013741244732, 0.007778105960732804, 0.007258481940838525, 0.006835219953008466, 0.006493308400716342, 0.006200762589486264, 0.005689603773570995, 0.005574518292939199, 0.005461359173940733, 0.0053607753095622985, 0.005268937895346092, 0.005178082700322435, 0.0050909888725644125, 0.005007307879285933, 0.0047343679679519406, 0.004706173455128647, 0.004689118026021909, 0.004674057700936472, 0.004657901046336755, 0.004641075916252718, 0.0046280529319048126, 0.004612039703525708, 0.004598286933293654, 0.0045834990306088605, 0.004569759259129569, 0.004555815490864961, 0.004545516285079126, 0.004528213414501761, 0.004515410761743101, 0.004497836463126578, 0.0044902436503568574, 0.004472264504559689, 0.004463542508913232, 0.004448135673139313, 0.004434478108228799]
[2023-03-16 18:25:05] [INFO] testError:[0.0633, 0.0498, 0.0393, 0.0346, 0.0337, 0.0321, 0.0321, 0.0281, 0.0293, 0.0276, 0.0272, 0.0267, 0.0266, 0.0262, 0.0251, 0.0259, 0.0262, 0.0244, 0.0244, 0.0246, 0.024, 0.0243, 0.0239, 0.0242, 0.0239, 0.0241, 0.0239, 0.024, 0.0236, 0.0235, 0.0244, 0.0233, 0.0239, 0.0228, 0.0232, 0.0232, 0.0237, 0.0237]
[2023-03-16 18:25:50] [INFO] lossAver:0.004557777249150453
[2023-03-16 18:26:35] [INFO] lossAver:0.004440449202114375
[2023-03-16 18:27:20] [INFO] lossAver:0.004474798599935285
[2023-03-16 18:28:04] [INFO] lossAver:0.00436136627683095
[2023-03-16 18:28:49] [INFO] lossAver:0.004311538107311723
[2023-03-16 18:29:34] [INFO] lossAver:0.0043775948203748005
[2023-03-16 18:30:19] [INFO] lossAver:0.004453436110826628
[2023-03-16 18:31:04] [INFO] lossAver:0.004448333035319194
[2023-03-16 18:31:52] [INFO] lossAver:0.004410965718045881
[2023-03-16 18:32:40] [INFO] lossAver:0.004420117777032753
[2023-03-16 18:32:40] [INFO] lossList:[0.03815159928853876, 0.015227243607574444, 0.01083825371632532, 0.008454013741244732, 0.007778105960732804, 0.007258481940838525, 0.006835219953008466, 0.006493308400716342, 0.006200762589486264, 0.005689603773570995, 0.005574518292939199, 0.005461359173940733, 0.0053607753095622985, 0.005268937895346092, 0.005178082700322435, 0.0050909888725644125, 0.005007307879285933, 0.0047343679679519406, 0.004706173455128647, 0.004689118026021909, 0.004674057700936472, 0.004657901046336755, 0.004641075916252718, 0.0046280529319048126, 0.004612039703525708, 0.004598286933293654, 0.0045834990306088605, 0.004569759259129569, 0.004555815490864961, 0.004545516285079126, 0.004528213414501761, 0.004515410761743101, 0.004497836463126578, 0.0044902436503568574, 0.004472264504559689, 0.004463542508913232, 0.004448135673139313, 0.004434478108228799, 0.004420117777032753]
[2023-03-16 18:33:47] [INFO] testError:[0.0633, 0.0498, 0.0393, 0.0346, 0.0337, 0.0321, 0.0321, 0.0281, 0.0293, 0.0276, 0.0272, 0.0267, 0.0266, 0.0262, 0.0251, 0.0259, 0.0262, 0.0244, 0.0244, 0.0246, 0.024, 0.0243, 0.0239, 0.0242, 0.0239, 0.0241, 0.0239, 0.024, 0.0236, 0.0235, 0.0244, 0.0233, 0.0239, 0.0228, 0.0232, 0.0232, 0.0237, 0.0237, 0.0234]
[2023-03-16 18:34:35] [INFO] lossAver:0.004041910928925063
[2023-03-16 18:35:26] [INFO] lossAver:0.0042560800537075165
[2023-03-16 18:36:18] [INFO] lossAver:0.004365071926707414
[2023-03-16 18:37:06] [INFO] lossAver:0.004300228527086991
[2023-03-16 18:37:51] [INFO] lossAver:0.004272355630833317
[2023-03-16 18:38:36] [INFO] lossAver:0.004300370656294414
[2023-03-16 18:39:21] [INFO] lossAver:0.004330232699824007
[2023-03-16 18:40:05] [INFO] lossAver:0.004353968526820741
[2023-03-16 18:40:51] [INFO] lossAver:0.004381510791912408
[2023-03-16 18:41:36] [INFO] lossAver:0.0044101253802832615
[2023-03-16 18:41:36] [INFO] lossList:[0.03815159928853876, 0.015227243607574444, 0.01083825371632532, 0.008454013741244732, 0.007778105960732804, 0.007258481940838525, 0.006835219953008466, 0.006493308400716342, 0.006200762589486264, 0.005689603773570995, 0.005574518292939199, 0.005461359173940733, 0.0053607753095622985, 0.005268937895346092, 0.005178082700322435, 0.0050909888725644125, 0.005007307879285933, 0.0047343679679519406, 0.004706173455128647, 0.004689118026021909, 0.004674057700936472, 0.004657901046336755, 0.004641075916252718, 0.0046280529319048126, 0.004612039703525708, 0.004598286933293654, 0.0045834990306088605, 0.004569759259129569, 0.004555815490864961, 0.004545516285079126, 0.004528213414501761, 0.004515410761743101, 0.004497836463126578, 0.0044902436503568574, 0.004472264504559689, 0.004463542508913232, 0.004448135673139313, 0.004434478108228799, 0.004420117777032753, 0.0044101253802832615]
[2023-03-16 18:42:43] [INFO] testError:[0.0633, 0.0498, 0.0393, 0.0346, 0.0337, 0.0321, 0.0321, 0.0281, 0.0293, 0.0276, 0.0272, 0.0267, 0.0266, 0.0262, 0.0251, 0.0259, 0.0262, 0.0244, 0.0244, 0.0246, 0.024, 0.0243, 0.0239, 0.0242, 0.0239, 0.0241, 0.0239, 0.024, 0.0236, 0.0235, 0.0244, 0.0233, 0.0239, 0.0228, 0.0232, 0.0232, 0.0237, 0.0237, 0.0234, 0.0233]
[2023-03-16 18:43:28] [INFO] lossAver:0.004542847846702898
[2023-03-16 18:44:13] [INFO] lossAver:0.004494031254526211
[2023-03-16 18:44:58] [INFO] lossAver:0.0043367803962848185
[2023-03-16 18:45:43] [INFO] lossAver:0.004260668608006843
[2023-03-16 18:46:27] [INFO] lossAver:0.004296157266387733
[2023-03-16 18:47:13] [INFO] lossAver:0.004301979163843801
[2023-03-16 18:47:58] [INFO] lossAver:0.00430755093943593
[2023-03-16 18:48:43] [INFO] lossAver:0.004377517361008586
[2023-03-16 18:49:28] [INFO] lossAver:0.004426238543204481
[2023-03-16 18:50:13] [INFO] lossAver:0.004395905858774434
[2023-03-16 18:50:13] [INFO] lossList:[0.03815159928853876, 0.015227243607574444, 0.01083825371632532, 0.008454013741244732, 0.007778105960732804, 0.007258481940838525, 0.006835219953008466, 0.006493308400716342, 0.006200762589486264, 0.005689603773570995, 0.005574518292939199, 0.005461359173940733, 0.0053607753095622985, 0.005268937895346092, 0.005178082700322435, 0.0050909888725644125, 0.005007307879285933, 0.0047343679679519406, 0.004706173455128647, 0.004689118026021909, 0.004674057700936472, 0.004657901046336755, 0.004641075916252718, 0.0046280529319048126, 0.004612039703525708, 0.004598286933293654, 0.0045834990306088605, 0.004569759259129569, 0.004555815490864961, 0.004545516285079126, 0.004528213414501761, 0.004515410761743101, 0.004497836463126578, 0.0044902436503568574, 0.004472264504559689, 0.004463542508913232, 0.004448135673139313, 0.004434478108228799, 0.004420117777032753, 0.0044101253802832615, 0.004395905858774434]
[2023-03-16 18:51:20] [INFO] testError:[0.0633, 0.0498, 0.0393, 0.0346, 0.0337, 0.0321, 0.0321, 0.0281, 0.0293, 0.0276, 0.0272, 0.0267, 0.0266, 0.0262, 0.0251, 0.0259, 0.0262, 0.0244, 0.0244, 0.0246, 0.024, 0.0243, 0.0239, 0.0242, 0.0239, 0.0241, 0.0239, 0.024, 0.0236, 0.0235, 0.0244, 0.0233, 0.0239, 0.0228, 0.0232, 0.0232, 0.0237, 0.0237, 0.0234, 0.0233, 0.0226]
[2023-03-16 18:52:05] [INFO] lossAver:0.0042982522587299175
[2023-03-16 18:52:49] [INFO] lossAver:0.004196947839787678
[2023-03-16 18:53:34] [INFO] lossAver:0.004258488385958521
[2023-03-16 18:54:19] [INFO] lossAver:0.004294959027642714
[2023-03-16 18:55:04] [INFO] lossAver:0.004324442486312001
[2023-03-16 18:55:49] [INFO] lossAver:0.004346710062188625
[2023-03-16 18:56:34] [INFO] lossAver:0.004320707027997092
[2023-03-16 18:57:20] [INFO] lossAver:0.004331068557420357
[2023-03-16 18:58:04] [INFO] lossAver:0.0043323841136991715
[2023-03-16 18:58:49] [INFO] lossAver:0.0043855360209907
[2023-03-16 18:58:49] [INFO] lossList:[0.03815159928853876, 0.015227243607574444, 0.01083825371632532, 0.008454013741244732, 0.007778105960732804, 0.007258481940838525, 0.006835219953008466, 0.006493308400716342, 0.006200762589486264, 0.005689603773570995, 0.005574518292939199, 0.005461359173940733, 0.0053607753095622985, 0.005268937895346092, 0.005178082700322435, 0.0050909888725644125, 0.005007307879285933, 0.0047343679679519406, 0.004706173455128647, 0.004689118026021909, 0.004674057700936472, 0.004657901046336755, 0.004641075916252718, 0.0046280529319048126, 0.004612039703525708, 0.004598286933293654, 0.0045834990306088605, 0.004569759259129569, 0.004555815490864961, 0.004545516285079126, 0.004528213414501761, 0.004515410761743101, 0.004497836463126578, 0.0044902436503568574, 0.004472264504559689, 0.004463542508913232, 0.004448135673139313, 0.004434478108228799, 0.004420117777032753, 0.0044101253802832615, 0.004395905858774434, 0.0043855360209907]
[2023-03-16 18:59:56] [INFO] testError:[0.0633, 0.0498, 0.0393, 0.0346, 0.0337, 0.0321, 0.0321, 0.0281, 0.0293, 0.0276, 0.0272, 0.0267, 0.0266, 0.0262, 0.0251, 0.0259, 0.0262, 0.0244, 0.0244, 0.0246, 0.024, 0.0243, 0.0239, 0.0242, 0.0239, 0.0241, 0.0239, 0.024, 0.0236, 0.0235, 0.0244, 0.0233, 0.0239, 0.0228, 0.0232, 0.0232, 0.0237, 0.0237, 0.0234, 0.0233, 0.0226, 0.0232]
[2023-03-16 19:00:40] [INFO] lossAver:0.004578835118484524
[2023-03-16 19:01:25] [INFO] lossAver:0.004350540747336178
[2023-03-16 19:02:10] [INFO] lossAver:0.004296943790539444
[2023-03-16 19:02:55] [INFO] lossAver:0.00437693302813985
[2023-03-16 19:03:40] [INFO] lossAver:0.004333809371150952
[2023-03-16 19:04:24] [INFO] lossAver:0.004336855994660305
[2023-03-16 19:05:10] [INFO] lossAver:0.004393667436679412
[2023-03-16 19:05:54] [INFO] lossAver:0.004390998809200672
[2023-03-16 19:06:39] [INFO] lossAver:0.004367434261685006
[2023-03-16 19:07:25] [INFO] lossAver:0.0043718166522903855
[2023-03-16 19:07:25] [INFO] lossList:[0.03815159928853876, 0.015227243607574444, 0.01083825371632532, 0.008454013741244732, 0.007778105960732804, 0.007258481940838525, 0.006835219953008466, 0.006493308400716342, 0.006200762589486264, 0.005689603773570995, 0.005574518292939199, 0.005461359173940733, 0.0053607753095622985, 0.005268937895346092, 0.005178082700322435, 0.0050909888725644125, 0.005007307879285933, 0.0047343679679519406, 0.004706173455128647, 0.004689118026021909, 0.004674057700936472, 0.004657901046336755, 0.004641075916252718, 0.0046280529319048126, 0.004612039703525708, 0.004598286933293654, 0.0045834990306088605, 0.004569759259129569, 0.004555815490864961, 0.004545516285079126, 0.004528213414501761, 0.004515410761743101, 0.004497836463126578, 0.0044902436503568574, 0.004472264504559689, 0.004463542508913232, 0.004448135673139313, 0.004434478108228799, 0.004420117777032753, 0.0044101253802832615, 0.004395905858774434, 0.0043855360209907, 0.0043718166522903855]
[2023-03-16 19:08:31] [INFO] testError:[0.0633, 0.0498, 0.0393, 0.0346, 0.0337, 0.0321, 0.0321, 0.0281, 0.0293, 0.0276, 0.0272, 0.0267, 0.0266, 0.0262, 0.0251, 0.0259, 0.0262, 0.0244, 0.0244, 0.0246, 0.024, 0.0243, 0.0239, 0.0242, 0.0239, 0.0241, 0.0239, 0.024, 0.0236, 0.0235, 0.0244, 0.0233, 0.0239, 0.0228, 0.0232, 0.0232, 0.0237, 0.0237, 0.0234, 0.0233, 0.0226, 0.0232, 0.0231]
[2023-03-16 19:09:16] [INFO] lossAver:0.004431369308040151
[2023-03-16 19:10:01] [INFO] lossAver:0.004440566351869545
[2023-03-16 19:10:46] [INFO] lossAver:0.004461498702867326
[2023-03-16 19:11:31] [INFO] lossAver:0.004434837857112446
[2023-03-16 19:12:16] [INFO] lossAver:0.004440889294575679
[2023-03-16 19:13:01] [INFO] lossAver:0.004384613692842789
[2023-03-16 19:13:46] [INFO] lossAver:0.004367334864058724
[2023-03-16 19:14:31] [INFO] lossAver:0.004381282167889035
[2023-03-16 19:15:16] [INFO] lossAver:0.004391354292884368
[2023-03-16 19:16:02] [INFO] lossAver:0.004356487821787391
[2023-03-16 19:16:02] [INFO] lossList:[0.03815159928853876, 0.015227243607574444, 0.01083825371632532, 0.008454013741244732, 0.007778105960732804, 0.007258481940838525, 0.006835219953008466, 0.006493308400716342, 0.006200762589486264, 0.005689603773570995, 0.005574518292939199, 0.005461359173940733, 0.0053607753095622985, 0.005268937895346092, 0.005178082700322435, 0.0050909888725644125, 0.005007307879285933, 0.0047343679679519406, 0.004706173455128647, 0.004689118026021909, 0.004674057700936472, 0.004657901046336755, 0.004641075916252718, 0.0046280529319048126, 0.004612039703525708, 0.004598286933293654, 0.0045834990306088605, 0.004569759259129569, 0.004555815490864961, 0.004545516285079126, 0.004528213414501761, 0.004515410761743101, 0.004497836463126578, 0.0044902436503568574, 0.004472264504559689, 0.004463542508913232, 0.004448135673139313, 0.004434478108228799, 0.004420117777032753, 0.0044101253802832615, 0.004395905858774434, 0.0043855360209907, 0.0043718166522903855, 0.004356487821787391]
[2023-03-16 19:17:08] [INFO] testError:[0.0633, 0.0498, 0.0393, 0.0346, 0.0337, 0.0321, 0.0321, 0.0281, 0.0293, 0.0276, 0.0272, 0.0267, 0.0266, 0.0262, 0.0251, 0.0259, 0.0262, 0.0244, 0.0244, 0.0246, 0.024, 0.0243, 0.0239, 0.0242, 0.0239, 0.0241, 0.0239, 0.024, 0.0236, 0.0235, 0.0244, 0.0233, 0.0239, 0.0228, 0.0232, 0.0232, 0.0237, 0.0237, 0.0234, 0.0233, 0.0226, 0.0232, 0.0231, 0.0231]
[2023-03-16 19:17:53] [INFO] lossAver:0.004460893069621307
[2023-03-16 19:18:38] [INFO] lossAver:0.0043283127250759515
[2023-03-16 19:19:23] [INFO] lossAver:0.004268110822813116
[2023-03-16 19:20:09] [INFO] lossAver:0.004309495377656655
[2023-03-16 19:20:53] [INFO] lossAver:0.004285452515871232
[2023-03-16 19:21:38] [INFO] lossAver:0.004326761024351349
[2023-03-16 19:22:23] [INFO] lossAver:0.004310714837129819
[2023-03-16 19:23:09] [INFO] lossAver:0.0043220920799872525
[2023-03-16 19:23:54] [INFO] lossAver:0.004289594014213923
[2023-03-16 19:24:39] [INFO] lossAver:0.004344400302408606
[2023-03-16 19:24:39] [INFO] lossList:[0.03815159928853876, 0.015227243607574444, 0.01083825371632532, 0.008454013741244732, 0.007778105960732804, 0.007258481940838525, 0.006835219953008466, 0.006493308400716342, 0.006200762589486264, 0.005689603773570995, 0.005574518292939199, 0.005461359173940733, 0.0053607753095622985, 0.005268937895346092, 0.005178082700322435, 0.0050909888725644125, 0.005007307879285933, 0.0047343679679519406, 0.004706173455128647, 0.004689118026021909, 0.004674057700936472, 0.004657901046336755, 0.004641075916252718, 0.0046280529319048126, 0.004612039703525708, 0.004598286933293654, 0.0045834990306088605, 0.004569759259129569, 0.004555815490864961, 0.004545516285079126, 0.004528213414501761, 0.004515410761743101, 0.004497836463126578, 0.0044902436503568574, 0.004472264504559689, 0.004463542508913232, 0.004448135673139313, 0.004434478108228799, 0.004420117777032753, 0.0044101253802832615, 0.004395905858774434, 0.0043855360209907, 0.0043718166522903855, 0.004356487821787391, 0.004344400302408606]
[2023-03-16 19:25:46] [INFO] testError:[0.0633, 0.0498, 0.0393, 0.0346, 0.0337, 0.0321, 0.0321, 0.0281, 0.0293, 0.0276, 0.0272, 0.0267, 0.0266, 0.0262, 0.0251, 0.0259, 0.0262, 0.0244, 0.0244, 0.0246, 0.024, 0.0243, 0.0239, 0.0242, 0.0239, 0.0241, 0.0239, 0.024, 0.0236, 0.0235, 0.0244, 0.0233, 0.0239, 0.0228, 0.0232, 0.0232, 0.0237, 0.0237, 0.0234, 0.0233, 0.0226, 0.0232, 0.0231, 0.0231, 0.0229]
[2023-03-16 19:26:31] [INFO] lossAver:0.0044413142566497
[2023-03-16 19:27:16] [INFO] lossAver:0.0044688928236898086
[2023-03-16 19:28:01] [INFO] lossAver:0.004487171796369669
[2023-03-16 19:28:47] [INFO] lossAver:0.0044652049946458305
[2023-03-16 19:29:32] [INFO] lossAver:0.004410379018834843
[2023-03-16 19:30:17] [INFO] lossAver:0.0043669389930576395
[2023-03-16 19:31:03] [INFO] lossAver:0.004336809391104106
[2023-03-16 19:31:53] [INFO] lossAver:0.004377138994936009
[2023-03-16 19:32:45] [INFO] lossAver:0.004325485830330779
[2023-03-16 19:33:37] [INFO] lossAver:0.004335517751168572
[2023-03-16 19:33:37] [INFO] lossList:[0.03815159928853876, 0.015227243607574444, 0.01083825371632532, 0.008454013741244732, 0.007778105960732804, 0.007258481940838525, 0.006835219953008466, 0.006493308400716342, 0.006200762589486264, 0.005689603773570995, 0.005574518292939199, 0.005461359173940733, 0.0053607753095622985, 0.005268937895346092, 0.005178082700322435, 0.0050909888725644125, 0.005007307879285933, 0.0047343679679519406, 0.004706173455128647, 0.004689118026021909, 0.004674057700936472, 0.004657901046336755, 0.004641075916252718, 0.0046280529319048126, 0.004612039703525708, 0.004598286933293654, 0.0045834990306088605, 0.004569759259129569, 0.004555815490864961, 0.004545516285079126, 0.004528213414501761, 0.004515410761743101, 0.004497836463126578, 0.0044902436503568574, 0.004472264504559689, 0.004463542508913232, 0.004448135673139313, 0.004434478108228799, 0.004420117777032753, 0.0044101253802832615, 0.004395905858774434, 0.0043855360209907, 0.0043718166522903855, 0.004356487821787391, 0.004344400302408606, 0.004335517751168572]
[2023-03-16 19:34:44] [INFO] testError:[0.0633, 0.0498, 0.0393, 0.0346, 0.0337, 0.0321, 0.0321, 0.0281, 0.0293, 0.0276, 0.0272, 0.0267, 0.0266, 0.0262, 0.0251, 0.0259, 0.0262, 0.0244, 0.0244, 0.0246, 0.024, 0.0243, 0.0239, 0.0242, 0.0239, 0.0241, 0.0239, 0.024, 0.0236, 0.0235, 0.0244, 0.0233, 0.0239, 0.0228, 0.0232, 0.0232, 0.0237, 0.0237, 0.0234, 0.0233, 0.0226, 0.0232, 0.0231, 0.0231, 0.0229, 0.0223]
[2023-03-16 19:35:36] [INFO] lossAver:0.00423644039603505
[2023-03-16 19:36:28] [INFO] lossAver:0.004205307288907269
[2023-03-16 19:37:15] [INFO] lossAver:0.004205711304637412
[2023-03-16 19:38:00] [INFO] lossAver:0.004270227378674577
[2023-03-16 19:38:43] [INFO] lossAver:0.004240903271905305
[2023-03-16 19:39:26] [INFO] lossAver:0.0042885140606414955
[2023-03-16 19:40:10] [INFO] lossAver:0.00428746399926764
[2023-03-16 19:40:59] [INFO] lossAver:0.004265782831831018
[2023-03-16 19:41:50] [INFO] lossAver:0.004323718604983949
[2023-03-16 19:42:41] [INFO] lossAver:0.004320895641670268
[2023-03-16 19:42:41] [INFO] lossList:[0.03815159928853876, 0.015227243607574444, 0.01083825371632532, 0.008454013741244732, 0.007778105960732804, 0.007258481940838525, 0.006835219953008466, 0.006493308400716342, 0.006200762589486264, 0.005689603773570995, 0.005574518292939199, 0.005461359173940733, 0.0053607753095622985, 0.005268937895346092, 0.005178082700322435, 0.0050909888725644125, 0.005007307879285933, 0.0047343679679519406, 0.004706173455128647, 0.004689118026021909, 0.004674057700936472, 0.004657901046336755, 0.004641075916252718, 0.0046280529319048126, 0.004612039703525708, 0.004598286933293654, 0.0045834990306088605, 0.004569759259129569, 0.004555815490864961, 0.004545516285079126, 0.004528213414501761, 0.004515410761743101, 0.004497836463126578, 0.0044902436503568574, 0.004472264504559689, 0.004463542508913232, 0.004448135673139313, 0.004434478108228799, 0.004420117777032753, 0.0044101253802832615, 0.004395905858774434, 0.0043855360209907, 0.0043718166522903855, 0.004356487821787391, 0.004344400302408606, 0.004335517751168572, 0.004320895641670268]
[2023-03-16 19:43:49] [INFO] testError:[0.0633, 0.0498, 0.0393, 0.0346, 0.0337, 0.0321, 0.0321, 0.0281, 0.0293, 0.0276, 0.0272, 0.0267, 0.0266, 0.0262, 0.0251, 0.0259, 0.0262, 0.0244, 0.0244, 0.0246, 0.024, 0.0243, 0.0239, 0.0242, 0.0239, 0.0241, 0.0239, 0.024, 0.0236, 0.0235, 0.0244, 0.0233, 0.0239, 0.0228, 0.0232, 0.0232, 0.0237, 0.0237, 0.0234, 0.0233, 0.0226, 0.0232, 0.0231, 0.0231, 0.0229, 0.0223, 0.0225]
[2023-03-16 19:44:39] [INFO] lossAver:0.004145221227935205
[2023-03-16 19:45:29] [INFO] lossAver:0.0043213830041320305
[2023-03-16 19:46:19] [INFO] lossAver:0.00429960524464554
[2023-03-16 19:47:09] [INFO] lossAver:0.004273930863661462
[2023-03-16 19:48:00] [INFO] lossAver:0.004311649469614925
[2023-03-16 19:48:50] [INFO] lossAver:0.004307301896349119
[2023-03-16 19:49:41] [INFO] lossAver:0.004271466854618493
[2023-03-16 19:50:32] [INFO] lossAver:0.004314138534840595
[2023-03-16 19:51:22] [INFO] lossAver:0.004317834729174121
[2023-03-16 19:52:12] [INFO] lossAver:0.004308086057581621
[2023-03-16 19:52:12] [INFO] lossList:[0.03815159928853876, 0.015227243607574444, 0.01083825371632532, 0.008454013741244732, 0.007778105960732804, 0.007258481940838525, 0.006835219953008466, 0.006493308400716342, 0.006200762589486264, 0.005689603773570995, 0.005574518292939199, 0.005461359173940733, 0.0053607753095622985, 0.005268937895346092, 0.005178082700322435, 0.0050909888725644125, 0.005007307879285933, 0.0047343679679519406, 0.004706173455128647, 0.004689118026021909, 0.004674057700936472, 0.004657901046336755, 0.004641075916252718, 0.0046280529319048126, 0.004612039703525708, 0.004598286933293654, 0.0045834990306088605, 0.004569759259129569, 0.004555815490864961, 0.004545516285079126, 0.004528213414501761, 0.004515410761743101, 0.004497836463126578, 0.0044902436503568574, 0.004472264504559689, 0.004463542508913232, 0.004448135673139313, 0.004434478108228799, 0.004420117777032753, 0.0044101253802832615, 0.004395905858774434, 0.0043855360209907, 0.0043718166522903855, 0.004356487821787391, 0.004344400302408606, 0.004335517751168572, 0.004320895641670268, 0.004308086057581621]
[2023-03-16 19:53:20] [INFO] testError:[0.0633, 0.0498, 0.0393, 0.0346, 0.0337, 0.0321, 0.0321, 0.0281, 0.0293, 0.0276, 0.0272, 0.0267, 0.0266, 0.0262, 0.0251, 0.0259, 0.0262, 0.0244, 0.0244, 0.0246, 0.024, 0.0243, 0.0239, 0.0242, 0.0239, 0.0241, 0.0239, 0.024, 0.0236, 0.0235, 0.0244, 0.0233, 0.0239, 0.0228, 0.0232, 0.0232, 0.0237, 0.0237, 0.0234, 0.0233, 0.0226, 0.0232, 0.0231, 0.0231, 0.0229, 0.0223, 0.0225, 0.0228]
[2023-03-16 19:54:10] [INFO] lossAver:0.004337069323425264
[2023-03-16 19:55:00] [INFO] lossAver:0.004196030843312504
[2023-03-16 19:55:51] [INFO] lossAver:0.004235040114521174
[2023-03-16 19:56:41] [INFO] lossAver:0.004200625014982544
[2023-03-16 19:57:32] [INFO] lossAver:0.004204070182225405
[2023-03-16 19:58:22] [INFO] lossAver:0.004259091801053576
[2023-03-16 19:59:12] [INFO] lossAver:0.004242975322450851
[2023-03-16 20:00:03] [INFO] lossAver:0.0042379726641683345
[2023-03-16 20:00:53] [INFO] lossAver:0.0042645275890681325
[2023-03-16 20:01:41] [INFO] lossAver:0.0042941178326530004
[2023-03-16 20:01:41] [INFO] lossList:[0.03815159928853876, 0.015227243607574444, 0.01083825371632532, 0.008454013741244732, 0.007778105960732804, 0.007258481940838525, 0.006835219953008466, 0.006493308400716342, 0.006200762589486264, 0.005689603773570995, 0.005574518292939199, 0.005461359173940733, 0.0053607753095622985, 0.005268937895346092, 0.005178082700322435, 0.0050909888725644125, 0.005007307879285933, 0.0047343679679519406, 0.004706173455128647, 0.004689118026021909, 0.004674057700936472, 0.004657901046336755, 0.004641075916252718, 0.0046280529319048126, 0.004612039703525708, 0.004598286933293654, 0.0045834990306088605, 0.004569759259129569, 0.004555815490864961, 0.004545516285079126, 0.004528213414501761, 0.004515410761743101, 0.004497836463126578, 0.0044902436503568574, 0.004472264504559689, 0.004463542508913232, 0.004448135673139313, 0.004434478108228799, 0.004420117777032753, 0.0044101253802832615, 0.004395905858774434, 0.0043855360209907, 0.0043718166522903855, 0.004356487821787391, 0.004344400302408606, 0.004335517751168572, 0.004320895641670268, 0.004308086057581621, 0.0042941178326530004]
[2023-03-16 20:02:48] [INFO] testError:[0.0633, 0.0498, 0.0393, 0.0346, 0.0337, 0.0321, 0.0321, 0.0281, 0.0293, 0.0276, 0.0272, 0.0267, 0.0266, 0.0262, 0.0251, 0.0259, 0.0262, 0.0244, 0.0244, 0.0246, 0.024, 0.0243, 0.0239, 0.0242, 0.0239, 0.0241, 0.0239, 0.024, 0.0236, 0.0235, 0.0244, 0.0233, 0.0239, 0.0228, 0.0232, 0.0232, 0.0237, 0.0237, 0.0234, 0.0233, 0.0226, 0.0232, 0.0231, 0.0231, 0.0229, 0.0223, 0.0225, 0.0228, 0.0227]
[2023-03-16 20:03:34] [INFO] lossAver:0.004787152258923015
[2023-03-16 20:04:20] [INFO] lossAver:0.00447266643446892
[2023-03-16 20:05:07] [INFO] lossAver:0.004270708903001277
[2023-03-16 20:05:53] [INFO] lossAver:0.00426553205703893
[2023-03-16 20:06:39] [INFO] lossAver:0.00426449175543415
[2023-03-16 20:07:25] [INFO] lossAver:0.004242244546254975
[2023-03-16 20:08:11] [INFO] lossAver:0.0042024433783798745
[2023-03-16 20:08:57] [INFO] lossAver:0.004258437882952004
[2023-03-16 20:09:42] [INFO] lossAver:0.00426633188179137
[2023-03-16 20:10:26] [INFO] lossAver:0.004281711904134196
[2023-03-16 20:10:26] [INFO] lossList:[0.03815159928853876, 0.015227243607574444, 0.01083825371632532, 0.008454013741244732, 0.007778105960732804, 0.007258481940838525, 0.006835219953008466, 0.006493308400716342, 0.006200762589486264, 0.005689603773570995, 0.005574518292939199, 0.005461359173940733, 0.0053607753095622985, 0.005268937895346092, 0.005178082700322435, 0.0050909888725644125, 0.005007307879285933, 0.0047343679679519406, 0.004706173455128647, 0.004689118026021909, 0.004674057700936472, 0.004657901046336755, 0.004641075916252718, 0.0046280529319048126, 0.004612039703525708, 0.004598286933293654, 0.0045834990306088605, 0.004569759259129569, 0.004555815490864961, 0.004545516285079126, 0.004528213414501761, 0.004515410761743101, 0.004497836463126578, 0.0044902436503568574, 0.004472264504559689, 0.004463542508913232, 0.004448135673139313, 0.004434478108228799, 0.004420117777032753, 0.0044101253802832615, 0.004395905858774434, 0.0043855360209907, 0.0043718166522903855, 0.004356487821787391, 0.004344400302408606, 0.004335517751168572, 0.004320895641670268, 0.004308086057581621, 0.0042941178326530004, 0.004281711904134196]
[2023-03-16 20:11:32] [INFO] testError:[0.0633, 0.0498, 0.0393, 0.0346, 0.0337, 0.0321, 0.0321, 0.0281, 0.0293, 0.0276, 0.0272, 0.0267, 0.0266, 0.0262, 0.0251, 0.0259, 0.0262, 0.0244, 0.0244, 0.0246, 0.024, 0.0243, 0.0239, 0.0242, 0.0239, 0.0241, 0.0239, 0.024, 0.0236, 0.0235, 0.0244, 0.0233, 0.0239, 0.0228, 0.0232, 0.0232, 0.0237, 0.0237, 0.0234, 0.0233, 0.0226, 0.0232, 0.0231, 0.0231, 0.0229, 0.0223, 0.0225, 0.0228, 0.0227, 0.0229]
